[
    {
        "Plan": {
            "Node Type": "Limit",
            "Parallel Aware": false,
            "Async Capable": false,
            "Startup Cost": 1192501.59,
            "Total Cost": 1192501.92,
            "Plan Rows": 1,
            "Plan Width": 236,
            "Actual Startup Time": 197631.27,
            "Actual Total Time": 197724.601,
            "Actual Rows": 1,
            "Actual Loops": 1,
            "Plans": [
                {
                    "Node Type": "Aggregate",
                    "Strategy": "Sorted",
                    "Partial Mode": "Finalize",
                    "Parent Relationship": "Outer",
                    "Parallel Aware": false,
                    "Async Capable": false,
                    "Startup Cost": 1192501.59,
                    "Total Cost": 1192503.55,
                    "Plan Rows": 6,
                    "Plan Width": 236,
                    "Actual Startup Time": 196248.015,
                    "Actual Total Time": 196341.345,
                    "Actual Rows": 1,
                    "Actual Loops": 1,
                    "Group Key": [
                        "l_returnflag",
                        "l_linestatus"
                    ],
                    "Plans": [
                        {
                            "Node Type": "Gather Merge",
                            "Parent Relationship": "Outer",
                            "Parallel Aware": false,
                            "Async Capable": false,
                            "Startup Cost": 1192501.59,
                            "Total Cost": 1192502.99,
                            "Plan Rows": 12,
                            "Plan Width": 236,
                            "Actual Startup Time": 196246.508,
                            "Actual Total Time": 196340.02,
                            "Actual Rows": 4,
                            "Actual Loops": 1,
                            "Workers Planned": 2,
                            "Workers Launched": 2,
                            "Plans": [
                                {
                                    "Node Type": "Sort",
                                    "Parent Relationship": "Outer",
                                    "Parallel Aware": false,
                                    "Async Capable": false,
                                    "Startup Cost": 1191501.57,
                                    "Total Cost": 1191501.58,
                                    "Plan Rows": 6,
                                    "Plan Width": 236,
                                    "Actual Startup Time": 195991.444,
                                    "Actual Total Time": 195991.565,
                                    "Actual Rows": 3,
                                    "Actual Loops": 3,
                                    "Sort Key": [
                                        "l_returnflag",
                                        "l_linestatus"
                                    ],
                                    "Sort Method": "quicksort",
                                    "Sort Space Used": 27,
                                    "Sort Space Type": "Memory",
                                    "Workers": [
                                        {
                                            "Worker Number": 0,
                                            "Sort Method": "quicksort",
                                            "Sort Space Used": 27,
                                            "Sort Space Type": "Memory"
                                        },
                                        {
                                            "Worker Number": 1,
                                            "Sort Method": "quicksort",
                                            "Sort Space Used": 27,
                                            "Sort Space Type": "Memory"
                                        }
                                    ],
                                    "Plans": [
                                        {
                                            "Node Type": "Aggregate",
                                            "Strategy": "Hashed",
                                            "Partial Mode": "Partial",
                                            "Parent Relationship": "Outer",
                                            "Parallel Aware": false,
                                            "Async Capable": false,
                                            "Startup Cost": 1191501.35,
                                            "Total Cost": 1191501.49,
                                            "Plan Rows": 6,
                                            "Plan Width": 236,
                                            "Actual Startup Time": 195989.98,
                                            "Actual Total Time": 195990.268,
                                            "Actual Rows": 4,
                                            "Actual Loops": 3,
                                            "Group Key": [
                                                "l_returnflag",
                                                "l_linestatus"
                                            ],
                                            "Planned Partitions": 0,
                                            "HashAgg Batches": 1,
                                            "Peak Memory Usage": 32,
                                            "Disk Usage": 0,
                                            "Workers": [
                                                {
                                                    "Worker Number": 0,
                                                    "HashAgg Batches": 1,
                                                    "Peak Memory Usage": 32,
                                                    "Disk Usage": 0
                                                },
                                                {
                                                    "Worker Number": 1,
                                                    "HashAgg Batches": 1,
                                                    "Peak Memory Usage": 32,
                                                    "Disk Usage": 0
                                                }
                                            ],
                                            "Plans": [
                                                {
                                                    "Node Type": "Seq Scan",
                                                    "Parent Relationship": "Outer",
                                                    "Parallel Aware": true,
                                                    "Async Capable": false,
                                                    "Relation Name": "lineitem",
                                                    "Alias": "lineitem",
                                                    "Startup Cost": 0.0,
                                                    "Total Cost": 763881.47,
                                                    "Plan Rows": 12217711,
                                                    "Plan Width": 25,
                                                    "Actual Startup Time": 651.014,
                                                    "Actual Total Time": 176495.993,
                                                    "Actual Rows": 9786269,
                                                    "Actual Loops": 3,
                                                    "Filter": "(l_shipdate <= '1998-08-12 00:00:00'::timestamp without time zone)",
                                                    "Rows Removed by Filter": 213662,
                                                    "Workers": []
                                                }
                                            ]
                                        }
                                    ]
                                }
                            ]
                        }
                    ]
                }
            ]
        },
        "Planning Time": 0.683,
        "Triggers": [],
        "JIT": {
            "Functions": 31,
            "Options": {
                "Inlining": true,
                "Optimization": true,
                "Expressions": true,
                "Deforming": true
            },
            "Timing": {
                "Generation": 72.802,
                "Inlining": 2374.881,
                "Optimization": 481.642,
                "Emission": 486.731,
                "Total": 3416.055
            }
        },
        "Execution Time": 198436.894,
        "no_of_partitions": [
            0
        ],
        "avg_row_length": [
            156.32257463759336
        ],
        "query": "select\n\tl_returnflag,\n\tl_linestatus,\n\tsum(l_quantity) as sum_qty,\n\tsum(l_extendedprice) as sum_base_price,\n\tsum(l_extendedprice * (1 - l_discount)) as sum_disc_price,\n\tsum(l_extendedprice * (1 - l_discount) * (1 + l_tax)) as sum_charge,\n\tavg(l_quantity) as avg_qty,\n\tavg(l_extendedprice) as avg_price,\n\tavg(l_discount) as avg_disc,\n\tcount(*) as count_order\nfrom\n\tlineitem\nwhere\n\tl_shipdate <= date '1998-12-01' - interval '111' day\ngroup by\n\tl_returnflag,\n\tl_linestatus\norder by\n\tl_returnflag,\n\tl_linestatus\nLIMIT 1;\n"
    },
    {
        "Plan": {
            "Node Type": "Limit",
            "Parallel Aware": false,
            "Async Capable": false,
            "Startup Cost": 1099011.59,
            "Total Cost": 1099011.64,
            "Plan Rows": 20,
            "Plan Width": 201,
            "Actual Startup Time": 36979.872,
            "Actual Total Time": 37071.772,
            "Actual Rows": 20,
            "Actual Loops": 1,
            "Plans": [
                {
                    "Node Type": "Sort",
                    "Parent Relationship": "Outer",
                    "Parallel Aware": false,
                    "Async Capable": false,
                    "Startup Cost": 1099011.59,
                    "Total Cost": 1099743.71,
                    "Plan Rows": 292847,
                    "Plan Width": 201,
                    "Actual Startup Time": 36257.47,
                    "Actual Total Time": 36349.368,
                    "Actual Rows": 20,
                    "Actual Loops": 1,
                    "Sort Key": [
                        "(sum((lineitem.l_extendedprice * ('1'::numeric - lineitem.l_discount)))) DESC"
                    ],
                    "Sort Method": "top-N heapsort",
                    "Sort Space Used": 34,
                    "Sort Space Type": "Memory",
                    "Plans": [
                        {
                            "Node Type": "Aggregate",
                            "Strategy": "Sorted",
                            "Partial Mode": "Finalize",
                            "Parent Relationship": "Outer",
                            "Parallel Aware": false,
                            "Async Capable": false,
                            "Startup Cost": 1053594.23,
                            "Total Cost": 1091219.04,
                            "Plan Rows": 292847,
                            "Plan Width": 201,
                            "Actual Startup Time": 35776.998,
                            "Actual Total Time": 36279.193,
                            "Actual Rows": 190271,
                            "Actual Loops": 1,
                            "Group Key": [
                                "customer.c_custkey",
                                "nation.n_name"
                            ],
                            "Plans": [
                                {
                                    "Node Type": "Gather Merge",
                                    "Parent Relationship": "Outer",
                                    "Parallel Aware": false,
                                    "Async Capable": false,
                                    "Startup Cost": 1053594.23,
                                    "Total Cost": 1085118.05,
                                    "Plan Rows": 244040,
                                    "Plan Width": 201,
                                    "Actual Startup Time": 35776.983,
                                    "Actual Total Time": 36105.594,
                                    "Actual Rows": 190918,
                                    "Actual Loops": 1,
                                    "Workers Planned": 2,
                                    "Workers Launched": 2,
                                    "Plans": [
                                        {
                                            "Node Type": "Aggregate",
                                            "Strategy": "Sorted",
                                            "Partial Mode": "Partial",
                                            "Parent Relationship": "Outer",
                                            "Parallel Aware": false,
                                            "Async Capable": false,
                                            "Startup Cost": 1052594.2,
                                            "Total Cost": 1055949.75,
                                            "Plan Rows": 122020,
                                            "Plan Width": 201,
                                            "Actual Startup Time": 35658.15,
                                            "Actual Total Time": 35840.53,
                                            "Actual Rows": 63639,
                                            "Actual Loops": 3,
                                            "Group Key": [
                                                "customer.c_custkey",
                                                "nation.n_name"
                                            ],
                                            "Workers": [],
                                            "Plans": [
                                                {
                                                    "Node Type": "Sort",
                                                    "Parent Relationship": "Outer",
                                                    "Parallel Aware": false,
                                                    "Async Capable": false,
                                                    "Startup Cost": 1052594.2,
                                                    "Total Cost": 1052899.25,
                                                    "Plan Rows": 122020,
                                                    "Plan Width": 181,
                                                    "Actual Startup Time": 35658.093,
                                                    "Actual Total Time": 35695.979,
                                                    "Actual Rows": 191035,
                                                    "Actual Loops": 3,
                                                    "Sort Key": [
                                                        "customer.c_custkey",
                                                        "nation.n_name"
                                                    ],
                                                    "Sort Method": "external merge",
                                                    "Sort Space Used": 36536,
                                                    "Sort Space Type": "Disk",
                                                    "Workers": [
                                                        {
                                                            "Worker Number": 0,
                                                            "Sort Method": "external merge",
                                                            "Sort Space Used": 38112,
                                                            "Sort Space Type": "Disk"
                                                        },
                                                        {
                                                            "Worker Number": 1,
                                                            "Sort Method": "external merge",
                                                            "Sort Space Used": 34824,
                                                            "Sort Space Type": "Disk"
                                                        }
                                                    ],
                                                    "Plans": [
                                                        {
                                                            "Node Type": "Hash Join",
                                                            "Parent Relationship": "Outer",
                                                            "Parallel Aware": false,
                                                            "Async Capable": false,
                                                            "Join Type": "Inner",
                                                            "Startup Cost": 212623.46,
                                                            "Total Cost": 1031438.99,
                                                            "Plan Rows": 122020,
                                                            "Plan Width": 181,
                                                            "Actual Startup Time": 35189.504,
                                                            "Actual Total Time": 35460.316,
                                                            "Actual Rows": 191035,
                                                            "Actual Loops": 3,
                                                            "Inner Unique": true,
                                                            "Hash Cond": "(customer.c_nationkey = nation.n_nationkey)",
                                                            "Workers": [],
                                                            "Plans": [
                                                                {
                                                                    "Node Type": "Hash Join",
                                                                    "Parent Relationship": "Outer",
                                                                    "Parallel Aware": true,
                                                                    "Async Capable": false,
                                                                    "Join Type": "Inner",
                                                                    "Startup Cost": 212621.9,
                                                                    "Total Cost": 1031062.83,
                                                                    "Plan Rows": 122020,
                                                                    "Plan Width": 163,
                                                                    "Actual Startup Time": 34331.639,
                                                                    "Actual Total Time": 34575.086,
                                                                    "Actual Rows": 191035,
                                                                    "Actual Loops": 3,
                                                                    "Inner Unique": true,
                                                                    "Hash Cond": "(orders.o_custkey = customer.c_custkey)",
                                                                    "Workers": [],
                                                                    "Plans": [
                                                                        {
                                                                            "Node Type": "Hash Join",
                                                                            "Parent Relationship": "Outer",
                                                                            "Parallel Aware": true,
                                                                            "Async Capable": false,
                                                                            "Join Type": "Inner",
                                                                            "Startup Cost": 180343.65,
                                                                            "Total Cost": 990320.27,
                                                                            "Plan Rows": 122020,
                                                                            "Plan Width": 20,
                                                                            "Actual Startup Time": 32521.349,
                                                                            "Actual Total Time": 32993.964,
                                                                            "Actual Rows": 191035,
                                                                            "Actual Loops": 3,
                                                                            "Inner Unique": true,
                                                                            "Hash Cond": "(lineitem.l_orderkey = orders.o_orderkey)",
                                                                            "Workers": [],
                                                                            "Plans": [
                                                                                {
                                                                                    "Node Type": "Seq Scan",
                                                                                    "Parent Relationship": "Outer",
                                                                                    "Parallel Aware": true,
                                                                                    "Async Capable": false,
                                                                                    "Relation Name": "lineitem",
                                                                                    "Alias": "lineitem",
                                                                                    "Startup Cost": 0.0,
                                                                                    "Total Cost": 763881.47,
                                                                                    "Plan Rows": 3172631,
                                                                                    "Plan Width": 20,
                                                                                    "Actual Startup Time": 0.38,
                                                                                    "Actual Total Time": 16670.909,
                                                                                    "Actual Rows": 2468784,
                                                                                    "Actual Loops": 3,
                                                                                    "Filter": "(l_returnflag = 'R'::bpchar)",
                                                                                    "Rows Removed by Filter": 7531147,
                                                                                    "Workers": []
                                                                                },
                                                                                {
                                                                                    "Node Type": "Hash",
                                                                                    "Parent Relationship": "Inner",
                                                                                    "Parallel Aware": true,
                                                                                    "Async Capable": false,
                                                                                    "Startup Cost": 178254.2,
                                                                                    "Total Cost": 178254.2,
                                                                                    "Plan Rows": 120196,
                                                                                    "Plan Width": 12,
                                                                                    "Actual Startup Time": 14720.553,
                                                                                    "Actual Total Time": 14720.554,
                                                                                    "Actual Rows": 95552,
                                                                                    "Actual Loops": 3,
                                                                                    "Hash Buckets": 131072,
                                                                                    "Original Hash Buckets": 131072,
                                                                                    "Hash Batches": 8,
                                                                                    "Original Hash Batches": 8,
                                                                                    "Peak Memory Usage": 2752,
                                                                                    "Workers": [],
                                                                                    "Plans": [
                                                                                        {
                                                                                            "Node Type": "Bitmap Heap Scan",
                                                                                            "Parent Relationship": "Outer",
                                                                                            "Parallel Aware": true,
                                                                                            "Async Capable": false,
                                                                                            "Relation Name": "orders",
                                                                                            "Alias": "orders",
                                                                                            "Startup Cost": 3957.26,
                                                                                            "Total Cost": 178254.2,
                                                                                            "Plan Rows": 120196,
                                                                                            "Plan Width": 12,
                                                                                            "Actual Startup Time": 565.275,
                                                                                            "Actual Total Time": 14594.142,
                                                                                            "Actual Rows": 95552,
                                                                                            "Actual Loops": 3,
                                                                                            "Recheck Cond": "((o_orderdate >= '1994-07-01'::date) AND (o_orderdate < '1994-10-01 00:00:00'::timestamp without time zone))",
                                                                                            "Rows Removed by Index Recheck": 1141301,
                                                                                            "Exact Heap Blocks": 18599,
                                                                                            "Lossy Heap Blocks": 22285,
                                                                                            "Workers": [],
                                                                                            "Plans": [
                                                                                                {
                                                                                                    "Node Type": "Bitmap Index Scan",
                                                                                                    "Parent Relationship": "Outer",
                                                                                                    "Parallel Aware": false,
                                                                                                    "Async Capable": false,
                                                                                                    "Index Name": "idx_orders_orderdate",
                                                                                                    "Startup Cost": 0.0,
                                                                                                    "Total Cost": 3885.14,
                                                                                                    "Plan Rows": 288471,
                                                                                                    "Plan Width": 0,
                                                                                                    "Actual Startup Time": 508.814,
                                                                                                    "Actual Total Time": 508.814,
                                                                                                    "Actual Rows": 286656,
                                                                                                    "Actual Loops": 1,
                                                                                                    "Index Cond": "((o_orderdate >= '1994-07-01'::date) AND (o_orderdate < '1994-10-01 00:00:00'::timestamp without time zone))",
                                                                                                    "Workers": []
                                                                                                }
                                                                                            ]
                                                                                        }
                                                                                    ]
                                                                                }
                                                                            ]
                                                                        },
                                                                        {
                                                                            "Node Type": "Hash",
                                                                            "Parent Relationship": "Inner",
                                                                            "Parallel Aware": true,
                                                                            "Async Capable": false,
                                                                            "Startup Cost": 21658.0,
                                                                            "Total Cost": 21658.0,
                                                                            "Plan Rows": 312500,
                                                                            "Plan Width": 151,
                                                                            "Actual Startup Time": 1239.823,
                                                                            "Actual Total Time": 1239.824,
                                                                            "Actual Rows": 250000,
                                                                            "Actual Loops": 3,
                                                                            "Hash Buckets": 32768,
                                                                            "Original Hash Buckets": 32768,
                                                                            "Hash Batches": 64,
                                                                            "Original Hash Batches": 64,
                                                                            "Peak Memory Usage": 2496,
                                                                            "Workers": [],
                                                                            "Plans": [
                                                                                {
                                                                                    "Node Type": "Seq Scan",
                                                                                    "Parent Relationship": "Outer",
                                                                                    "Parallel Aware": true,
                                                                                    "Async Capable": false,
                                                                                    "Relation Name": "customer",
                                                                                    "Alias": "customer",
                                                                                    "Startup Cost": 0.0,
                                                                                    "Total Cost": 21658.0,
                                                                                    "Plan Rows": 312500,
                                                                                    "Plan Width": 151,
                                                                                    "Actual Startup Time": 4.162,
                                                                                    "Actual Total Time": 698.276,
                                                                                    "Actual Rows": 250000,
                                                                                    "Actual Loops": 3,
                                                                                    "Workers": []
                                                                                }
                                                                            ]
                                                                        }
                                                                    ]
                                                                },
                                                                {
                                                                    "Node Type": "Hash",
                                                                    "Parent Relationship": "Inner",
                                                                    "Parallel Aware": false,
                                                                    "Async Capable": false,
                                                                    "Startup Cost": 1.25,
                                                                    "Total Cost": 1.25,
                                                                    "Plan Rows": 25,
                                                                    "Plan Width": 30,
                                                                    "Actual Startup Time": 857.728,
                                                                    "Actual Total Time": 857.728,
                                                                    "Actual Rows": 25,
                                                                    "Actual Loops": 3,
                                                                    "Hash Buckets": 1024,
                                                                    "Original Hash Buckets": 1024,
                                                                    "Hash Batches": 1,
                                                                    "Original Hash Batches": 1,
                                                                    "Peak Memory Usage": 10,
                                                                    "Workers": [],
                                                                    "Plans": [
                                                                        {
                                                                            "Node Type": "Seq Scan",
                                                                            "Parent Relationship": "Outer",
                                                                            "Parallel Aware": false,
                                                                            "Async Capable": false,
                                                                            "Relation Name": "nation",
                                                                            "Alias": "nation",
                                                                            "Startup Cost": 0.0,
                                                                            "Total Cost": 1.25,
                                                                            "Plan Rows": 25,
                                                                            "Plan Width": 30,
                                                                            "Actual Startup Time": 837.277,
                                                                            "Actual Total Time": 837.289,
                                                                            "Actual Rows": 25,
                                                                            "Actual Loops": 3,
                                                                            "Workers": []
                                                                        }
                                                                    ]
                                                                }
                                                            ]
                                                        }
                                                    ]
                                                }
                                            ]
                                        }
                                    ]
                                }
                            ]
                        }
                    ]
                }
            ]
        },
        "Planning Time": 44.093,
        "Triggers": [],
        "JIT": {
            "Functions": 109,
            "Options": {
                "Inlining": true,
                "Optimization": true,
                "Expressions": true,
                "Deforming": true
            },
            "Timing": {
                "Generation": 11.999,
                "Inlining": 436.307,
                "Optimization": 1367.862,
                "Emission": 1430.632,
                "Total": 3246.8
            }
        },
        "Execution Time": 37083.637,
        "no_of_partitions": [
            0,
            0,
            0,
            0
        ],
        "avg_row_length": [
            141.49479813333335,
            191.867068,
            139.16,
            156.32257463759336
        ],
        "query": "\nselect\n\tc_custkey,\n\tc_name,\n\tsum(l_extendedprice * (1 - l_discount)) as revenue,\n\tc_acctbal,\n\tn_name,\n\tc_address,\n\tc_phone,\n\tc_comment\nfrom\n\tcustomer,\n\torders,\n\tlineitem,\n\tnation\nwhere\n\tc_custkey = o_custkey\n\tand l_orderkey = o_orderkey\n\tand o_orderdate >= date '1994-07-01'\n\tand o_orderdate < date '1994-07-01' + interval '3' month\n\tand l_returnflag = 'R'\n\tand c_nationkey = n_nationkey\ngroup by\n\tc_custkey,\n\tc_name,\n\tc_acctbal,\n\tc_phone,\n\tn_name,\n\tc_address,\n\tc_comment\norder by\n\trevenue desc\nLIMIT 20;-- using 1712139563 as a seed to the RNG\n\n\n"
    },
    {
        "Plan": {
            "Node Type": "Limit",
            "Parallel Aware": false,
            "Async Capable": false,
            "Startup Cost": 53821.61,
            "Total Cost": 53821.61,
            "Plan Rows": 1,
            "Plan Width": 40,
            "Actual Startup Time": 29307.896,
            "Actual Total Time": 29307.968,
            "Actual Rows": 0,
            "Actual Loops": 1,
            "Plans": [
                {
                    "Node Type": "Aggregate",
                    "Strategy": "Plain",
                    "Partial Mode": "Finalize",
                    "Parent Relationship": "InitPlan",
                    "Subplan Name": "InitPlan 1 (returns $2)",
                    "Parallel Aware": false,
                    "Async Capable": false,
                    "Startup Cost": 15269.98,
                    "Total Cost": 15269.99,
                    "Plan Rows": 1,
                    "Plan Width": 32,
                    "Actual Startup Time": 318.933,
                    "Actual Total Time": 319.002,
                    "Actual Rows": 1,
                    "Actual Loops": 1,
                    "Plans": [
                        {
                            "Node Type": "Gather",
                            "Parent Relationship": "Outer",
                            "Parallel Aware": false,
                            "Async Capable": false,
                            "Startup Cost": 15269.86,
                            "Total Cost": 15269.97,
                            "Plan Rows": 1,
                            "Plan Width": 32,
                            "Actual Startup Time": 318.922,
                            "Actual Total Time": 318.993,
                            "Actual Rows": 2,
                            "Actual Loops": 1,
                            "Workers Planned": 1,
                            "Workers Launched": 1,
                            "Single Copy": false,
                            "Plans": [
                                {
                                    "Node Type": "Aggregate",
                                    "Strategy": "Plain",
                                    "Partial Mode": "Partial",
                                    "Parent Relationship": "Outer",
                                    "Parallel Aware": false,
                                    "Async Capable": false,
                                    "Startup Cost": 14269.86,
                                    "Total Cost": 14269.87,
                                    "Plan Rows": 1,
                                    "Plan Width": 32,
                                    "Actual Startup Time": 286.883,
                                    "Actual Total Time": 286.886,
                                    "Actual Rows": 1,
                                    "Actual Loops": 2,
                                    "Workers": [],
                                    "Plans": [
                                        {
                                            "Node Type": "Nested Loop",
                                            "Parent Relationship": "Outer",
                                            "Parallel Aware": false,
                                            "Async Capable": false,
                                            "Join Type": "Inner",
                                            "Startup Cost": 1.75,
                                            "Total Cost": 13563.97,
                                            "Plan Rows": 94118,
                                            "Plan Width": 10,
                                            "Actual Startup Time": 0.53,
                                            "Actual Total Time": 259.817,
                                            "Actual Rows": 80160,
                                            "Actual Loops": 2,
                                            "Inner Unique": false,
                                            "Workers": [],
                                            "Plans": [
                                                {
                                                    "Node Type": "Hash Join",
                                                    "Parent Relationship": "Outer",
                                                    "Parallel Aware": false,
                                                    "Async Capable": false,
                                                    "Join Type": "Inner",
                                                    "Startup Cost": 1.32,
                                                    "Total Cost": 1535.73,
                                                    "Plan Rows": 1176,
                                                    "Plan Width": 4,
                                                    "Actual Startup Time": 0.479,
                                                    "Actual Total Time": 23.092,
                                                    "Actual Rows": 1002,
                                                    "Actual Loops": 2,
                                                    "Inner Unique": true,
                                                    "Hash Cond": "(supplier_1.s_nationkey = nation_1.n_nationkey)",
                                                    "Workers": [],
                                                    "Plans": [
                                                        {
                                                            "Node Type": "Seq Scan",
                                                            "Parent Relationship": "Outer",
                                                            "Parallel Aware": true,
                                                            "Async Capable": false,
                                                            "Relation Name": "supplier",
                                                            "Alias": "supplier_1",
                                                            "Startup Cost": 0.0,
                                                            "Total Cost": 1444.12,
                                                            "Plan Rows": 29412,
                                                            "Plan Width": 12,
                                                            "Actual Startup Time": 0.021,
                                                            "Actual Total Time": 18.45,
                                                            "Actual Rows": 25000,
                                                            "Actual Loops": 2,
                                                            "Workers": []
                                                        },
                                                        {
                                                            "Node Type": "Hash",
                                                            "Parent Relationship": "Inner",
                                                            "Parallel Aware": false,
                                                            "Async Capable": false,
                                                            "Startup Cost": 1.31,
                                                            "Total Cost": 1.31,
                                                            "Plan Rows": 1,
                                                            "Plan Width": 4,
                                                            "Actual Startup Time": 0.029,
                                                            "Actual Total Time": 0.03,
                                                            "Actual Rows": 1,
                                                            "Actual Loops": 2,
                                                            "Hash Buckets": 1024,
                                                            "Original Hash Buckets": 1024,
                                                            "Hash Batches": 1,
                                                            "Original Hash Batches": 1,
                                                            "Peak Memory Usage": 9,
                                                            "Workers": [],
                                                            "Plans": [
                                                                {
                                                                    "Node Type": "Seq Scan",
                                                                    "Parent Relationship": "Outer",
                                                                    "Parallel Aware": false,
                                                                    "Async Capable": false,
                                                                    "Relation Name": "nation",
                                                                    "Alias": "nation_1",
                                                                    "Startup Cost": 0.0,
                                                                    "Total Cost": 1.31,
                                                                    "Plan Rows": 1,
                                                                    "Plan Width": 4,
                                                                    "Actual Startup Time": 0.02,
                                                                    "Actual Total Time": 0.023,
                                                                    "Actual Rows": 1,
                                                                    "Actual Loops": 2,
                                                                    "Filter": "(n_name = 'EGYPT'::bpchar)",
                                                                    "Rows Removed by Filter": 24,
                                                                    "Workers": []
                                                                }
                                                            ]
                                                        }
                                                    ]
                                                },
                                                {
                                                    "Node Type": "Index Scan",
                                                    "Parent Relationship": "Inner",
                                                    "Parallel Aware": false,
                                                    "Async Capable": false,
                                                    "Scan Direction": "Forward",
                                                    "Index Name": "idx_partsupp_suppkey",
                                                    "Relation Name": "partsupp",
                                                    "Alias": "partsupp_1",
                                                    "Startup Cost": 0.43,
                                                    "Total Cost": 9.43,
                                                    "Plan Rows": 80,
                                                    "Plan Width": 18,
                                                    "Actual Startup Time": 0.009,
                                                    "Actual Total Time": 0.224,
                                                    "Actual Rows": 80,
                                                    "Actual Loops": 2004,
                                                    "Index Cond": "(ps_suppkey = supplier_1.s_suppkey)",
                                                    "Rows Removed by Index Recheck": 0,
                                                    "Workers": []
                                                }
                                            ]
                                        }
                                    ]
                                }
                            ]
                        }
                    ]
                },
                {
                    "Node Type": "Sort",
                    "Parent Relationship": "Outer",
                    "Parallel Aware": false,
                    "Async Capable": false,
                    "Startup Cost": 38551.62,
                    "Total Cost": 38684.95,
                    "Plan Rows": 53333,
                    "Plan Width": 40,
                    "Actual Startup Time": 29307.894,
                    "Actual Total Time": 29307.897,
                    "Actual Rows": 0,
                    "Actual Loops": 1,
                    "Sort Key": [
                        "(sum((partsupp.ps_supplycost * (partsupp.ps_availqty)::numeric))) DESC"
                    ],
                    "Sort Method": "quicksort",
                    "Sort Space Used": 25,
                    "Sort Space Type": "Memory",
                    "Plans": [
                        {
                            "Node Type": "Aggregate",
                            "Strategy": "Hashed",
                            "Partial Mode": "Simple",
                            "Parent Relationship": "Outer",
                            "Parallel Aware": false,
                            "Async Capable": false,
                            "Startup Cost": 34009.95,
                            "Total Cost": 38284.95,
                            "Plan Rows": 53333,
                            "Plan Width": 40,
                            "Actual Startup Time": 29307.887,
                            "Actual Total Time": 29307.89,
                            "Actual Rows": 0,
                            "Actual Loops": 1,
                            "Group Key": [
                                "partsupp.ps_partkey"
                            ],
                            "Filter": "(sum((partsupp.ps_supplycost * (partsupp.ps_availqty)::numeric)) > $2)",
                            "Planned Partitions": 16,
                            "HashAgg Batches": 85,
                            "Peak Memory Usage": 4281,
                            "Disk Usage": 7088,
                            "Rows Removed by Filter": 151096,
                            "Plans": [
                                {
                                    "Node Type": "Nested Loop",
                                    "Parent Relationship": "Outer",
                                    "Parallel Aware": false,
                                    "Async Capable": false,
                                    "Join Type": "Inner",
                                    "Startup Cost": 24.22,
                                    "Total Cost": 21709.95,
                                    "Plan Rows": 160000,
                                    "Plan Width": 18,
                                    "Actual Startup Time": 2.298,
                                    "Actual Total Time": 28413.8,
                                    "Actual Rows": 160320,
                                    "Actual Loops": 1,
                                    "Inner Unique": false,
                                    "Plans": [
                                        {
                                            "Node Type": "Nested Loop",
                                            "Parent Relationship": "Outer",
                                            "Parallel Aware": false,
                                            "Async Capable": false,
                                            "Join Type": "Inner",
                                            "Startup Cost": 23.79,
                                            "Total Cost": 1253.77,
                                            "Plan Rows": 2000,
                                            "Plan Width": 4,
                                            "Actual Startup Time": 1.784,
                                            "Actual Total Time": 46.656,
                                            "Actual Rows": 2004,
                                            "Actual Loops": 1,
                                            "Inner Unique": false,
                                            "Plans": [
                                                {
                                                    "Node Type": "Seq Scan",
                                                    "Parent Relationship": "Outer",
                                                    "Parallel Aware": false,
                                                    "Async Capable": false,
                                                    "Relation Name": "nation",
                                                    "Alias": "nation",
                                                    "Startup Cost": 0.0,
                                                    "Total Cost": 1.31,
                                                    "Plan Rows": 1,
                                                    "Plan Width": 4,
                                                    "Actual Startup Time": 0.009,
                                                    "Actual Total Time": 0.016,
                                                    "Actual Rows": 1,
                                                    "Actual Loops": 1,
                                                    "Filter": "(n_name = 'EGYPT'::bpchar)",
                                                    "Rows Removed by Filter": 24
                                                },
                                                {
                                                    "Node Type": "Bitmap Heap Scan",
                                                    "Parent Relationship": "Inner",
                                                    "Parallel Aware": false,
                                                    "Async Capable": false,
                                                    "Relation Name": "supplier",
                                                    "Alias": "supplier",
                                                    "Startup Cost": 23.79,
                                                    "Total Cost": 1232.45,
                                                    "Plan Rows": 2000,
                                                    "Plan Width": 12,
                                                    "Actual Startup Time": 1.504,
                                                    "Actual Total Time": 44.514,
                                                    "Actual Rows": 2004,
                                                    "Actual Loops": 1,
                                                    "Recheck Cond": "(s_nationkey = nation.n_nationkey)",
                                                    "Rows Removed by Index Recheck": 0,
                                                    "Exact Heap Blocks": 940,
                                                    "Lossy Heap Blocks": 0,
                                                    "Plans": [
                                                        {
                                                            "Node Type": "Bitmap Index Scan",
                                                            "Parent Relationship": "Outer",
                                                            "Parallel Aware": false,
                                                            "Async Capable": false,
                                                            "Index Name": "idx_supplier_nation_key",
                                                            "Startup Cost": 0.0,
                                                            "Total Cost": 23.29,
                                                            "Plan Rows": 2000,
                                                            "Plan Width": 0,
                                                            "Actual Startup Time": 0.925,
                                                            "Actual Total Time": 0.926,
                                                            "Actual Rows": 2004,
                                                            "Actual Loops": 1,
                                                            "Index Cond": "(s_nationkey = nation.n_nationkey)"
                                                        }
                                                    ]
                                                }
                                            ]
                                        },
                                        {
                                            "Node Type": "Index Scan",
                                            "Parent Relationship": "Inner",
                                            "Parallel Aware": false,
                                            "Async Capable": false,
                                            "Scan Direction": "Forward",
                                            "Index Name": "idx_partsupp_suppkey",
                                            "Relation Name": "partsupp",
                                            "Alias": "partsupp",
                                            "Startup Cost": 0.43,
                                            "Total Cost": 9.43,
                                            "Plan Rows": 80,
                                            "Plan Width": 26,
                                            "Actual Startup Time": 0.338,
                                            "Actual Total Time": 14.096,
                                            "Actual Rows": 80,
                                            "Actual Loops": 2004,
                                            "Index Cond": "(ps_suppkey = supplier.s_suppkey)",
                                            "Rows Removed by Index Recheck": 0
                                        }
                                    ]
                                }
                            ]
                        }
                    ]
                }
            ]
        },
        "Planning Time": 11.438,
        "Triggers": [],
        "Execution Time": 29310.312,
        "no_of_partitions": [
            0,
            0,
            0
        ],
        "avg_row_length": [
            178.07392,
            177.4182455,
            139.16
        ],
        "query": "\n\nselect\n\tps_partkey,\n\tsum(ps_supplycost * ps_availqty) as value\nfrom\n\tpartsupp,\n\tsupplier,\n\tnation\nwhere\n\tps_suppkey = s_suppkey\n\tand s_nationkey = n_nationkey\n\tand n_name = 'EGYPT'\ngroup by\n\tps_partkey having\n\t\tsum(ps_supplycost * ps_availqty) > (\n\t\t\tselect\n\t\t\t\tsum(ps_supplycost * ps_availqty) * 0.0001000000\n\t\t\tfrom\n\t\t\t\tpartsupp,\n\t\t\t\tsupplier,\n\t\t\t\tnation\n\t\t\twhere\n\t\t\t\tps_suppkey = s_suppkey\n\t\t\t\tand s_nationkey = n_nationkey\n\t\t\t\tand n_name = 'EGYPT'\n\t\t)\norder by\n\tvalue desc\nLIMIT 1;-- using 1712139563 as a seed to the RNG\n\n\n"
    },
    {
        "Plan": {
            "Node Type": "Limit",
            "Parallel Aware": false,
            "Async Capable": false,
            "Startup Cost": 894622.07,
            "Total Cost": 990511.34,
            "Plan Rows": 1,
            "Plan Width": 27,
            "Actual Startup Time": 26298.451,
            "Actual Total Time": 26305.092,
            "Actual Rows": 1,
            "Actual Loops": 1,
            "Plans": [
                {
                    "Node Type": "Aggregate",
                    "Strategy": "Sorted",
                    "Partial Mode": "Simple",
                    "Parent Relationship": "Outer",
                    "Parallel Aware": false,
                    "Async Capable": false,
                    "Startup Cost": 894622.07,
                    "Total Cost": 1565846.99,
                    "Plan Rows": 7,
                    "Plan Width": 27,
                    "Actual Startup Time": 26111.795,
                    "Actual Total Time": 26118.436,
                    "Actual Rows": 1,
                    "Actual Loops": 1,
                    "Group Key": [
                        "lineitem.l_shipmode"
                    ],
                    "Plans": [
                        {
                            "Node Type": "Nested Loop",
                            "Parent Relationship": "Outer",
                            "Parallel Aware": false,
                            "Async Capable": false,
                            "Join Type": "Inner",
                            "Startup Cost": 894622.07,
                            "Total Cost": 1563339.92,
                            "Plan Rows": 143257,
                            "Plan Width": 27,
                            "Actual Startup Time": 7796.724,
                            "Actual Total Time": 26010.119,
                            "Actual Rows": 78601,
                            "Actual Loops": 1,
                            "Inner Unique": true,
                            "Plans": [
                                {
                                    "Node Type": "Gather Merge",
                                    "Parent Relationship": "Outer",
                                    "Parallel Aware": false,
                                    "Async Capable": false,
                                    "Startup Cost": 894621.64,
                                    "Total Cost": 911306.27,
                                    "Plan Rows": 143257,
                                    "Plan Width": 19,
                                    "Actual Startup Time": 7795.636,
                                    "Actual Total Time": 7924.124,
                                    "Actual Rows": 78601,
                                    "Actual Loops": 1,
                                    "Workers Planned": 2,
                                    "Workers Launched": 2,
                                    "Plans": [
                                        {
                                            "Node Type": "Sort",
                                            "Parent Relationship": "Outer",
                                            "Parallel Aware": false,
                                            "Async Capable": false,
                                            "Startup Cost": 893621.61,
                                            "Total Cost": 893770.84,
                                            "Plan Rows": 59690,
                                            "Plan Width": 19,
                                            "Actual Startup Time": 7780.94,
                                            "Actual Total Time": 7793.651,
                                            "Actual Rows": 26976,
                                            "Actual Loops": 3,
                                            "Sort Key": [
                                                "lineitem.l_shipmode"
                                            ],
                                            "Sort Method": "external merge",
                                            "Sort Space Used": 1800,
                                            "Sort Space Type": "Disk",
                                            "Workers": [
                                                {
                                                    "Worker Number": 0,
                                                    "Sort Method": "external merge",
                                                    "Sort Space Used": 1728,
                                                    "Sort Space Type": "Disk"
                                                },
                                                {
                                                    "Worker Number": 1,
                                                    "Sort Method": "external merge",
                                                    "Sort Space Used": 1720,
                                                    "Sort Space Type": "Disk"
                                                }
                                            ],
                                            "Plans": [
                                                {
                                                    "Node Type": "Seq Scan",
                                                    "Parent Relationship": "Outer",
                                                    "Parallel Aware": true,
                                                    "Async Capable": false,
                                                    "Relation Name": "lineitem",
                                                    "Alias": "lineitem",
                                                    "Startup Cost": 0.0,
                                                    "Total Cost": 888886.64,
                                                    "Plan Rows": 59690,
                                                    "Plan Width": 19,
                                                    "Actual Startup Time": 136.008,
                                                    "Actual Total Time": 7725.287,
                                                    "Actual Rows": 52335,
                                                    "Actual Loops": 3,
                                                    "Filter": "((l_shipmode = ANY ('{RAIL,AIR}'::bpchar[])) AND (l_commitdate < l_receiptdate) AND (l_shipdate < l_commitdate) AND (l_receiptdate >= '1996-01-01'::date) AND (l_receiptdate < '1997-01-01 00:00:00'::timestamp without time zone))",
                                                    "Rows Removed by Filter": 9947597,
                                                    "Workers": []
                                                }
                                            ]
                                        }
                                    ]
                                },
                                {
                                    "Node Type": "Index Scan",
                                    "Parent Relationship": "Inner",
                                    "Parallel Aware": false,
                                    "Async Capable": false,
                                    "Scan Direction": "Forward",
                                    "Index Name": "orders_pkey",
                                    "Relation Name": "orders",
                                    "Alias": "orders",
                                    "Startup Cost": 0.43,
                                    "Total Cost": 4.55,
                                    "Plan Rows": 1,
                                    "Plan Width": 20,
                                    "Actual Startup Time": 0.228,
                                    "Actual Total Time": 0.228,
                                    "Actual Rows": 1,
                                    "Actual Loops": 78601,
                                    "Index Cond": "(o_orderkey = lineitem.l_orderkey)",
                                    "Rows Removed by Index Recheck": 0
                                }
                            ]
                        }
                    ]
                }
            ]
        },
        "Planning Time": 4.492,
        "Triggers": [],
        "JIT": {
            "Functions": 21,
            "Options": {
                "Inlining": true,
                "Optimization": true,
                "Expressions": true,
                "Deforming": true
            },
            "Timing": {
                "Generation": 3.288,
                "Inlining": 148.351,
                "Optimization": 271.378,
                "Emission": 171.273,
                "Total": 594.29
            }
        },
        "Execution Time": 26306.65,
        "no_of_partitions": [
            0,
            0
        ],
        "avg_row_length": [
            141.49479813333335,
            156.32257463759336
        ],
        "query": "\n\nselect\n\tl_shipmode,\n\tsum(case\n\t\twhen o_orderpriority = '1-URGENT'\n\t\t\tor o_orderpriority = '2-HIGH'\n\t\t\tthen 1\n\t\telse 0\n\tend) as high_line_count,\n\tsum(case\n\t\twhen o_orderpriority <> '1-URGENT'\n\t\t\tand o_orderpriority <> '2-HIGH'\n\t\t\tthen 1\n\t\telse 0\n\tend) as low_line_count\nfrom\n\torders,\n\tlineitem\nwhere\n\to_orderkey = l_orderkey\n\tand l_shipmode in ('RAIL', 'AIR')\n\tand l_commitdate < l_receiptdate\n\tand l_shipdate < l_commitdate\n\tand l_receiptdate >= date '1996-01-01'\n\tand l_receiptdate < date '1996-01-01' + interval '1' year\ngroup by\n\tl_shipmode\norder by\n\tl_shipmode\nLIMIT 1;-- using 1712139563 as a seed to the RNG\n\n\n"
    },
    {
        "Plan": {
            "Node Type": "Limit",
            "Parallel Aware": false,
            "Async Capable": false,
            "Startup Cost": 766206.34,
            "Total Cost": 766206.34,
            "Plan Rows": 1,
            "Plan Width": 16,
            "Actual Startup Time": 7931.57,
            "Actual Total Time": 8015.674,
            "Actual Rows": 1,
            "Actual Loops": 1,
            "Plans": [
                {
                    "Node Type": "Sort",
                    "Parent Relationship": "Outer",
                    "Parallel Aware": false,
                    "Async Capable": false,
                    "Startup Cost": 766206.34,
                    "Total Cost": 766206.84,
                    "Plan Rows": 200,
                    "Plan Width": 16,
                    "Actual Startup Time": 7782.141,
                    "Actual Total Time": 7866.245,
                    "Actual Rows": 1,
                    "Actual Loops": 1,
                    "Sort Key": [
                        "(count(*)) DESC",
                        "(count(orders.o_orderkey)) DESC"
                    ],
                    "Sort Method": "top-N heapsort",
                    "Sort Space Used": 25,
                    "Sort Space Type": "Memory",
                    "Plans": [
                        {
                            "Node Type": "Aggregate",
                            "Strategy": "Hashed",
                            "Partial Mode": "Simple",
                            "Parent Relationship": "Outer",
                            "Parallel Aware": false,
                            "Async Capable": false,
                            "Startup Cost": 766203.34,
                            "Total Cost": 766205.34,
                            "Plan Rows": 200,
                            "Plan Width": 16,
                            "Actual Startup Time": 7782.088,
                            "Actual Total Time": 7866.196,
                            "Actual Rows": 43,
                            "Actual Loops": 1,
                            "Group Key": [
                                "count(orders.o_orderkey)"
                            ],
                            "Planned Partitions": 0,
                            "HashAgg Batches": 1,
                            "Peak Memory Usage": 40,
                            "Disk Usage": 0,
                            "Plans": [
                                {
                                    "Node Type": "Aggregate",
                                    "Strategy": "Hashed",
                                    "Partial Mode": "Finalize",
                                    "Parent Relationship": "Outer",
                                    "Parallel Aware": false,
                                    "Async Capable": false,
                                    "Startup Cost": 732804.9,
                                    "Total Cost": 754953.34,
                                    "Plan Rows": 750000,
                                    "Plan Width": 12,
                                    "Actual Startup Time": 7521.736,
                                    "Actual Total Time": 7807.367,
                                    "Actual Rows": 750000,
                                    "Actual Loops": 1,
                                    "Group Key": [
                                        "customer.c_custkey"
                                    ],
                                    "Planned Partitions": 32,
                                    "HashAgg Batches": 33,
                                    "Peak Memory Usage": 4113,
                                    "Disk Usage": 30560,
                                    "Plans": [
                                        {
                                            "Node Type": "Gather",
                                            "Parent Relationship": "Outer",
                                            "Parallel Aware": false,
                                            "Async Capable": false,
                                            "Startup Cost": 455042.01,
                                            "Total Cost": 636711.15,
                                            "Plan Rows": 1500000,
                                            "Plan Width": 12,
                                            "Actual Startup Time": 6822.564,
                                            "Actual Total Time": 7355.154,
                                            "Actual Rows": 750000,
                                            "Actual Loops": 1,
                                            "Workers Planned": 2,
                                            "Workers Launched": 2,
                                            "Single Copy": false,
                                            "Plans": [
                                                {
                                                    "Node Type": "Aggregate",
                                                    "Strategy": "Hashed",
                                                    "Partial Mode": "Partial",
                                                    "Parent Relationship": "Outer",
                                                    "Parallel Aware": false,
                                                    "Async Capable": false,
                                                    "Startup Cost": 454042.01,
                                                    "Total Cost": 485711.15,
                                                    "Plan Rows": 750000,
                                                    "Plan Width": 12,
                                                    "Actual Startup Time": 6772.703,
                                                    "Actual Total Time": 7183.039,
                                                    "Actual Rows": 250000,
                                                    "Actual Loops": 3,
                                                    "Group Key": [
                                                        "customer.c_custkey"
                                                    ],
                                                    "Planned Partitions": 32,
                                                    "HashAgg Batches": 33,
                                                    "Peak Memory Usage": 4113,
                                                    "Disk Usage": 75784,
                                                    "Workers": [
                                                        {
                                                            "Worker Number": 0,
                                                            "HashAgg Batches": 33,
                                                            "Peak Memory Usage": 4113,
                                                            "Disk Usage": 63376
                                                        },
                                                        {
                                                            "Worker Number": 1,
                                                            "HashAgg Batches": 33,
                                                            "Peak Memory Usage": 4113,
                                                            "Disk Usage": 70672
                                                        }
                                                    ],
                                                    "Plans": [
                                                        {
                                                            "Node Type": "Hash Join",
                                                            "Parent Relationship": "Outer",
                                                            "Parallel Aware": true,
                                                            "Async Capable": false,
                                                            "Join Type": "Left",
                                                            "Startup Cost": 230955.3,
                                                            "Total Cost": 280024.14,
                                                            "Plan Rows": 3093651,
                                                            "Plan Width": 8,
                                                            "Actual Startup Time": 3265.401,
                                                            "Actual Total Time": 3971.468,
                                                            "Actual Rows": 2556553,
                                                            "Actual Loops": 3,
                                                            "Inner Unique": false,
                                                            "Hash Cond": "(customer.c_custkey = orders.o_custkey)",
                                                            "Workers": [],
                                                            "Plans": [
                                                                {
                                                                    "Node Type": "Index Only Scan",
                                                                    "Parent Relationship": "Outer",
                                                                    "Parallel Aware": true,
                                                                    "Async Capable": false,
                                                                    "Scan Direction": "Forward",
                                                                    "Index Name": "customer_pkey",
                                                                    "Relation Name": "customer",
                                                                    "Alias": "customer",
                                                                    "Startup Cost": 0.42,
                                                                    "Total Cost": 15115.42,
                                                                    "Plan Rows": 312500,
                                                                    "Plan Width": 4,
                                                                    "Actual Startup Time": 0.449,
                                                                    "Actual Total Time": 56.383,
                                                                    "Actual Rows": 250000,
                                                                    "Actual Loops": 3,
                                                                    "Heap Fetches": 0,
                                                                    "Workers": []
                                                                },
                                                                {
                                                                    "Node Type": "Hash",
                                                                    "Parent Relationship": "Inner",
                                                                    "Parallel Aware": true,
                                                                    "Async Capable": false,
                                                                    "Startup Cost": 177178.24,
                                                                    "Total Cost": 177178.24,
                                                                    "Plan Rows": 3093651,
                                                                    "Plan Width": 12,
                                                                    "Actual Startup Time": 3112.977,
                                                                    "Actual Total Time": 3112.978,
                                                                    "Actual Rows": 2473215,
                                                                    "Actual Loops": 3,
                                                                    "Hash Buckets": 131072,
                                                                    "Original Hash Buckets": 131072,
                                                                    "Hash Batches": 128,
                                                                    "Original Hash Batches": 128,
                                                                    "Peak Memory Usage": 3872,
                                                                    "Workers": [],
                                                                    "Plans": [
                                                                        {
                                                                            "Node Type": "Seq Scan",
                                                                            "Parent Relationship": "Outer",
                                                                            "Parallel Aware": true,
                                                                            "Async Capable": false,
                                                                            "Relation Name": "orders",
                                                                            "Alias": "orders",
                                                                            "Startup Cost": 0.0,
                                                                            "Total Cost": 177178.24,
                                                                            "Plan Rows": 3093651,
                                                                            "Plan Width": 12,
                                                                            "Actual Startup Time": 137.095,
                                                                            "Actual Total Time": 2400.641,
                                                                            "Actual Rows": 2473215,
                                                                            "Actual Loops": 3,
                                                                            "Filter": "((o_comment)::text !~~ '%special%accounts%'::text)",
                                                                            "Rows Removed by Filter": 26785,
                                                                            "Workers": []
                                                                        }
                                                                    ]
                                                                }
                                                            ]
                                                        }
                                                    ]
                                                }
                                            ]
                                        }
                                    ]
                                }
                            ]
                        }
                    ]
                }
            ]
        },
        "Planning Time": 6.681,
        "Triggers": [],
        "JIT": {
            "Functions": 68,
            "Options": {
                "Inlining": true,
                "Optimization": true,
                "Expressions": true,
                "Deforming": true
            },
            "Timing": {
                "Generation": 7.735,
                "Inlining": 200.897,
                "Optimization": 315.944,
                "Emission": 178.622,
                "Total": 703.198
            }
        },
        "Execution Time": 8032.302,
        "no_of_partitions": [
            0,
            0
        ],
        "avg_row_length": [
            141.49479773333334,
            191.867068
        ],
        "query": "\nselect\n\tc_count,\n\tcount(*) as custdist\nfrom\n\t(\n\t\tselect\n\t\t\tc_custkey,\n\t\t\tcount(o_orderkey)\n\t\tfrom\n\t\t\tcustomer left outer join orders on\n\t\t\t\tc_custkey = o_custkey\n\t\t\t\tand o_comment not like '%special%accounts%'\n\t\tgroup by\n\t\t\tc_custkey\n\t) as c_orders (c_custkey, c_count)\ngroup by\n\tc_count\norder by\n\tcustdist desc,\n\tc_count desc\nLIMIT 1;-- using 1712139563 as a seed to the RNG\n\n\n-- select\n-- \tc_count,\n-- \tcount(*) as custdist\n-- from\n-- \t(\n-- \t\tselect\n-- \t\t\tc_custkey,\n-- \t\t\tcount(o_orderkey)\n-- \t\tfrom\n-- \t\t\tcustomer left outer join orders on\n-- \t\t\t\tc_custkey = o_custkey\n-- \t\t\t\tand o_comment not like '%special%requests%'\n-- \t\tgroup by\n-- \t\t\tc_custkey\n-- \t) as c_orders (c_custkey, c_count)\n-- group by\n-- \tc_count\n-- order by\n-- \tcustdist desc,\n-- \tc_count desc\n-- LIMIT 1;"
    },
    {
        "Plan": {
            "Node Type": "Limit",
            "Parallel Aware": false,
            "Async Capable": false,
            "Startup Cost": 778959.08,
            "Total Cost": 778959.09,
            "Plan Rows": 1,
            "Plan Width": 32,
            "Actual Startup Time": 22509.355,
            "Actual Total Time": 22581.756,
            "Actual Rows": 1,
            "Actual Loops": 1,
            "Plans": [
                {
                    "Node Type": "Aggregate",
                    "Strategy": "Plain",
                    "Partial Mode": "Finalize",
                    "Parent Relationship": "Outer",
                    "Parallel Aware": false,
                    "Async Capable": false,
                    "Startup Cost": 778959.08,
                    "Total Cost": 778959.09,
                    "Plan Rows": 1,
                    "Plan Width": 32,
                    "Actual Startup Time": 22334.959,
                    "Actual Total Time": 22407.359,
                    "Actual Rows": 1,
                    "Actual Loops": 1,
                    "Plans": [
                        {
                            "Node Type": "Gather",
                            "Parent Relationship": "Outer",
                            "Parallel Aware": false,
                            "Async Capable": false,
                            "Startup Cost": 778958.84,
                            "Total Cost": 778959.05,
                            "Plan Rows": 2,
                            "Plan Width": 64,
                            "Actual Startup Time": 22333.331,
                            "Actual Total Time": 22407.049,
                            "Actual Rows": 3,
                            "Actual Loops": 1,
                            "Workers Planned": 2,
                            "Workers Launched": 2,
                            "Single Copy": false,
                            "Plans": [
                                {
                                    "Node Type": "Aggregate",
                                    "Strategy": "Plain",
                                    "Partial Mode": "Partial",
                                    "Parent Relationship": "Outer",
                                    "Parallel Aware": false,
                                    "Async Capable": false,
                                    "Startup Cost": 777958.84,
                                    "Total Cost": 777958.85,
                                    "Plan Rows": 1,
                                    "Plan Width": 64,
                                    "Actual Startup Time": 22313.159,
                                    "Actual Total Time": 22313.168,
                                    "Actual Rows": 1,
                                    "Actual Loops": 3,
                                    "Workers": [],
                                    "Plans": [
                                        {
                                            "Node Type": "Hash Join",
                                            "Parent Relationship": "Outer",
                                            "Parallel Aware": true,
                                            "Async Capable": false,
                                            "Join Type": "Inner",
                                            "Startup Cost": 42583.32,
                                            "Total Cost": 775156.88,
                                            "Plan Rows": 160112,
                                            "Plan Width": 33,
                                            "Actual Startup Time": 22099.919,
                                            "Actual Total Time": 22255.268,
                                            "Actual Rows": 128859,
                                            "Actual Loops": 3,
                                            "Inner Unique": true,
                                            "Hash Cond": "(lineitem.l_partkey = part.p_partkey)",
                                            "Workers": [],
                                            "Plans": [
                                                {
                                                    "Node Type": "Bitmap Heap Scan",
                                                    "Parent Relationship": "Outer",
                                                    "Parallel Aware": true,
                                                    "Async Capable": false,
                                                    "Relation Name": "lineitem",
                                                    "Alias": "lineitem",
                                                    "Startup Cost": 9867.32,
                                                    "Total Cost": 737293.58,
                                                    "Plan Rows": 160112,
                                                    "Plan Width": 20,
                                                    "Actual Startup Time": 109.461,
                                                    "Actual Total Time": 21308.589,
                                                    "Actual Rows": 128859,
                                                    "Actual Loops": 3,
                                                    "Recheck Cond": "((l_shipdate >= '1996-07-01'::date) AND (l_shipdate < '1996-08-01 00:00:00'::timestamp without time zone))",
                                                    "Rows Removed by Index Recheck": 2636319,
                                                    "Exact Heap Blocks": 15171,
                                                    "Lossy Heap Blocks": 55851,
                                                    "Workers": [],
                                                    "Plans": [
                                                        {
                                                            "Node Type": "Bitmap Index Scan",
                                                            "Parent Relationship": "Outer",
                                                            "Parallel Aware": false,
                                                            "Async Capable": false,
                                                            "Index Name": "idx_lineitem_shipdate",
                                                            "Startup Cost": 0.0,
                                                            "Total Cost": 9771.25,
                                                            "Plan Rows": 384269,
                                                            "Plan Width": 0,
                                                            "Actual Startup Time": 98.718,
                                                            "Actual Total Time": 98.719,
                                                            "Actual Rows": 386576,
                                                            "Actual Loops": 1,
                                                            "Index Cond": "((l_shipdate >= '1996-07-01'::date) AND (l_shipdate < '1996-08-01 00:00:00'::timestamp without time zone))",
                                                            "Workers": []
                                                        }
                                                    ]
                                                },
                                                {
                                                    "Node Type": "Hash",
                                                    "Parent Relationship": "Inner",
                                                    "Parallel Aware": true,
                                                    "Async Capable": false,
                                                    "Startup Cost": 24658.67,
                                                    "Total Cost": 24658.67,
                                                    "Plan Rows": 416667,
                                                    "Plan Width": 25,
                                                    "Actual Startup Time": 599.063,
                                                    "Actual Total Time": 599.064,
                                                    "Actual Rows": 333333,
                                                    "Actual Loops": 3,
                                                    "Hash Buckets": 65536,
                                                    "Original Hash Buckets": 65536,
                                                    "Hash Batches": 32,
                                                    "Original Hash Batches": 32,
                                                    "Peak Memory Usage": 2464,
                                                    "Workers": [],
                                                    "Plans": [
                                                        {
                                                            "Node Type": "Seq Scan",
                                                            "Parent Relationship": "Outer",
                                                            "Parallel Aware": true,
                                                            "Async Capable": false,
                                                            "Relation Name": "part",
                                                            "Alias": "part",
                                                            "Startup Cost": 0.0,
                                                            "Total Cost": 24658.67,
                                                            "Plan Rows": 416667,
                                                            "Plan Width": 25,
                                                            "Actual Startup Time": 194.655,
                                                            "Actual Total Time": 520.614,
                                                            "Actual Rows": 333333,
                                                            "Actual Loops": 3,
                                                            "Workers": []
                                                        }
                                                    ]
                                                }
                                            ]
                                        }
                                    ]
                                }
                            ]
                        }
                    ]
                }
            ]
        },
        "Planning Time": 7.072,
        "Triggers": [],
        "JIT": {
            "Functions": 45,
            "Options": {
                "Inlining": true,
                "Optimization": true,
                "Expressions": true,
                "Deforming": true
            },
            "Timing": {
                "Generation": 10.186,
                "Inlining": 205.655,
                "Optimization": 335.909,
                "Emission": 212.075,
                "Total": 763.825
            }
        },
        "Execution Time": 22582.863,
        "no_of_partitions": [
            0,
            0
        ],
        "avg_row_length": [
            158.34346,
            156.32257463759336
        ],
        "query": "\nselect\n\t100.00 * sum(case\n\t\twhen p_type like 'PROMO%'\n\t\t\tthen l_extendedprice * (1 - l_discount)\n\t\telse 0\n\tend) / sum(l_extendedprice * (1 - l_discount)) as promo_revenue\nfrom\n\tlineitem,\n\tpart\nwhere\n\tl_partkey = p_partkey\n\tand l_shipdate >= date '1996-07-01'\n\tand l_shipdate < date '1996-07-01' + interval '1' month\nLIMIT 1;-- using 1712139563 as a seed to the RNG\n"
    },
    {
        "Plan": {
            "Node Type": "Limit",
            "Parallel Aware": false,
            "Async Capable": false,
            "Startup Cost": 199903.79,
            "Total Cost": 199903.79,
            "Plan Rows": 1,
            "Plan Width": 44,
            "Actual Startup Time": 2328.897,
            "Actual Total Time": 2359.035,
            "Actual Rows": 1,
            "Actual Loops": 1,
            "Plans": [
                {
                    "Node Type": "Sort",
                    "Parent Relationship": "Outer",
                    "Parallel Aware": false,
                    "Async Capable": false,
                    "Startup Cost": 199903.79,
                    "Total Cost": 200101.58,
                    "Plan Rows": 79117,
                    "Plan Width": 44,
                    "Actual Startup Time": 2307.821,
                    "Actual Total Time": 2337.958,
                    "Actual Rows": 1,
                    "Actual Loops": 1,
                    "Sort Key": [
                        "(count(DISTINCT partsupp.ps_suppkey)) DESC",
                        "part.p_brand",
                        "part.p_type",
                        "part.p_size"
                    ],
                    "Sort Method": "top-N heapsort",
                    "Sort Space Used": 25,
                    "Sort Space Type": "Memory",
                    "Plans": [
                        {
                            "Node Type": "Aggregate",
                            "Strategy": "Sorted",
                            "Partial Mode": "Simple",
                            "Parent Relationship": "Outer",
                            "Parallel Aware": false,
                            "Async Capable": false,
                            "Startup Cost": 162048.71,
                            "Total Cost": 199508.21,
                            "Plan Rows": 79117,
                            "Plan Width": 44,
                            "Actual Startup Time": 1889.293,
                            "Actual Total Time": 2330.227,
                            "Actual Rows": 27686,
                            "Actual Loops": 1,
                            "Group Key": [
                                "part.p_brand",
                                "part.p_type",
                                "part.p_size"
                            ],
                            "Plans": [
                                {
                                    "Node Type": "Gather Merge",
                                    "Parent Relationship": "Outer",
                                    "Parallel Aware": false,
                                    "Async Capable": false,
                                    "Startup Cost": 162048.71,
                                    "Total Cost": 195817.59,
                                    "Plan Rows": 289945,
                                    "Plan Width": 44,
                                    "Actual Startup Time": 1888.666,
                                    "Actual Total Time": 2175.09,
                                    "Actual Rows": 590960,
                                    "Actual Loops": 1,
                                    "Workers Planned": 2,
                                    "Workers Launched": 2,
                                    "Plans": [
                                        {
                                            "Node Type": "Sort",
                                            "Parent Relationship": "Outer",
                                            "Parallel Aware": false,
                                            "Async Capable": false,
                                            "Startup Cost": 161048.69,
                                            "Total Cost": 161350.71,
                                            "Plan Rows": 120810,
                                            "Plan Width": 44,
                                            "Actual Startup Time": 1862.132,
                                            "Actual Total Time": 1948.489,
                                            "Actual Rows": 196987,
                                            "Actual Loops": 3,
                                            "Sort Key": [
                                                "part.p_brand",
                                                "part.p_type",
                                                "part.p_size"
                                            ],
                                            "Sort Method": "external merge",
                                            "Sort Space Used": 10992,
                                            "Sort Space Type": "Disk",
                                            "Workers": [
                                                {
                                                    "Worker Number": 0,
                                                    "Sort Method": "external merge",
                                                    "Sort Space Used": 11592,
                                                    "Sort Space Type": "Disk"
                                                },
                                                {
                                                    "Worker Number": 1,
                                                    "Sort Method": "external merge",
                                                    "Sort Space Used": 11000,
                                                    "Sort Space Type": "Disk"
                                                }
                                            ],
                                            "Plans": [
                                                {
                                                    "Node Type": "Hash Join",
                                                    "Parent Relationship": "Outer",
                                                    "Parallel Aware": true,
                                                    "Async Capable": false,
                                                    "Join Type": "Inner",
                                                    "Startup Cost": 33911.17,
                                                    "Total Cost": 147133.89,
                                                    "Plan Rows": 120810,
                                                    "Plan Width": 44,
                                                    "Actual Startup Time": 1172.163,
                                                    "Actual Total Time": 1402.399,
                                                    "Actual Rows": 196987,
                                                    "Actual Loops": 3,
                                                    "Inner Unique": true,
                                                    "Hash Cond": "(partsupp.ps_partkey = part.p_partkey)",
                                                    "Workers": [],
                                                    "Plans": [
                                                        {
                                                            "Node Type": "Index Only Scan",
                                                            "Parent Relationship": "Outer",
                                                            "Parallel Aware": true,
                                                            "Async Capable": false,
                                                            "Scan Direction": "Forward",
                                                            "Index Name": "partsupp_pkey",
                                                            "Relation Name": "partsupp",
                                                            "Alias": "partsupp",
                                                            "Startup Cost": 1775.44,
                                                            "Total Cost": 104200.65,
                                                            "Plan Rows": 833331,
                                                            "Plan Width": 16,
                                                            "Actual Startup Time": 36.501,
                                                            "Actual Total Time": 702.552,
                                                            "Actual Rows": 1332640,
                                                            "Actual Loops": 3,
                                                            "Filter": "(NOT (hashed SubPlan 1))",
                                                            "Rows Removed by Filter": 693,
                                                            "Heap Fetches": 0,
                                                            "Workers": [],
                                                            "Plans": [
                                                                {
                                                                    "Node Type": "Seq Scan",
                                                                    "Parent Relationship": "SubPlan",
                                                                    "Subplan Name": "SubPlan 1",
                                                                    "Parallel Aware": false,
                                                                    "Async Capable": false,
                                                                    "Relation Name": "supplier",
                                                                    "Alias": "supplier",
                                                                    "Startup Cost": 0.0,
                                                                    "Total Cost": 1775.0,
                                                                    "Plan Rows": 5,
                                                                    "Plan Width": 4,
                                                                    "Actual Startup Time": 1.372,
                                                                    "Actual Total Time": 34.114,
                                                                    "Actual Rows": 26,
                                                                    "Actual Loops": 3,
                                                                    "Filter": "((s_comment)::text ~~ '%Customer%Complaints%'::text)",
                                                                    "Rows Removed by Filter": 49974,
                                                                    "Workers": []
                                                                }
                                                            ]
                                                        },
                                                        {
                                                            "Node Type": "Hash",
                                                            "Parent Relationship": "Inner",
                                                            "Parallel Aware": true,
                                                            "Async Capable": false,
                                                            "Startup Cost": 30908.67,
                                                            "Total Cost": 30908.67,
                                                            "Plan Rows": 60405,
                                                            "Plan Width": 40,
                                                            "Actual Startup Time": 147.564,
                                                            "Actual Total Time": 147.565,
                                                            "Actual Rows": 49273,
                                                            "Actual Loops": 3,
                                                            "Hash Buckets": 65536,
                                                            "Original Hash Buckets": 65536,
                                                            "Hash Batches": 4,
                                                            "Original Hash Batches": 4,
                                                            "Peak Memory Usage": 3296,
                                                            "Workers": [],
                                                            "Plans": [
                                                                {
                                                                    "Node Type": "Seq Scan",
                                                                    "Parent Relationship": "Outer",
                                                                    "Parallel Aware": true,
                                                                    "Async Capable": false,
                                                                    "Relation Name": "part",
                                                                    "Alias": "part",
                                                                    "Startup Cost": 0.0,
                                                                    "Total Cost": 30908.67,
                                                                    "Plan Rows": 60405,
                                                                    "Plan Width": 40,
                                                                    "Actual Startup Time": 13.353,
                                                                    "Actual Total Time": 128.062,
                                                                    "Actual Rows": 49273,
                                                                    "Actual Loops": 3,
                                                                    "Filter": "((p_brand <> 'Brand#45'::bpchar) AND ((p_type)::text !~~ 'STANDARD ANODIZED%'::text) AND (p_size = ANY ('{26,23,2,5,15,30,18,40}'::integer[])))",
                                                                    "Rows Removed by Filter": 284060,
                                                                    "Workers": []
                                                                }
                                                            ]
                                                        }
                                                    ]
                                                }
                                            ]
                                        }
                                    ]
                                }
                            ]
                        }
                    ]
                }
            ]
        },
        "Planning Time": 9.432,
        "Triggers": [],
        "JIT": {
            "Functions": 85,
            "Options": {
                "Inlining": false,
                "Optimization": false,
                "Expressions": true,
                "Deforming": true
            },
            "Timing": {
                "Generation": 8.303,
                "Inlining": 0.0,
                "Optimization": 2.825,
                "Emission": 59.309,
                "Total": 70.438
            }
        },
        "Execution Time": 2364.004,
        "no_of_partitions": [
            0,
            0,
            0
        ],
        "avg_row_length": [
            177.4182455,
            158.34346,
            178.07392
        ],
        "query": "\nselect\n\tp_brand,\n\tp_type,\n\tp_size,\n\tcount(distinct ps_suppkey) as supplier_cnt\nfrom\n\tpartsupp,\n\tpart\nwhere\n\tp_partkey = ps_partkey\n\tand p_brand <> 'Brand#45'\n\tand p_type not like 'STANDARD ANODIZED%'\n\tand p_size in (26, 23, 2, 5, 15, 30, 18, 40)\n\tand ps_suppkey not in (\n\t\tselect\n\t\t\ts_suppkey\n\t\tfrom\n\t\t\tsupplier\n\t\twhere\n\t\t\ts_comment like '%Customer%Complaints%'\n\t)\ngroup by\n\tp_brand,\n\tp_type,\n\tp_size\norder by\n\tsupplier_cnt desc,\n\tp_brand,\n\tp_type,\n\tp_size\nLIMIT 1;-- using 1712139563 as a seed to the RNG\n\n"
    },
    {
        "Plan": {
            "Node Type": "Limit",
            "Parallel Aware": false,
            "Async Capable": false,
            "Startup Cost": 2119225.37,
            "Total Cost": 2119225.38,
            "Plan Rows": 1,
            "Plan Width": 32,
            "Actual Startup Time": 77273.337,
            "Actual Total Time": 77343.018,
            "Actual Rows": 1,
            "Actual Loops": 1,
            "Plans": [
                {
                    "Node Type": "Aggregate",
                    "Strategy": "Plain",
                    "Partial Mode": "Simple",
                    "Parent Relationship": "Outer",
                    "Parallel Aware": false,
                    "Async Capable": false,
                    "Startup Cost": 2119225.37,
                    "Total Cost": 2119225.38,
                    "Plan Rows": 1,
                    "Plan Width": 32,
                    "Actual Startup Time": 77031.091,
                    "Actual Total Time": 77100.771,
                    "Actual Rows": 1,
                    "Actual Loops": 1,
                    "Plans": [
                        {
                            "Node Type": "Nested Loop",
                            "Parent Relationship": "Outer",
                            "Parallel Aware": false,
                            "Async Capable": false,
                            "Join Type": "Inner",
                            "Startup Cost": 1787739.71,
                            "Total Cost": 2119201.2,
                            "Plan Rows": 9666,
                            "Plan Width": 8,
                            "Actual Startup Time": 52208.992,
                            "Actual Total Time": 77094.642,
                            "Actual Rows": 2674,
                            "Actual Loops": 1,
                            "Inner Unique": false,
                            "Join Filter": "(part.p_partkey = lineitem.l_partkey)",
                            "Rows Removed by Join Filter": 0,
                            "Plans": [
                                {
                                    "Node Type": "Merge Join",
                                    "Parent Relationship": "Outer",
                                    "Parallel Aware": false,
                                    "Async Capable": false,
                                    "Join Type": "Inner",
                                    "Startup Cost": 1787739.28,
                                    "Total Cost": 2088959.44,
                                    "Plan Rows": 967,
                                    "Plan Width": 44,
                                    "Actual Startup Time": 52173.377,
                                    "Actual Total Time": 54844.774,
                                    "Actual Rows": 1024,
                                    "Actual Loops": 1,
                                    "Inner Unique": true,
                                    "Merge Cond": "(part.p_partkey = lineitem_1.l_partkey)",
                                    "Plans": [
                                        {
                                            "Node Type": "Gather Merge",
                                            "Parent Relationship": "Outer",
                                            "Parallel Aware": false,
                                            "Async Capable": false,
                                            "Startup Cost": 1000.45,
                                            "Total Cost": 43844.57,
                                            "Plan Rows": 1032,
                                            "Plan Width": 4,
                                            "Actual Startup Time": 131.793,
                                            "Actual Total Time": 209.652,
                                            "Actual Rows": 1024,
                                            "Actual Loops": 1,
                                            "Workers Planned": 2,
                                            "Workers Launched": 2,
                                            "Plans": [
                                                {
                                                    "Node Type": "Index Scan",
                                                    "Parent Relationship": "Outer",
                                                    "Parallel Aware": true,
                                                    "Async Capable": false,
                                                    "Scan Direction": "Forward",
                                                    "Index Name": "part_pkey",
                                                    "Relation Name": "part",
                                                    "Alias": "part",
                                                    "Startup Cost": 0.42,
                                                    "Total Cost": 42725.43,
                                                    "Plan Rows": 430,
                                                    "Plan Width": 4,
                                                    "Actual Startup Time": 76.47,
                                                    "Actual Total Time": 337.18,
                                                    "Actual Rows": 341,
                                                    "Actual Loops": 3,
                                                    "Filter": "((p_brand = 'Brand#51'::bpchar) AND (p_container = 'MED PACK'::bpchar))",
                                                    "Rows Removed by Filter": 332992,
                                                    "Workers": []
                                                }
                                            ]
                                        },
                                        {
                                            "Node Type": "Aggregate",
                                            "Strategy": "Sorted",
                                            "Partial Mode": "Finalize",
                                            "Parent Relationship": "Inner",
                                            "Parallel Aware": false,
                                            "Async Capable": false,
                                            "Startup Cost": 1786738.83,
                                            "Total Cost": 2033394.98,
                                            "Plan Rows": 936611,
                                            "Plan Width": 40,
                                            "Actual Startup Time": 52041.36,
                                            "Actual Total Time": 54567.086,
                                            "Actual Rows": 998867,
                                            "Actual Loops": 1,
                                            "Group Key": [
                                                "lineitem_1.l_partkey"
                                            ],
                                            "Plans": [
                                                {
                                                    "Node Type": "Gather Merge",
                                                    "Parent Relationship": "Outer",
                                                    "Parallel Aware": false,
                                                    "Async Capable": false,
                                                    "Startup Cost": 1786738.83,
                                                    "Total Cost": 2005296.65,
                                                    "Plan Rows": 1873222,
                                                    "Plan Width": 40,
                                                    "Actual Startup Time": 52041.314,
                                                    "Actual Total Time": 52917.875,
                                                    "Actual Rows": 2996450,
                                                    "Actual Loops": 1,
                                                    "Workers Planned": 2,
                                                    "Workers Launched": 2,
                                                    "Plans": [
                                                        {
                                                            "Node Type": "Sort",
                                                            "Parent Relationship": "Outer",
                                                            "Parallel Aware": false,
                                                            "Async Capable": false,
                                                            "Startup Cost": 1785738.8,
                                                            "Total Cost": 1788080.33,
                                                            "Plan Rows": 936611,
                                                            "Plan Width": 40,
                                                            "Actual Startup Time": 51940.789,
                                                            "Actual Total Time": 52161.053,
                                                            "Actual Rows": 999279,
                                                            "Actual Loops": 3,
                                                            "Sort Key": [
                                                                "lineitem_1.l_partkey"
                                                            ],
                                                            "Sort Method": "external merge",
                                                            "Sort Space Used": 71496,
                                                            "Sort Space Type": "Disk",
                                                            "Workers": [
                                                                {
                                                                    "Worker Number": 0,
                                                                    "Sort Method": "external merge",
                                                                    "Sort Space Used": 71496,
                                                                    "Sort Space Type": "Disk"
                                                                },
                                                                {
                                                                    "Worker Number": 1,
                                                                    "Sort Method": "external merge",
                                                                    "Sort Space Used": 71496,
                                                                    "Sort Space Type": "Disk"
                                                                }
                                                            ],
                                                            "Plans": [
                                                                {
                                                                    "Node Type": "Aggregate",
                                                                    "Strategy": "Hashed",
                                                                    "Partial Mode": "Partial",
                                                                    "Parent Relationship": "Outer",
                                                                    "Parallel Aware": false,
                                                                    "Async Capable": false,
                                                                    "Startup Cost": 1533444.61,
                                                                    "Total Cost": 1667227.62,
                                                                    "Plan Rows": 936611,
                                                                    "Plan Width": 40,
                                                                    "Actual Startup Time": 45654.532,
                                                                    "Actual Total Time": 51350.533,
                                                                    "Actual Rows": 999949,
                                                                    "Actual Loops": 3,
                                                                    "Group Key": [
                                                                        "lineitem_1.l_partkey"
                                                                    ],
                                                                    "Planned Partitions": 128,
                                                                    "HashAgg Batches": 129,
                                                                    "Peak Memory Usage": 4241,
                                                                    "Disk Usage": 515112,
                                                                    "Workers": [
                                                                        {
                                                                            "Worker Number": 0,
                                                                            "HashAgg Batches": 129,
                                                                            "Peak Memory Usage": 4241,
                                                                            "Disk Usage": 512008
                                                                        },
                                                                        {
                                                                            "Worker Number": 1,
                                                                            "HashAgg Batches": 129,
                                                                            "Peak Memory Usage": 4241,
                                                                            "Disk Usage": 512016
                                                                        }
                                                                    ],
                                                                    "Plans": [
                                                                        {
                                                                            "Node Type": "Seq Scan",
                                                                            "Parent Relationship": "Outer",
                                                                            "Parallel Aware": true,
                                                                            "Async Capable": false,
                                                                            "Relation Name": "lineitem",
                                                                            "Alias": "lineitem_1",
                                                                            "Startup Cost": 0.0,
                                                                            "Total Cost": 732630.18,
                                                                            "Plan Rows": 12500518,
                                                                            "Plan Width": 13,
                                                                            "Actual Startup Time": 0.499,
                                                                            "Actual Total Time": 36689.11,
                                                                            "Actual Rows": 9999932,
                                                                            "Actual Loops": 3,
                                                                            "Workers": []
                                                                        }
                                                                    ]
                                                                }
                                                            ]
                                                        }
                                                    ]
                                                }
                                            ]
                                        }
                                    ]
                                },
                                {
                                    "Node Type": "Index Scan",
                                    "Parent Relationship": "Inner",
                                    "Parallel Aware": false,
                                    "Async Capable": false,
                                    "Scan Direction": "Forward",
                                    "Index Name": "idx_lineitem_part_supp",
                                    "Relation Name": "lineitem",
                                    "Alias": "lineitem",
                                    "Startup Cost": 0.44,
                                    "Total Cost": 31.14,
                                    "Plan Rows": 11,
                                    "Plan Width": 21,
                                    "Actual Startup Time": 9.238,
                                    "Actual Total Time": 21.718,
                                    "Actual Rows": 3,
                                    "Actual Loops": 1024,
                                    "Index Cond": "(l_partkey = lineitem_1.l_partkey)",
                                    "Rows Removed by Index Recheck": 0,
                                    "Filter": "(l_quantity < ((0.2 * avg(lineitem_1.l_quantity))))",
                                    "Rows Removed by Filter": 27
                                }
                            ]
                        }
                    ]
                }
            ]
        },
        "Planning Time": 3.154,
        "Triggers": [],
        "JIT": {
            "Functions": 63,
            "Options": {
                "Inlining": true,
                "Optimization": true,
                "Expressions": true,
                "Deforming": true
            },
            "Timing": {
                "Generation": 11.055,
                "Inlining": 381.194,
                "Optimization": 467.248,
                "Emission": 296.111,
                "Total": 1155.607
            }
        },
        "Execution Time": 77410.038,
        "no_of_partitions": [
            0,
            0
        ],
        "avg_row_length": [
            158.34346,
            156.32257463759336
        ],
        "query": "\nselect\n\tsum(l_extendedprice) / 7.0 as avg_yearly\nfrom\n\tlineitem,\n\tpart,\n\t(SELECT l_partkey AS agg_partkey, 0.2 * avg(l_quantity) AS avg_quantity FROM lineitem GROUP BY l_partkey) part_agg\nwhere\n\tp_partkey = l_partkey\n\tand agg_partkey = l_partkey\n\tand p_brand = 'Brand#51'\n\tand p_container = 'MED PACK'\n\tand l_quantity < avg_quantity\nLIMIT 1;\n-- using 1712139563 as a seed to the RNG\n"
    },
    {
        "Plan": {
            "Node Type": "Limit",
            "Parallel Aware": false,
            "Async Capable": false,
            "Startup Cost": 2191375.46,
            "Total Cost": 2191375.71,
            "Plan Rows": 100,
            "Plan Width": 71,
            "Actual Startup Time": 28345.363,
            "Actual Total Time": 28392.143,
            "Actual Rows": 55,
            "Actual Loops": 1,
            "Plans": [
                {
                    "Node Type": "Sort",
                    "Parent Relationship": "Outer",
                    "Parallel Aware": false,
                    "Async Capable": false,
                    "Startup Cost": 2191375.46,
                    "Total Cost": 2192666.29,
                    "Plan Rows": 516333,
                    "Plan Width": 71,
                    "Actual Startup Time": 28081.649,
                    "Actual Total Time": 28128.425,
                    "Actual Rows": 55,
                    "Actual Loops": 1,
                    "Sort Key": [
                        "orders.o_totalprice DESC",
                        "orders.o_orderdate"
                    ],
                    "Sort Method": "quicksort",
                    "Sort Space Used": 29,
                    "Sort Space Type": "Memory",
                    "Plans": [
                        {
                            "Node Type": "Aggregate",
                            "Strategy": "Sorted",
                            "Partial Mode": "Finalize",
                            "Parent Relationship": "Outer",
                            "Parallel Aware": false,
                            "Async Capable": false,
                            "Startup Cost": 2106379.25,
                            "Total Cost": 2171641.58,
                            "Plan Rows": 516333,
                            "Plan Width": 71,
                            "Actual Startup Time": 28081.048,
                            "Actual Total Time": 28128.324,
                            "Actual Rows": 55,
                            "Actual Loops": 1,
                            "Group Key": [
                                "customer.c_custkey",
                                "orders.o_orderkey"
                            ],
                            "Plans": [
                                {
                                    "Node Type": "Gather Merge",
                                    "Parent Relationship": "Outer",
                                    "Parallel Aware": false,
                                    "Async Capable": false,
                                    "Startup Cost": 2106379.25,
                                    "Total Cost": 2160884.64,
                                    "Plan Rows": 430278,
                                    "Plan Width": 71,
                                    "Actual Startup Time": 28080.983,
                                    "Actual Total Time": 28128.229,
                                    "Actual Rows": 55,
                                    "Actual Loops": 1,
                                    "Workers Planned": 2,
                                    "Workers Launched": 2,
                                    "Plans": [
                                        {
                                            "Node Type": "Aggregate",
                                            "Strategy": "Sorted",
                                            "Partial Mode": "Partial",
                                            "Parent Relationship": "Outer",
                                            "Parallel Aware": false,
                                            "Async Capable": false,
                                            "Startup Cost": 2105379.23,
                                            "Total Cost": 2110219.86,
                                            "Plan Rows": 215139,
                                            "Plan Width": 71,
                                            "Actual Startup Time": 28024.95,
                                            "Actual Total Time": 28025.009,
                                            "Actual Rows": 18,
                                            "Actual Loops": 3,
                                            "Group Key": [
                                                "customer.c_custkey",
                                                "orders.o_orderkey"
                                            ],
                                            "Workers": [],
                                            "Plans": [
                                                {
                                                    "Node Type": "Sort",
                                                    "Parent Relationship": "Outer",
                                                    "Parallel Aware": false,
                                                    "Async Capable": false,
                                                    "Startup Cost": 2105379.23,
                                                    "Total Cost": 2105917.08,
                                                    "Plan Rows": 215139,
                                                    "Plan Width": 44,
                                                    "Actual Startup Time": 28024.884,
                                                    "Actual Total Time": 28024.902,
                                                    "Actual Rows": 128,
                                                    "Actual Loops": 3,
                                                    "Sort Key": [
                                                        "customer.c_custkey",
                                                        "orders.o_orderkey"
                                                    ],
                                                    "Sort Method": "quicksort",
                                                    "Sort Space Used": 34,
                                                    "Sort Space Type": "Memory",
                                                    "Workers": [
                                                        {
                                                            "Worker Number": 0,
                                                            "Sort Method": "quicksort",
                                                            "Sort Space Used": 33,
                                                            "Sort Space Type": "Memory"
                                                        },
                                                        {
                                                            "Worker Number": 1,
                                                            "Sort Method": "quicksort",
                                                            "Sort Space Used": 36,
                                                            "Sort Space Type": "Memory"
                                                        }
                                                    ],
                                                    "Plans": [
                                                        {
                                                            "Node Type": "Nested Loop",
                                                            "Parent Relationship": "Outer",
                                                            "Parallel Aware": false,
                                                            "Async Capable": false,
                                                            "Join Type": "Inner",
                                                            "Startup Cost": 1434344.35,
                                                            "Total Cost": 2079704.89,
                                                            "Plan Rows": 215139,
                                                            "Plan Width": 44,
                                                            "Actual Startup Time": 26077.447,
                                                            "Actual Total Time": 28024.738,
                                                            "Actual Rows": 128,
                                                            "Actual Loops": 3,
                                                            "Inner Unique": false,
                                                            "Workers": [],
                                                            "Plans": [
                                                                {
                                                                    "Node Type": "Hash Join",
                                                                    "Parent Relationship": "Outer",
                                                                    "Parallel Aware": false,
                                                                    "Async Capable": false,
                                                                    "Join Type": "Inner",
                                                                    "Startup Cost": 1434343.92,
                                                                    "Total Cost": 1707909.55,
                                                                    "Plan Rows": 53786,
                                                                    "Plan Width": 47,
                                                                    "Actual Startup Time": 26076.165,
                                                                    "Actual Total Time": 28007.915,
                                                                    "Actual Rows": 18,
                                                                    "Actual Loops": 3,
                                                                    "Inner Unique": true,
                                                                    "Hash Cond": "(orders.o_orderkey = lineitem_1.l_orderkey)",
                                                                    "Workers": [],
                                                                    "Plans": [
                                                                        {
                                                                            "Node Type": "Hash Join",
                                                                            "Parent Relationship": "Outer",
                                                                            "Parallel Aware": true,
                                                                            "Async Capable": false,
                                                                            "Join Type": "Inner",
                                                                            "Startup Cost": 27396.25,
                                                                            "Total Cost": 243421.19,
                                                                            "Plan Rows": 3125219,
                                                                            "Plan Width": 39,
                                                                            "Actual Startup Time": 4268.124,
                                                                            "Actual Total Time": 5487.224,
                                                                            "Actual Rows": 2500000,
                                                                            "Actual Loops": 3,
                                                                            "Inner Unique": true,
                                                                            "Hash Cond": "(orders.o_custkey = customer.c_custkey)",
                                                                            "Workers": [],
                                                                            "Plans": [
                                                                                {
                                                                                    "Node Type": "Seq Scan",
                                                                                    "Parent Relationship": "Outer",
                                                                                    "Parallel Aware": true,
                                                                                    "Async Capable": false,
                                                                                    "Relation Name": "orders",
                                                                                    "Alias": "orders",
                                                                                    "Startup Cost": 0.0,
                                                                                    "Total Cost": 169365.19,
                                                                                    "Plan Rows": 3125219,
                                                                                    "Plan Width": 24,
                                                                                    "Actual Startup Time": 0.455,
                                                                                    "Actual Total Time": 3100.092,
                                                                                    "Actual Rows": 2500000,
                                                                                    "Actual Loops": 3,
                                                                                    "Workers": []
                                                                                },
                                                                                {
                                                                                    "Node Type": "Hash",
                                                                                    "Parent Relationship": "Inner",
                                                                                    "Parallel Aware": true,
                                                                                    "Async Capable": false,
                                                                                    "Startup Cost": 21658.0,
                                                                                    "Total Cost": 21658.0,
                                                                                    "Plan Rows": 312500,
                                                                                    "Plan Width": 23,
                                                                                    "Actual Startup Time": 477.382,
                                                                                    "Actual Total Time": 477.384,
                                                                                    "Actual Rows": 250000,
                                                                                    "Actual Loops": 3,
                                                                                    "Hash Buckets": 65536,
                                                                                    "Original Hash Buckets": 65536,
                                                                                    "Hash Batches": 16,
                                                                                    "Original Hash Batches": 16,
                                                                                    "Peak Memory Usage": 3136,
                                                                                    "Workers": [],
                                                                                    "Plans": [
                                                                                        {
                                                                                            "Node Type": "Seq Scan",
                                                                                            "Parent Relationship": "Outer",
                                                                                            "Parallel Aware": true,
                                                                                            "Async Capable": false,
                                                                                            "Relation Name": "customer",
                                                                                            "Alias": "customer",
                                                                                            "Startup Cost": 0.0,
                                                                                            "Total Cost": 21658.0,
                                                                                            "Plan Rows": 312500,
                                                                                            "Plan Width": 23,
                                                                                            "Actual Startup Time": 261.829,
                                                                                            "Actual Total Time": 419.888,
                                                                                            "Actual Rows": 250000,
                                                                                            "Actual Loops": 3,
                                                                                            "Workers": []
                                                                                        }
                                                                                    ]
                                                                                }
                                                                            ]
                                                                        },
                                                                        {
                                                                            "Node Type": "Hash",
                                                                            "Parent Relationship": "Inner",
                                                                            "Parallel Aware": false,
                                                                            "Async Capable": false,
                                                                            "Startup Cost": 1404829.08,
                                                                            "Total Cost": 1404829.08,
                                                                            "Plan Rows": 129087,
                                                                            "Plan Width": 8,
                                                                            "Actual Startup Time": 21570.865,
                                                                            "Actual Total Time": 21570.866,
                                                                            "Actual Rows": 55,
                                                                            "Actual Loops": 3,
                                                                            "Hash Buckets": 131072,
                                                                            "Original Hash Buckets": 131072,
                                                                            "Hash Batches": 2,
                                                                            "Original Hash Batches": 2,
                                                                            "Peak Memory Usage": 1026,
                                                                            "Workers": [],
                                                                            "Plans": [
                                                                                {
                                                                                    "Node Type": "Aggregate",
                                                                                    "Strategy": "Sorted",
                                                                                    "Partial Mode": "Simple",
                                                                                    "Parent Relationship": "Outer",
                                                                                    "Parallel Aware": false,
                                                                                    "Async Capable": false,
                                                                                    "Startup Cost": 0.44,
                                                                                    "Total Cost": 1403538.21,
                                                                                    "Plan Rows": 129087,
                                                                                    "Plan Width": 8,
                                                                                    "Actual Startup Time": 1778.271,
                                                                                    "Actual Total Time": 21570.637,
                                                                                    "Actual Rows": 55,
                                                                                    "Actual Loops": 3,
                                                                                    "Group Key": [
                                                                                        "lineitem_1.l_orderkey"
                                                                                    ],
                                                                                    "Filter": "(sum(lineitem_1.l_quantity) > '312'::numeric)",
                                                                                    "Rows Removed by Filter": 7499945,
                                                                                    "Workers": [],
                                                                                    "Plans": [
                                                                                        {
                                                                                            "Node Type": "Index Scan",
                                                                                            "Parent Relationship": "Outer",
                                                                                            "Parallel Aware": false,
                                                                                            "Async Capable": false,
                                                                                            "Scan Direction": "Forward",
                                                                                            "Index Name": "idx_lineitem_orderkey",
                                                                                            "Relation Name": "lineitem",
                                                                                            "Alias": "lineitem_1",
                                                                                            "Startup Cost": 0.44,
                                                                                            "Total Cost": 1247723.07,
                                                                                            "Plan Rows": 30001242,
                                                                                            "Plan Width": 13,
                                                                                            "Actual Startup Time": 0.34,
                                                                                            "Actual Total Time": 12215.697,
                                                                                            "Actual Rows": 29999795,
                                                                                            "Actual Loops": 3,
                                                                                            "Workers": []
                                                                                        }
                                                                                    ]
                                                                                }
                                                                            ]
                                                                        }
                                                                    ]
                                                                },
                                                                {
                                                                    "Node Type": "Index Scan",
                                                                    "Parent Relationship": "Inner",
                                                                    "Parallel Aware": false,
                                                                    "Async Capable": false,
                                                                    "Scan Direction": "Forward",
                                                                    "Index Name": "idx_lineitem_orderkey",
                                                                    "Relation Name": "lineitem",
                                                                    "Alias": "lineitem",
                                                                    "Startup Cost": 0.44,
                                                                    "Total Cost": 6.14,
                                                                    "Plan Rows": 77,
                                                                    "Plan Width": 13,
                                                                    "Actual Startup Time": 0.896,
                                                                    "Actual Total Time": 0.908,
                                                                    "Actual Rows": 7,
                                                                    "Actual Loops": 55,
                                                                    "Index Cond": "(l_orderkey = orders.o_orderkey)",
                                                                    "Rows Removed by Index Recheck": 0,
                                                                    "Workers": []
                                                                }
                                                            ]
                                                        }
                                                    ]
                                                }
                                            ]
                                        }
                                    ]
                                }
                            ]
                        }
                    ]
                }
            ]
        },
        "Planning Time": 14.945,
        "Triggers": [],
        "JIT": {
            "Functions": 100,
            "Options": {
                "Inlining": true,
                "Optimization": true,
                "Expressions": true,
                "Deforming": true
            },
            "Timing": {
                "Generation": 13.959,
                "Inlining": 193.915,
                "Optimization": 495.131,
                "Emission": 356.949,
                "Total": 1059.953
            }
        },
        "Execution Time": 28393.979,
        "no_of_partitions": [
            0,
            0,
            0
        ],
        "avg_row_length": [
            141.49479773333334,
            191.867068,
            156.32257463759336
        ],
        "query": "\n\nselect\n\tc_name,\n\tc_custkey,\n\to_orderkey,\n\to_orderdate,\n\to_totalprice,\n\tsum(l_quantity)\nfrom\n\tcustomer,\n\torders,\n\tlineitem\nwhere\n\to_orderkey in (\n\t\tselect\n\t\t\tl_orderkey\n\t\tfrom\n\t\t\tlineitem\n\t\tgroup by\n\t\t\tl_orderkey having\n\t\t\t\tsum(l_quantity) > 312\n\t)\n\tand c_custkey = o_custkey\n\tand o_orderkey = l_orderkey\ngroup by\n\tc_name,\n\tc_custkey,\n\to_orderkey,\n\to_orderdate,\n\to_totalprice\norder by\n\to_totalprice desc,\n\to_orderdate\nLIMIT 100;-- using 1712139563 as a seed to the RNG\n\n\n"
    },
    {
        "Plan": {
            "Node Type": "Limit",
            "Parallel Aware": false,
            "Async Capable": false,
            "Startup Cost": 166691.99,
            "Total Cost": 166692.0,
            "Plan Rows": 1,
            "Plan Width": 32,
            "Actual Startup Time": 4625.196,
            "Actual Total Time": 4663.426,
            "Actual Rows": 1,
            "Actual Loops": 1,
            "Plans": [
                {
                    "Node Type": "Aggregate",
                    "Strategy": "Plain",
                    "Partial Mode": "Finalize",
                    "Parent Relationship": "Outer",
                    "Parallel Aware": false,
                    "Async Capable": false,
                    "Startup Cost": 166691.99,
                    "Total Cost": 166692.0,
                    "Plan Rows": 1,
                    "Plan Width": 32,
                    "Actual Startup Time": 4603.445,
                    "Actual Total Time": 4641.674,
                    "Actual Rows": 1,
                    "Actual Loops": 1,
                    "Plans": [
                        {
                            "Node Type": "Gather",
                            "Parent Relationship": "Outer",
                            "Parallel Aware": false,
                            "Async Capable": false,
                            "Startup Cost": 166691.77,
                            "Total Cost": 166691.98,
                            "Plan Rows": 2,
                            "Plan Width": 32,
                            "Actual Startup Time": 4599.55,
                            "Actual Total Time": 4641.61,
                            "Actual Rows": 3,
                            "Actual Loops": 1,
                            "Workers Planned": 2,
                            "Workers Launched": 2,
                            "Single Copy": false,
                            "Plans": [
                                {
                                    "Node Type": "Aggregate",
                                    "Strategy": "Plain",
                                    "Partial Mode": "Partial",
                                    "Parent Relationship": "Outer",
                                    "Parallel Aware": false,
                                    "Async Capable": false,
                                    "Startup Cost": 165691.77,
                                    "Total Cost": 165691.78,
                                    "Plan Rows": 1,
                                    "Plan Width": 32,
                                    "Actual Startup Time": 4544.804,
                                    "Actual Total Time": 4544.806,
                                    "Actual Rows": 1,
                                    "Actual Loops": 3,
                                    "Workers": [],
                                    "Plans": [
                                        {
                                            "Node Type": "Nested Loop",
                                            "Parent Relationship": "Outer",
                                            "Parallel Aware": false,
                                            "Async Capable": false,
                                            "Join Type": "Inner",
                                            "Startup Cost": 0.44,
                                            "Total Cost": 165689.96,
                                            "Plan Rows": 240,
                                            "Plan Width": 12,
                                            "Actual Startup Time": 43.825,
                                            "Actual Total Time": 4544.001,
                                            "Actual Rows": 188,
                                            "Actual Loops": 3,
                                            "Inner Unique": false,
                                            "Workers": [],
                                            "Plans": [
                                                {
                                                    "Node Type": "Seq Scan",
                                                    "Parent Relationship": "Outer",
                                                    "Parallel Aware": true,
                                                    "Async Capable": false,
                                                    "Relation Name": "part",
                                                    "Alias": "part",
                                                    "Startup Cost": 0.0,
                                                    "Total Cost": 38200.33,
                                                    "Plan Rows": 1001,
                                                    "Plan Width": 30,
                                                    "Actual Startup Time": 16.566,
                                                    "Actual Total Time": 346.737,
                                                    "Actual Rows": 806,
                                                    "Actual Loops": 3,
                                                    "Filter": "((p_size >= 1) AND (((p_brand = 'Brand#33'::bpchar) AND (p_container = ANY ('{\"SM CASE\",\"SM BOX\",\"SM PACK\",\"SM PKG\"}'::bpchar[])) AND (p_size <= 5)) OR ((p_brand = 'Brand#31'::bpchar) AND (p_container = ANY ('{\"MED BAG\",\"MED BOX\",\"MED PKG\",\"MED PACK\"}'::bpchar[])) AND (p_size <= 10)) OR ((p_brand = 'Brand#23'::bpchar) AND (p_container = ANY ('{\"LG CASE\",\"LG BOX\",\"LG PACK\",\"LG PKG\"}'::bpchar[])) AND (p_size <= 15))))",
                                                    "Rows Removed by Filter": 332528,
                                                    "Workers": []
                                                },
                                                {
                                                    "Node Type": "Index Scan",
                                                    "Parent Relationship": "Inner",
                                                    "Parallel Aware": false,
                                                    "Async Capable": false,
                                                    "Scan Direction": "Forward",
                                                    "Index Name": "idx_lineitem_part_supp",
                                                    "Relation Name": "lineitem",
                                                    "Alias": "lineitem",
                                                    "Startup Cost": 0.44,
                                                    "Total Cost": 127.35,
                                                    "Plan Rows": 1,
                                                    "Plan Width": 25,
                                                    "Actual Startup Time": 4.741,
                                                    "Actual Total Time": 5.205,
                                                    "Actual Rows": 0,
                                                    "Actual Loops": 2417,
                                                    "Index Cond": "(l_partkey = part.p_partkey)",
                                                    "Rows Removed by Index Recheck": 0,
                                                    "Filter": "((l_shipmode = ANY ('{AIR,\"AIR REG\"}'::bpchar[])) AND (l_shipinstruct = 'DELIVER IN PERSON'::bpchar) AND (((l_quantity >= '3'::numeric) AND (l_quantity <= '13'::numeric)) OR ((l_quantity >= '18'::numeric) AND (l_quantity <= '28'::numeric)) OR ((l_quantity >= '24'::numeric) AND (l_quantity <= '34'::numeric))) AND (((part.p_brand = 'Brand#33'::bpchar) AND (part.p_container = ANY ('{\"SM CASE\",\"SM BOX\",\"SM PACK\",\"SM PKG\"}'::bpchar[])) AND (l_quantity >= '3'::numeric) AND (l_quantity <= '13'::numeric) AND (part.p_size <= 5)) OR ((part.p_brand = 'Brand#31'::bpchar) AND (part.p_container = ANY ('{\"MED BAG\",\"MED BOX\",\"MED PKG\",\"MED PACK\"}'::bpchar[])) AND (l_quantity >= '18'::numeric) AND (l_quantity <= '28'::numeric) AND (part.p_size <= 10)) OR ((part.p_brand = 'Brand#23'::bpchar) AND (part.p_container = ANY ('{\"LG CASE\",\"LG BOX\",\"LG PACK\",\"LG PKG\"}'::bpchar[])) AND (l_quantity >= '24'::numeric) AND (l_quantity <= '34'::numeric) AND (part.p_size <= 15))))",
                                                    "Rows Removed by Filter": 30,
                                                    "Workers": []
                                                }
                                            ]
                                        }
                                    ]
                                }
                            ]
                        }
                    ]
                }
            ]
        },
        "Planning Time": 5.174,
        "Triggers": [],
        "JIT": {
            "Functions": 36,
            "Options": {
                "Inlining": false,
                "Optimization": false,
                "Expressions": true,
                "Deforming": true
            },
            "Timing": {
                "Generation": 9.681,
                "Inlining": 0.0,
                "Optimization": 3.005,
                "Emission": 66.842,
                "Total": 79.529
            }
        },
        "Execution Time": 4667.091,
        "no_of_partitions": [
            0,
            0
        ],
        "avg_row_length": [
            158.34346,
            156.32257463759336
        ],
        "query": "\n\nselect\n\tsum(l_extendedprice* (1 - l_discount)) as revenue\nfrom\n\tlineitem,\n\tpart\nwhere\n\t(\n\t\tp_partkey = l_partkey\n\t\tand p_brand = 'Brand#33'\n\t\tand p_container in ('SM CASE', 'SM BOX', 'SM PACK', 'SM PKG')\n\t\tand l_quantity >= 3 and l_quantity <= 3 + 10\n\t\tand p_size between 1 and 5\n\t\tand l_shipmode in ('AIR', 'AIR REG')\n\t\tand l_shipinstruct = 'DELIVER IN PERSON'\n\t)\n\tor\n\t(\n\t\tp_partkey = l_partkey\n\t\tand p_brand = 'Brand#31'\n\t\tand p_container in ('MED BAG', 'MED BOX', 'MED PKG', 'MED PACK')\n\t\tand l_quantity >= 18 and l_quantity <= 18 + 10\n\t\tand p_size between 1 and 10\n\t\tand l_shipmode in ('AIR', 'AIR REG')\n\t\tand l_shipinstruct = 'DELIVER IN PERSON'\n\t)\n\tor\n\t(\n\t\tp_partkey = l_partkey\n\t\tand p_brand = 'Brand#23'\n\t\tand p_container in ('LG CASE', 'LG BOX', 'LG PACK', 'LG PKG')\n\t\tand l_quantity >= 24 and l_quantity <= 24 + 10\n\t\tand p_size between 1 and 15\n\t\tand l_shipmode in ('AIR', 'AIR REG')\n\t\tand l_shipinstruct = 'DELIVER IN PERSON'\n\t)\nLIMIT 1;-- using 1712139564 as a seed to the RNG\n\n"
    },
    {
        "Plan": {
            "Node Type": "Limit",
            "Parallel Aware": false,
            "Async Capable": false,
            "Startup Cost": 546207.46,
            "Total Cost": 546207.47,
            "Plan Rows": 1,
            "Plan Width": 193,
            "Actual Startup Time": 4920.742,
            "Actual Total Time": 4920.835,
            "Actual Rows": 100,
            "Actual Loops": 1,
            "Plans": [
                {
                    "Node Type": "Sort",
                    "Parent Relationship": "Outer",
                    "Parallel Aware": false,
                    "Async Capable": false,
                    "Startup Cost": 546207.46,
                    "Total Cost": 546207.47,
                    "Plan Rows": 1,
                    "Plan Width": 193,
                    "Actual Startup Time": 4455.676,
                    "Actual Total Time": 4455.763,
                    "Actual Rows": 100,
                    "Actual Loops": 1,
                    "Sort Key": [
                        "supplier.s_acctbal DESC",
                        "nation.n_name",
                        "supplier.s_name",
                        "part.p_partkey"
                    ],
                    "Sort Method": "top-N heapsort",
                    "Sort Space Used": 72,
                    "Sort Space Type": "Memory",
                    "Plans": [
                        {
                            "Node Type": "Hash Join",
                            "Parent Relationship": "Outer",
                            "Parallel Aware": false,
                            "Async Capable": false,
                            "Join Type": "Inner",
                            "Startup Cost": 138025.03,
                            "Total Cost": 546207.45,
                            "Plan Rows": 1,
                            "Plan Width": 193,
                            "Actual Startup Time": 3619.576,
                            "Actual Total Time": 4454.365,
                            "Actual Rows": 2386,
                            "Actual Loops": 1,
                            "Inner Unique": false,
                            "Hash Cond": "((part.p_partkey = partsupp.ps_partkey) AND ((SubPlan 1) = partsupp.ps_supplycost))",
                            "Plans": [
                                {
                                    "Node Type": "Gather",
                                    "Parent Relationship": "Outer",
                                    "Parallel Aware": false,
                                    "Async Capable": false,
                                    "Startup Cost": 1000.0,
                                    "Total Cost": 28123.9,
                                    "Plan Rows": 3819,
                                    "Plan Width": 30,
                                    "Actual Startup Time": 1.714,
                                    "Actual Total Time": 3.898,
                                    "Actual Rows": 4012,
                                    "Actual Loops": 1,
                                    "Workers Planned": 2,
                                    "Workers Launched": 2,
                                    "Single Copy": false,
                                    "Plans": [
                                        {
                                            "Node Type": "Seq Scan",
                                            "Parent Relationship": "Outer",
                                            "Parallel Aware": true,
                                            "Async Capable": false,
                                            "Relation Name": "part",
                                            "Alias": "part",
                                            "Startup Cost": 0.0,
                                            "Total Cost": 26742.0,
                                            "Plan Rows": 1591,
                                            "Plan Width": 30,
                                            "Actual Startup Time": 115.581,
                                            "Actual Total Time": 904.883,
                                            "Actual Rows": 1337,
                                            "Actual Loops": 3,
                                            "Filter": "(((p_type)::text ~~ '%BRASS'::text) AND (p_size = 20))",
                                            "Rows Removed by Filter": 331996,
                                            "Workers": []
                                        }
                                    ]
                                },
                                {
                                    "Node Type": "Hash",
                                    "Parent Relationship": "Inner",
                                    "Parallel Aware": false,
                                    "Async Capable": false,
                                    "Startup Cost": 104712.06,
                                    "Total Cost": 104712.06,
                                    "Plan Rows": 799998,
                                    "Plan Width": 177,
                                    "Actual Startup Time": 3439.011,
                                    "Actual Total Time": 3439.015,
                                    "Actual Rows": 804320,
                                    "Actual Loops": 1,
                                    "Hash Buckets": 32768,
                                    "Original Hash Buckets": 32768,
                                    "Hash Batches": 64,
                                    "Original Hash Batches": 64,
                                    "Peak Memory Usage": 2925,
                                    "Plans": [
                                        {
                                            "Node Type": "Nested Loop",
                                            "Parent Relationship": "Outer",
                                            "Parallel Aware": false,
                                            "Async Capable": false,
                                            "Join Type": "Inner",
                                            "Startup Cost": 1.99,
                                            "Total Cost": 104712.06,
                                            "Plan Rows": 799998,
                                            "Plan Width": 177,
                                            "Actual Startup Time": 1.948,
                                            "Actual Total Time": 2834.697,
                                            "Actual Rows": 804320,
                                            "Actual Loops": 1,
                                            "Inner Unique": false,
                                            "Plans": [
                                                {
                                                    "Node Type": "Nested Loop",
                                                    "Parent Relationship": "Outer",
                                                    "Parallel Aware": false,
                                                    "Async Capable": false,
                                                    "Join Type": "Inner",
                                                    "Startup Cost": 1.56,
                                                    "Total Cost": 2431.12,
                                                    "Plan Rows": 10000,
                                                    "Plan Width": 167,
                                                    "Actual Startup Time": 1.33,
                                                    "Actual Total Time": 35.966,
                                                    "Actual Rows": 10054,
                                                    "Actual Loops": 1,
                                                    "Inner Unique": false,
                                                    "Join Filter": "(nation.n_regionkey = region.r_regionkey)",
                                                    "Rows Removed by Join Filter": 39946,
                                                    "Plans": [
                                                        {
                                                            "Node Type": "Seq Scan",
                                                            "Parent Relationship": "Outer",
                                                            "Parallel Aware": false,
                                                            "Async Capable": false,
                                                            "Relation Name": "region",
                                                            "Alias": "region",
                                                            "Startup Cost": 0.0,
                                                            "Total Cost": 1.06,
                                                            "Plan Rows": 1,
                                                            "Plan Width": 4,
                                                            "Actual Startup Time": 0.029,
                                                            "Actual Total Time": 0.033,
                                                            "Actual Rows": 1,
                                                            "Actual Loops": 1,
                                                            "Filter": "(r_name = 'ASIA'::bpchar)",
                                                            "Rows Removed by Filter": 4
                                                        },
                                                        {
                                                            "Node Type": "Hash Join",
                                                            "Parent Relationship": "Inner",
                                                            "Parallel Aware": false,
                                                            "Async Capable": false,
                                                            "Join Type": "Inner",
                                                            "Startup Cost": 1.56,
                                                            "Total Cost": 1805.06,
                                                            "Plan Rows": 50000,
                                                            "Plan Width": 175,
                                                            "Actual Startup Time": 1.292,
                                                            "Actual Total Time": 31.563,
                                                            "Actual Rows": 50000,
                                                            "Actual Loops": 1,
                                                            "Inner Unique": true,
                                                            "Hash Cond": "(supplier.s_nationkey = nation.n_nationkey)",
                                                            "Plans": [
                                                                {
                                                                    "Node Type": "Seq Scan",
                                                                    "Parent Relationship": "Outer",
                                                                    "Parallel Aware": false,
                                                                    "Async Capable": false,
                                                                    "Relation Name": "supplier",
                                                                    "Alias": "supplier",
                                                                    "Startup Cost": 0.0,
                                                                    "Total Cost": 1650.0,
                                                                    "Plan Rows": 50000,
                                                                    "Plan Width": 149,
                                                                    "Actual Startup Time": 0.811,
                                                                    "Actual Total Time": 13.159,
                                                                    "Actual Rows": 50000,
                                                                    "Actual Loops": 1
                                                                },
                                                                {
                                                                    "Node Type": "Hash",
                                                                    "Parent Relationship": "Inner",
                                                                    "Parallel Aware": false,
                                                                    "Async Capable": false,
                                                                    "Startup Cost": 1.25,
                                                                    "Total Cost": 1.25,
                                                                    "Plan Rows": 25,
                                                                    "Plan Width": 38,
                                                                    "Actual Startup Time": 0.036,
                                                                    "Actual Total Time": 0.037,
                                                                    "Actual Rows": 25,
                                                                    "Actual Loops": 1,
                                                                    "Hash Buckets": 1024,
                                                                    "Original Hash Buckets": 1024,
                                                                    "Hash Batches": 1,
                                                                    "Original Hash Batches": 1,
                                                                    "Peak Memory Usage": 10,
                                                                    "Plans": [
                                                                        {
                                                                            "Node Type": "Seq Scan",
                                                                            "Parent Relationship": "Outer",
                                                                            "Parallel Aware": false,
                                                                            "Async Capable": false,
                                                                            "Relation Name": "nation",
                                                                            "Alias": "nation",
                                                                            "Startup Cost": 0.0,
                                                                            "Total Cost": 1.25,
                                                                            "Plan Rows": 25,
                                                                            "Plan Width": 38,
                                                                            "Actual Startup Time": 0.025,
                                                                            "Actual Total Time": 0.027,
                                                                            "Actual Rows": 25,
                                                                            "Actual Loops": 1
                                                                        }
                                                                    ]
                                                                }
                                                            ]
                                                        }
                                                    ]
                                                },
                                                {
                                                    "Node Type": "Index Scan",
                                                    "Parent Relationship": "Inner",
                                                    "Parallel Aware": false,
                                                    "Async Capable": false,
                                                    "Scan Direction": "Forward",
                                                    "Index Name": "idx_partsupp_suppkey",
                                                    "Relation Name": "partsupp",
                                                    "Alias": "partsupp",
                                                    "Startup Cost": 0.43,
                                                    "Total Cost": 9.43,
                                                    "Plan Rows": 80,
                                                    "Plan Width": 22,
                                                    "Actual Startup Time": 0.01,
                                                    "Actual Total Time": 0.269,
                                                    "Actual Rows": 80,
                                                    "Actual Loops": 10054,
                                                    "Index Cond": "(ps_suppkey = supplier.s_suppkey)",
                                                    "Rows Removed by Index Recheck": 0
                                                }
                                            ]
                                        }
                                    ]
                                },
                                {
                                    "Node Type": "Aggregate",
                                    "Strategy": "Plain",
                                    "Partial Mode": "Simple",
                                    "Parent Relationship": "SubPlan",
                                    "Subplan Name": "SubPlan 1",
                                    "Parallel Aware": false,
                                    "Async Capable": false,
                                    "Startup Cost": 94.43,
                                    "Total Cost": 94.44,
                                    "Plan Rows": 1,
                                    "Plan Width": 32,
                                    "Actual Startup Time": 0.135,
                                    "Actual Total Time": 0.135,
                                    "Actual Rows": 1,
                                    "Actual Loops": 6398,
                                    "Plans": [
                                        {
                                            "Node Type": "Nested Loop",
                                            "Parent Relationship": "Outer",
                                            "Parallel Aware": false,
                                            "Async Capable": false,
                                            "Join Type": "Inner",
                                            "Startup Cost": 0.86,
                                            "Total Cost": 94.42,
                                            "Plan Rows": 2,
                                            "Plan Width": 6,
                                            "Actual Startup Time": 0.126,
                                            "Actual Total Time": 0.133,
                                            "Actual Rows": 1,
                                            "Actual Loops": 6398,
                                            "Inner Unique": false,
                                            "Join Filter": "(nation_1.n_regionkey = region_1.r_regionkey)",
                                            "Rows Removed by Join Filter": 3,
                                            "Plans": [
                                                {
                                                    "Node Type": "Seq Scan",
                                                    "Parent Relationship": "Outer",
                                                    "Parallel Aware": false,
                                                    "Async Capable": false,
                                                    "Relation Name": "region",
                                                    "Alias": "region_1",
                                                    "Startup Cost": 0.0,
                                                    "Total Cost": 1.06,
                                                    "Plan Rows": 1,
                                                    "Plan Width": 4,
                                                    "Actual Startup Time": 0.001,
                                                    "Actual Total Time": 0.001,
                                                    "Actual Rows": 1,
                                                    "Actual Loops": 6398,
                                                    "Filter": "(r_name = 'ASIA'::bpchar)",
                                                    "Rows Removed by Filter": 4
                                                },
                                                {
                                                    "Node Type": "Nested Loop",
                                                    "Parent Relationship": "Inner",
                                                    "Parallel Aware": false,
                                                    "Async Capable": false,
                                                    "Join Type": "Inner",
                                                    "Startup Cost": 0.86,
                                                    "Total Cost": 93.23,
                                                    "Plan Rows": 10,
                                                    "Plan Width": 14,
                                                    "Actual Startup Time": 0.115,
                                                    "Actual Total Time": 0.131,
                                                    "Actual Rows": 4,
                                                    "Actual Loops": 6398,
                                                    "Inner Unique": true,
                                                    "Plans": [
                                                        {
                                                            "Node Type": "Nested Loop",
                                                            "Parent Relationship": "Outer",
                                                            "Parallel Aware": false,
                                                            "Async Capable": false,
                                                            "Join Type": "Inner",
                                                            "Startup Cost": 0.72,
                                                            "Total Cost": 91.68,
                                                            "Plan Rows": 10,
                                                            "Plan Width": 14,
                                                            "Actual Startup Time": 0.113,
                                                            "Actual Total Time": 0.126,
                                                            "Actual Rows": 4,
                                                            "Actual Loops": 6398,
                                                            "Inner Unique": true,
                                                            "Plans": [
                                                                {
                                                                    "Node Type": "Index Scan",
                                                                    "Parent Relationship": "Outer",
                                                                    "Parallel Aware": false,
                                                                    "Async Capable": false,
                                                                    "Scan Direction": "Forward",
                                                                    "Index Name": "idx_partsupp_partkey",
                                                                    "Relation Name": "partsupp",
                                                                    "Alias": "partsupp_1",
                                                                    "Startup Cost": 0.43,
                                                                    "Total Cost": 8.6,
                                                                    "Plan Rows": 10,
                                                                    "Plan Width": 14,
                                                                    "Actual Startup Time": 0.108,
                                                                    "Actual Total Time": 0.109,
                                                                    "Actual Rows": 4,
                                                                    "Actual Loops": 6398,
                                                                    "Index Cond": "(ps_partkey = part.p_partkey)",
                                                                    "Rows Removed by Index Recheck": 0
                                                                },
                                                                {
                                                                    "Node Type": "Index Scan",
                                                                    "Parent Relationship": "Inner",
                                                                    "Parallel Aware": false,
                                                                    "Async Capable": false,
                                                                    "Scan Direction": "Forward",
                                                                    "Index Name": "supplier_pkey",
                                                                    "Relation Name": "supplier",
                                                                    "Alias": "supplier_1",
                                                                    "Startup Cost": 0.29,
                                                                    "Total Cost": 8.31,
                                                                    "Plan Rows": 1,
                                                                    "Plan Width": 12,
                                                                    "Actual Startup Time": 0.004,
                                                                    "Actual Total Time": 0.004,
                                                                    "Actual Rows": 1,
                                                                    "Actual Loops": 25592,
                                                                    "Index Cond": "(s_suppkey = partsupp_1.ps_suppkey)",
                                                                    "Rows Removed by Index Recheck": 0
                                                                }
                                                            ]
                                                        },
                                                        {
                                                            "Node Type": "Index Scan",
                                                            "Parent Relationship": "Inner",
                                                            "Parallel Aware": false,
                                                            "Async Capable": false,
                                                            "Scan Direction": "Forward",
                                                            "Index Name": "nation_pkey",
                                                            "Relation Name": "nation",
                                                            "Alias": "nation_1",
                                                            "Startup Cost": 0.14,
                                                            "Total Cost": 0.16,
                                                            "Plan Rows": 1,
                                                            "Plan Width": 12,
                                                            "Actual Startup Time": 0.001,
                                                            "Actual Total Time": 0.001,
                                                            "Actual Rows": 1,
                                                            "Actual Loops": 25592,
                                                            "Index Cond": "(n_nationkey = supplier_1.s_nationkey)",
                                                            "Rows Removed by Index Recheck": 0
                                                        }
                                                    ]
                                                }
                                            ]
                                        }
                                    ]
                                }
                            ]
                        }
                    ]
                }
            ]
        },
        "Planning Time": 22.115,
        "Triggers": [],
        "JIT": {
            "Functions": 65,
            "Options": {
                "Inlining": true,
                "Optimization": true,
                "Expressions": true,
                "Deforming": true
            },
            "Timing": {
                "Generation": 7.388,
                "Inlining": 213.313,
                "Optimization": 350.121,
                "Emission": 245.207,
                "Total": 816.028
            }
        },
        "Execution Time": 4923.835,
        "no_of_partitions": [
            0,
            0,
            0,
            0,
            0
        ],
        "avg_row_length": [
            178.07392,
            158.34346,
            121.0,
            177.4182455,
            139.16
        ],
        "query": "select\n\ts_acctbal,\n\ts_name,\n\tn_name,\n\tp_partkey,\n\tp_mfgr,\n\ts_address,\n\ts_phone,\n\ts_comment\nfrom\n\tpart,\n\tsupplier,\n\tpartsupp,\n\tnation,\n\tregion\nwhere\n\tp_partkey = ps_partkey\n\tand s_suppkey = ps_suppkey\n\tand p_size = 20\n\tand p_type like '%BRASS'\n\tand s_nationkey = n_nationkey\n\tand n_regionkey = r_regionkey\n\tand r_name = 'ASIA'\n\tand ps_supplycost = (\n\t\tselect\n\t\t\tmin(ps_supplycost)\n\t\tfrom\n\t\t\tpartsupp,\n\t\t\tsupplier,\n\t\t\tnation,\n\t\t\tregion\n\t\twhere\n\t\t\tp_partkey = ps_partkey\n\t\t\tand s_suppkey = ps_suppkey\n\t\t\tand s_nationkey = n_nationkey\n\t\t\tand n_regionkey = r_regionkey\n\t\t\tand r_name = 'ASIA'\n\t)\norder by\n\ts_acctbal desc,\n\tn_name,\n\ts_name,\n\tp_partkey\nLIMIT 100;\n"
    },
    {
        "Plan": {
            "Node Type": "Limit",
            "Parallel Aware": false,
            "Async Capable": false,
            "Startup Cost": 1072072.52,
            "Total Cost": 1710046.49,
            "Plan Rows": 1,
            "Plan Width": 52,
            "Actual Startup Time": 17188.363,
            "Actual Total Time": 17188.885,
            "Actual Rows": 1,
            "Actual Loops": 1,
            "Plans": [
                {
                    "Node Type": "Nested Loop",
                    "Parent Relationship": "Outer",
                    "Parallel Aware": false,
                    "Async Capable": false,
                    "Join Type": "Semi",
                    "Startup Cost": 1072072.52,
                    "Total Cost": 1710046.49,
                    "Plan Rows": 1,
                    "Plan Width": 52,
                    "Actual Startup Time": 16866.808,
                    "Actual Total Time": 16867.329,
                    "Actual Rows": 1,
                    "Actual Loops": 1,
                    "Inner Unique": false,
                    "Join Filter": "(supplier.s_suppkey = lineitem.l_suppkey)",
                    "Rows Removed by Join Filter": 113605,
                    "Plans": [
                        {
                            "Node Type": "Gather Merge",
                            "Parent Relationship": "Outer",
                            "Parallel Aware": false,
                            "Async Capable": false,
                            "Startup Cost": 2595.72,
                            "Total Cost": 2823.66,
                            "Plan Rows": 2000,
                            "Plan Width": 56,
                            "Actual Startup Time": 21.069,
                            "Actual Total Time": 21.152,
                            "Actual Rows": 4,
                            "Actual Loops": 1,
                            "Workers Planned": 1,
                            "Workers Launched": 1,
                            "Plans": [
                                {
                                    "Node Type": "Sort",
                                    "Parent Relationship": "Outer",
                                    "Parallel Aware": false,
                                    "Async Capable": false,
                                    "Startup Cost": 1595.71,
                                    "Total Cost": 1598.65,
                                    "Plan Rows": 1176,
                                    "Plan Width": 56,
                                    "Actual Startup Time": 6.049,
                                    "Actual Total Time": 6.054,
                                    "Actual Rows": 2,
                                    "Actual Loops": 2,
                                    "Sort Key": [
                                        "supplier.s_name"
                                    ],
                                    "Sort Method": "quicksort",
                                    "Sort Space Used": 292,
                                    "Sort Space Type": "Memory",
                                    "Workers": [
                                        {
                                            "Worker Number": 0,
                                            "Sort Method": "quicksort",
                                            "Sort Space Used": 25,
                                            "Sort Space Type": "Memory"
                                        }
                                    ],
                                    "Plans": [
                                        {
                                            "Node Type": "Hash Join",
                                            "Parent Relationship": "Outer",
                                            "Parallel Aware": false,
                                            "Async Capable": false,
                                            "Join Type": "Inner",
                                            "Startup Cost": 1.32,
                                            "Total Cost": 1535.73,
                                            "Plan Rows": 1176,
                                            "Plan Width": 56,
                                            "Actual Startup Time": 0.05,
                                            "Actual Total Time": 3.666,
                                            "Actual Rows": 984,
                                            "Actual Loops": 2,
                                            "Inner Unique": true,
                                            "Hash Cond": "(supplier.s_nationkey = nation.n_nationkey)",
                                            "Workers": [],
                                            "Plans": [
                                                {
                                                    "Node Type": "Seq Scan",
                                                    "Parent Relationship": "Outer",
                                                    "Parallel Aware": true,
                                                    "Async Capable": false,
                                                    "Relation Name": "supplier",
                                                    "Alias": "supplier",
                                                    "Startup Cost": 0.0,
                                                    "Total Cost": 1444.12,
                                                    "Plan Rows": 29412,
                                                    "Plan Width": 64,
                                                    "Actual Startup Time": 0.005,
                                                    "Actual Total Time": 1.625,
                                                    "Actual Rows": 25000,
                                                    "Actual Loops": 2,
                                                    "Workers": []
                                                },
                                                {
                                                    "Node Type": "Hash",
                                                    "Parent Relationship": "Inner",
                                                    "Parallel Aware": false,
                                                    "Async Capable": false,
                                                    "Startup Cost": 1.31,
                                                    "Total Cost": 1.31,
                                                    "Plan Rows": 1,
                                                    "Plan Width": 4,
                                                    "Actual Startup Time": 0.036,
                                                    "Actual Total Time": 0.038,
                                                    "Actual Rows": 1,
                                                    "Actual Loops": 1,
                                                    "Hash Buckets": 1024,
                                                    "Original Hash Buckets": 1024,
                                                    "Hash Batches": 1,
                                                    "Original Hash Batches": 1,
                                                    "Peak Memory Usage": 9,
                                                    "Workers": [],
                                                    "Plans": [
                                                        {
                                                            "Node Type": "Seq Scan",
                                                            "Parent Relationship": "Outer",
                                                            "Parallel Aware": false,
                                                            "Async Capable": false,
                                                            "Relation Name": "nation",
                                                            "Alias": "nation",
                                                            "Startup Cost": 0.0,
                                                            "Total Cost": 1.31,
                                                            "Plan Rows": 1,
                                                            "Plan Width": 4,
                                                            "Actual Startup Time": 0.029,
                                                            "Actual Total Time": 0.031,
                                                            "Actual Rows": 1,
                                                            "Actual Loops": 1,
                                                            "Filter": "(n_name = 'ALGERIA'::bpchar)",
                                                            "Rows Removed by Filter": 24,
                                                            "Workers": []
                                                        }
                                                    ]
                                                }
                                            ]
                                        }
                                    ]
                                }
                            ]
                        },
                        {
                            "Node Type": "Materialize",
                            "Parent Relationship": "Inner",
                            "Parallel Aware": false,
                            "Async Capable": false,
                            "Startup Cost": 1069476.8,
                            "Total Cost": 1707162.84,
                            "Plan Rows": 2,
                            "Plan Width": 16,
                            "Actual Startup Time": 2649.046,
                            "Actual Total Time": 4209.516,
                            "Actual Rows": 28402,
                            "Actual Loops": 4,
                            "Plans": [
                                {
                                    "Node Type": "Nested Loop",
                                    "Parent Relationship": "Outer",
                                    "Parallel Aware": false,
                                    "Async Capable": false,
                                    "Join Type": "Inner",
                                    "Startup Cost": 1069476.8,
                                    "Total Cost": 1707162.83,
                                    "Plan Rows": 2,
                                    "Plan Width": 16,
                                    "Actual Startup Time": 10596.179,
                                    "Actual Total Time": 16816.21,
                                    "Actual Rows": 29849,
                                    "Actual Loops": 1,
                                    "Inner Unique": true,
                                    "Plans": [
                                        {
                                            "Node Type": "Merge Join",
                                            "Parent Relationship": "Outer",
                                            "Parallel Aware": false,
                                            "Async Capable": false,
                                            "Join Type": "Inner",
                                            "Startup Cost": 1069476.37,
                                            "Total Cost": 1691520.47,
                                            "Plan Rows": 24340,
                                            "Plan Width": 52,
                                            "Actual Startup Time": 10595.189,
                                            "Actual Total Time": 15383.551,
                                            "Actual Rows": 29915,
                                            "Actual Loops": 1,
                                            "Inner Unique": true,
                                            "Merge Cond": "(lineitem.l_partkey = part.p_partkey)",
                                            "Plans": [
                                                {
                                                    "Node Type": "Aggregate",
                                                    "Strategy": "Sorted",
                                                    "Partial Mode": "Finalize",
                                                    "Parent Relationship": "Outer",
                                                    "Parallel Aware": false,
                                                    "Async Capable": false,
                                                    "Startup Cost": 1068475.92,
                                                    "Total Cost": 1617280.93,
                                                    "Plan Rows": 2409696,
                                                    "Plan Width": 48,
                                                    "Actual Startup Time": 10423.749,
                                                    "Actual Total Time": 15003.229,
                                                    "Actual Rows": 2718535,
                                                    "Actual Loops": 1,
                                                    "Group Key": [
                                                        "lineitem.l_partkey",
                                                        "lineitem.l_suppkey"
                                                    ],
                                                    "Plans": [
                                                        {
                                                            "Node Type": "Gather Merge",
                                                            "Parent Relationship": "Outer",
                                                            "Parallel Aware": false,
                                                            "Async Capable": false,
                                                            "Startup Cost": 1068475.92,
                                                            "Total Cost": 1543626.05,
                                                            "Plan Rows": 3750944,
                                                            "Plan Width": 48,
                                                            "Actual Startup Time": 10423.295,
                                                            "Actual Total Time": 12513.002,
                                                            "Actual Rows": 3784883,
                                                            "Actual Loops": 1,
                                                            "Workers Planned": 2,
                                                            "Workers Launched": 2,
                                                            "Plans": [
                                                                {
                                                                    "Node Type": "Aggregate",
                                                                    "Strategy": "Sorted",
                                                                    "Partial Mode": "Partial",
                                                                    "Parent Relationship": "Outer",
                                                                    "Parallel Aware": false,
                                                                    "Async Capable": false,
                                                                    "Startup Cost": 1067475.9,
                                                                    "Total Cost": 1109674.02,
                                                                    "Plan Rows": 1875472,
                                                                    "Plan Width": 48,
                                                                    "Actual Startup Time": 10387.524,
                                                                    "Actual Total Time": 11631.965,
                                                                    "Actual Rows": 1261639,
                                                                    "Actual Loops": 3,
                                                                    "Group Key": [
                                                                        "lineitem.l_partkey",
                                                                        "lineitem.l_suppkey"
                                                                    ],
                                                                    "Workers": [],
                                                                    "Plans": [
                                                                        {
                                                                            "Node Type": "Sort",
                                                                            "Parent Relationship": "Outer",
                                                                            "Parallel Aware": false,
                                                                            "Async Capable": false,
                                                                            "Startup Cost": 1067475.9,
                                                                            "Total Cost": 1072164.58,
                                                                            "Plan Rows": 1875472,
                                                                            "Plan Width": 21,
                                                                            "Actual Startup Time": 10386.889,
                                                                            "Actual Total Time": 10665.307,
                                                                            "Actual Rows": 1515270,
                                                                            "Actual Loops": 3,
                                                                            "Sort Key": [
                                                                                "lineitem.l_partkey",
                                                                                "lineitem.l_suppkey"
                                                                            ],
                                                                            "Sort Method": "external merge",
                                                                            "Sort Space Used": 47568,
                                                                            "Sort Space Type": "Disk",
                                                                            "Workers": [
                                                                                {
                                                                                    "Worker Number": 0,
                                                                                    "Sort Method": "external merge",
                                                                                    "Sort Space Used": 45512,
                                                                                    "Sort Space Type": "Disk"
                                                                                },
                                                                                {
                                                                                    "Worker Number": 1,
                                                                                    "Sort Method": "external merge",
                                                                                    "Sort Space Used": 45072,
                                                                                    "Sort Space Type": "Disk"
                                                                                }
                                                                            ],
                                                                            "Plans": [
                                                                                {
                                                                                    "Node Type": "Seq Scan",
                                                                                    "Parent Relationship": "Outer",
                                                                                    "Parallel Aware": true,
                                                                                    "Async Capable": false,
                                                                                    "Relation Name": "lineitem",
                                                                                    "Alias": "lineitem",
                                                                                    "Startup Cost": 0.0,
                                                                                    "Total Cost": 795132.76,
                                                                                    "Plan Rows": 1875472,
                                                                                    "Plan Width": 21,
                                                                                    "Actual Startup Time": 155.958,
                                                                                    "Actual Total Time": 9354.072,
                                                                                    "Actual Rows": 1515277,
                                                                                    "Actual Loops": 3,
                                                                                    "Filter": "((l_shipdate >= '1995-01-01'::date) AND (l_shipdate < '1996-01-01 00:00:00'::timestamp without time zone))",
                                                                                    "Rows Removed by Filter": 8484655,
                                                                                    "Workers": []
                                                                                }
                                                                            ]
                                                                        }
                                                                    ]
                                                                }
                                                            ]
                                                        }
                                                    ]
                                                },
                                                {
                                                    "Node Type": "Gather Merge",
                                                    "Parent Relationship": "Inner",
                                                    "Parallel Aware": false,
                                                    "Async Capable": false,
                                                    "Startup Cost": 1000.45,
                                                    "Total Cost": 43849.69,
                                                    "Plan Rows": 10101,
                                                    "Plan Width": 4,
                                                    "Actual Startup Time": 171.033,
                                                    "Actual Total Time": 178.692,
                                                    "Actual Rows": 11000,
                                                    "Actual Loops": 1,
                                                    "Workers Planned": 2,
                                                    "Workers Launched": 2,
                                                    "Plans": [
                                                        {
                                                            "Node Type": "Index Scan",
                                                            "Parent Relationship": "Outer",
                                                            "Parallel Aware": true,
                                                            "Async Capable": false,
                                                            "Scan Direction": "Forward",
                                                            "Index Name": "part_pkey",
                                                            "Relation Name": "part",
                                                            "Alias": "part",
                                                            "Startup Cost": 0.42,
                                                            "Total Cost": 41683.76,
                                                            "Plan Rows": 4209,
                                                            "Plan Width": 4,
                                                            "Actual Startup Time": 59.709,
                                                            "Actual Total Time": 732.852,
                                                            "Actual Rows": 3667,
                                                            "Actual Loops": 3,
                                                            "Filter": "((p_name)::text ~~ 'khaki%'::text)",
                                                            "Rows Removed by Filter": 329667,
                                                            "Workers": []
                                                        }
                                                    ]
                                                }
                                            ]
                                        },
                                        {
                                            "Node Type": "Index Scan",
                                            "Parent Relationship": "Inner",
                                            "Parallel Aware": false,
                                            "Async Capable": false,
                                            "Scan Direction": "Forward",
                                            "Index Name": "partsupp_pkey",
                                            "Relation Name": "partsupp",
                                            "Alias": "partsupp",
                                            "Startup Cost": 0.43,
                                            "Total Cost": 0.63,
                                            "Plan Rows": 1,
                                            "Plan Width": 20,
                                            "Actual Startup Time": 0.047,
                                            "Actual Total Time": 0.047,
                                            "Actual Rows": 1,
                                            "Actual Loops": 29915,
                                            "Index Cond": "((ps_partkey = lineitem.l_partkey) AND (ps_suppkey = lineitem.l_suppkey))",
                                            "Rows Removed by Index Recheck": 0,
                                            "Filter": "((ps_availqty)::numeric > ((0.5 * sum(lineitem.l_quantity))))",
                                            "Rows Removed by Filter": 0
                                        }
                                    ]
                                }
                            ]
                        }
                    ]
                }
            ]
        },
        "Planning Time": 1.958,
        "Triggers": [],
        "JIT": {
            "Functions": 81,
            "Options": {
                "Inlining": true,
                "Optimization": true,
                "Expressions": true,
                "Deforming": true
            },
            "Timing": {
                "Generation": 12.617,
                "Inlining": 302.089,
                "Optimization": 394.419,
                "Emission": 263.669,
                "Total": 972.793
            }
        },
        "Execution Time": 17195.965,
        "no_of_partitions": [
            0,
            0,
            0,
            0,
            0
        ],
        "avg_row_length": [
            156.32257463759336,
            178.07392,
            158.34346,
            177.4182455,
            139.16
        ],
        "query": "\n\nselect\n\ts_name,\n\ts_address\nfrom\n\tsupplier,\n\tnation\nwhere\n\ts_suppkey in (\n\t\tselect\n\t\t\tps_suppkey\n\t\tfrom\n\t\t\tpartsupp,\n\t\t\t(\n\t\t\t\tselect\n\t\t\t\t\tl_partkey agg_partkey,\n\t\t\t\t\tl_suppkey agg_suppkey,\n\t\t\t\t\t0.5 * sum(l_quantity) AS agg_quantity\n\t\t\t\tfrom\n\t\t\t\t\tlineitem\n\t\t\t\twhere\n\t\t\t\t\tl_shipdate >= date '1995-01-01'\n\t\t\t\t\tand l_shipdate < date '1995-01-01' + interval '1' year\n\t\t\t\tgroup by\n\t\t\t\t\tl_partkey,\n\t\t\t\t\tl_suppkey\n\t\t\t) agg_lineitem\n\t\twhere\n\t\t\tagg_partkey = ps_partkey\n\t\t\tand agg_suppkey = ps_suppkey\n\t\t\tand ps_partkey in (\n\t\t\t\tselect\n\t\t\t\t\tp_partkey\n\t\t\t\tfrom\n\t\t\t\t\tpart\n\t\t\t\twhere\n\t\t\t\t\tp_name like 'khaki%'\n\t\t\t)\n\t\t\tand ps_availqty > agg_quantity\n\t)\n\tand s_nationkey = n_nationkey\n\tand n_name = 'ALGERIA'\norder by\n\ts_name\nLIMIT 1;\n"
    },
    {
        "Plan": {
            "Node Type": "Limit",
            "Parallel Aware": false,
            "Async Capable": false,
            "Startup Cost": 991100.96,
            "Total Cost": 991100.96,
            "Plan Rows": 1,
            "Plan Width": 34,
            "Actual Startup Time": 15268.025,
            "Actual Total Time": 15268.233,
            "Actual Rows": 100,
            "Actual Loops": 1,
            "Plans": [
                {
                    "Node Type": "Sort",
                    "Parent Relationship": "Outer",
                    "Parallel Aware": false,
                    "Async Capable": false,
                    "Startup Cost": 991100.96,
                    "Total Cost": 991100.96,
                    "Plan Rows": 1,
                    "Plan Width": 34,
                    "Actual Startup Time": 14941.851,
                    "Actual Total Time": 14942.053,
                    "Actual Rows": 100,
                    "Actual Loops": 1,
                    "Sort Key": [
                        "(count(*)) DESC",
                        "supplier.s_name"
                    ],
                    "Sort Method": "top-N heapsort",
                    "Sort Space Used": 38,
                    "Sort Space Type": "Memory",
                    "Plans": [
                        {
                            "Node Type": "Aggregate",
                            "Strategy": "Sorted",
                            "Partial Mode": "Simple",
                            "Parent Relationship": "Outer",
                            "Parallel Aware": false,
                            "Async Capable": false,
                            "Startup Cost": 991100.93,
                            "Total Cost": 991100.95,
                            "Plan Rows": 1,
                            "Plan Width": 34,
                            "Actual Startup Time": 14938.795,
                            "Actual Total Time": 14941.647,
                            "Actual Rows": 1980,
                            "Actual Loops": 1,
                            "Group Key": [
                                "supplier.s_name"
                            ],
                            "Plans": [
                                {
                                    "Node Type": "Sort",
                                    "Parent Relationship": "Outer",
                                    "Parallel Aware": false,
                                    "Async Capable": false,
                                    "Startup Cost": 991100.93,
                                    "Total Cost": 991100.93,
                                    "Plan Rows": 1,
                                    "Plan Width": 26,
                                    "Actual Startup Time": 14938.753,
                                    "Actual Total Time": 14939.809,
                                    "Actual Rows": 19573,
                                    "Actual Loops": 1,
                                    "Sort Key": [
                                        "supplier.s_name"
                                    ],
                                    "Sort Method": "quicksort",
                                    "Sort Space Used": 2298,
                                    "Sort Space Type": "Memory",
                                    "Plans": [
                                        {
                                            "Node Type": "Nested Loop",
                                            "Parent Relationship": "Outer",
                                            "Parallel Aware": false,
                                            "Async Capable": false,
                                            "Join Type": "Inner",
                                            "Startup Cost": 2551.74,
                                            "Total Cost": 991100.92,
                                            "Plan Rows": 1,
                                            "Plan Width": 26,
                                            "Actual Startup Time": 18.159,
                                            "Actual Total Time": 14902.666,
                                            "Actual Rows": 19573,
                                            "Actual Loops": 1,
                                            "Inner Unique": true,
                                            "Plans": [
                                                {
                                                    "Node Type": "Nested Loop",
                                                    "Parent Relationship": "Outer",
                                                    "Parallel Aware": false,
                                                    "Async Capable": false,
                                                    "Join Type": "Semi",
                                                    "Startup Cost": 2551.31,
                                                    "Total Cost": 991094.58,
                                                    "Plan Rows": 1,
                                                    "Plan Width": 42,
                                                    "Actual Startup Time": 17.034,
                                                    "Actual Total Time": 900.224,
                                                    "Actual Rows": 39829,
                                                    "Actual Loops": 1,
                                                    "Inner Unique": false,
                                                    "Plans": [
                                                        {
                                                            "Node Type": "Gather",
                                                            "Parent Relationship": "Outer",
                                                            "Parallel Aware": false,
                                                            "Async Capable": false,
                                                            "Startup Cost": 2550.87,
                                                            "Total Cost": 991083.7,
                                                            "Plan Rows": 1,
                                                            "Plan Width": 42,
                                                            "Actual Startup Time": 16.991,
                                                            "Actual Total Time": 302.51,
                                                            "Actual Rows": 66326,
                                                            "Actual Loops": 1,
                                                            "Workers Planned": 2,
                                                            "Workers Launched": 2,
                                                            "Single Copy": false,
                                                            "Plans": [
                                                                {
                                                                    "Node Type": "Nested Loop",
                                                                    "Parent Relationship": "Outer",
                                                                    "Parallel Aware": false,
                                                                    "Async Capable": false,
                                                                    "Join Type": "Anti",
                                                                    "Startup Cost": 1550.87,
                                                                    "Total Cost": 990083.6,
                                                                    "Plan Rows": 1,
                                                                    "Plan Width": 42,
                                                                    "Actual Startup Time": 267.989,
                                                                    "Actual Total Time": 6480.189,
                                                                    "Actual Rows": 22109,
                                                                    "Actual Loops": 3,
                                                                    "Inner Unique": false,
                                                                    "Workers": [],
                                                                    "Plans": [
                                                                        {
                                                                            "Node Type": "Hash Join",
                                                                            "Parent Relationship": "Outer",
                                                                            "Parallel Aware": true,
                                                                            "Async Capable": false,
                                                                            "Join Type": "Inner",
                                                                            "Startup Cost": 1550.43,
                                                                            "Total Cost": 782037.59,
                                                                            "Plan Rows": 166674,
                                                                            "Plan Width": 42,
                                                                            "Actual Startup Time": 265.534,
                                                                            "Actual Total Time": 5499.624,
                                                                            "Actual Rows": 249608,
                                                                            "Actual Loops": 3,
                                                                            "Inner Unique": false,
                                                                            "Hash Cond": "(l1.l_suppkey = supplier.s_suppkey)",
                                                                            "Workers": [],
                                                                            "Plans": [
                                                                                {
                                                                                    "Node Type": "Seq Scan",
                                                                                    "Parent Relationship": "Outer",
                                                                                    "Parallel Aware": true,
                                                                                    "Async Capable": false,
                                                                                    "Relation Name": "lineitem",
                                                                                    "Alias": "l1",
                                                                                    "Startup Cost": 0.0,
                                                                                    "Total Cost": 763881.47,
                                                                                    "Plan Rows": 4166839,
                                                                                    "Plan Width": 16,
                                                                                    "Actual Startup Time": 260.485,
                                                                                    "Actual Total Time": 4628.474,
                                                                                    "Actual Rows": 6322701,
                                                                                    "Actual Loops": 3,
                                                                                    "Filter": "(l_receiptdate > l_commitdate)",
                                                                                    "Rows Removed by Filter": 3677230,
                                                                                    "Workers": []
                                                                                },
                                                                                {
                                                                                    "Node Type": "Hash",
                                                                                    "Parent Relationship": "Inner",
                                                                                    "Parallel Aware": true,
                                                                                    "Async Capable": false,
                                                                                    "Startup Cost": 1535.73,
                                                                                    "Total Cost": 1535.73,
                                                                                    "Plan Rows": 1176,
                                                                                    "Plan Width": 30,
                                                                                    "Actual Startup Time": 3.919,
                                                                                    "Actual Total Time": 3.923,
                                                                                    "Actual Rows": 660,
                                                                                    "Actual Loops": 3,
                                                                                    "Hash Buckets": 2048,
                                                                                    "Original Hash Buckets": 2048,
                                                                                    "Hash Batches": 1,
                                                                                    "Original Hash Batches": 1,
                                                                                    "Peak Memory Usage": 144,
                                                                                    "Workers": [],
                                                                                    "Plans": [
                                                                                        {
                                                                                            "Node Type": "Hash Join",
                                                                                            "Parent Relationship": "Outer",
                                                                                            "Parallel Aware": false,
                                                                                            "Async Capable": false,
                                                                                            "Join Type": "Inner",
                                                                                            "Startup Cost": 1.32,
                                                                                            "Total Cost": 1535.73,
                                                                                            "Plan Rows": 1176,
                                                                                            "Plan Width": 30,
                                                                                            "Actual Startup Time": 0.553,
                                                                                            "Actual Total Time": 11.12,
                                                                                            "Actual Rows": 1980,
                                                                                            "Actual Loops": 1,
                                                                                            "Inner Unique": true,
                                                                                            "Hash Cond": "(supplier.s_nationkey = nation.n_nationkey)",
                                                                                            "Workers": [],
                                                                                            "Plans": [
                                                                                                {
                                                                                                    "Node Type": "Seq Scan",
                                                                                                    "Parent Relationship": "Outer",
                                                                                                    "Parallel Aware": true,
                                                                                                    "Async Capable": false,
                                                                                                    "Relation Name": "supplier",
                                                                                                    "Alias": "supplier",
                                                                                                    "Startup Cost": 0.0,
                                                                                                    "Total Cost": 1444.12,
                                                                                                    "Plan Rows": 29412,
                                                                                                    "Plan Width": 38,
                                                                                                    "Actual Startup Time": 0.005,
                                                                                                    "Actual Total Time": 4.626,
                                                                                                    "Actual Rows": 50000,
                                                                                                    "Actual Loops": 1,
                                                                                                    "Workers": []
                                                                                                },
                                                                                                {
                                                                                                    "Node Type": "Hash",
                                                                                                    "Parent Relationship": "Inner",
                                                                                                    "Parallel Aware": false,
                                                                                                    "Async Capable": false,
                                                                                                    "Startup Cost": 1.31,
                                                                                                    "Total Cost": 1.31,
                                                                                                    "Plan Rows": 1,
                                                                                                    "Plan Width": 4,
                                                                                                    "Actual Startup Time": 0.079,
                                                                                                    "Actual Total Time": 0.08,
                                                                                                    "Actual Rows": 1,
                                                                                                    "Actual Loops": 1,
                                                                                                    "Hash Buckets": 1024,
                                                                                                    "Original Hash Buckets": 1024,
                                                                                                    "Hash Batches": 1,
                                                                                                    "Original Hash Batches": 1,
                                                                                                    "Peak Memory Usage": 9,
                                                                                                    "Workers": [],
                                                                                                    "Plans": [
                                                                                                        {
                                                                                                            "Node Type": "Seq Scan",
                                                                                                            "Parent Relationship": "Outer",
                                                                                                            "Parallel Aware": false,
                                                                                                            "Async Capable": false,
                                                                                                            "Relation Name": "nation",
                                                                                                            "Alias": "nation",
                                                                                                            "Startup Cost": 0.0,
                                                                                                            "Total Cost": 1.31,
                                                                                                            "Plan Rows": 1,
                                                                                                            "Plan Width": 4,
                                                                                                            "Actual Startup Time": 0.069,
                                                                                                            "Actual Total Time": 0.072,
                                                                                                            "Actual Rows": 1,
                                                                                                            "Actual Loops": 1,
                                                                                                            "Filter": "(n_name = 'BRAZIL'::bpchar)",
                                                                                                            "Rows Removed by Filter": 24,
                                                                                                            "Workers": []
                                                                                                        }
                                                                                                    ]
                                                                                                }
                                                                                            ]
                                                                                        }
                                                                                    ]
                                                                                }
                                                                            ]
                                                                        },
                                                                        {
                                                                            "Node Type": "Index Scan",
                                                                            "Parent Relationship": "Inner",
                                                                            "Parallel Aware": false,
                                                                            "Async Capable": false,
                                                                            "Scan Direction": "Forward",
                                                                            "Index Name": "idx_lineitem_orderkey",
                                                                            "Relation Name": "lineitem",
                                                                            "Alias": "l3",
                                                                            "Startup Cost": 0.44,
                                                                            "Total Cost": 11.05,
                                                                            "Plan Rows": 26,
                                                                            "Plan Width": 16,
                                                                            "Actual Startup Time": 0.003,
                                                                            "Actual Total Time": 0.003,
                                                                            "Actual Rows": 1,
                                                                            "Actual Loops": 748823,
                                                                            "Index Cond": "(l_orderkey = l1.l_orderkey)",
                                                                            "Rows Removed by Index Recheck": 0,
                                                                            "Filter": "((l_receiptdate > l_commitdate) AND (l_suppkey <> l1.l_suppkey))",
                                                                            "Rows Removed by Filter": 1,
                                                                            "Workers": []
                                                                        }
                                                                    ]
                                                                }
                                                            ]
                                                        },
                                                        {
                                                            "Node Type": "Index Scan",
                                                            "Parent Relationship": "Inner",
                                                            "Parallel Aware": false,
                                                            "Async Capable": false,
                                                            "Scan Direction": "Forward",
                                                            "Index Name": "idx_lineitem_orderkey",
                                                            "Relation Name": "lineitem",
                                                            "Alias": "l2",
                                                            "Startup Cost": 0.44,
                                                            "Total Cost": 10.86,
                                                            "Plan Rows": 77,
                                                            "Plan Width": 16,
                                                            "Actual Startup Time": 0.008,
                                                            "Actual Total Time": 0.008,
                                                            "Actual Rows": 1,
                                                            "Actual Loops": 66326,
                                                            "Index Cond": "(l_orderkey = l1.l_orderkey)",
                                                            "Rows Removed by Index Recheck": 0,
                                                            "Filter": "(l_suppkey <> l1.l_suppkey)",
                                                            "Rows Removed by Filter": 1
                                                        }
                                                    ]
                                                },
                                                {
                                                    "Node Type": "Index Scan",
                                                    "Parent Relationship": "Inner",
                                                    "Parallel Aware": false,
                                                    "Async Capable": false,
                                                    "Scan Direction": "Forward",
                                                    "Index Name": "orders_pkey",
                                                    "Relation Name": "orders",
                                                    "Alias": "orders",
                                                    "Startup Cost": 0.43,
                                                    "Total Cost": 6.34,
                                                    "Plan Rows": 1,
                                                    "Plan Width": 4,
                                                    "Actual Startup Time": 0.351,
                                                    "Actual Total Time": 0.351,
                                                    "Actual Rows": 0,
                                                    "Actual Loops": 39829,
                                                    "Index Cond": "(o_orderkey = l1.l_orderkey)",
                                                    "Rows Removed by Index Recheck": 0,
                                                    "Filter": "(o_orderstatus = 'F'::bpchar)",
                                                    "Rows Removed by Filter": 1
                                                }
                                            ]
                                        }
                                    ]
                                }
                            ]
                        }
                    ]
                }
            ]
        },
        "Planning Time": 13.282,
        "Triggers": [],
        "JIT": {
            "Functions": 105,
            "Options": {
                "Inlining": true,
                "Optimization": true,
                "Expressions": true,
                "Deforming": true
            },
            "Timing": {
                "Generation": 6.36,
                "Inlining": 142.996,
                "Optimization": 573.639,
                "Emission": 390.296,
                "Total": 1113.291
            }
        },
        "Execution Time": 15270.951,
        "no_of_partitions": [
            0,
            0,
            0,
            0
        ],
        "avg_row_length": [
            178.07392,
            141.49479773333334,
            139.16,
            156.32257463759336
        ],
        "query": "\n\nselect\n\ts_name,\n\tcount(*) as numwait\nfrom\n\tsupplier,\n\tlineitem l1,\n\torders,\n\tnation\nwhere\n\ts_suppkey = l1.l_suppkey\n\tand o_orderkey = l1.l_orderkey\n\tand o_orderstatus = 'F'\n\tand l1.l_receiptdate > l1.l_commitdate\n\tand exists (\n\t\tselect\n\t\t\t*\n\t\tfrom\n\t\t\tlineitem l2\n\t\twhere\n\t\t\tl2.l_orderkey = l1.l_orderkey\n\t\t\tand l2.l_suppkey <> l1.l_suppkey\n\t)\n\tand not exists (\n\t\tselect\n\t\t\t*\n\t\tfrom\n\t\t\tlineitem l3\n\t\twhere\n\t\t\tl3.l_orderkey = l1.l_orderkey\n\t\t\tand l3.l_suppkey <> l1.l_suppkey\n\t\t\tand l3.l_receiptdate > l3.l_commitdate\n\t)\n\tand s_nationkey = n_nationkey\n\tand n_name = 'BRAZIL'\ngroup by\n\ts_name\norder by\n\tnumwait desc,\n\ts_name\nLIMIT 100;-- using 1712139564 as a seed to the RNG\n\n\n"
    },
    {
        "Plan": {
            "Node Type": "Limit",
            "Parallel Aware": false,
            "Async Capable": false,
            "Startup Cost": 55713.51,
            "Total Cost": 55715.34,
            "Plan Rows": 1,
            "Plan Width": 72,
            "Actual Startup Time": 1895.0,
            "Actual Total Time": 1900.883,
            "Actual Rows": 1,
            "Actual Loops": 1,
            "Plans": [
                {
                    "Node Type": "Aggregate",
                    "Strategy": "Plain",
                    "Partial Mode": "Finalize",
                    "Parent Relationship": "InitPlan",
                    "Subplan Name": "InitPlan 1 (returns $1)",
                    "Parallel Aware": false,
                    "Async Capable": false,
                    "Startup Cost": 27761.22,
                    "Total Cost": 27761.23,
                    "Plan Rows": 1,
                    "Plan Width": 32,
                    "Actual Startup Time": 616.945,
                    "Actual Total Time": 617.007,
                    "Actual Rows": 1,
                    "Actual Loops": 1,
                    "Plans": [
                        {
                            "Node Type": "Gather",
                            "Parent Relationship": "Outer",
                            "Parallel Aware": false,
                            "Async Capable": false,
                            "Startup Cost": 27761.0,
                            "Total Cost": 27761.21,
                            "Plan Rows": 2,
                            "Plan Width": 32,
                            "Actual Startup Time": 616.843,
                            "Actual Total Time": 616.993,
                            "Actual Rows": 3,
                            "Actual Loops": 1,
                            "Workers Planned": 2,
                            "Workers Launched": 2,
                            "Single Copy": false,
                            "Plans": [
                                {
                                    "Node Type": "Aggregate",
                                    "Strategy": "Plain",
                                    "Partial Mode": "Partial",
                                    "Parent Relationship": "Outer",
                                    "Parallel Aware": false,
                                    "Async Capable": false,
                                    "Startup Cost": 26761.0,
                                    "Total Cost": 26761.01,
                                    "Plan Rows": 1,
                                    "Plan Width": 32,
                                    "Actual Startup Time": 565.801,
                                    "Actual Total Time": 565.802,
                                    "Actual Rows": 1,
                                    "Actual Loops": 3,
                                    "Workers": [],
                                    "Plans": [
                                        {
                                            "Node Type": "Seq Scan",
                                            "Parent Relationship": "Outer",
                                            "Parallel Aware": true,
                                            "Async Capable": false,
                                            "Relation Name": "customer",
                                            "Alias": "customer_1",
                                            "Startup Cost": 0.0,
                                            "Total Cost": 26736.12,
                                            "Plan Rows": 9948,
                                            "Plan Width": 6,
                                            "Actual Startup Time": 0.593,
                                            "Actual Total Time": 556.909,
                                            "Actual Rows": 63505,
                                            "Actual Loops": 3,
                                            "Filter": "((c_acctbal > 0.00) AND (SUBSTRING(c_phone FROM 1 FOR 2) = ANY ('{25,14,20,30,31,16,28}'::text[])))",
                                            "Rows Removed by Filter": 186495,
                                            "Workers": []
                                        }
                                    ]
                                }
                            ]
                        }
                    ]
                },
                {
                    "Node Type": "Aggregate",
                    "Strategy": "Sorted",
                    "Partial Mode": "Simple",
                    "Parent Relationship": "Outer",
                    "Parallel Aware": false,
                    "Async Capable": false,
                    "Startup Cost": 27952.28,
                    "Total Cost": 35055.65,
                    "Plan Rows": 3874,
                    "Plan Width": 72,
                    "Actual Startup Time": 1894.999,
                    "Actual Total Time": 1900.819,
                    "Actual Rows": 1,
                    "Actual Loops": 1,
                    "Group Key": [
                        "SUBSTRING(customer.c_phone FROM 1 FOR 2)"
                    ],
                    "Plans": [
                        {
                            "Node Type": "Nested Loop",
                            "Parent Relationship": "Outer",
                            "Parallel Aware": false,
                            "Async Capable": false,
                            "Join Type": "Anti",
                            "Startup Cost": 27952.28,
                            "Total Cost": 34958.8,
                            "Plan Rows": 3874,
                            "Plan Width": 38,
                            "Actual Startup Time": 782.614,
                            "Actual Total Time": 1897.105,
                            "Actual Rows": 4495,
                            "Actual Loops": 1,
                            "Inner Unique": false,
                            "Plans": [
                                {
                                    "Node Type": "Gather Merge",
                                    "Parent Relationship": "Outer",
                                    "Parallel Aware": false,
                                    "Async Capable": false,
                                    "Startup Cost": 27951.85,
                                    "Total Cost": 28970.93,
                                    "Plan Rows": 8750,
                                    "Plan Width": 26,
                                    "Actual Startup Time": 781.237,
                                    "Actual Total Time": 796.104,
                                    "Actual Rows": 13576,
                                    "Actual Loops": 1,
                                    "Workers Planned": 2,
                                    "Params Evaluated": [
                                        "$1"
                                    ],
                                    "Workers Launched": 2,
                                    "Plans": [
                                        {
                                            "Node Type": "Sort",
                                            "Parent Relationship": "Outer",
                                            "Parallel Aware": false,
                                            "Async Capable": false,
                                            "Startup Cost": 26951.82,
                                            "Total Cost": 26960.94,
                                            "Plan Rows": 3646,
                                            "Plan Width": 26,
                                            "Actual Startup Time": 145.847,
                                            "Actual Total Time": 146.685,
                                            "Actual Rows": 5184,
                                            "Actual Loops": 3,
                                            "Sort Key": [
                                                "(SUBSTRING(customer.c_phone FROM 1 FOR 2))"
                                            ],
                                            "Sort Method": "quicksort",
                                            "Sort Space Used": 3851,
                                            "Sort Space Type": "Memory",
                                            "Workers": [
                                                {
                                                    "Worker Number": 0,
                                                    "Sort Method": "quicksort",
                                                    "Sort Space Used": 3025,
                                                    "Sort Space Type": "Memory"
                                                },
                                                {
                                                    "Worker Number": 1,
                                                    "Sort Method": "quicksort",
                                                    "Sort Space Used": 3048,
                                                    "Sort Space Type": "Memory"
                                                }
                                            ],
                                            "Plans": [
                                                {
                                                    "Node Type": "Seq Scan",
                                                    "Parent Relationship": "Outer",
                                                    "Parallel Aware": true,
                                                    "Async Capable": false,
                                                    "Relation Name": "customer",
                                                    "Alias": "customer",
                                                    "Startup Cost": 0.0,
                                                    "Total Cost": 26736.12,
                                                    "Plan Rows": 3646,
                                                    "Plan Width": 26,
                                                    "Actual Startup Time": 0.03,
                                                    "Actual Total Time": 131.639,
                                                    "Actual Rows": 31749,
                                                    "Actual Loops": 3,
                                                    "Filter": "((c_acctbal > $1) AND (SUBSTRING(c_phone FROM 1 FOR 2) = ANY ('{25,14,20,30,31,16,28}'::text[])))",
                                                    "Rows Removed by Filter": 218251,
                                                    "Workers": []
                                                }
                                            ]
                                        }
                                    ]
                                },
                                {
                                    "Node Type": "Index Only Scan",
                                    "Parent Relationship": "Inner",
                                    "Parallel Aware": false,
                                    "Async Capable": false,
                                    "Scan Direction": "Forward",
                                    "Index Name": "idx_orders_custkey",
                                    "Relation Name": "orders",
                                    "Alias": "orders",
                                    "Startup Cost": 0.43,
                                    "Total Cost": 3.3,
                                    "Plan Rows": 18,
                                    "Plan Width": 8,
                                    "Actual Startup Time": 0.08,
                                    "Actual Total Time": 0.08,
                                    "Actual Rows": 1,
                                    "Actual Loops": 13576,
                                    "Index Cond": "(o_custkey = customer.c_custkey)",
                                    "Rows Removed by Index Recheck": 0,
                                    "Heap Fetches": 0
                                }
                            ]
                        }
                    ]
                }
            ]
        },
        "Planning Time": 5.777,
        "Triggers": [],
        "Execution Time": 1901.18,
        "no_of_partitions": [
            0,
            0
        ],
        "avg_row_length": [
            141.49479813333335,
            191.867068
        ],
        "query": "\nselect\n\tcntrycode,\n\tcount(*) as numcust,\n\tsum(c_acctbal) as totacctbal\nfrom\n\t(\n\t\tselect\n\t\t\tsubstring(c_phone from 1 for 2) as cntrycode,\n\t\t\tc_acctbal\n\t\tfrom\n\t\t\tcustomer\n\t\twhere\n\t\t\tsubstring(c_phone from 1 for 2) in\n\t\t\t\t('25', '14', '20', '30', '31', '16', '28')\n\t\t\tand c_acctbal > (\n\t\t\t\tselect\n\t\t\t\t\tavg(c_acctbal)\n\t\t\t\tfrom\n\t\t\t\t\tcustomer\n\t\t\t\twhere\n\t\t\t\t\tc_acctbal > 0.00\n\t\t\t\t\tand substring(c_phone from 1 for 2) in\n\t\t\t\t\t\t('25', '14', '20', '30', '31', '16', '28')\n\t\t\t)\n\t\t\tand not exists (\n\t\t\t\tselect\n\t\t\t\t\t*\n\t\t\t\tfrom\n\t\t\t\t\torders\n\t\t\t\twhere\n\t\t\t\t\to_custkey = c_custkey\n\t\t\t)\n\t) as custsale\ngroup by\n\tcntrycode\norder by\n\tcntrycode\nLIMIT 1;-- using 1712139564 as a seed to the RNG\n"
    },
    {
        "Plan": {
            "Node Type": "Limit",
            "Parallel Aware": false,
            "Async Capable": false,
            "Startup Cost": 1403868.9,
            "Total Cost": 1403868.92,
            "Plan Rows": 10,
            "Plan Width": 48,
            "Actual Startup Time": 14959.866,
            "Actual Total Time": 15044.719,
            "Actual Rows": 10,
            "Actual Loops": 1,
            "Plans": [
                {
                    "Node Type": "Sort",
                    "Parent Relationship": "Outer",
                    "Parallel Aware": false,
                    "Async Capable": false,
                    "Startup Cost": 1403868.9,
                    "Total Cost": 1407818.17,
                    "Plan Rows": 1579710,
                    "Plan Width": 48,
                    "Actual Startup Time": 14616.155,
                    "Actual Total Time": 14701.005,
                    "Actual Rows": 10,
                    "Actual Loops": 1,
                    "Sort Key": [
                        "(sum((lineitem.l_extendedprice * ('1'::numeric - lineitem.l_discount)))) DESC",
                        "orders.o_orderdate"
                    ],
                    "Sort Method": "top-N heapsort",
                    "Sort Space Used": 26,
                    "Sort Space Type": "Memory",
                    "Plans": [
                        {
                            "Node Type": "Aggregate",
                            "Strategy": "Sorted",
                            "Partial Mode": "Finalize",
                            "Parent Relationship": "Outer",
                            "Parallel Aware": false,
                            "Async Capable": false,
                            "Startup Cost": 1161835.9,
                            "Total Cost": 1369731.93,
                            "Plan Rows": 1579710,
                            "Plan Width": 48,
                            "Actual Startup Time": 14523.006,
                            "Actual Total Time": 14688.282,
                            "Actual Rows": 56589,
                            "Actual Loops": 1,
                            "Group Key": [
                                "lineitem.l_orderkey",
                                "orders.o_orderdate",
                                "orders.o_shippriority"
                            ],
                            "Plans": [
                                {
                                    "Node Type": "Gather Merge",
                                    "Parent Relationship": "Outer",
                                    "Parallel Aware": false,
                                    "Async Capable": false,
                                    "Startup Cost": 1161835.9,
                                    "Total Cost": 1333530.26,
                                    "Plan Rows": 1316424,
                                    "Plan Width": 48,
                                    "Actual Startup Time": 14522.974,
                                    "Actual Total Time": 14651.708,
                                    "Actual Rows": 56590,
                                    "Actual Loops": 1,
                                    "Workers Planned": 2,
                                    "Workers Launched": 2,
                                    "Plans": [
                                        {
                                            "Node Type": "Aggregate",
                                            "Strategy": "Sorted",
                                            "Partial Mode": "Partial",
                                            "Parent Relationship": "Outer",
                                            "Parallel Aware": false,
                                            "Async Capable": false,
                                            "Startup Cost": 1160835.88,
                                            "Total Cost": 1180582.24,
                                            "Plan Rows": 658212,
                                            "Plan Width": 48,
                                            "Actual Startup Time": 14495.1,
                                            "Actual Total Time": 14532.854,
                                            "Actual Rows": 18863,
                                            "Actual Loops": 3,
                                            "Group Key": [
                                                "lineitem.l_orderkey",
                                                "orders.o_orderdate",
                                                "orders.o_shippriority"
                                            ],
                                            "Workers": [],
                                            "Plans": [
                                                {
                                                    "Node Type": "Sort",
                                                    "Parent Relationship": "Outer",
                                                    "Parallel Aware": false,
                                                    "Async Capable": false,
                                                    "Startup Cost": 1160835.88,
                                                    "Total Cost": 1162481.41,
                                                    "Plan Rows": 658212,
                                                    "Plan Width": 28,
                                                    "Actual Startup Time": 14495.049,
                                                    "Actual Total Time": 14500.533,
                                                    "Actual Rows": 49788,
                                                    "Actual Loops": 3,
                                                    "Sort Key": [
                                                        "lineitem.l_orderkey",
                                                        "orders.o_orderdate",
                                                        "orders.o_shippriority"
                                                    ],
                                                    "Sort Method": "external merge",
                                                    "Sort Space Used": 1856,
                                                    "Sort Space Type": "Disk",
                                                    "Workers": [
                                                        {
                                                            "Worker Number": 0,
                                                            "Sort Method": "external merge",
                                                            "Sort Space Used": 1992,
                                                            "Sort Space Type": "Disk"
                                                        },
                                                        {
                                                            "Worker Number": 1,
                                                            "Sort Method": "external merge",
                                                            "Sort Space Used": 1936,
                                                            "Sort Space Type": "Disk"
                                                        }
                                                    ],
                                                    "Plans": [
                                                        {
                                                            "Node Type": "Hash Join",
                                                            "Parent Relationship": "Outer",
                                                            "Parallel Aware": true,
                                                            "Async Capable": false,
                                                            "Join Type": "Inner",
                                                            "Startup Cost": 209755.73,
                                                            "Total Cost": 1081475.64,
                                                            "Plan Rows": 658212,
                                                            "Plan Width": 28,
                                                            "Actual Startup Time": 13331.341,
                                                            "Actual Total Time": 14448.018,
                                                            "Actual Rows": 49788,
                                                            "Actual Loops": 3,
                                                            "Inner Unique": false,
                                                            "Hash Cond": "(lineitem.l_orderkey = orders.o_orderkey)",
                                                            "Workers": [],
                                                            "Plans": [
                                                                {
                                                                    "Node Type": "Seq Scan",
                                                                    "Parent Relationship": "Outer",
                                                                    "Parallel Aware": true,
                                                                    "Async Capable": false,
                                                                    "Relation Name": "lineitem",
                                                                    "Alias": "lineitem",
                                                                    "Startup Cost": 0.0,
                                                                    "Total Cost": 763881.47,
                                                                    "Plan Rows": 6697035,
                                                                    "Plan Width": 20,
                                                                    "Actual Startup Time": 0.714,
                                                                    "Actual Total Time": 10646.5,
                                                                    "Actual Rows": 5385494,
                                                                    "Actual Loops": 3,
                                                                    "Filter": "(l_shipdate > '1995-03-16'::date)",
                                                                    "Rows Removed by Filter": 4614438,
                                                                    "Workers": []
                                                                },
                                                                {
                                                                    "Node Type": "Hash",
                                                                    "Parent Relationship": "Inner",
                                                                    "Parallel Aware": true,
                                                                    "Async Capable": false,
                                                                    "Startup Cost": 204416.23,
                                                                    "Total Cost": 204416.23,
                                                                    "Plan Rows": 307160,
                                                                    "Plan Width": 12,
                                                                    "Actual Startup Time": 1263.073,
                                                                    "Actual Total Time": 1263.078,
                                                                    "Actual Rows": 242944,
                                                                    "Actual Loops": 3,
                                                                    "Hash Buckets": 131072,
                                                                    "Original Hash Buckets": 131072,
                                                                    "Hash Batches": 16,
                                                                    "Original Hash Batches": 16,
                                                                    "Peak Memory Usage": 3200,
                                                                    "Workers": [],
                                                                    "Plans": [
                                                                        {
                                                                            "Node Type": "Hash Join",
                                                                            "Parent Relationship": "Outer",
                                                                            "Parallel Aware": true,
                                                                            "Async Capable": false,
                                                                            "Join Type": "Inner",
                                                                            "Startup Cost": 23223.89,
                                                                            "Total Cost": 204416.23,
                                                                            "Plan Rows": 307160,
                                                                            "Plan Width": 12,
                                                                            "Actual Startup Time": 382.954,
                                                                            "Actual Total Time": 1163.056,
                                                                            "Actual Rows": 242944,
                                                                            "Actual Loops": 3,
                                                                            "Inner Unique": true,
                                                                            "Hash Cond": "(orders.o_custkey = customer.c_custkey)",
                                                                            "Workers": [],
                                                                            "Plans": [
                                                                                {
                                                                                    "Node Type": "Seq Scan",
                                                                                    "Parent Relationship": "Outer",
                                                                                    "Parallel Aware": true,
                                                                                    "Async Capable": false,
                                                                                    "Relation Name": "orders",
                                                                                    "Alias": "orders",
                                                                                    "Startup Cost": 0.0,
                                                                                    "Total Cost": 177178.24,
                                                                                    "Plan Rows": 1529172,
                                                                                    "Plan Width": 20,
                                                                                    "Actual Startup Time": 0.04,
                                                                                    "Actual Total Time": 417.332,
                                                                                    "Actual Rows": 1215931,
                                                                                    "Actual Loops": 3,
                                                                                    "Filter": "(o_orderdate < '1995-03-16'::date)",
                                                                                    "Rows Removed by Filter": 1284069,
                                                                                    "Workers": []
                                                                                },
                                                                                {
                                                                                    "Node Type": "Hash",
                                                                                    "Parent Relationship": "Inner",
                                                                                    "Parallel Aware": true,
                                                                                    "Async Capable": false,
                                                                                    "Startup Cost": 22439.25,
                                                                                    "Total Cost": 22439.25,
                                                                                    "Plan Rows": 62771,
                                                                                    "Plan Width": 4,
                                                                                    "Actual Startup Time": 382.539,
                                                                                    "Actual Total Time": 382.541,
                                                                                    "Actual Rows": 50055,
                                                                                    "Actual Loops": 3,
                                                                                    "Hash Buckets": 262144,
                                                                                    "Original Hash Buckets": 262144,
                                                                                    "Hash Batches": 1,
                                                                                    "Original Hash Batches": 1,
                                                                                    "Peak Memory Usage": 8000,
                                                                                    "Workers": [],
                                                                                    "Plans": [
                                                                                        {
                                                                                            "Node Type": "Seq Scan",
                                                                                            "Parent Relationship": "Outer",
                                                                                            "Parallel Aware": true,
                                                                                            "Async Capable": false,
                                                                                            "Relation Name": "customer",
                                                                                            "Alias": "customer",
                                                                                            "Startup Cost": 0.0,
                                                                                            "Total Cost": 22439.25,
                                                                                            "Plan Rows": 62771,
                                                                                            "Plan Width": 4,
                                                                                            "Actual Startup Time": 240.248,
                                                                                            "Actual Total Time": 280.058,
                                                                                            "Actual Rows": 50055,
                                                                                            "Actual Loops": 3,
                                                                                            "Filter": "(c_mktsegment = 'MACHINERY'::bpchar)",
                                                                                            "Rows Removed by Filter": 199945,
                                                                                            "Workers": []
                                                                                        }
                                                                                    ]
                                                                                }
                                                                            ]
                                                                        }
                                                                    ]
                                                                }
                                                            ]
                                                        }
                                                    ]
                                                }
                                            ]
                                        }
                                    ]
                                }
                            ]
                        }
                    ]
                }
            ]
        },
        "Planning Time": 3.945,
        "Triggers": [],
        "JIT": {
            "Functions": 91,
            "Options": {
                "Inlining": true,
                "Optimization": true,
                "Expressions": true,
                "Deforming": true
            },
            "Timing": {
                "Generation": 28.108,
                "Inlining": 170.312,
                "Optimization": 548.32,
                "Emission": 346.085,
                "Total": 1092.825
            }
        },
        "Execution Time": 15047.789,
        "no_of_partitions": [
            0,
            0,
            0
        ],
        "avg_row_length": [
            141.49479773333334,
            191.867068,
            156.32257463759336
        ],
        "query": "select\n\tl_orderkey,\n\tsum(l_extendedprice * (1 - l_discount)) as revenue,\n\to_orderdate,\n\to_shippriority\nfrom\n\tcustomer,\n\torders,\n\tlineitem\nwhere\n\tc_mktsegment = 'MACHINERY'\n\tand c_custkey = o_custkey\n\tand l_orderkey = o_orderkey\n\tand o_orderdate < date '1995-03-16'\n\tand l_shipdate > date '1995-03-16'\ngroup by\n\tl_orderkey,\n\to_orderdate,\n\to_shippriority\norder by\n\trevenue desc,\n\to_orderdate\nLIMIT 10;"
    },
    {
        "Plan": {
            "Node Type": "Limit",
            "Parallel Aware": false,
            "Async Capable": false,
            "Startup Cost": 191488.15,
            "Total Cost": 242395.13,
            "Plan Rows": 1,
            "Plan Width": 24,
            "Actual Startup Time": 37628.234,
            "Actual Total Time": 37639.64,
            "Actual Rows": 1,
            "Actual Loops": 1,
            "Plans": [
                {
                    "Node Type": "Aggregate",
                    "Strategy": "Sorted",
                    "Partial Mode": "Simple",
                    "Parent Relationship": "Outer",
                    "Parallel Aware": false,
                    "Async Capable": false,
                    "Startup Cost": 191488.15,
                    "Total Cost": 446023.05,
                    "Plan Rows": 5,
                    "Plan Width": 24,
                    "Actual Startup Time": 37619.191,
                    "Actual Total Time": 37630.595,
                    "Actual Rows": 1,
                    "Actual Loops": 1,
                    "Group Key": [
                        "orders.o_orderpriority"
                    ],
                    "Plans": [
                        {
                            "Node Type": "Nested Loop",
                            "Parent Relationship": "Outer",
                            "Parallel Aware": false,
                            "Async Capable": false,
                            "Join Type": "Semi",
                            "Startup Cost": 191488.15,
                            "Total Cost": 445950.08,
                            "Plan Rows": 14584,
                            "Plan Width": 16,
                            "Actual Startup Time": 8745.9,
                            "Actual Total Time": 37553.45,
                            "Actual Rows": 52917,
                            "Actual Loops": 1,
                            "Inner Unique": false,
                            "Plans": [
                                {
                                    "Node Type": "Gather Merge",
                                    "Parent Relationship": "Outer",
                                    "Parallel Aware": false,
                                    "Async Capable": false,
                                    "Startup Cost": 191487.71,
                                    "Total Cost": 224386.35,
                                    "Plan Rows": 282473,
                                    "Plan Width": 20,
                                    "Actual Startup Time": 8744.53,
                                    "Actual Total Time": 8871.162,
                                    "Actual Rows": 57660,
                                    "Actual Loops": 1,
                                    "Workers Planned": 2,
                                    "Workers Launched": 2,
                                    "Plans": [
                                        {
                                            "Node Type": "Sort",
                                            "Parent Relationship": "Outer",
                                            "Parallel Aware": false,
                                            "Async Capable": false,
                                            "Startup Cost": 190487.69,
                                            "Total Cost": 190781.93,
                                            "Plan Rows": 117697,
                                            "Plan Width": 20,
                                            "Actual Startup Time": 8685.68,
                                            "Actual Total Time": 8695.67,
                                            "Actual Rows": 20001,
                                            "Actual Loops": 3,
                                            "Sort Key": [
                                                "orders.o_orderpriority"
                                            ],
                                            "Sort Method": "external merge",
                                            "Sort Space Used": 2840,
                                            "Sort Space Type": "Disk",
                                            "Workers": [
                                                {
                                                    "Worker Number": 0,
                                                    "Sort Method": "external merge",
                                                    "Sort Space Used": 2792,
                                                    "Sort Space Type": "Disk"
                                                },
                                                {
                                                    "Worker Number": 1,
                                                    "Sort Method": "external merge",
                                                    "Sort Space Used": 2800,
                                                    "Sort Space Type": "Disk"
                                                }
                                            ],
                                            "Plans": [
                                                {
                                                    "Node Type": "Bitmap Heap Scan",
                                                    "Parent Relationship": "Outer",
                                                    "Parallel Aware": true,
                                                    "Async Capable": false,
                                                    "Relation Name": "orders",
                                                    "Alias": "orders",
                                                    "Startup Cost": 3871.78,
                                                    "Total Cost": 178159.82,
                                                    "Plan Rows": 117697,
                                                    "Plan Width": 20,
                                                    "Actual Startup Time": 55.106,
                                                    "Actual Total Time": 8610.502,
                                                    "Actual Rows": 95560,
                                                    "Actual Loops": 3,
                                                    "Recheck Cond": "((o_orderdate >= '1995-06-01'::date) AND (o_orderdate < '1995-09-01 00:00:00'::timestamp without time zone))",
                                                    "Rows Removed by Index Recheck": 1141844,
                                                    "Exact Heap Blocks": 18801,
                                                    "Lossy Heap Blocks": 22169,
                                                    "Workers": [],
                                                    "Plans": [
                                                        {
                                                            "Node Type": "Bitmap Index Scan",
                                                            "Parent Relationship": "Outer",
                                                            "Parallel Aware": false,
                                                            "Async Capable": false,
                                                            "Index Name": "idx_orders_orderdate",
                                                            "Startup Cost": 0.0,
                                                            "Total Cost": 3801.16,
                                                            "Plan Rows": 282473,
                                                            "Plan Width": 0,
                                                            "Actual Startup Time": 90.601,
                                                            "Actual Total Time": 90.602,
                                                            "Actual Rows": 286681,
                                                            "Actual Loops": 1,
                                                            "Index Cond": "((o_orderdate >= '1995-06-01'::date) AND (o_orderdate < '1995-09-01 00:00:00'::timestamp without time zone))",
                                                            "Workers": []
                                                        }
                                                    ]
                                                }
                                            ]
                                        }
                                    ]
                                },
                                {
                                    "Node Type": "Index Scan",
                                    "Parent Relationship": "Inner",
                                    "Parallel Aware": false,
                                    "Async Capable": false,
                                    "Scan Direction": "Forward",
                                    "Index Name": "idx_lineitem_orderkey",
                                    "Relation Name": "lineitem",
                                    "Alias": "lineitem",
                                    "Startup Cost": 0.44,
                                    "Total Cost": 9.01,
                                    "Plan Rows": 26,
                                    "Plan Width": 8,
                                    "Actual Startup Time": 0.495,
                                    "Actual Total Time": 0.495,
                                    "Actual Rows": 1,
                                    "Actual Loops": 57660,
                                    "Index Cond": "(l_orderkey = orders.o_orderkey)",
                                    "Rows Removed by Index Recheck": 0,
                                    "Filter": "(l_commitdate < l_receiptdate)",
                                    "Rows Removed by Filter": 1
                                }
                            ]
                        }
                    ]
                }
            ]
        },
        "Planning Time": 1.327,
        "Triggers": [],
        "JIT": {
            "Functions": 22,
            "Options": {
                "Inlining": false,
                "Optimization": false,
                "Expressions": true,
                "Deforming": true
            },
            "Timing": {
                "Generation": 11.938,
                "Inlining": 0.0,
                "Optimization": 1.099,
                "Emission": 17.835,
                "Total": 30.871
            }
        },
        "Execution Time": 37641.668,
        "no_of_partitions": [
            0,
            0
        ],
        "avg_row_length": [
            141.49479813333335,
            156.32257463759336
        ],
        "query": "select\n\to_orderpriority,\n\tcount(*) as order_count\nfrom\n\torders\nwhere\n\to_orderdate >= date '1995-06-01'\n\tand o_orderdate < date '1995-06-01' + interval '3' month\n\tand exists (\n\t\tselect\n\t\t\t*\n\t\tfrom\n\t\t\tlineitem\n\t\twhere\n\t\t\tl_orderkey = o_orderkey\n\t\t\tand l_commitdate < l_receiptdate\n\t)\ngroup by\n\to_orderpriority\norder by\n\to_orderpriority\nLIMIT 1;\n"
    },
    {
        "Plan": {
            "Node Type": "Limit",
            "Parallel Aware": false,
            "Async Capable": false,
            "Startup Cost": 927705.53,
            "Total Cost": 927705.53,
            "Plan Rows": 1,
            "Plan Width": 58,
            "Actual Startup Time": 21695.011,
            "Actual Total Time": 21704.671,
            "Actual Rows": 1,
            "Actual Loops": 1,
            "Plans": [
                {
                    "Node Type": "Sort",
                    "Parent Relationship": "Outer",
                    "Parallel Aware": false,
                    "Async Capable": false,
                    "Startup Cost": 927705.53,
                    "Total Cost": 927705.59,
                    "Plan Rows": 25,
                    "Plan Width": 58,
                    "Actual Startup Time": 21278.035,
                    "Actual Total Time": 21287.694,
                    "Actual Rows": 1,
                    "Actual Loops": 1,
                    "Sort Key": [
                        "(sum((lineitem.l_extendedprice * ('1'::numeric - lineitem.l_discount)))) DESC"
                    ],
                    "Sort Method": "top-N heapsort",
                    "Sort Space Used": 25,
                    "Sort Space Type": "Memory",
                    "Plans": [
                        {
                            "Node Type": "Aggregate",
                            "Strategy": "Sorted",
                            "Partial Mode": "Finalize",
                            "Parent Relationship": "Outer",
                            "Parallel Aware": false,
                            "Async Capable": false,
                            "Startup Cost": 927511.61,
                            "Total Cost": 927705.4,
                            "Plan Rows": 25,
                            "Plan Width": 58,
                            "Actual Startup Time": 21273.919,
                            "Actual Total Time": 21287.185,
                            "Actual Rows": 5,
                            "Actual Loops": 1,
                            "Group Key": [
                                "nation.n_name"
                            ],
                            "Plans": [
                                {
                                    "Node Type": "Gather Merge",
                                    "Parent Relationship": "Outer",
                                    "Parallel Aware": false,
                                    "Async Capable": false,
                                    "Startup Cost": 927511.61,
                                    "Total Cost": 927704.71,
                                    "Plan Rows": 50,
                                    "Plan Width": 58,
                                    "Actual Startup Time": 21272.886,
                                    "Actual Total Time": 21287.138,
                                    "Actual Rows": 15,
                                    "Actual Loops": 1,
                                    "Workers Planned": 2,
                                    "Workers Launched": 2,
                                    "Plans": [
                                        {
                                            "Node Type": "Aggregate",
                                            "Strategy": "Sorted",
                                            "Partial Mode": "Partial",
                                            "Parent Relationship": "Outer",
                                            "Parallel Aware": false,
                                            "Async Capable": false,
                                            "Startup Cost": 926511.58,
                                            "Total Cost": 926698.92,
                                            "Plan Rows": 25,
                                            "Plan Width": 58,
                                            "Actual Startup Time": 21180.096,
                                            "Actual Total Time": 21183.86,
                                            "Actual Rows": 5,
                                            "Actual Loops": 3,
                                            "Group Key": [
                                                "nation.n_name"
                                            ],
                                            "Workers": [],
                                            "Plans": [
                                                {
                                                    "Node Type": "Sort",
                                                    "Parent Relationship": "Outer",
                                                    "Parallel Aware": false,
                                                    "Async Capable": false,
                                                    "Startup Cost": 926511.58,
                                                    "Total Cost": 926548.99,
                                                    "Plan Rows": 14962,
                                                    "Plan Width": 38,
                                                    "Actual Startup Time": 21179.12,
                                                    "Actual Total Time": 21179.977,
                                                    "Actual Rows": 12131,
                                                    "Actual Loops": 3,
                                                    "Sort Key": [
                                                        "nation.n_name"
                                                    ],
                                                    "Sort Method": "quicksort",
                                                    "Sort Space Used": 1340,
                                                    "Sort Space Type": "Memory",
                                                    "Workers": [
                                                        {
                                                            "Worker Number": 0,
                                                            "Sort Method": "quicksort",
                                                            "Sort Space Used": 1336,
                                                            "Sort Space Type": "Memory"
                                                        },
                                                        {
                                                            "Worker Number": 1,
                                                            "Sort Method": "quicksort",
                                                            "Sort Space Used": 1321,
                                                            "Sort Space Type": "Memory"
                                                        }
                                                    ],
                                                    "Plans": [
                                                        {
                                                            "Node Type": "Hash Join",
                                                            "Parent Relationship": "Outer",
                                                            "Parallel Aware": true,
                                                            "Async Capable": false,
                                                            "Join Type": "Inner",
                                                            "Startup Cost": 26674.37,
                                                            "Total Cost": 925474.04,
                                                            "Plan Rows": 14962,
                                                            "Plan Width": 38,
                                                            "Actual Startup Time": 4043.726,
                                                            "Actual Total Time": 21154.329,
                                                            "Actual Rows": 12131,
                                                            "Actual Loops": 3,
                                                            "Inner Unique": true,
                                                            "Hash Cond": "((lineitem.l_suppkey = supplier.s_suppkey) AND (customer.c_nationkey = supplier.s_nationkey))",
                                                            "Workers": [],
                                                            "Plans": [
                                                                {
                                                                    "Node Type": "Nested Loop",
                                                                    "Parent Relationship": "Outer",
                                                                    "Parallel Aware": false,
                                                                    "Async Capable": false,
                                                                    "Join Type": "Inner",
                                                                    "Startup Cost": 24789.07,
                                                                    "Total Cost": 921624.47,
                                                                    "Plan Rows": 374147,
                                                                    "Plan Width": 58,
                                                                    "Actual Startup Time": 4027.481,
                                                                    "Actual Total Time": 20971.536,
                                                                    "Actual Rows": 301257,
                                                                    "Actual Loops": 3,
                                                                    "Inner Unique": false,
                                                                    "Workers": [],
                                                                    "Plans": [
                                                                        {
                                                                            "Node Type": "Hash Join",
                                                                            "Parent Relationship": "Outer",
                                                                            "Parallel Aware": true,
                                                                            "Async Capable": false,
                                                                            "Join Type": "Inner",
                                                                            "Startup Cost": 24788.63,
                                                                            "Total Cost": 217041.54,
                                                                            "Plan Rows": 93540,
                                                                            "Plan Width": 42,
                                                                            "Actual Startup Time": 4026.469,
                                                                            "Actual Total Time": 4243.504,
                                                                            "Actual Rows": 75390,
                                                                            "Actual Loops": 3,
                                                                            "Inner Unique": false,
                                                                            "Hash Cond": "(orders.o_custkey = customer.c_custkey)",
                                                                            "Workers": [],
                                                                            "Plans": [
                                                                                {
                                                                                    "Node Type": "Seq Scan",
                                                                                    "Parent Relationship": "Outer",
                                                                                    "Parallel Aware": true,
                                                                                    "Async Capable": false,
                                                                                    "Relation Name": "orders",
                                                                                    "Alias": "orders",
                                                                                    "Startup Cost": 0.0,
                                                                                    "Total Cost": 184991.29,
                                                                                    "Plan Rows": 467697,
                                                                                    "Plan Width": 12,
                                                                                    "Actual Startup Time": 0.356,
                                                                                    "Actual Total Time": 3342.512,
                                                                                    "Actual Rows": 378769,
                                                                                    "Actual Loops": 3,
                                                                                    "Filter": "((o_orderdate >= '1995-01-01'::date) AND (o_orderdate < '1996-01-01 00:00:00'::timestamp without time zone))",
                                                                                    "Rows Removed by Filter": 2121231,
                                                                                    "Workers": []
                                                                                },
                                                                                {
                                                                                    "Node Type": "Hash",
                                                                                    "Parent Relationship": "Inner",
                                                                                    "Parallel Aware": true,
                                                                                    "Async Capable": false,
                                                                                    "Startup Cost": 23457.38,
                                                                                    "Total Cost": 23457.38,
                                                                                    "Plan Rows": 62500,
                                                                                    "Plan Width": 42,
                                                                                    "Actual Startup Time": 569.95,
                                                                                    "Actual Total Time": 570.054,
                                                                                    "Actual Rows": 49959,
                                                                                    "Actual Loops": 3,
                                                                                    "Hash Buckets": 65536,
                                                                                    "Original Hash Buckets": 65536,
                                                                                    "Hash Batches": 4,
                                                                                    "Original Hash Batches": 4,
                                                                                    "Peak Memory Usage": 3520,
                                                                                    "Workers": [],
                                                                                    "Plans": [
                                                                                        {
                                                                                            "Node Type": "Hash Join",
                                                                                            "Parent Relationship": "Outer",
                                                                                            "Parallel Aware": false,
                                                                                            "Async Capable": false,
                                                                                            "Join Type": "Inner",
                                                                                            "Startup Cost": 2.51,
                                                                                            "Total Cost": 23457.38,
                                                                                            "Plan Rows": 62500,
                                                                                            "Plan Width": 42,
                                                                                            "Actual Startup Time": 358.088,
                                                                                            "Actual Total Time": 532.912,
                                                                                            "Actual Rows": 49959,
                                                                                            "Actual Loops": 3,
                                                                                            "Inner Unique": false,
                                                                                            "Hash Cond": "(customer.c_nationkey = nation.n_nationkey)",
                                                                                            "Workers": [],
                                                                                            "Plans": [
                                                                                                {
                                                                                                    "Node Type": "Seq Scan",
                                                                                                    "Parent Relationship": "Outer",
                                                                                                    "Parallel Aware": true,
                                                                                                    "Async Capable": false,
                                                                                                    "Relation Name": "customer",
                                                                                                    "Alias": "customer",
                                                                                                    "Startup Cost": 0.0,
                                                                                                    "Total Cost": 21658.0,
                                                                                                    "Plan Rows": 312500,
                                                                                                    "Plan Width": 12,
                                                                                                    "Actual Startup Time": 0.421,
                                                                                                    "Actual Total Time": 145.218,
                                                                                                    "Actual Rows": 250000,
                                                                                                    "Actual Loops": 3,
                                                                                                    "Workers": []
                                                                                                },
                                                                                                {
                                                                                                    "Node Type": "Hash",
                                                                                                    "Parent Relationship": "Inner",
                                                                                                    "Parallel Aware": false,
                                                                                                    "Async Capable": false,
                                                                                                    "Startup Cost": 2.45,
                                                                                                    "Total Cost": 2.45,
                                                                                                    "Plan Rows": 5,
                                                                                                    "Plan Width": 30,
                                                                                                    "Actual Startup Time": 357.636,
                                                                                                    "Actual Total Time": 357.639,
                                                                                                    "Actual Rows": 5,
                                                                                                    "Actual Loops": 3,
                                                                                                    "Hash Buckets": 1024,
                                                                                                    "Original Hash Buckets": 1024,
                                                                                                    "Hash Batches": 1,
                                                                                                    "Original Hash Batches": 1,
                                                                                                    "Peak Memory Usage": 9,
                                                                                                    "Workers": [],
                                                                                                    "Plans": [
                                                                                                        {
                                                                                                            "Node Type": "Hash Join",
                                                                                                            "Parent Relationship": "Outer",
                                                                                                            "Parallel Aware": false,
                                                                                                            "Async Capable": false,
                                                                                                            "Join Type": "Inner",
                                                                                                            "Startup Cost": 1.07,
                                                                                                            "Total Cost": 2.45,
                                                                                                            "Plan Rows": 5,
                                                                                                            "Plan Width": 30,
                                                                                                            "Actual Startup Time": 357.626,
                                                                                                            "Actual Total Time": 357.633,
                                                                                                            "Actual Rows": 5,
                                                                                                            "Actual Loops": 3,
                                                                                                            "Inner Unique": true,
                                                                                                            "Hash Cond": "(nation.n_regionkey = region.r_regionkey)",
                                                                                                            "Workers": [],
                                                                                                            "Plans": [
                                                                                                                {
                                                                                                                    "Node Type": "Seq Scan",
                                                                                                                    "Parent Relationship": "Outer",
                                                                                                                    "Parallel Aware": false,
                                                                                                                    "Async Capable": false,
                                                                                                                    "Relation Name": "nation",
                                                                                                                    "Alias": "nation",
                                                                                                                    "Startup Cost": 0.0,
                                                                                                                    "Total Cost": 1.25,
                                                                                                                    "Plan Rows": 25,
                                                                                                                    "Plan Width": 38,
                                                                                                                    "Actual Startup Time": 0.019,
                                                                                                                    "Actual Total Time": 0.022,
                                                                                                                    "Actual Rows": 25,
                                                                                                                    "Actual Loops": 3,
                                                                                                                    "Workers": []
                                                                                                                },
                                                                                                                {
                                                                                                                    "Node Type": "Hash",
                                                                                                                    "Parent Relationship": "Inner",
                                                                                                                    "Parallel Aware": false,
                                                                                                                    "Async Capable": false,
                                                                                                                    "Startup Cost": 1.06,
                                                                                                                    "Total Cost": 1.06,
                                                                                                                    "Plan Rows": 1,
                                                                                                                    "Plan Width": 4,
                                                                                                                    "Actual Startup Time": 357.588,
                                                                                                                    "Actual Total Time": 357.589,
                                                                                                                    "Actual Rows": 1,
                                                                                                                    "Actual Loops": 3,
                                                                                                                    "Hash Buckets": 1024,
                                                                                                                    "Original Hash Buckets": 1024,
                                                                                                                    "Hash Batches": 1,
                                                                                                                    "Original Hash Batches": 1,
                                                                                                                    "Peak Memory Usage": 9,
                                                                                                                    "Workers": [],
                                                                                                                    "Plans": [
                                                                                                                        {
                                                                                                                            "Node Type": "Seq Scan",
                                                                                                                            "Parent Relationship": "Outer",
                                                                                                                            "Parallel Aware": false,
                                                                                                                            "Async Capable": false,
                                                                                                                            "Relation Name": "region",
                                                                                                                            "Alias": "region",
                                                                                                                            "Startup Cost": 0.0,
                                                                                                                            "Total Cost": 1.06,
                                                                                                                            "Plan Rows": 1,
                                                                                                                            "Plan Width": 4,
                                                                                                                            "Actual Startup Time": 357.573,
                                                                                                                            "Actual Total Time": 357.575,
                                                                                                                            "Actual Rows": 1,
                                                                                                                            "Actual Loops": 3,
                                                                                                                            "Filter": "(r_name = 'AMERICA'::bpchar)",
                                                                                                                            "Rows Removed by Filter": 4,
                                                                                                                            "Workers": []
                                                                                                                        }
                                                                                                                    ]
                                                                                                                }
                                                                                                            ]
                                                                                                        }
                                                                                                    ]
                                                                                                }
                                                                                            ]
                                                                                        }
                                                                                    ]
                                                                                }
                                                                            ]
                                                                        },
                                                                        {
                                                                            "Node Type": "Index Scan",
                                                                            "Parent Relationship": "Inner",
                                                                            "Parallel Aware": false,
                                                                            "Async Capable": false,
                                                                            "Scan Direction": "Forward",
                                                                            "Index Name": "idx_lineitem_orderkey",
                                                                            "Relation Name": "lineitem",
                                                                            "Alias": "lineitem",
                                                                            "Startup Cost": 0.44,
                                                                            "Total Cost": 6.76,
                                                                            "Plan Rows": 77,
                                                                            "Plan Width": 28,
                                                                            "Actual Startup Time": 0.208,
                                                                            "Actual Total Time": 0.22,
                                                                            "Actual Rows": 4,
                                                                            "Actual Loops": 226169,
                                                                            "Index Cond": "(l_orderkey = orders.o_orderkey)",
                                                                            "Rows Removed by Index Recheck": 0,
                                                                            "Workers": []
                                                                        }
                                                                    ]
                                                                },
                                                                {
                                                                    "Node Type": "Hash",
                                                                    "Parent Relationship": "Inner",
                                                                    "Parallel Aware": true,
                                                                    "Async Capable": false,
                                                                    "Startup Cost": 1444.12,
                                                                    "Total Cost": 1444.12,
                                                                    "Plan Rows": 29412,
                                                                    "Plan Width": 12,
                                                                    "Actual Startup Time": 13.553,
                                                                    "Actual Total Time": 13.554,
                                                                    "Actual Rows": 16667,
                                                                    "Actual Loops": 3,
                                                                    "Hash Buckets": 65536,
                                                                    "Original Hash Buckets": 65536,
                                                                    "Hash Batches": 1,
                                                                    "Original Hash Batches": 1,
                                                                    "Peak Memory Usage": 2880,
                                                                    "Workers": [],
                                                                    "Plans": [
                                                                        {
                                                                            "Node Type": "Seq Scan",
                                                                            "Parent Relationship": "Outer",
                                                                            "Parallel Aware": true,
                                                                            "Async Capable": false,
                                                                            "Relation Name": "supplier",
                                                                            "Alias": "supplier",
                                                                            "Startup Cost": 0.0,
                                                                            "Total Cost": 1444.12,
                                                                            "Plan Rows": 29412,
                                                                            "Plan Width": 12,
                                                                            "Actual Startup Time": 0.402,
                                                                            "Actual Total Time": 26.507,
                                                                            "Actual Rows": 50000,
                                                                            "Actual Loops": 1,
                                                                            "Workers": []
                                                                        }
                                                                    ]
                                                                }
                                                            ]
                                                        }
                                                    ]
                                                }
                                            ]
                                        }
                                    ]
                                }
                            ]
                        }
                    ]
                }
            ]
        },
        "Planning Time": 40.993,
        "Triggers": [],
        "JIT": {
            "Functions": 154,
            "Options": {
                "Inlining": true,
                "Optimization": true,
                "Expressions": true,
                "Deforming": true
            },
            "Timing": {
                "Generation": 17.896,
                "Inlining": 252.573,
                "Optimization": 746.648,
                "Emission": 490.902,
                "Total": 1508.018
            }
        },
        "Execution Time": 21712.382,
        "no_of_partitions": [
            0,
            0,
            0,
            0,
            0,
            0
        ],
        "avg_row_length": [
            156.32257463759336,
            178.07392,
            141.49479733333334,
            121.0,
            139.16,
            191.867068
        ],
        "query": "select\n\tn_name,\n\tsum(l_extendedprice * (1 - l_discount)) as revenue\nfrom\n\tcustomer,\n\torders,\n\tlineitem,\n\tsupplier,\n\tnation,\n\tregion\nwhere\n\tc_custkey = o_custkey\n\tand l_orderkey = o_orderkey\n\tand l_suppkey = s_suppkey\n\tand c_nationkey = s_nationkey\n\tand s_nationkey = n_nationkey\n\tand n_regionkey = r_regionkey\n\tand r_name = 'AMERICA'\n\tand o_orderdate >= date '1995-01-01'\n\tand o_orderdate < date '1995-01-01' + interval '1' year\ngroup by\n\tn_name\norder by\n\trevenue desc\nLIMIT 1;\n"
    },
    {
        "Plan": {
            "Node Type": "Limit",
            "Parallel Aware": false,
            "Async Capable": false,
            "Startup Cost": 891122.87,
            "Total Cost": 891122.88,
            "Plan Rows": 1,
            "Plan Width": 32,
            "Actual Startup Time": 9009.814,
            "Actual Total Time": 9032.767,
            "Actual Rows": 1,
            "Actual Loops": 1,
            "Plans": [
                {
                    "Node Type": "Aggregate",
                    "Strategy": "Plain",
                    "Partial Mode": "Finalize",
                    "Parent Relationship": "Outer",
                    "Parallel Aware": false,
                    "Async Capable": false,
                    "Startup Cost": 891122.87,
                    "Total Cost": 891122.88,
                    "Plan Rows": 1,
                    "Plan Width": 32,
                    "Actual Startup Time": 8825.91,
                    "Actual Total Time": 8848.863,
                    "Actual Rows": 1,
                    "Actual Loops": 1,
                    "Plans": [
                        {
                            "Node Type": "Gather",
                            "Parent Relationship": "Outer",
                            "Parallel Aware": false,
                            "Async Capable": false,
                            "Startup Cost": 891122.65,
                            "Total Cost": 891122.86,
                            "Plan Rows": 2,
                            "Plan Width": 32,
                            "Actual Startup Time": 8824.629,
                            "Actual Total Time": 8848.823,
                            "Actual Rows": 3,
                            "Actual Loops": 1,
                            "Workers Planned": 2,
                            "Workers Launched": 2,
                            "Single Copy": false,
                            "Plans": [
                                {
                                    "Node Type": "Aggregate",
                                    "Strategy": "Plain",
                                    "Partial Mode": "Partial",
                                    "Parent Relationship": "Outer",
                                    "Parallel Aware": false,
                                    "Async Capable": false,
                                    "Startup Cost": 890122.65,
                                    "Total Cost": 890122.66,
                                    "Plan Rows": 1,
                                    "Plan Width": 32,
                                    "Actual Startup Time": 8805.592,
                                    "Actual Total Time": 8805.594,
                                    "Actual Rows": 1,
                                    "Actual Loops": 3,
                                    "Workers": [],
                                    "Plans": [
                                        {
                                            "Node Type": "Seq Scan",
                                            "Parent Relationship": "Outer",
                                            "Parallel Aware": true,
                                            "Async Capable": false,
                                            "Relation Name": "lineitem",
                                            "Alias": "lineitem",
                                            "Startup Cost": 0.0,
                                            "Total Cost": 888886.64,
                                            "Plan Rows": 247200,
                                            "Plan Width": 12,
                                            "Actual Startup Time": 131.148,
                                            "Actual Total Time": 8707.921,
                                            "Actual Rows": 197866,
                                            "Actual Loops": 3,
                                            "Filter": "((l_shipdate >= '1995-01-01'::date) AND (l_shipdate < '1996-01-01 00:00:00'::timestamp without time zone) AND (l_discount >= 0.08) AND (l_discount <= 0.10) AND (l_quantity < '25'::numeric))",
                                            "Rows Removed by Filter": 9802065,
                                            "Workers": []
                                        }
                                    ]
                                }
                            ]
                        }
                    ]
                }
            ]
        },
        "Planning Time": 0.743,
        "Triggers": [],
        "JIT": {
            "Functions": 18,
            "Options": {
                "Inlining": true,
                "Optimization": true,
                "Expressions": true,
                "Deforming": true
            },
            "Timing": {
                "Generation": 12.997,
                "Inlining": 243.2,
                "Optimization": 204.001,
                "Emission": 129.331,
                "Total": 589.529
            }
        },
        "Execution Time": 9035.542,
        "no_of_partitions": [
            0
        ],
        "avg_row_length": [
            156.32257463759336
        ],
        "query": "select\n\tsum(l_extendedprice * l_discount) as revenue\nfrom\n\tlineitem\nwhere\n\tl_shipdate >= date '1995-01-01'\n\tand l_shipdate < date '1995-01-01' + interval '1' year\n\tand l_discount between 0.09 - 0.01 and 0.09 + 0.01\n\tand l_quantity < 25\nLIMIT 1;"
    },
    {
        "Plan": {
            "Node Type": "Limit",
            "Parallel Aware": false,
            "Async Capable": false,
            "Startup Cost": 856276.51,
            "Total Cost": 856744.35,
            "Plan Rows": 1,
            "Plan Width": 116,
            "Actual Startup Time": 55389.263,
            "Actual Total Time": 55403.104,
            "Actual Rows": 1,
            "Actual Loops": 1,
            "Plans": [
                {
                    "Node Type": "Aggregate",
                    "Strategy": "Sorted",
                    "Partial Mode": "Simple",
                    "Parent Relationship": "Outer",
                    "Parallel Aware": false,
                    "Async Capable": false,
                    "Startup Cost": 856276.51,
                    "Total Cost": 5557126.89,
                    "Plan Rows": 10048,
                    "Plan Width": 116,
                    "Actual Startup Time": 54906.897,
                    "Actual Total Time": 54920.737,
                    "Actual Rows": 1,
                    "Actual Loops": 1,
                    "Group Key": [
                        "n1.n_name",
                        "n2.n_name",
                        "EXTRACT(year FROM lineitem.l_shipdate)"
                    ],
                    "Plans": [
                        {
                            "Node Type": "Nested Loop",
                            "Parent Relationship": "Outer",
                            "Parallel Aware": false,
                            "Async Capable": false,
                            "Join Type": "Inner",
                            "Startup Cost": 856276.51,
                            "Total Cost": 5556524.64,
                            "Plan Rows": 30102,
                            "Plan Width": 96,
                            "Actual Startup Time": 10126.487,
                            "Actual Total Time": 54891.27,
                            "Actual Rows": 7307,
                            "Actual Loops": 1,
                            "Inner Unique": true,
                            "Join Filter": "(n2.n_nationkey = customer.c_nationkey)",
                            "Rows Removed by Join Filter": 172991,
                            "Plans": [
                                {
                                    "Node Type": "Nested Loop",
                                    "Parent Relationship": "Outer",
                                    "Parallel Aware": false,
                                    "Async Capable": false,
                                    "Join Type": "Inner",
                                    "Startup Cost": 856276.09,
                                    "Total Cost": 3304602.18,
                                    "Plan Rows": 752554,
                                    "Plan Width": 80,
                                    "Actual Startup Time": 10116.784,
                                    "Actual Total Time": 44686.571,
                                    "Actual Rows": 180298,
                                    "Actual Loops": 1,
                                    "Inner Unique": true,
                                    "Plans": [
                                        {
                                            "Node Type": "Gather Merge",
                                            "Parent Relationship": "Outer",
                                            "Parallel Aware": false,
                                            "Async Capable": false,
                                            "Startup Cost": 856275.65,
                                            "Total Cost": 943922.97,
                                            "Plan Rows": 752554,
                                            "Plan Width": 80,
                                            "Actual Startup Time": 10114.349,
                                            "Actual Total Time": 10597.839,
                                            "Actual Rows": 180298,
                                            "Actual Loops": 1,
                                            "Workers Planned": 2,
                                            "Workers Launched": 2,
                                            "Plans": [
                                                {
                                                    "Node Type": "Sort",
                                                    "Parent Relationship": "Outer",
                                                    "Parallel Aware": false,
                                                    "Async Capable": false,
                                                    "Startup Cost": 855275.63,
                                                    "Total Cost": 856059.54,
                                                    "Plan Rows": 313564,
                                                    "Plan Width": 80,
                                                    "Actual Startup Time": 10064.186,
                                                    "Actual Total Time": 10155.411,
                                                    "Actual Rows": 60431,
                                                    "Actual Loops": 3,
                                                    "Sort Key": [
                                                        "n1.n_name",
                                                        "n2.n_name",
                                                        "(EXTRACT(year FROM lineitem.l_shipdate))"
                                                    ],
                                                    "Sort Method": "external merge",
                                                    "Sort Space Used": 25072,
                                                    "Sort Space Type": "Disk",
                                                    "Workers": [
                                                        {
                                                            "Worker Number": 0,
                                                            "Sort Method": "external merge",
                                                            "Sort Space Used": 23336,
                                                            "Sort Space Type": "Disk"
                                                        },
                                                        {
                                                            "Worker Number": 1,
                                                            "Sort Method": "external merge",
                                                            "Sort Space Used": 23416,
                                                            "Sort Space Type": "Disk"
                                                        }
                                                    ],
                                                    "Plans": [
                                                        {
                                                            "Node Type": "Hash Join",
                                                            "Parent Relationship": "Outer",
                                                            "Parallel Aware": true,
                                                            "Async Capable": false,
                                                            "Join Type": "Inner",
                                                            "Startup Cost": 1611.41,
                                                            "Total Cost": 812716.25,
                                                            "Plan Rows": 313564,
                                                            "Plan Width": 80,
                                                            "Actual Startup Time": 427.453,
                                                            "Actual Total Time": 9744.027,
                                                            "Actual Rows": 241617,
                                                            "Actual Loops": 3,
                                                            "Inner Unique": false,
                                                            "Hash Cond": "(lineitem.l_suppkey = supplier.s_suppkey)",
                                                            "Workers": [],
                                                            "Plans": [
                                                                {
                                                                    "Node Type": "Seq Scan",
                                                                    "Parent Relationship": "Outer",
                                                                    "Parallel Aware": true,
                                                                    "Async Capable": false,
                                                                    "Relation Name": "lineitem",
                                                                    "Alias": "lineitem",
                                                                    "Startup Cost": 0.0,
                                                                    "Total Cost": 795132.76,
                                                                    "Plan Rows": 3767352,
                                                                    "Plan Width": 32,
                                                                    "Actual Startup Time": 422.332,
                                                                    "Actual Total Time": 9021.724,
                                                                    "Actual Rows": 3037740,
                                                                    "Actual Loops": 3,
                                                                    "Filter": "((l_shipdate >= '1995-01-01'::date) AND (l_shipdate <= '1996-12-31'::date))",
                                                                    "Rows Removed by Filter": 6962192,
                                                                    "Workers": []
                                                                },
                                                                {
                                                                    "Node Type": "Hash",
                                                                    "Parent Relationship": "Inner",
                                                                    "Parallel Aware": true,
                                                                    "Async Capable": false,
                                                                    "Startup Cost": 1580.81,
                                                                    "Total Cost": 1580.81,
                                                                    "Plan Rows": 2448,
                                                                    "Plan Width": 60,
                                                                    "Actual Startup Time": 4.329,
                                                                    "Actual Total Time": 4.335,
                                                                    "Actual Rows": 1325,
                                                                    "Actual Loops": 3,
                                                                    "Hash Buckets": 8192,
                                                                    "Original Hash Buckets": 8192,
                                                                    "Hash Batches": 1,
                                                                    "Original Hash Batches": 1,
                                                                    "Peak Memory Usage": 448,
                                                                    "Workers": [],
                                                                    "Plans": [
                                                                        {
                                                                            "Node Type": "Hash Join",
                                                                            "Parent Relationship": "Outer",
                                                                            "Parallel Aware": false,
                                                                            "Async Capable": false,
                                                                            "Join Type": "Inner",
                                                                            "Startup Cost": 2.87,
                                                                            "Total Cost": 1580.81,
                                                                            "Plan Rows": 2448,
                                                                            "Plan Width": 60,
                                                                            "Actual Startup Time": 1.056,
                                                                            "Actual Total Time": 11.721,
                                                                            "Actual Rows": 3975,
                                                                            "Actual Loops": 1,
                                                                            "Inner Unique": false,
                                                                            "Hash Cond": "(supplier.s_nationkey = n1.n_nationkey)",
                                                                            "Workers": [],
                                                                            "Plans": [
                                                                                {
                                                                                    "Node Type": "Seq Scan",
                                                                                    "Parent Relationship": "Outer",
                                                                                    "Parallel Aware": true,
                                                                                    "Async Capable": false,
                                                                                    "Relation Name": "supplier",
                                                                                    "Alias": "supplier",
                                                                                    "Startup Cost": 0.0,
                                                                                    "Total Cost": 1444.12,
                                                                                    "Plan Rows": 29412,
                                                                                    "Plan Width": 12,
                                                                                    "Actual Startup Time": 0.007,
                                                                                    "Actual Total Time": 4.57,
                                                                                    "Actual Rows": 50000,
                                                                                    "Actual Loops": 1,
                                                                                    "Workers": []
                                                                                },
                                                                                {
                                                                                    "Node Type": "Hash",
                                                                                    "Parent Relationship": "Inner",
                                                                                    "Parallel Aware": false,
                                                                                    "Async Capable": false,
                                                                                    "Startup Cost": 2.84,
                                                                                    "Total Cost": 2.84,
                                                                                    "Plan Rows": 2,
                                                                                    "Plan Width": 60,
                                                                                    "Actual Startup Time": 0.612,
                                                                                    "Actual Total Time": 0.616,
                                                                                    "Actual Rows": 2,
                                                                                    "Actual Loops": 1,
                                                                                    "Hash Buckets": 1024,
                                                                                    "Original Hash Buckets": 1024,
                                                                                    "Hash Batches": 1,
                                                                                    "Original Hash Batches": 1,
                                                                                    "Peak Memory Usage": 9,
                                                                                    "Workers": [],
                                                                                    "Plans": [
                                                                                        {
                                                                                            "Node Type": "Nested Loop",
                                                                                            "Parent Relationship": "Outer",
                                                                                            "Parallel Aware": false,
                                                                                            "Async Capable": false,
                                                                                            "Join Type": "Inner",
                                                                                            "Startup Cost": 0.0,
                                                                                            "Total Cost": 2.84,
                                                                                            "Plan Rows": 2,
                                                                                            "Plan Width": 60,
                                                                                            "Actual Startup Time": 0.05,
                                                                                            "Actual Total Time": 0.063,
                                                                                            "Actual Rows": 2,
                                                                                            "Actual Loops": 1,
                                                                                            "Inner Unique": false,
                                                                                            "Join Filter": "(((n1.n_name = 'UNITED STATES'::bpchar) AND (n2.n_name = 'CHINA'::bpchar)) OR ((n1.n_name = 'CHINA'::bpchar) AND (n2.n_name = 'UNITED STATES'::bpchar)))",
                                                                                            "Rows Removed by Join Filter": 2,
                                                                                            "Workers": [],
                                                                                            "Plans": [
                                                                                                {
                                                                                                    "Node Type": "Seq Scan",
                                                                                                    "Parent Relationship": "Outer",
                                                                                                    "Parallel Aware": false,
                                                                                                    "Async Capable": false,
                                                                                                    "Relation Name": "nation",
                                                                                                    "Alias": "n1",
                                                                                                    "Startup Cost": 0.0,
                                                                                                    "Total Cost": 1.38,
                                                                                                    "Plan Rows": 2,
                                                                                                    "Plan Width": 30,
                                                                                                    "Actual Startup Time": 0.032,
                                                                                                    "Actual Total Time": 0.035,
                                                                                                    "Actual Rows": 2,
                                                                                                    "Actual Loops": 1,
                                                                                                    "Filter": "((n_name = 'UNITED STATES'::bpchar) OR (n_name = 'CHINA'::bpchar))",
                                                                                                    "Rows Removed by Filter": 23,
                                                                                                    "Workers": []
                                                                                                },
                                                                                                {
                                                                                                    "Node Type": "Materialize",
                                                                                                    "Parent Relationship": "Inner",
                                                                                                    "Parallel Aware": false,
                                                                                                    "Async Capable": false,
                                                                                                    "Startup Cost": 0.0,
                                                                                                    "Total Cost": 1.39,
                                                                                                    "Plan Rows": 2,
                                                                                                    "Plan Width": 30,
                                                                                                    "Actual Startup Time": 0.005,
                                                                                                    "Actual Total Time": 0.008,
                                                                                                    "Actual Rows": 2,
                                                                                                    "Actual Loops": 2,
                                                                                                    "Workers": [],
                                                                                                    "Plans": [
                                                                                                        {
                                                                                                            "Node Type": "Seq Scan",
                                                                                                            "Parent Relationship": "Outer",
                                                                                                            "Parallel Aware": false,
                                                                                                            "Async Capable": false,
                                                                                                            "Relation Name": "nation",
                                                                                                            "Alias": "n2",
                                                                                                            "Startup Cost": 0.0,
                                                                                                            "Total Cost": 1.38,
                                                                                                            "Plan Rows": 2,
                                                                                                            "Plan Width": 30,
                                                                                                            "Actual Startup Time": 0.008,
                                                                                                            "Actual Total Time": 0.011,
                                                                                                            "Actual Rows": 2,
                                                                                                            "Actual Loops": 1,
                                                                                                            "Filter": "((n_name = 'CHINA'::bpchar) OR (n_name = 'UNITED STATES'::bpchar))",
                                                                                                            "Rows Removed by Filter": 23,
                                                                                                            "Workers": []
                                                                                                        }
                                                                                                    ]
                                                                                                }
                                                                                            ]
                                                                                        }
                                                                                    ]
                                                                                }
                                                                            ]
                                                                        }
                                                                    ]
                                                                }
                                                            ]
                                                        }
                                                    ]
                                                }
                                            ]
                                        },
                                        {
                                            "Node Type": "Index Scan",
                                            "Parent Relationship": "Inner",
                                            "Parallel Aware": false,
                                            "Async Capable": false,
                                            "Scan Direction": "Forward",
                                            "Index Name": "orders_pkey",
                                            "Relation Name": "orders",
                                            "Alias": "orders",
                                            "Startup Cost": 0.43,
                                            "Total Cost": 3.14,
                                            "Plan Rows": 1,
                                            "Plan Width": 12,
                                            "Actual Startup Time": 0.188,
                                            "Actual Total Time": 0.188,
                                            "Actual Rows": 1,
                                            "Actual Loops": 180298,
                                            "Index Cond": "(o_orderkey = lineitem.l_orderkey)",
                                            "Rows Removed by Index Recheck": 0
                                        }
                                    ]
                                },
                                {
                                    "Node Type": "Index Scan",
                                    "Parent Relationship": "Inner",
                                    "Parallel Aware": false,
                                    "Async Capable": false,
                                    "Scan Direction": "Forward",
                                    "Index Name": "customer_pkey",
                                    "Relation Name": "customer",
                                    "Alias": "customer",
                                    "Startup Cost": 0.42,
                                    "Total Cost": 2.98,
                                    "Plan Rows": 1,
                                    "Plan Width": 12,
                                    "Actual Startup Time": 0.054,
                                    "Actual Total Time": 0.055,
                                    "Actual Rows": 1,
                                    "Actual Loops": 180298,
                                    "Index Cond": "(c_custkey = orders.o_custkey)",
                                    "Rows Removed by Index Recheck": 0
                                }
                            ]
                        }
                    ]
                }
            ]
        },
        "Planning Time": 43.363,
        "Triggers": [],
        "JIT": {
            "Functions": 112,
            "Options": {
                "Inlining": true,
                "Optimization": true,
                "Expressions": true,
                "Deforming": true
            },
            "Timing": {
                "Generation": 9.917,
                "Inlining": 225.436,
                "Optimization": 861.507,
                "Emission": 661.643,
                "Total": 1758.503
            }
        },
        "Execution Time": 55409.104,
        "no_of_partitions": [
            0,
            0,
            0,
            0,
            0
        ],
        "avg_row_length": [
            156.32257463759336,
            178.07392,
            141.49479773333334,
            139.16,
            191.867068
        ],
        "query": "select\n\tsupp_nation,\n\tcust_nation,\n\tl_year,\n\tsum(volume) as revenue\nfrom\n\t(\n\t\tselect\n\t\t\tn1.n_name as supp_nation,\n\t\t\tn2.n_name as cust_nation,\n\t\t\textract(year from l_shipdate) as l_year,\n\t\t\tl_extendedprice * (1 - l_discount) as volume\n\t\tfrom\n\t\t\tsupplier,\n\t\t\tlineitem,\n\t\t\torders,\n\t\t\tcustomer,\n\t\t\tnation n1,\n\t\t\tnation n2\n\t\twhere\n\t\t\ts_suppkey = l_suppkey\n\t\t\tand o_orderkey = l_orderkey\n\t\t\tand c_custkey = o_custkey\n\t\t\tand s_nationkey = n1.n_nationkey\n\t\t\tand c_nationkey = n2.n_nationkey\n\t\t\tand (\n\t\t\t\t(n1.n_name = 'UNITED STATES' and n2.n_name = 'CHINA')\n\t\t\t\tor (n1.n_name = 'CHINA' and n2.n_name = 'UNITED STATES')\n\t\t\t)\n\t\t\tand l_shipdate between date '1995-01-01' and date '1996-12-31'\n\t) as shipping\ngroup by\n\tsupp_nation,\n\tcust_nation,\n\tl_year\norder by\n\tsupp_nation,\n\tcust_nation,\n\tl_year\nLIMIT 1;"
    },
    {
        "Plan": {
            "Node Type": "Limit",
            "Parallel Aware": false,
            "Async Capable": false,
            "Startup Cost": 233842.16,
            "Total Cost": 237642.34,
            "Plan Rows": 1,
            "Plan Width": 64,
            "Actual Startup Time": 95678.381,
            "Actual Total Time": 95705.047,
            "Actual Rows": 1,
            "Actual Loops": 1,
            "Plans": [
                {
                    "Node Type": "Aggregate",
                    "Strategy": "Sorted",
                    "Partial Mode": "Simple",
                    "Parent Relationship": "Outer",
                    "Parallel Aware": false,
                    "Async Capable": false,
                    "Startup Cost": 233842.16,
                    "Total Cost": 9377090.93,
                    "Plan Rows": 2406,
                    "Plan Width": 64,
                    "Actual Startup Time": 95640.582,
                    "Actual Total Time": 95667.246,
                    "Actual Rows": 1,
                    "Actual Loops": 1,
                    "Group Key": [
                        "EXTRACT(year FROM orders.o_orderdate)"
                    ],
                    "Plans": [
                        {
                            "Node Type": "Nested Loop",
                            "Parent Relationship": "Outer",
                            "Parallel Aware": false,
                            "Async Capable": false,
                            "Join Type": "Inner",
                            "Startup Cost": 233842.16,
                            "Total Cost": 9376799.63,
                            "Plan Rows": 12159,
                            "Plan Width": 70,
                            "Actual Startup Time": 927.621,
                            "Actual Total Time": 95637.074,
                            "Actual Rows": 6263,
                            "Actual Loops": 1,
                            "Inner Unique": true,
                            "Join Filter": "(supplier.s_nationkey = n2.n_nationkey)",
                            "Rows Removed by Join Filter": 75221,
                            "Plans": [
                                {
                                    "Node Type": "Nested Loop",
                                    "Parent Relationship": "Outer",
                                    "Parallel Aware": false,
                                    "Async Capable": false,
                                    "Join Type": "Inner",
                                    "Startup Cost": 233842.16,
                                    "Total Cost": 9372376.53,
                                    "Plan Rows": 12159,
                                    "Plan Width": 24,
                                    "Actual Startup Time": 927.596,
                                    "Actual Total Time": 95588.678,
                                    "Actual Rows": 6263,
                                    "Actual Loops": 1,
                                    "Inner Unique": true,
                                    "Plans": [
                                        {
                                            "Node Type": "Nested Loop",
                                            "Parent Relationship": "Outer",
                                            "Parallel Aware": false,
                                            "Async Capable": false,
                                            "Join Type": "Inner",
                                            "Startup Cost": 233841.87,
                                            "Total Cost": 9336385.96,
                                            "Plan Rows": 12159,
                                            "Plan Width": 24,
                                            "Actual Startup Time": 927.307,
                                            "Actual Total Time": 95273.566,
                                            "Actual Rows": 6263,
                                            "Actual Loops": 1,
                                            "Inner Unique": true,
                                            "Plans": [
                                                {
                                                    "Node Type": "Nested Loop",
                                                    "Parent Relationship": "Outer",
                                                    "Parallel Aware": false,
                                                    "Async Capable": false,
                                                    "Join Type": "Inner",
                                                    "Startup Cost": 233841.44,
                                                    "Total Cost": 3632687.83,
                                                    "Plan Rows": 1823749,
                                                    "Plan Width": 32,
                                                    "Actual Startup Time": 883.666,
                                                    "Actual Total Time": 78674.662,
                                                    "Actual Rows": 909433,
                                                    "Actual Loops": 1,
                                                    "Inner Unique": false,
                                                    "Plans": [
                                                        {
                                                            "Node Type": "Gather Merge",
                                                            "Parent Relationship": "Outer",
                                                            "Parallel Aware": false,
                                                            "Async Capable": false,
                                                            "Startup Cost": 233841.0,
                                                            "Total Cost": 286943.89,
                                                            "Plan Rows": 455950,
                                                            "Plan Width": 8,
                                                            "Actual Startup Time": 882.095,
                                                            "Actual Total Time": 1471.755,
                                                            "Actual Rows": 227808,
                                                            "Actual Loops": 1,
                                                            "Workers Planned": 2,
                                                            "Workers Launched": 2,
                                                            "Plans": [
                                                                {
                                                                    "Node Type": "Sort",
                                                                    "Parent Relationship": "Outer",
                                                                    "Parallel Aware": false,
                                                                    "Async Capable": false,
                                                                    "Startup Cost": 232840.98,
                                                                    "Total Cost": 233315.93,
                                                                    "Plan Rows": 189979,
                                                                    "Plan Width": 8,
                                                                    "Actual Startup Time": 862.598,
                                                                    "Actual Total Time": 923.395,
                                                                    "Actual Rows": 76918,
                                                                    "Actual Loops": 3,
                                                                    "Sort Key": [
                                                                        "(EXTRACT(year FROM orders.o_orderdate))"
                                                                    ],
                                                                    "Sort Method": "external merge",
                                                                    "Sort Space Used": 3376,
                                                                    "Sort Space Type": "Disk",
                                                                    "Workers": [
                                                                        {
                                                                            "Worker Number": 0,
                                                                            "Sort Method": "external merge",
                                                                            "Sort Space Used": 3464,
                                                                            "Sort Space Type": "Disk"
                                                                        },
                                                                        {
                                                                            "Worker Number": 1,
                                                                            "Sort Method": "external merge",
                                                                            "Sort Space Used": 3480,
                                                                            "Sort Space Type": "Disk"
                                                                        }
                                                                    ],
                                                                    "Plans": [
                                                                        {
                                                                            "Node Type": "Hash Join",
                                                                            "Parent Relationship": "Outer",
                                                                            "Parallel Aware": true,
                                                                            "Async Capable": false,
                                                                            "Join Type": "Inner",
                                                                            "Startup Cost": 24238.63,
                                                                            "Total Cost": 213583.61,
                                                                            "Plan Rows": 189979,
                                                                            "Plan Width": 8,
                                                                            "Actual Startup Time": 98.49,
                                                                            "Actual Total Time": 802.491,
                                                                            "Actual Rows": 152365,
                                                                            "Actual Loops": 3,
                                                                            "Inner Unique": false,
                                                                            "Hash Cond": "(orders.o_custkey = customer.c_custkey)",
                                                                            "Workers": [],
                                                                            "Plans": [
                                                                                {
                                                                                    "Node Type": "Seq Scan",
                                                                                    "Parent Relationship": "Outer",
                                                                                    "Parallel Aware": true,
                                                                                    "Async Capable": false,
                                                                                    "Relation Name": "orders",
                                                                                    "Alias": "orders",
                                                                                    "Startup Cost": 0.0,
                                                                                    "Total Cost": 184991.29,
                                                                                    "Plan Rows": 949897,
                                                                                    "Plan Width": 16,
                                                                                    "Actual Startup Time": 0.044,
                                                                                    "Actual Total Time": 439.816,
                                                                                    "Actual Rows": 759288,
                                                                                    "Actual Loops": 3,
                                                                                    "Filter": "((o_orderdate >= '1995-01-01'::date) AND (o_orderdate <= '1996-12-31'::date))",
                                                                                    "Rows Removed by Filter": 1740712,
                                                                                    "Workers": []
                                                                                },
                                                                                {
                                                                                    "Node Type": "Hash",
                                                                                    "Parent Relationship": "Inner",
                                                                                    "Parallel Aware": true,
                                                                                    "Async Capable": false,
                                                                                    "Startup Cost": 23457.38,
                                                                                    "Total Cost": 23457.38,
                                                                                    "Plan Rows": 62500,
                                                                                    "Plan Width": 4,
                                                                                    "Actual Startup Time": 96.615,
                                                                                    "Actual Total Time": 97.305,
                                                                                    "Actual Rows": 50136,
                                                                                    "Actual Loops": 3,
                                                                                    "Hash Buckets": 262144,
                                                                                    "Original Hash Buckets": 262144,
                                                                                    "Hash Batches": 1,
                                                                                    "Original Hash Batches": 1,
                                                                                    "Peak Memory Usage": 7968,
                                                                                    "Workers": [],
                                                                                    "Plans": [
                                                                                        {
                                                                                            "Node Type": "Hash Join",
                                                                                            "Parent Relationship": "Outer",
                                                                                            "Parallel Aware": false,
                                                                                            "Async Capable": false,
                                                                                            "Join Type": "Inner",
                                                                                            "Startup Cost": 2.51,
                                                                                            "Total Cost": 23457.38,
                                                                                            "Plan Rows": 62500,
                                                                                            "Plan Width": 4,
                                                                                            "Actual Startup Time": 13.135,
                                                                                            "Actual Total Time": 82.785,
                                                                                            "Actual Rows": 50136,
                                                                                            "Actual Loops": 3,
                                                                                            "Inner Unique": false,
                                                                                            "Hash Cond": "(customer.c_nationkey = n1.n_nationkey)",
                                                                                            "Workers": [],
                                                                                            "Plans": [
                                                                                                {
                                                                                                    "Node Type": "Seq Scan",
                                                                                                    "Parent Relationship": "Outer",
                                                                                                    "Parallel Aware": true,
                                                                                                    "Async Capable": false,
                                                                                                    "Relation Name": "customer",
                                                                                                    "Alias": "customer",
                                                                                                    "Startup Cost": 0.0,
                                                                                                    "Total Cost": 21658.0,
                                                                                                    "Plan Rows": 312500,
                                                                                                    "Plan Width": 12,
                                                                                                    "Actual Startup Time": 0.018,
                                                                                                    "Actual Total Time": 33.321,
                                                                                                    "Actual Rows": 250000,
                                                                                                    "Actual Loops": 3,
                                                                                                    "Workers": []
                                                                                                },
                                                                                                {
                                                                                                    "Node Type": "Hash",
                                                                                                    "Parent Relationship": "Inner",
                                                                                                    "Parallel Aware": false,
                                                                                                    "Async Capable": false,
                                                                                                    "Startup Cost": 2.45,
                                                                                                    "Total Cost": 2.45,
                                                                                                    "Plan Rows": 5,
                                                                                                    "Plan Width": 4,
                                                                                                    "Actual Startup Time": 13.094,
                                                                                                    "Actual Total Time": 13.486,
                                                                                                    "Actual Rows": 5,
                                                                                                    "Actual Loops": 3,
                                                                                                    "Hash Buckets": 1024,
                                                                                                    "Original Hash Buckets": 1024,
                                                                                                    "Hash Batches": 1,
                                                                                                    "Original Hash Batches": 1,
                                                                                                    "Peak Memory Usage": 9,
                                                                                                    "Workers": [],
                                                                                                    "Plans": [
                                                                                                        {
                                                                                                            "Node Type": "Hash Join",
                                                                                                            "Parent Relationship": "Outer",
                                                                                                            "Parallel Aware": false,
                                                                                                            "Async Capable": false,
                                                                                                            "Join Type": "Inner",
                                                                                                            "Startup Cost": 1.07,
                                                                                                            "Total Cost": 2.45,
                                                                                                            "Plan Rows": 5,
                                                                                                            "Plan Width": 4,
                                                                                                            "Actual Startup Time": 13.084,
                                                                                                            "Actual Total Time": 13.48,
                                                                                                            "Actual Rows": 5,
                                                                                                            "Actual Loops": 3,
                                                                                                            "Inner Unique": true,
                                                                                                            "Hash Cond": "(n1.n_regionkey = region.r_regionkey)",
                                                                                                            "Workers": [],
                                                                                                            "Plans": [
                                                                                                                {
                                                                                                                    "Node Type": "Seq Scan",
                                                                                                                    "Parent Relationship": "Outer",
                                                                                                                    "Parallel Aware": false,
                                                                                                                    "Async Capable": false,
                                                                                                                    "Relation Name": "nation",
                                                                                                                    "Alias": "n1",
                                                                                                                    "Startup Cost": 0.0,
                                                                                                                    "Total Cost": 1.25,
                                                                                                                    "Plan Rows": 25,
                                                                                                                    "Plan Width": 12,
                                                                                                                    "Actual Startup Time": 0.008,
                                                                                                                    "Actual Total Time": 0.098,
                                                                                                                    "Actual Rows": 25,
                                                                                                                    "Actual Loops": 3,
                                                                                                                    "Workers": []
                                                                                                                },
                                                                                                                {
                                                                                                                    "Node Type": "Hash",
                                                                                                                    "Parent Relationship": "Inner",
                                                                                                                    "Parallel Aware": false,
                                                                                                                    "Async Capable": false,
                                                                                                                    "Startup Cost": 1.06,
                                                                                                                    "Total Cost": 1.06,
                                                                                                                    "Plan Rows": 1,
                                                                                                                    "Plan Width": 4,
                                                                                                                    "Actual Startup Time": 12.923,
                                                                                                                    "Actual Total Time": 13.225,
                                                                                                                    "Actual Rows": 1,
                                                                                                                    "Actual Loops": 3,
                                                                                                                    "Hash Buckets": 1024,
                                                                                                                    "Original Hash Buckets": 1024,
                                                                                                                    "Hash Batches": 1,
                                                                                                                    "Original Hash Batches": 1,
                                                                                                                    "Peak Memory Usage": 9,
                                                                                                                    "Workers": [],
                                                                                                                    "Plans": [
                                                                                                                        {
                                                                                                                            "Node Type": "Seq Scan",
                                                                                                                            "Parent Relationship": "Outer",
                                                                                                                            "Parallel Aware": false,
                                                                                                                            "Async Capable": false,
                                                                                                                            "Relation Name": "region",
                                                                                                                            "Alias": "region",
                                                                                                                            "Startup Cost": 0.0,
                                                                                                                            "Total Cost": 1.06,
                                                                                                                            "Plan Rows": 1,
                                                                                                                            "Plan Width": 4,
                                                                                                                            "Actual Startup Time": 12.911,
                                                                                                                            "Actual Total Time": 13.213,
                                                                                                                            "Actual Rows": 1,
                                                                                                                            "Actual Loops": 3,
                                                                                                                            "Filter": "(r_name = 'ASIA'::bpchar)",
                                                                                                                            "Rows Removed by Filter": 4,
                                                                                                                            "Workers": []
                                                                                                                        }
                                                                                                                    ]
                                                                                                                }
                                                                                                            ]
                                                                                                        }
                                                                                                    ]
                                                                                                }
                                                                                            ]
                                                                                        }
                                                                                    ]
                                                                                }
                                                                            ]
                                                                        }
                                                                    ]
                                                                }
                                                            ]
                                                        },
                                                        {
                                                            "Node Type": "Index Scan",
                                                            "Parent Relationship": "Inner",
                                                            "Parallel Aware": false,
                                                            "Async Capable": false,
                                                            "Scan Direction": "Forward",
                                                            "Index Name": "idx_lineitem_orderkey",
                                                            "Relation Name": "lineitem",
                                                            "Alias": "lineitem",
                                                            "Startup Cost": 0.44,
                                                            "Total Cost": 6.57,
                                                            "Plan Rows": 77,
                                                            "Plan Width": 36,
                                                            "Actual Startup Time": 0.318,
                                                            "Actual Total Time": 0.336,
                                                            "Actual Rows": 4,
                                                            "Actual Loops": 227808,
                                                            "Index Cond": "(l_orderkey = orders.o_orderkey)",
                                                            "Rows Removed by Index Recheck": 0
                                                        }
                                                    ]
                                                },
                                                {
                                                    "Node Type": "Index Scan",
                                                    "Parent Relationship": "Inner",
                                                    "Parallel Aware": false,
                                                    "Async Capable": false,
                                                    "Scan Direction": "Forward",
                                                    "Index Name": "part_pkey",
                                                    "Relation Name": "part",
                                                    "Alias": "part",
                                                    "Startup Cost": 0.42,
                                                    "Total Cost": 3.13,
                                                    "Plan Rows": 1,
                                                    "Plan Width": 4,
                                                    "Actual Startup Time": 0.017,
                                                    "Actual Total Time": 0.017,
                                                    "Actual Rows": 0,
                                                    "Actual Loops": 909433,
                                                    "Index Cond": "(p_partkey = lineitem.l_partkey)",
                                                    "Rows Removed by Index Recheck": 0,
                                                    "Filter": "((p_type)::text = 'MEDIUM POLISHED COPPER'::text)",
                                                    "Rows Removed by Filter": 1
                                                }
                                            ]
                                        },
                                        {
                                            "Node Type": "Index Scan",
                                            "Parent Relationship": "Inner",
                                            "Parallel Aware": false,
                                            "Async Capable": false,
                                            "Scan Direction": "Forward",
                                            "Index Name": "supplier_pkey",
                                            "Relation Name": "supplier",
                                            "Alias": "supplier",
                                            "Startup Cost": 0.29,
                                            "Total Cost": 2.96,
                                            "Plan Rows": 1,
                                            "Plan Width": 12,
                                            "Actual Startup Time": 0.047,
                                            "Actual Total Time": 0.047,
                                            "Actual Rows": 1,
                                            "Actual Loops": 6263,
                                            "Index Cond": "(s_suppkey = lineitem.l_suppkey)",
                                            "Rows Removed by Index Recheck": 0
                                        }
                                    ]
                                },
                                {
                                    "Node Type": "Materialize",
                                    "Parent Relationship": "Inner",
                                    "Parallel Aware": false,
                                    "Async Capable": false,
                                    "Startup Cost": 0.0,
                                    "Total Cost": 1.38,
                                    "Plan Rows": 25,
                                    "Plan Width": 30,
                                    "Actual Startup Time": 0.001,
                                    "Actual Total Time": 0.001,
                                    "Actual Rows": 13,
                                    "Actual Loops": 6263,
                                    "Plans": [
                                        {
                                            "Node Type": "Seq Scan",
                                            "Parent Relationship": "Outer",
                                            "Parallel Aware": false,
                                            "Async Capable": false,
                                            "Relation Name": "nation",
                                            "Alias": "n2",
                                            "Startup Cost": 0.0,
                                            "Total Cost": 1.25,
                                            "Plan Rows": 25,
                                            "Plan Width": 30,
                                            "Actual Startup Time": 0.007,
                                            "Actual Total Time": 0.01,
                                            "Actual Rows": 25,
                                            "Actual Loops": 1
                                        }
                                    ]
                                }
                            ]
                        }
                    ]
                }
            ]
        },
        "Planning Time": 40.24,
        "Triggers": [],
        "JIT": {
            "Functions": 117,
            "Options": {
                "Inlining": false,
                "Optimization": false,
                "Expressions": true,
                "Deforming": true
            },
            "Timing": {
                "Generation": 9.784,
                "Inlining": 0.0,
                "Optimization": 3.333,
                "Emission": 73.364,
                "Total": 86.481
            }
        },
        "Execution Time": 95710.38,
        "no_of_partitions": [
            0,
            0,
            0,
            0,
            0,
            0,
            0
        ],
        "avg_row_length": [
            156.32257463759336,
            178.07392,
            158.34346,
            141.49479773333334,
            121.0,
            139.16,
            191.867068
        ],
        "query": "select\n\to_year,\n\tsum(case\n\t\twhen nation = 'CHINA' then volume\n\t\telse 0\n\tend) / sum(volume) as mkt_share\nfrom\n\t(\n\t\tselect\n\t\t\textract(year from o_orderdate) as o_year,\n\t\t\tl_extendedprice * (1 - l_discount) as volume,\n\t\t\tn2.n_name as nation\n\t\tfrom\n\t\t\tpart,\n\t\t\tsupplier,\n\t\t\tlineitem,\n\t\t\torders,\n\t\t\tcustomer,\n\t\t\tnation n1,\n\t\t\tnation n2,\n\t\t\tregion\n\t\twhere\n\t\t\tp_partkey = l_partkey\n\t\t\tand s_suppkey = l_suppkey\n\t\t\tand l_orderkey = o_orderkey\n\t\t\tand o_custkey = c_custkey\n\t\t\tand c_nationkey = n1.n_nationkey\n\t\t\tand n1.n_regionkey = r_regionkey\n\t\t\tand r_name = 'ASIA'\n\t\t\tand s_nationkey = n2.n_nationkey\n\t\t\tand o_orderdate between date '1995-01-01' and date '1996-12-31'\n\t\t\tand p_type = 'MEDIUM POLISHED COPPER'\n\t) as all_nations\ngroup by\n\to_year\norder by\n\to_year\nLIMIT 1;"
    },
    {
        "Plan": {
            "Node Type": "Limit",
            "Parallel Aware": false,
            "Async Capable": false,
            "Startup Cost": 347443.96,
            "Total Cost": 347530.25,
            "Plan Rows": 1,
            "Plan Width": 90,
            "Actual Startup Time": 62424.497,
            "Actual Total Time": 62435.943,
            "Actual Rows": 1,
            "Actual Loops": 1,
            "Plans": [
                {
                    "Node Type": "Aggregate",
                    "Strategy": "Sorted",
                    "Partial Mode": "Simple",
                    "Parent Relationship": "Outer",
                    "Parallel Aware": false,
                    "Async Capable": false,
                    "Startup Cost": 347443.96,
                    "Total Cost": 5537478.81,
                    "Plan Rows": 60150,
                    "Plan Width": 90,
                    "Actual Startup Time": 62397.591,
                    "Actual Total Time": 62409.036,
                    "Actual Rows": 1,
                    "Actual Loops": 1,
                    "Group Key": [
                        "nation.n_name",
                        "(EXTRACT(year FROM orders.o_orderdate))"
                    ],
                    "Plans": [
                        {
                            "Node Type": "Incremental Sort",
                            "Parent Relationship": "Outer",
                            "Parallel Aware": false,
                            "Async Capable": false,
                            "Startup Cost": 347443.96,
                            "Total Cost": 5515363.58,
                            "Plan Rows": 1212170,
                            "Plan Width": 81,
                            "Actual Startup Time": 62392.61,
                            "Actual Total Time": 62405.256,
                            "Actual Rows": 5701,
                            "Actual Loops": 1,
                            "Sort Key": [
                                "nation.n_name",
                                "(EXTRACT(year FROM orders.o_orderdate)) DESC"
                            ],
                            "Presorted Key": [
                                "nation.n_name"
                            ],
                            "Full-sort Groups": {
                                "Group Count": 1,
                                "Sort Methods Used": [
                                    "quicksort"
                                ],
                                "Sort Space Memory": {
                                    "Average Sort Space Used": 34,
                                    "Peak Sort Space Used": 34
                                }
                            },
                            "Pre-sorted Groups": {
                                "Group Count": 1,
                                "Sort Methods Used": [
                                    "external merge"
                                ],
                                "Sort Space Disk": {
                                    "Average Sort Space Used": 4200,
                                    "Peak Sort Space Used": 4200
                                }
                            },
                            "Plans": [
                                {
                                    "Node Type": "Nested Loop",
                                    "Parent Relationship": "Outer",
                                    "Parallel Aware": false,
                                    "Async Capable": false,
                                    "Join Type": "Inner",
                                    "Startup Cost": 132808.47,
                                    "Total Cost": 5264806.73,
                                    "Plan Rows": 1212170,
                                    "Plan Width": 81,
                                    "Actual Startup Time": 2996.131,
                                    "Actual Total Time": 62089.87,
                                    "Actual Rows": 64437,
                                    "Actual Loops": 1,
                                    "Inner Unique": true,
                                    "Plans": [
                                        {
                                            "Node Type": "Nested Loop",
                                            "Parent Relationship": "Outer",
                                            "Parallel Aware": false,
                                            "Async Capable": false,
                                            "Join Type": "Inner",
                                            "Startup Cost": 132808.04,
                                            "Total Cost": 792902.29,
                                            "Plan Rows": 1212170,
                                            "Plan Width": 57,
                                            "Actual Startup Time": 2995.507,
                                            "Actual Total Time": 46430.189,
                                            "Actual Rows": 64437,
                                            "Actual Loops": 1,
                                            "Inner Unique": false,
                                            "Join Filter": "(supplier.s_suppkey = lineitem.l_suppkey)",
                                            "Rows Removed by Join Filter": 0,
                                            "Plans": [
                                                {
                                                    "Node Type": "Gather Merge",
                                                    "Parent Relationship": "Outer",
                                                    "Parallel Aware": false,
                                                    "Async Capable": false,
                                                    "Startup Cost": 132807.6,
                                                    "Total Cost": 151630.45,
                                                    "Plan Rows": 161616,
                                                    "Plan Width": 56,
                                                    "Actual Startup Time": 2994.636,
                                                    "Actual Total Time": 3036.78,
                                                    "Actual Rows": 8574,
                                                    "Actual Loops": 1,
                                                    "Workers Planned": 2,
                                                    "Workers Launched": 2,
                                                    "Plans": [
                                                        {
                                                            "Node Type": "Sort",
                                                            "Parent Relationship": "Outer",
                                                            "Parallel Aware": false,
                                                            "Async Capable": false,
                                                            "Startup Cost": 131807.58,
                                                            "Total Cost": 131975.93,
                                                            "Plan Rows": 67340,
                                                            "Plan Width": 56,
                                                            "Actual Startup Time": 2970.082,
                                                            "Actual Total Time": 2973.527,
                                                            "Actual Rows": 3266,
                                                            "Actual Loops": 3,
                                                            "Sort Key": [
                                                                "nation.n_name"
                                                            ],
                                                            "Sort Method": "external merge",
                                                            "Sort Space Used": 5168,
                                                            "Sort Space Type": "Disk",
                                                            "Workers": [
                                                                {
                                                                    "Worker Number": 0,
                                                                    "Sort Method": "external merge",
                                                                    "Sort Space Used": 5104,
                                                                    "Sort Space Type": "Disk"
                                                                },
                                                                {
                                                                    "Worker Number": 1,
                                                                    "Sort Method": "external merge",
                                                                    "Sort Space Used": 5144,
                                                                    "Sort Space Type": "Disk"
                                                                }
                                                            ],
                                                            "Plans": [
                                                                {
                                                                    "Node Type": "Hash Join",
                                                                    "Parent Relationship": "Outer",
                                                                    "Parallel Aware": false,
                                                                    "Async Capable": false,
                                                                    "Join Type": "Inner",
                                                                    "Startup Cost": 1813.76,
                                                                    "Total Cost": 124104.19,
                                                                    "Plan Rows": 67340,
                                                                    "Plan Width": 56,
                                                                    "Actual Startup Time": 18.421,
                                                                    "Actual Total Time": 2893.332,
                                                                    "Actual Rows": 72808,
                                                                    "Actual Loops": 3,
                                                                    "Inner Unique": true,
                                                                    "Hash Cond": "(supplier.s_nationkey = nation.n_nationkey)",
                                                                    "Workers": [],
                                                                    "Plans": [
                                                                        {
                                                                            "Node Type": "Hash Join",
                                                                            "Parent Relationship": "Outer",
                                                                            "Parallel Aware": true,
                                                                            "Async Capable": false,
                                                                            "Join Type": "Inner",
                                                                            "Startup Cost": 1812.2,
                                                                            "Total Cost": 123895.89,
                                                                            "Plan Rows": 67340,
                                                                            "Plan Width": 38,
                                                                            "Actual Startup Time": 8.91,
                                                                            "Actual Total Time": 2860.159,
                                                                            "Actual Rows": 72808,
                                                                            "Actual Loops": 3,
                                                                            "Inner Unique": true,
                                                                            "Hash Cond": "(partsupp.ps_suppkey = supplier.s_suppkey)",
                                                                            "Workers": [],
                                                                            "Plans": [
                                                                                {
                                                                                    "Node Type": "Nested Loop",
                                                                                    "Parent Relationship": "Outer",
                                                                                    "Parallel Aware": false,
                                                                                    "Async Capable": false,
                                                                                    "Join Type": "Inner",
                                                                                    "Startup Cost": 0.43,
                                                                                    "Total Cost": 121907.34,
                                                                                    "Plan Rows": 67340,
                                                                                    "Plan Width": 26,
                                                                                    "Actual Startup Time": 0.566,
                                                                                    "Actual Total Time": 2803.561,
                                                                                    "Actual Rows": 72808,
                                                                                    "Actual Loops": 3,
                                                                                    "Inner Unique": false,
                                                                                    "Workers": [],
                                                                                    "Plans": [
                                                                                        {
                                                                                            "Node Type": "Seq Scan",
                                                                                            "Parent Relationship": "Outer",
                                                                                            "Parallel Aware": true,
                                                                                            "Async Capable": false,
                                                                                            "Relation Name": "part",
                                                                                            "Alias": "part",
                                                                                            "Startup Cost": 0.0,
                                                                                            "Total Cost": 25700.33,
                                                                                            "Plan Rows": 16835,
                                                                                            "Plan Width": 4,
                                                                                            "Actual Startup Time": 0.051,
                                                                                            "Actual Total Time": 290.559,
                                                                                            "Actual Rows": 18202,
                                                                                            "Actual Loops": 3,
                                                                                            "Filter": "((p_name)::text ~~ '%hot%'::text)",
                                                                                            "Rows Removed by Filter": 315131,
                                                                                            "Workers": []
                                                                                        },
                                                                                        {
                                                                                            "Node Type": "Index Scan",
                                                                                            "Parent Relationship": "Inner",
                                                                                            "Parallel Aware": false,
                                                                                            "Async Capable": false,
                                                                                            "Scan Direction": "Forward",
                                                                                            "Index Name": "idx_partsupp_partkey",
                                                                                            "Relation Name": "partsupp",
                                                                                            "Alias": "partsupp",
                                                                                            "Startup Cost": 0.43,
                                                                                            "Total Cost": 5.61,
                                                                                            "Plan Rows": 10,
                                                                                            "Plan Width": 22,
                                                                                            "Actual Startup Time": 0.127,
                                                                                            "Actual Total Time": 0.136,
                                                                                            "Actual Rows": 4,
                                                                                            "Actual Loops": 54606,
                                                                                            "Index Cond": "(ps_partkey = part.p_partkey)",
                                                                                            "Rows Removed by Index Recheck": 0,
                                                                                            "Workers": []
                                                                                        }
                                                                                    ]
                                                                                },
                                                                                {
                                                                                    "Node Type": "Hash",
                                                                                    "Parent Relationship": "Inner",
                                                                                    "Parallel Aware": true,
                                                                                    "Async Capable": false,
                                                                                    "Startup Cost": 1444.12,
                                                                                    "Total Cost": 1444.12,
                                                                                    "Plan Rows": 29412,
                                                                                    "Plan Width": 12,
                                                                                    "Actual Startup Time": 8.16,
                                                                                    "Actual Total Time": 8.161,
                                                                                    "Actual Rows": 16667,
                                                                                    "Actual Loops": 3,
                                                                                    "Hash Buckets": 65536,
                                                                                    "Original Hash Buckets": 65536,
                                                                                    "Hash Batches": 1,
                                                                                    "Original Hash Batches": 1,
                                                                                    "Peak Memory Usage": 2880,
                                                                                    "Workers": [],
                                                                                    "Plans": [
                                                                                        {
                                                                                            "Node Type": "Seq Scan",
                                                                                            "Parent Relationship": "Outer",
                                                                                            "Parallel Aware": true,
                                                                                            "Async Capable": false,
                                                                                            "Relation Name": "supplier",
                                                                                            "Alias": "supplier",
                                                                                            "Startup Cost": 0.0,
                                                                                            "Total Cost": 1444.12,
                                                                                            "Plan Rows": 29412,
                                                                                            "Plan Width": 12,
                                                                                            "Actual Startup Time": 0.031,
                                                                                            "Actual Total Time": 9.961,
                                                                                            "Actual Rows": 50000,
                                                                                            "Actual Loops": 1,
                                                                                            "Workers": []
                                                                                        }
                                                                                    ]
                                                                                }
                                                                            ]
                                                                        },
                                                                        {
                                                                            "Node Type": "Hash",
                                                                            "Parent Relationship": "Inner",
                                                                            "Parallel Aware": false,
                                                                            "Async Capable": false,
                                                                            "Startup Cost": 1.25,
                                                                            "Total Cost": 1.25,
                                                                            "Plan Rows": 25,
                                                                            "Plan Width": 30,
                                                                            "Actual Startup Time": 8.108,
                                                                            "Actual Total Time": 8.247,
                                                                            "Actual Rows": 25,
                                                                            "Actual Loops": 3,
                                                                            "Hash Buckets": 1024,
                                                                            "Original Hash Buckets": 1024,
                                                                            "Hash Batches": 1,
                                                                            "Original Hash Batches": 1,
                                                                            "Peak Memory Usage": 10,
                                                                            "Workers": [],
                                                                            "Plans": [
                                                                                {
                                                                                    "Node Type": "Seq Scan",
                                                                                    "Parent Relationship": "Outer",
                                                                                    "Parallel Aware": false,
                                                                                    "Async Capable": false,
                                                                                    "Relation Name": "nation",
                                                                                    "Alias": "nation",
                                                                                    "Startup Cost": 0.0,
                                                                                    "Total Cost": 1.25,
                                                                                    "Plan Rows": 25,
                                                                                    "Plan Width": 30,
                                                                                    "Actual Startup Time": 7.917,
                                                                                    "Actual Total Time": 7.922,
                                                                                    "Actual Rows": 25,
                                                                                    "Actual Loops": 3,
                                                                                    "Workers": []
                                                                                }
                                                                            ]
                                                                        }
                                                                    ]
                                                                }
                                                            ]
                                                        }
                                                    ]
                                                },
                                                {
                                                    "Node Type": "Index Scan",
                                                    "Parent Relationship": "Inner",
                                                    "Parallel Aware": false,
                                                    "Async Capable": false,
                                                    "Scan Direction": "Forward",
                                                    "Index Name": "idx_lineitem_part_supp",
                                                    "Relation Name": "lineitem",
                                                    "Alias": "lineitem",
                                                    "Startup Cost": 0.44,
                                                    "Total Cost": 3.96,
                                                    "Plan Rows": 1,
                                                    "Plan Width": 41,
                                                    "Actual Startup Time": 1.185,
                                                    "Actual Total Time": 5.039,
                                                    "Actual Rows": 8,
                                                    "Actual Loops": 8574,
                                                    "Index Cond": "((l_partkey = partsupp.ps_partkey) AND (l_suppkey = partsupp.ps_suppkey))",
                                                    "Rows Removed by Index Recheck": 0
                                                }
                                            ]
                                        },
                                        {
                                            "Node Type": "Index Scan",
                                            "Parent Relationship": "Inner",
                                            "Parallel Aware": false,
                                            "Async Capable": false,
                                            "Scan Direction": "Forward",
                                            "Index Name": "orders_pkey",
                                            "Relation Name": "orders",
                                            "Alias": "orders",
                                            "Startup Cost": 0.43,
                                            "Total Cost": 3.69,
                                            "Plan Rows": 1,
                                            "Plan Width": 8,
                                            "Actual Startup Time": 0.234,
                                            "Actual Total Time": 0.234,
                                            "Actual Rows": 1,
                                            "Actual Loops": 64437,
                                            "Index Cond": "(o_orderkey = lineitem.l_orderkey)",
                                            "Rows Removed by Index Recheck": 0
                                        }
                                    ]
                                }
                            ]
                        }
                    ]
                }
            ]
        },
        "Planning Time": 44.967,
        "Triggers": [],
        "JIT": {
            "Functions": 91,
            "Options": {
                "Inlining": false,
                "Optimization": false,
                "Expressions": true,
                "Deforming": true
            },
            "Timing": {
                "Generation": 16.119,
                "Inlining": 0.0,
                "Optimization": 2.693,
                "Emission": 48.163,
                "Total": 66.976
            }
        },
        "Execution Time": 62449.149,
        "no_of_partitions": [
            0,
            0,
            0,
            0,
            0,
            0
        ],
        "avg_row_length": [
            156.32257463759336,
            178.07392,
            158.34346,
            141.49479813333335,
            177.4182455,
            139.16
        ],
        "query": "\n\nselect\n\tnation,\n\to_year,\n\tsum(amount) as sum_profit\nfrom\n\t(\n\t\tselect\n\t\t\tn_name as nation,\n\t\t\textract(year from o_orderdate) as o_year,\n\t\t\tl_extendedprice * (1 - l_discount) - ps_supplycost * l_quantity as amount\n\t\tfrom\n\t\t\tpart,\n\t\t\tsupplier,\n\t\t\tlineitem,\n\t\t\tpartsupp,\n\t\t\torders,\n\t\t\tnation\n\t\twhere\n\t\t\ts_suppkey = l_suppkey\n\t\t\tand ps_suppkey = l_suppkey\n\t\t\tand ps_partkey = l_partkey\n\t\t\tand p_partkey = l_partkey\n\t\t\tand o_orderkey = l_orderkey\n\t\t\tand s_nationkey = n_nationkey\n\t\t\tand p_name like '%hot%'\n\t) as profit\ngroup by\n\tnation,\n\to_year\norder by\n\tnation,\n\to_year desc\nLIMIT 1;"
    },
    {
        "Plan": {
            "Node Type": "Limit",
            "Parallel Aware": false,
            "Async Capable": false,
            "Startup Cost": 1411227.09,
            "Total Cost": 1411227.11,
            "Plan Rows": 10,
            "Plan Width": 48,
            "Actual Startup Time": 17112.7,
            "Actual Total Time": 17229.116,
            "Actual Rows": 10,
            "Actual Loops": 1,
            "Plans": [
                {
                    "Node Type": "Sort",
                    "Parent Relationship": "Outer",
                    "Parallel Aware": false,
                    "Async Capable": false,
                    "Startup Cost": 1411227.09,
                    "Total Cost": 1415255.33,
                    "Plan Rows": 1611297,
                    "Plan Width": 48,
                    "Actual Startup Time": 16647.415,
                    "Actual Total Time": 16763.829,
                    "Actual Rows": 10,
                    "Actual Loops": 1,
                    "Sort Key": [
                        "(sum((lineitem.l_extendedprice * ('1'::numeric - lineitem.l_discount)))) DESC",
                        "orders.o_orderdate"
                    ],
                    "Sort Method": "top-N heapsort",
                    "Sort Space Used": 26,
                    "Sort Space Type": "Memory",
                    "Plans": [
                        {
                            "Node Type": "Aggregate",
                            "Strategy": "Sorted",
                            "Partial Mode": "Finalize",
                            "Parent Relationship": "Outer",
                            "Parallel Aware": false,
                            "Async Capable": false,
                            "Startup Cost": 1164354.32,
                            "Total Cost": 1376407.54,
                            "Plan Rows": 1611297,
                            "Plan Width": 48,
                            "Actual Startup Time": 16552.431,
                            "Actual Total Time": 16750.943,
                            "Actual Rows": 56814,
                            "Actual Loops": 1,
                            "Group Key": [
                                "lineitem.l_orderkey",
                                "orders.o_orderdate",
                                "orders.o_shippriority"
                            ],
                            "Plans": [
                                {
                                    "Node Type": "Gather Merge",
                                    "Parent Relationship": "Outer",
                                    "Parallel Aware": false,
                                    "Async Capable": false,
                                    "Startup Cost": 1164354.32,
                                    "Total Cost": 1339481.98,
                                    "Plan Rows": 1342748,
                                    "Plan Width": 48,
                                    "Actual Startup Time": 16552.413,
                                    "Actual Total Time": 16714.678,
                                    "Actual Rows": 56817,
                                    "Actual Loops": 1,
                                    "Workers Planned": 2,
                                    "Workers Launched": 2,
                                    "Plans": [
                                        {
                                            "Node Type": "Aggregate",
                                            "Strategy": "Sorted",
                                            "Partial Mode": "Partial",
                                            "Parent Relationship": "Outer",
                                            "Parallel Aware": false,
                                            "Async Capable": false,
                                            "Startup Cost": 1163354.3,
                                            "Total Cost": 1183495.52,
                                            "Plan Rows": 671374,
                                            "Plan Width": 48,
                                            "Actual Startup Time": 16531.159,
                                            "Actual Total Time": 16566.927,
                                            "Actual Rows": 18939,
                                            "Actual Loops": 3,
                                            "Group Key": [
                                                "lineitem.l_orderkey",
                                                "orders.o_orderdate",
                                                "orders.o_shippriority"
                                            ],
                                            "Workers": [],
                                            "Plans": [
                                                {
                                                    "Node Type": "Sort",
                                                    "Parent Relationship": "Outer",
                                                    "Parallel Aware": false,
                                                    "Async Capable": false,
                                                    "Startup Cost": 1163354.3,
                                                    "Total Cost": 1165032.73,
                                                    "Plan Rows": 671374,
                                                    "Plan Width": 28,
                                                    "Actual Startup Time": 16530.9,
                                                    "Actual Total Time": 16536.138,
                                                    "Actual Rows": 50038,
                                                    "Actual Loops": 3,
                                                    "Sort Key": [
                                                        "lineitem.l_orderkey",
                                                        "orders.o_orderdate",
                                                        "orders.o_shippriority"
                                                    ],
                                                    "Sort Method": "external merge",
                                                    "Sort Space Used": 1912,
                                                    "Sort Space Type": "Disk",
                                                    "Workers": [
                                                        {
                                                            "Worker Number": 0,
                                                            "Sort Method": "external merge",
                                                            "Sort Space Used": 2008,
                                                            "Sort Space Type": "Disk"
                                                        },
                                                        {
                                                            "Worker Number": 1,
                                                            "Sort Method": "external merge",
                                                            "Sort Space Used": 1896,
                                                            "Sort Space Type": "Disk"
                                                        }
                                                    ],
                                                    "Plans": [
                                                        {
                                                            "Node Type": "Hash Join",
                                                            "Parent Relationship": "Outer",
                                                            "Parallel Aware": true,
                                                            "Async Capable": false,
                                                            "Join Type": "Inner",
                                                            "Startup Cost": 209813.91,
                                                            "Total Cost": 1082311.18,
                                                            "Plan Rows": 671374,
                                                            "Plan Width": 28,
                                                            "Actual Startup Time": 15038.575,
                                                            "Actual Total Time": 16481.094,
                                                            "Actual Rows": 50038,
                                                            "Actual Loops": 3,
                                                            "Inner Unique": false,
                                                            "Hash Cond": "(lineitem.l_orderkey = orders.o_orderkey)",
                                                            "Workers": [],
                                                            "Plans": [
                                                                {
                                                                    "Node Type": "Seq Scan",
                                                                    "Parent Relationship": "Outer",
                                                                    "Parallel Aware": true,
                                                                    "Async Capable": false,
                                                                    "Relation Name": "lineitem",
                                                                    "Alias": "lineitem",
                                                                    "Startup Cost": 0.0,
                                                                    "Total Cost": 763881.47,
                                                                    "Plan Rows": 6742510,
                                                                    "Plan Width": 20,
                                                                    "Actual Startup Time": 0.258,
                                                                    "Actual Total Time": 10361.689,
                                                                    "Actual Rows": 5422883,
                                                                    "Actual Loops": 3,
                                                                    "Filter": "(l_shipdate > '1995-03-07'::date)",
                                                                    "Rows Removed by Filter": 4577049,
                                                                    "Workers": []
                                                                },
                                                                {
                                                                    "Node Type": "Hash",
                                                                    "Parent Relationship": "Inner",
                                                                    "Parallel Aware": true,
                                                                    "Async Capable": false,
                                                                    "Startup Cost": 204404.06,
                                                                    "Total Cost": 204404.06,
                                                                    "Plan Rows": 311188,
                                                                    "Plan Width": 12,
                                                                    "Actual Startup Time": 3292.674,
                                                                    "Actual Total Time": 3292.679,
                                                                    "Actual Rows": 242415,
                                                                    "Actual Loops": 3,
                                                                    "Hash Buckets": 131072,
                                                                    "Original Hash Buckets": 131072,
                                                                    "Hash Batches": 16,
                                                                    "Original Hash Batches": 16,
                                                                    "Peak Memory Usage": 3232,
                                                                    "Workers": [],
                                                                    "Plans": [
                                                                        {
                                                                            "Node Type": "Hash Join",
                                                                            "Parent Relationship": "Outer",
                                                                            "Parallel Aware": true,
                                                                            "Async Capable": false,
                                                                            "Join Type": "Inner",
                                                                            "Startup Cost": 23239.78,
                                                                            "Total Cost": 204404.06,
                                                                            "Plan Rows": 311188,
                                                                            "Plan Width": 12,
                                                                            "Actual Startup Time": 528.522,
                                                                            "Actual Total Time": 3205.296,
                                                                            "Actual Rows": 242415,
                                                                            "Actual Loops": 3,
                                                                            "Inner Unique": true,
                                                                            "Hash Cond": "(orders.o_custkey = customer.c_custkey)",
                                                                            "Workers": [],
                                                                            "Plans": [
                                                                                {
                                                                                    "Node Type": "Seq Scan",
                                                                                    "Parent Relationship": "Outer",
                                                                                    "Parallel Aware": true,
                                                                                    "Async Capable": false,
                                                                                    "Relation Name": "orders",
                                                                                    "Alias": "orders",
                                                                                    "Startup Cost": 0.0,
                                                                                    "Total Cost": 177178.24,
                                                                                    "Plan Rows": 1518485,
                                                                                    "Plan Width": 20,
                                                                                    "Actual Startup Time": 0.198,
                                                                                    "Actual Total Time": 2273.699,
                                                                                    "Actual Rows": 1206539,
                                                                                    "Actual Loops": 3,
                                                                                    "Filter": "(o_orderdate < '1995-03-07'::date)",
                                                                                    "Rows Removed by Filter": 1293461,
                                                                                    "Workers": []
                                                                                },
                                                                                {
                                                                                    "Node Type": "Hash",
                                                                                    "Parent Relationship": "Inner",
                                                                                    "Parallel Aware": true,
                                                                                    "Async Capable": false,
                                                                                    "Startup Cost": 22439.25,
                                                                                    "Total Cost": 22439.25,
                                                                                    "Plan Rows": 64042,
                                                                                    "Plan Width": 4,
                                                                                    "Actual Startup Time": 527.952,
                                                                                    "Actual Total Time": 527.954,
                                                                                    "Actual Rows": 50063,
                                                                                    "Actual Loops": 3,
                                                                                    "Hash Buckets": 262144,
                                                                                    "Original Hash Buckets": 262144,
                                                                                    "Hash Batches": 1,
                                                                                    "Original Hash Batches": 1,
                                                                                    "Peak Memory Usage": 7968,
                                                                                    "Workers": [],
                                                                                    "Plans": [
                                                                                        {
                                                                                            "Node Type": "Seq Scan",
                                                                                            "Parent Relationship": "Outer",
                                                                                            "Parallel Aware": true,
                                                                                            "Async Capable": false,
                                                                                            "Relation Name": "customer",
                                                                                            "Alias": "customer",
                                                                                            "Startup Cost": 0.0,
                                                                                            "Total Cost": 22439.25,
                                                                                            "Plan Rows": 64042,
                                                                                            "Plan Width": 4,
                                                                                            "Actual Startup Time": 313.217,
                                                                                            "Actual Total Time": 509.595,
                                                                                            "Actual Rows": 50063,
                                                                                            "Actual Loops": 3,
                                                                                            "Filter": "(c_mktsegment = 'FURNITURE'::bpchar)",
                                                                                            "Rows Removed by Filter": 199937,
                                                                                            "Workers": []
                                                                                        }
                                                                                    ]
                                                                                }
                                                                            ]
                                                                        }
                                                                    ]
                                                                }
                                                            ]
                                                        }
                                                    ]
                                                }
                                            ]
                                        }
                                    ]
                                }
                            ]
                        }
                    ]
                }
            ]
        },
        "Planning Time": 17.148,
        "Triggers": [],
        "JIT": {
            "Functions": 91,
            "Options": {
                "Inlining": true,
                "Optimization": true,
                "Expressions": true,
                "Deforming": true
            },
            "Timing": {
                "Generation": 22.88,
                "Inlining": 329.199,
                "Optimization": 637.959,
                "Emission": 433.365,
                "Total": 1423.404
            }
        },
        "Execution Time": 17240.161,
        "no_of_partitions": [
            0,
            0,
            0
        ],
        "avg_row_length": [
            141.49479813333335,
            191.867068,
            156.32257463759336
        ],
        "query": "select\n\tl_orderkey,\n\tsum(l_extendedprice * (1 - l_discount)) as revenue,\n\to_orderdate,\n\to_shippriority\nfrom\n\tcustomer,\n\torders,\n\tlineitem\nwhere\n\tc_mktsegment = 'FURNITURE'\n\tand c_custkey = o_custkey\n\tand l_orderkey = o_orderkey\n\tand o_orderdate < date '1995-03-07'\n\tand l_shipdate > date '1995-03-07'\ngroup by\n\tl_orderkey,\n\to_orderdate,\n\to_shippriority\norder by\n\trevenue desc,\n\to_orderdate\nLIMIT 10;"
    },
    {
        "Plan": {
            "Node Type": "Limit",
            "Parallel Aware": false,
            "Async Capable": false,
            "Startup Cost": 1101042.72,
            "Total Cost": 1101042.77,
            "Plan Rows": 20,
            "Plan Width": 201,
            "Actual Startup Time": 23141.425,
            "Actual Total Time": 23236.979,
            "Actual Rows": 20,
            "Actual Loops": 1,
            "Plans": [
                {
                    "Node Type": "Sort",
                    "Parent Relationship": "Outer",
                    "Parallel Aware": false,
                    "Async Capable": false,
                    "Startup Cost": 1101042.72,
                    "Total Cost": 1101794.26,
                    "Plan Rows": 300617,
                    "Plan Width": 201,
                    "Actual Startup Time": 22279.613,
                    "Actual Total Time": 22375.165,
                    "Actual Rows": 20,
                    "Actual Loops": 1,
                    "Sort Key": [
                        "(sum((lineitem.l_extendedprice * ('1'::numeric - lineitem.l_discount)))) DESC"
                    ],
                    "Sort Method": "top-N heapsort",
                    "Sort Space Used": 34,
                    "Sort Space Type": "Memory",
                    "Plans": [
                        {
                            "Node Type": "Aggregate",
                            "Strategy": "Sorted",
                            "Partial Mode": "Finalize",
                            "Parent Relationship": "Outer",
                            "Parallel Aware": false,
                            "Async Capable": false,
                            "Startup Cost": 1054420.45,
                            "Total Cost": 1093043.41,
                            "Plan Rows": 300617,
                            "Plan Width": 201,
                            "Actual Startup Time": 21747.473,
                            "Actual Total Time": 22295.554,
                            "Actual Rows": 190246,
                            "Actual Loops": 1,
                            "Group Key": [
                                "customer.c_custkey",
                                "nation.n_name"
                            ],
                            "Plans": [
                                {
                                    "Node Type": "Gather Merge",
                                    "Parent Relationship": "Outer",
                                    "Parallel Aware": false,
                                    "Async Capable": false,
                                    "Startup Cost": 1054420.45,
                                    "Total Cost": 1086780.55,
                                    "Plan Rows": 250514,
                                    "Plan Width": 201,
                                    "Actual Startup Time": 21747.11,
                                    "Actual Total Time": 22099.398,
                                    "Actual Rows": 190816,
                                    "Actual Loops": 1,
                                    "Workers Planned": 2,
                                    "Workers Launched": 2,
                                    "Plans": [
                                        {
                                            "Node Type": "Aggregate",
                                            "Strategy": "Sorted",
                                            "Partial Mode": "Partial",
                                            "Parent Relationship": "Outer",
                                            "Parallel Aware": false,
                                            "Async Capable": false,
                                            "Startup Cost": 1053420.43,
                                            "Total Cost": 1056865.0,
                                            "Plan Rows": 125257,
                                            "Plan Width": 201,
                                            "Actual Startup Time": 21649.01,
                                            "Actual Total Time": 21857.967,
                                            "Actual Rows": 63605,
                                            "Actual Loops": 3,
                                            "Group Key": [
                                                "customer.c_custkey",
                                                "nation.n_name"
                                            ],
                                            "Workers": [],
                                            "Plans": [
                                                {
                                                    "Node Type": "Sort",
                                                    "Parent Relationship": "Outer",
                                                    "Parallel Aware": false,
                                                    "Async Capable": false,
                                                    "Startup Cost": 1053420.43,
                                                    "Total Cost": 1053733.57,
                                                    "Plan Rows": 125257,
                                                    "Plan Width": 181,
                                                    "Actual Startup Time": 21646.94,
                                                    "Actual Total Time": 21689.545,
                                                    "Actual Rows": 191159,
                                                    "Actual Loops": 3,
                                                    "Sort Key": [
                                                        "customer.c_custkey",
                                                        "nation.n_name"
                                                    ],
                                                    "Sort Method": "external merge",
                                                    "Sort Space Used": 34864,
                                                    "Sort Space Type": "Disk",
                                                    "Workers": [
                                                        {
                                                            "Worker Number": 0,
                                                            "Sort Method": "external merge",
                                                            "Sort Space Used": 34696,
                                                            "Sort Space Type": "Disk"
                                                        },
                                                        {
                                                            "Worker Number": 1,
                                                            "Sort Method": "external merge",
                                                            "Sort Space Used": 40040,
                                                            "Sort Space Type": "Disk"
                                                        }
                                                    ],
                                                    "Plans": [
                                                        {
                                                            "Node Type": "Hash Join",
                                                            "Parent Relationship": "Outer",
                                                            "Parallel Aware": false,
                                                            "Async Capable": false,
                                                            "Join Type": "Inner",
                                                            "Startup Cost": 212793.13,
                                                            "Total Cost": 1031681.09,
                                                            "Plan Rows": 125257,
                                                            "Plan Width": 181,
                                                            "Actual Startup Time": 21140.787,
                                                            "Actual Total Time": 21465.726,
                                                            "Actual Rows": 191159,
                                                            "Actual Loops": 3,
                                                            "Inner Unique": true,
                                                            "Hash Cond": "(customer.c_nationkey = nation.n_nationkey)",
                                                            "Workers": [],
                                                            "Plans": [
                                                                {
                                                                    "Node Type": "Hash Join",
                                                                    "Parent Relationship": "Outer",
                                                                    "Parallel Aware": true,
                                                                    "Async Capable": false,
                                                                    "Join Type": "Inner",
                                                                    "Startup Cost": 212791.56,
                                                                    "Total Cost": 1031294.99,
                                                                    "Plan Rows": 125257,
                                                                    "Plan Width": 163,
                                                                    "Actual Startup Time": 20683.428,
                                                                    "Actual Total Time": 20974.358,
                                                                    "Actual Rows": 191159,
                                                                    "Actual Loops": 3,
                                                                    "Inner Unique": true,
                                                                    "Hash Cond": "(orders.o_custkey = customer.c_custkey)",
                                                                    "Workers": [],
                                                                    "Plans": [
                                                                        {
                                                                            "Node Type": "Hash Join",
                                                                            "Parent Relationship": "Outer",
                                                                            "Parallel Aware": true,
                                                                            "Async Capable": false,
                                                                            "Join Type": "Inner",
                                                                            "Startup Cost": 180513.31,
                                                                            "Total Cost": 990505.94,
                                                                            "Plan Rows": 125257,
                                                                            "Plan Width": 20,
                                                                            "Actual Startup Time": 19636.036,
                                                                            "Actual Total Time": 20158.531,
                                                                            "Actual Rows": 191159,
                                                                            "Actual Loops": 3,
                                                                            "Inner Unique": true,
                                                                            "Hash Cond": "(lineitem.l_orderkey = orders.o_orderkey)",
                                                                            "Workers": [],
                                                                            "Plans": [
                                                                                {
                                                                                    "Node Type": "Seq Scan",
                                                                                    "Parent Relationship": "Outer",
                                                                                    "Parallel Aware": true,
                                                                                    "Async Capable": false,
                                                                                    "Relation Name": "lineitem",
                                                                                    "Alias": "lineitem",
                                                                                    "Startup Cost": 0.0,
                                                                                    "Total Cost": 763881.47,
                                                                                    "Plan Rows": 3172631,
                                                                                    "Plan Width": 20,
                                                                                    "Actual Startup Time": 0.47,
                                                                                    "Actual Total Time": 10914.505,
                                                                                    "Actual Rows": 2468784,
                                                                                    "Actual Loops": 3,
                                                                                    "Filter": "(l_returnflag = 'R'::bpchar)",
                                                                                    "Rows Removed by Filter": 7531147,
                                                                                    "Workers": []
                                                                                },
                                                                                {
                                                                                    "Node Type": "Hash",
                                                                                    "Parent Relationship": "Inner",
                                                                                    "Parallel Aware": true,
                                                                                    "Async Capable": false,
                                                                                    "Startup Cost": 178368.0,
                                                                                    "Total Cost": 178368.0,
                                                                                    "Plan Rows": 123385,
                                                                                    "Plan Width": 12,
                                                                                    "Actual Startup Time": 8027.208,
                                                                                    "Actual Total Time": 8027.209,
                                                                                    "Actual Rows": 95432,
                                                                                    "Actual Loops": 3,
                                                                                    "Hash Buckets": 131072,
                                                                                    "Original Hash Buckets": 131072,
                                                                                    "Hash Batches": 8,
                                                                                    "Original Hash Batches": 8,
                                                                                    "Peak Memory Usage": 2752,
                                                                                    "Workers": [],
                                                                                    "Plans": [
                                                                                        {
                                                                                            "Node Type": "Bitmap Heap Scan",
                                                                                            "Parent Relationship": "Outer",
                                                                                            "Parallel Aware": true,
                                                                                            "Async Capable": false,
                                                                                            "Relation Name": "orders",
                                                                                            "Alias": "orders",
                                                                                            "Startup Cost": 4059.71,
                                                                                            "Total Cost": 178368.0,
                                                                                            "Plan Rows": 123385,
                                                                                            "Plan Width": 12,
                                                                                            "Actual Startup Time": 67.303,
                                                                                            "Actual Total Time": 7948.847,
                                                                                            "Actual Rows": 95432,
                                                                                            "Actual Loops": 3,
                                                                                            "Recheck Cond": "((o_orderdate >= '1993-10-01'::date) AND (o_orderdate < '1994-01-01 00:00:00'::timestamp without time zone))",
                                                                                            "Rows Removed by Index Recheck": 1141507,
                                                                                            "Exact Heap Blocks": 18652,
                                                                                            "Lossy Heap Blocks": 22533,
                                                                                            "Workers": [],
                                                                                            "Plans": [
                                                                                                {
                                                                                                    "Node Type": "Bitmap Index Scan",
                                                                                                    "Parent Relationship": "Outer",
                                                                                                    "Parallel Aware": false,
                                                                                                    "Async Capable": false,
                                                                                                    "Index Name": "idx_orders_orderdate",
                                                                                                    "Startup Cost": 0.0,
                                                                                                    "Total Cost": 3985.68,
                                                                                                    "Plan Rows": 296125,
                                                                                                    "Plan Width": 0,
                                                                                                    "Actual Startup Time": 54.175,
                                                                                                    "Actual Total Time": 54.175,
                                                                                                    "Actual Rows": 286296,
                                                                                                    "Actual Loops": 1,
                                                                                                    "Index Cond": "((o_orderdate >= '1993-10-01'::date) AND (o_orderdate < '1994-01-01 00:00:00'::timestamp without time zone))",
                                                                                                    "Workers": []
                                                                                                }
                                                                                            ]
                                                                                        }
                                                                                    ]
                                                                                }
                                                                            ]
                                                                        },
                                                                        {
                                                                            "Node Type": "Hash",
                                                                            "Parent Relationship": "Inner",
                                                                            "Parallel Aware": true,
                                                                            "Async Capable": false,
                                                                            "Startup Cost": 21658.0,
                                                                            "Total Cost": 21658.0,
                                                                            "Plan Rows": 312500,
                                                                            "Plan Width": 151,
                                                                            "Actual Startup Time": 455.185,
                                                                            "Actual Total Time": 455.186,
                                                                            "Actual Rows": 250000,
                                                                            "Actual Loops": 3,
                                                                            "Hash Buckets": 32768,
                                                                            "Original Hash Buckets": 32768,
                                                                            "Hash Batches": 64,
                                                                            "Original Hash Batches": 64,
                                                                            "Peak Memory Usage": 2496,
                                                                            "Workers": [],
                                                                            "Plans": [
                                                                                {
                                                                                    "Node Type": "Seq Scan",
                                                                                    "Parent Relationship": "Outer",
                                                                                    "Parallel Aware": true,
                                                                                    "Async Capable": false,
                                                                                    "Relation Name": "customer",
                                                                                    "Alias": "customer",
                                                                                    "Startup Cost": 0.0,
                                                                                    "Total Cost": 21658.0,
                                                                                    "Plan Rows": 312500,
                                                                                    "Plan Width": 151,
                                                                                    "Actual Startup Time": 0.231,
                                                                                    "Actual Total Time": 297.102,
                                                                                    "Actual Rows": 250000,
                                                                                    "Actual Loops": 3,
                                                                                    "Workers": []
                                                                                }
                                                                            ]
                                                                        }
                                                                    ]
                                                                },
                                                                {
                                                                    "Node Type": "Hash",
                                                                    "Parent Relationship": "Inner",
                                                                    "Parallel Aware": false,
                                                                    "Async Capable": false,
                                                                    "Startup Cost": 1.25,
                                                                    "Total Cost": 1.25,
                                                                    "Plan Rows": 25,
                                                                    "Plan Width": 30,
                                                                    "Actual Startup Time": 443.747,
                                                                    "Actual Total Time": 443.748,
                                                                    "Actual Rows": 25,
                                                                    "Actual Loops": 3,
                                                                    "Hash Buckets": 1024,
                                                                    "Original Hash Buckets": 1024,
                                                                    "Hash Batches": 1,
                                                                    "Original Hash Batches": 1,
                                                                    "Peak Memory Usage": 10,
                                                                    "Workers": [],
                                                                    "Plans": [
                                                                        {
                                                                            "Node Type": "Seq Scan",
                                                                            "Parent Relationship": "Outer",
                                                                            "Parallel Aware": false,
                                                                            "Async Capable": false,
                                                                            "Relation Name": "nation",
                                                                            "Alias": "nation",
                                                                            "Startup Cost": 0.0,
                                                                            "Total Cost": 1.25,
                                                                            "Plan Rows": 25,
                                                                            "Plan Width": 30,
                                                                            "Actual Startup Time": 443.712,
                                                                            "Actual Total Time": 443.717,
                                                                            "Actual Rows": 25,
                                                                            "Actual Loops": 3,
                                                                            "Workers": []
                                                                        }
                                                                    ]
                                                                }
                                                            ]
                                                        }
                                                    ]
                                                }
                                            ]
                                        }
                                    ]
                                }
                            ]
                        }
                    ]
                }
            ]
        },
        "Planning Time": 6.162,
        "Triggers": [],
        "JIT": {
            "Functions": 109,
            "Options": {
                "Inlining": true,
                "Optimization": true,
                "Expressions": true,
                "Deforming": true
            },
            "Timing": {
                "Generation": 11.506,
                "Inlining": 400.603,
                "Optimization": 999.483,
                "Emission": 793.307,
                "Total": 2204.899
            }
        },
        "Execution Time": 23245.401,
        "no_of_partitions": [
            0,
            0,
            0,
            0
        ],
        "avg_row_length": [
            141.49479773333334,
            191.867068,
            139.16,
            156.32257463759336
        ],
        "query": "select\n\tc_custkey,\n\tc_name,\n\tsum(l_extendedprice * (1 - l_discount)) as revenue,\n\tc_acctbal,\n\tn_name,\n\tc_address,\n\tc_phone,\n\tc_comment\nfrom\n\tcustomer,\n\torders,\n\tlineitem,\n\tnation\nwhere\n\tc_custkey = o_custkey\n\tand l_orderkey = o_orderkey\n\tand o_orderdate >= date '1993-10-01'\n\tand o_orderdate < date '1993-10-01' + interval '3' month\n\tand l_returnflag = 'R'\n\tand c_nationkey = n_nationkey\ngroup by\n\tc_custkey,\n\tc_name,\n\tc_acctbal,\n\tc_phone,\n\tn_name,\n\tc_address,\n\tc_comment\norder by\n\trevenue desc\nLIMIT 20;"
    },
    {
        "Plan": {
            "Node Type": "Limit",
            "Parallel Aware": false,
            "Async Capable": false,
            "Startup Cost": 53821.61,
            "Total Cost": 53821.61,
            "Plan Rows": 1,
            "Plan Width": 40,
            "Actual Startup Time": 22989.924,
            "Actual Total Time": 22990.004,
            "Actual Rows": 0,
            "Actual Loops": 1,
            "Plans": [
                {
                    "Node Type": "Aggregate",
                    "Strategy": "Plain",
                    "Partial Mode": "Finalize",
                    "Parent Relationship": "InitPlan",
                    "Subplan Name": "InitPlan 1 (returns $2)",
                    "Parallel Aware": false,
                    "Async Capable": false,
                    "Startup Cost": 15269.98,
                    "Total Cost": 15269.99,
                    "Plan Rows": 1,
                    "Plan Width": 32,
                    "Actual Startup Time": 304.037,
                    "Actual Total Time": 304.113,
                    "Actual Rows": 1,
                    "Actual Loops": 1,
                    "Plans": [
                        {
                            "Node Type": "Gather",
                            "Parent Relationship": "Outer",
                            "Parallel Aware": false,
                            "Async Capable": false,
                            "Startup Cost": 15269.86,
                            "Total Cost": 15269.97,
                            "Plan Rows": 1,
                            "Plan Width": 32,
                            "Actual Startup Time": 303.554,
                            "Actual Total Time": 304.1,
                            "Actual Rows": 2,
                            "Actual Loops": 1,
                            "Workers Planned": 1,
                            "Workers Launched": 1,
                            "Single Copy": false,
                            "Plans": [
                                {
                                    "Node Type": "Aggregate",
                                    "Strategy": "Plain",
                                    "Partial Mode": "Partial",
                                    "Parent Relationship": "Outer",
                                    "Parallel Aware": false,
                                    "Async Capable": false,
                                    "Startup Cost": 14269.86,
                                    "Total Cost": 14269.87,
                                    "Plan Rows": 1,
                                    "Plan Width": 32,
                                    "Actual Startup Time": 272.981,
                                    "Actual Total Time": 272.984,
                                    "Actual Rows": 1,
                                    "Actual Loops": 2,
                                    "Workers": [],
                                    "Plans": [
                                        {
                                            "Node Type": "Nested Loop",
                                            "Parent Relationship": "Outer",
                                            "Parallel Aware": false,
                                            "Async Capable": false,
                                            "Join Type": "Inner",
                                            "Startup Cost": 1.75,
                                            "Total Cost": 13563.97,
                                            "Plan Rows": 94118,
                                            "Plan Width": 10,
                                            "Actual Startup Time": 1.407,
                                            "Actual Total Time": 249.654,
                                            "Actual Rows": 80120,
                                            "Actual Loops": 2,
                                            "Inner Unique": false,
                                            "Workers": [],
                                            "Plans": [
                                                {
                                                    "Node Type": "Hash Join",
                                                    "Parent Relationship": "Outer",
                                                    "Parallel Aware": false,
                                                    "Async Capable": false,
                                                    "Join Type": "Inner",
                                                    "Startup Cost": 1.32,
                                                    "Total Cost": 1535.73,
                                                    "Plan Rows": 1176,
                                                    "Plan Width": 4,
                                                    "Actual Startup Time": 1.228,
                                                    "Actual Total Time": 27.465,
                                                    "Actual Rows": 1002,
                                                    "Actual Loops": 2,
                                                    "Inner Unique": true,
                                                    "Hash Cond": "(supplier_1.s_nationkey = nation_1.n_nationkey)",
                                                    "Workers": [],
                                                    "Plans": [
                                                        {
                                                            "Node Type": "Seq Scan",
                                                            "Parent Relationship": "Outer",
                                                            "Parallel Aware": true,
                                                            "Async Capable": false,
                                                            "Relation Name": "supplier",
                                                            "Alias": "supplier_1",
                                                            "Startup Cost": 0.0,
                                                            "Total Cost": 1444.12,
                                                            "Plan Rows": 29412,
                                                            "Plan Width": 12,
                                                            "Actual Startup Time": 0.015,
                                                            "Actual Total Time": 22.205,
                                                            "Actual Rows": 25000,
                                                            "Actual Loops": 2,
                                                            "Workers": []
                                                        },
                                                        {
                                                            "Node Type": "Hash",
                                                            "Parent Relationship": "Inner",
                                                            "Parallel Aware": false,
                                                            "Async Capable": false,
                                                            "Startup Cost": 1.31,
                                                            "Total Cost": 1.31,
                                                            "Plan Rows": 1,
                                                            "Plan Width": 4,
                                                            "Actual Startup Time": 0.031,
                                                            "Actual Total Time": 0.032,
                                                            "Actual Rows": 1,
                                                            "Actual Loops": 2,
                                                            "Hash Buckets": 1024,
                                                            "Original Hash Buckets": 1024,
                                                            "Hash Batches": 1,
                                                            "Original Hash Batches": 1,
                                                            "Peak Memory Usage": 9,
                                                            "Workers": [],
                                                            "Plans": [
                                                                {
                                                                    "Node Type": "Seq Scan",
                                                                    "Parent Relationship": "Outer",
                                                                    "Parallel Aware": false,
                                                                    "Async Capable": false,
                                                                    "Relation Name": "nation",
                                                                    "Alias": "nation_1",
                                                                    "Startup Cost": 0.0,
                                                                    "Total Cost": 1.31,
                                                                    "Plan Rows": 1,
                                                                    "Plan Width": 4,
                                                                    "Actual Startup Time": 0.021,
                                                                    "Actual Total Time": 0.024,
                                                                    "Actual Rows": 1,
                                                                    "Actual Loops": 2,
                                                                    "Filter": "(n_name = 'GERMANY'::bpchar)",
                                                                    "Rows Removed by Filter": 24,
                                                                    "Workers": []
                                                                }
                                                            ]
                                                        }
                                                    ]
                                                },
                                                {
                                                    "Node Type": "Index Scan",
                                                    "Parent Relationship": "Inner",
                                                    "Parallel Aware": false,
                                                    "Async Capable": false,
                                                    "Scan Direction": "Forward",
                                                    "Index Name": "idx_partsupp_suppkey",
                                                    "Relation Name": "partsupp",
                                                    "Alias": "partsupp_1",
                                                    "Startup Cost": 0.43,
                                                    "Total Cost": 9.43,
                                                    "Plan Rows": 80,
                                                    "Plan Width": 18,
                                                    "Actual Startup Time": 0.008,
                                                    "Actual Total Time": 0.211,
                                                    "Actual Rows": 80,
                                                    "Actual Loops": 2003,
                                                    "Index Cond": "(ps_suppkey = supplier_1.s_suppkey)",
                                                    "Rows Removed by Index Recheck": 0,
                                                    "Workers": []
                                                }
                                            ]
                                        }
                                    ]
                                }
                            ]
                        }
                    ]
                },
                {
                    "Node Type": "Sort",
                    "Parent Relationship": "Outer",
                    "Parallel Aware": false,
                    "Async Capable": false,
                    "Startup Cost": 38551.62,
                    "Total Cost": 38684.95,
                    "Plan Rows": 53333,
                    "Plan Width": 40,
                    "Actual Startup Time": 22989.922,
                    "Actual Total Time": 22989.925,
                    "Actual Rows": 0,
                    "Actual Loops": 1,
                    "Sort Key": [
                        "(sum((partsupp.ps_supplycost * (partsupp.ps_availqty)::numeric))) DESC"
                    ],
                    "Sort Method": "quicksort",
                    "Sort Space Used": 25,
                    "Sort Space Type": "Memory",
                    "Plans": [
                        {
                            "Node Type": "Aggregate",
                            "Strategy": "Hashed",
                            "Partial Mode": "Simple",
                            "Parent Relationship": "Outer",
                            "Parallel Aware": false,
                            "Async Capable": false,
                            "Startup Cost": 34009.95,
                            "Total Cost": 38284.95,
                            "Plan Rows": 53333,
                            "Plan Width": 40,
                            "Actual Startup Time": 22989.913,
                            "Actual Total Time": 22989.915,
                            "Actual Rows": 0,
                            "Actual Loops": 1,
                            "Group Key": [
                                "partsupp.ps_partkey"
                            ],
                            "Filter": "(sum((partsupp.ps_supplycost * (partsupp.ps_availqty)::numeric)) > $2)",
                            "Planned Partitions": 16,
                            "HashAgg Batches": 81,
                            "Peak Memory Usage": 4281,
                            "Disk Usage": 7080,
                            "Rows Removed by Filter": 151215,
                            "Plans": [
                                {
                                    "Node Type": "Nested Loop",
                                    "Parent Relationship": "Outer",
                                    "Parallel Aware": false,
                                    "Async Capable": false,
                                    "Join Type": "Inner",
                                    "Startup Cost": 24.22,
                                    "Total Cost": 21709.95,
                                    "Plan Rows": 160000,
                                    "Plan Width": 18,
                                    "Actual Startup Time": 3.709,
                                    "Actual Total Time": 22204.248,
                                    "Actual Rows": 160240,
                                    "Actual Loops": 1,
                                    "Inner Unique": false,
                                    "Plans": [
                                        {
                                            "Node Type": "Nested Loop",
                                            "Parent Relationship": "Outer",
                                            "Parallel Aware": false,
                                            "Async Capable": false,
                                            "Join Type": "Inner",
                                            "Startup Cost": 23.79,
                                            "Total Cost": 1253.77,
                                            "Plan Rows": 2000,
                                            "Plan Width": 4,
                                            "Actual Startup Time": 3.129,
                                            "Actual Total Time": 56.011,
                                            "Actual Rows": 2003,
                                            "Actual Loops": 1,
                                            "Inner Unique": false,
                                            "Plans": [
                                                {
                                                    "Node Type": "Seq Scan",
                                                    "Parent Relationship": "Outer",
                                                    "Parallel Aware": false,
                                                    "Async Capable": false,
                                                    "Relation Name": "nation",
                                                    "Alias": "nation",
                                                    "Startup Cost": 0.0,
                                                    "Total Cost": 1.31,
                                                    "Plan Rows": 1,
                                                    "Plan Width": 4,
                                                    "Actual Startup Time": 0.016,
                                                    "Actual Total Time": 0.024,
                                                    "Actual Rows": 1,
                                                    "Actual Loops": 1,
                                                    "Filter": "(n_name = 'GERMANY'::bpchar)",
                                                    "Rows Removed by Filter": 24
                                                },
                                                {
                                                    "Node Type": "Bitmap Heap Scan",
                                                    "Parent Relationship": "Inner",
                                                    "Parallel Aware": false,
                                                    "Async Capable": false,
                                                    "Relation Name": "supplier",
                                                    "Alias": "supplier",
                                                    "Startup Cost": 23.79,
                                                    "Total Cost": 1232.45,
                                                    "Plan Rows": 2000,
                                                    "Plan Width": 12,
                                                    "Actual Startup Time": 3.107,
                                                    "Actual Total Time": 54.001,
                                                    "Actual Rows": 2003,
                                                    "Actual Loops": 1,
                                                    "Recheck Cond": "(s_nationkey = nation.n_nationkey)",
                                                    "Rows Removed by Index Recheck": 0,
                                                    "Exact Heap Blocks": 954,
                                                    "Lossy Heap Blocks": 0,
                                                    "Plans": [
                                                        {
                                                            "Node Type": "Bitmap Index Scan",
                                                            "Parent Relationship": "Outer",
                                                            "Parallel Aware": false,
                                                            "Async Capable": false,
                                                            "Index Name": "idx_supplier_nation_key",
                                                            "Startup Cost": 0.0,
                                                            "Total Cost": 23.29,
                                                            "Plan Rows": 2000,
                                                            "Plan Width": 0,
                                                            "Actual Startup Time": 2.583,
                                                            "Actual Total Time": 2.583,
                                                            "Actual Rows": 2003,
                                                            "Actual Loops": 1,
                                                            "Index Cond": "(s_nationkey = nation.n_nationkey)"
                                                        }
                                                    ]
                                                }
                                            ]
                                        },
                                        {
                                            "Node Type": "Index Scan",
                                            "Parent Relationship": "Inner",
                                            "Parallel Aware": false,
                                            "Async Capable": false,
                                            "Scan Direction": "Forward",
                                            "Index Name": "idx_partsupp_suppkey",
                                            "Relation Name": "partsupp",
                                            "Alias": "partsupp",
                                            "Startup Cost": 0.43,
                                            "Total Cost": 9.43,
                                            "Plan Rows": 80,
                                            "Plan Width": 26,
                                            "Actual Startup Time": 0.266,
                                            "Actual Total Time": 11.009,
                                            "Actual Rows": 80,
                                            "Actual Loops": 2003,
                                            "Index Cond": "(ps_suppkey = supplier.s_suppkey)",
                                            "Rows Removed by Index Recheck": 0
                                        }
                                    ]
                                }
                            ]
                        }
                    ]
                }
            ]
        },
        "Planning Time": 4.601,
        "Triggers": [],
        "Execution Time": 22991.845,
        "no_of_partitions": [
            0,
            0,
            0
        ],
        "avg_row_length": [
            178.07392,
            177.4182455,
            139.16
        ],
        "query": "select\n\tps_partkey,\n\tsum(ps_supplycost * ps_availqty) as value\nfrom\n\tpartsupp,\n\tsupplier,\n\tnation\nwhere\n\tps_suppkey = s_suppkey\n\tand s_nationkey = n_nationkey\n\tand n_name = 'GERMANY'\ngroup by\n\tps_partkey having\n\t\tsum(ps_supplycost * ps_availqty) > (\n\t\t\tselect\n\t\t\t\tsum(ps_supplycost * ps_availqty) * 0.0001000000\n\t\t\tfrom\n\t\t\t\tpartsupp,\n\t\t\t\tsupplier,\n\t\t\t\tnation\n\t\t\twhere\n\t\t\t\tps_suppkey = s_suppkey\n\t\t\t\tand s_nationkey = n_nationkey\n\t\t\t\tand n_name = 'GERMANY'\n\t\t)\norder by\n\tvalue desc\nLIMIT 1;"
    },
    {
        "Plan": {
            "Node Type": "Limit",
            "Parallel Aware": false,
            "Async Capable": false,
            "Startup Cost": 894609.96,
            "Total Cost": 990325.89,
            "Plan Rows": 1,
            "Plan Width": 27,
            "Actual Startup Time": 24243.69,
            "Actual Total Time": 24258.493,
            "Actual Rows": 1,
            "Actual Loops": 1,
            "Plans": [
                {
                    "Node Type": "Aggregate",
                    "Strategy": "Sorted",
                    "Partial Mode": "Simple",
                    "Parent Relationship": "Outer",
                    "Parallel Aware": false,
                    "Async Capable": false,
                    "Startup Cost": 894609.96,
                    "Total Cost": 1564621.5,
                    "Plan Rows": 7,
                    "Plan Width": 27,
                    "Actual Startup Time": 23896.57,
                    "Actual Total Time": 23911.372,
                    "Actual Rows": 1,
                    "Actual Loops": 1,
                    "Group Key": [
                        "lineitem.l_shipmode"
                    ],
                    "Plans": [
                        {
                            "Node Type": "Nested Loop",
                            "Parent Relationship": "Outer",
                            "Parallel Aware": false,
                            "Async Capable": false,
                            "Join Type": "Inner",
                            "Startup Cost": 894609.96,
                            "Total Cost": 1562120.35,
                            "Plan Rows": 142919,
                            "Plan Width": 27,
                            "Actual Startup Time": 8897.764,
                            "Actual Total Time": 23824.306,
                            "Actual Rows": 78046,
                            "Actual Loops": 1,
                            "Inner Unique": true,
                            "Plans": [
                                {
                                    "Node Type": "Gather Merge",
                                    "Parent Relationship": "Outer",
                                    "Parallel Aware": false,
                                    "Async Capable": false,
                                    "Startup Cost": 894609.52,
                                    "Total Cost": 911254.8,
                                    "Plan Rows": 142919,
                                    "Plan Width": 19,
                                    "Actual Startup Time": 8896.737,
                                    "Actual Total Time": 9009.128,
                                    "Actual Rows": 78046,
                                    "Actual Loops": 1,
                                    "Workers Planned": 2,
                                    "Workers Launched": 2,
                                    "Plans": [
                                        {
                                            "Node Type": "Sort",
                                            "Parent Relationship": "Outer",
                                            "Parallel Aware": false,
                                            "Async Capable": false,
                                            "Startup Cost": 893609.5,
                                            "Total Cost": 893758.37,
                                            "Plan Rows": 59550,
                                            "Plan Width": 19,
                                            "Actual Startup Time": 8880.267,
                                            "Actual Total Time": 8891.078,
                                            "Actual Rows": 26835,
                                            "Actual Loops": 3,
                                            "Sort Key": [
                                                "lineitem.l_shipmode"
                                            ],
                                            "Sort Method": "external merge",
                                            "Sort Space Used": 1784,
                                            "Sort Space Type": "Disk",
                                            "Workers": [
                                                {
                                                    "Worker Number": 0,
                                                    "Sort Method": "external merge",
                                                    "Sort Space Used": 1712,
                                                    "Sort Space Type": "Disk"
                                                },
                                                {
                                                    "Worker Number": 1,
                                                    "Sort Method": "external merge",
                                                    "Sort Space Used": 1712,
                                                    "Sort Space Type": "Disk"
                                                }
                                            ],
                                            "Plans": [
                                                {
                                                    "Node Type": "Seq Scan",
                                                    "Parent Relationship": "Outer",
                                                    "Parallel Aware": true,
                                                    "Async Capable": false,
                                                    "Relation Name": "lineitem",
                                                    "Alias": "lineitem",
                                                    "Startup Cost": 0.0,
                                                    "Total Cost": 888886.64,
                                                    "Plan Rows": 59550,
                                                    "Plan Width": 19,
                                                    "Actual Startup Time": 147.94,
                                                    "Actual Total Time": 8835.144,
                                                    "Actual Rows": 51961,
                                                    "Actual Loops": 3,
                                                    "Filter": "((l_shipmode = ANY ('{TRUCK,AIR}'::bpchar[])) AND (l_commitdate < l_receiptdate) AND (l_shipdate < l_commitdate) AND (l_receiptdate >= '1995-01-01'::date) AND (l_receiptdate < '1996-01-01 00:00:00'::timestamp without time zone))",
                                                    "Rows Removed by Filter": 9947970,
                                                    "Workers": []
                                                }
                                            ]
                                        }
                                    ]
                                },
                                {
                                    "Node Type": "Index Scan",
                                    "Parent Relationship": "Inner",
                                    "Parallel Aware": false,
                                    "Async Capable": false,
                                    "Scan Direction": "Forward",
                                    "Index Name": "orders_pkey",
                                    "Relation Name": "orders",
                                    "Alias": "orders",
                                    "Startup Cost": 0.43,
                                    "Total Cost": 4.55,
                                    "Plan Rows": 1,
                                    "Plan Width": 20,
                                    "Actual Startup Time": 0.188,
                                    "Actual Total Time": 0.188,
                                    "Actual Rows": 1,
                                    "Actual Loops": 78046,
                                    "Index Cond": "(o_orderkey = lineitem.l_orderkey)",
                                    "Rows Removed by Index Recheck": 0
                                }
                            ]
                        }
                    ]
                }
            ]
        },
        "Planning Time": 5.09,
        "Triggers": [],
        "JIT": {
            "Functions": 21,
            "Options": {
                "Inlining": true,
                "Optimization": true,
                "Expressions": true,
                "Deforming": true
            },
            "Timing": {
                "Generation": 5.161,
                "Inlining": 259.035,
                "Optimization": 347.751,
                "Emission": 178.175,
                "Total": 790.122
            }
        },
        "Execution Time": 24260.402,
        "no_of_partitions": [
            0,
            0
        ],
        "avg_row_length": [
            141.49479773333334,
            156.32257463759336
        ],
        "query": "select\n\tl_shipmode,\n\tsum(case\n\t\twhen o_orderpriority = '1-URGENT'\n\t\t\tor o_orderpriority = '2-HIGH'\n\t\t\tthen 1\n\t\telse 0\n\tend) as high_line_count,\n\tsum(case\n\t\twhen o_orderpriority <> '1-URGENT'\n\t\t\tand o_orderpriority <> '2-HIGH'\n\t\t\tthen 1\n\t\telse 0\n\tend) as low_line_count\nfrom\n\torders,\n\tlineitem\nwhere\n\to_orderkey = l_orderkey\n\tand l_shipmode in ('TRUCK', 'AIR')\n\tand l_commitdate < l_receiptdate\n\tand l_shipdate < l_commitdate\n\tand l_receiptdate >= date '1995-01-01'\n\tand l_receiptdate < date '1995-01-01' + interval '1' year\ngroup by\n\tl_shipmode\norder by\n\tl_shipmode\nLIMIT 1;"
    },
    {
        "Plan": {
            "Node Type": "Limit",
            "Parallel Aware": false,
            "Async Capable": false,
            "Startup Cost": 2191375.46,
            "Total Cost": 2191375.71,
            "Plan Rows": 100,
            "Plan Width": 71,
            "Actual Startup Time": 32794.647,
            "Actual Total Time": 32841.724,
            "Actual Rows": 40,
            "Actual Loops": 1,
            "Plans": [
                {
                    "Node Type": "Sort",
                    "Parent Relationship": "Outer",
                    "Parallel Aware": false,
                    "Async Capable": false,
                    "Startup Cost": 2191375.46,
                    "Total Cost": 2192666.29,
                    "Plan Rows": 516333,
                    "Plan Width": 71,
                    "Actual Startup Time": 32425.359,
                    "Actual Total Time": 32472.434,
                    "Actual Rows": 40,
                    "Actual Loops": 1,
                    "Sort Key": [
                        "orders.o_totalprice DESC",
                        "orders.o_orderdate"
                    ],
                    "Sort Method": "quicksort",
                    "Sort Space Used": 28,
                    "Sort Space Type": "Memory",
                    "Plans": [
                        {
                            "Node Type": "Aggregate",
                            "Strategy": "Sorted",
                            "Partial Mode": "Finalize",
                            "Parent Relationship": "Outer",
                            "Parallel Aware": false,
                            "Async Capable": false,
                            "Startup Cost": 2106379.25,
                            "Total Cost": 2171641.58,
                            "Plan Rows": 516333,
                            "Plan Width": 71,
                            "Actual Startup Time": 32425.237,
                            "Actual Total Time": 32472.369,
                            "Actual Rows": 40,
                            "Actual Loops": 1,
                            "Group Key": [
                                "customer.c_custkey",
                                "orders.o_orderkey"
                            ],
                            "Plans": [
                                {
                                    "Node Type": "Gather Merge",
                                    "Parent Relationship": "Outer",
                                    "Parallel Aware": false,
                                    "Async Capable": false,
                                    "Startup Cost": 2106379.25,
                                    "Total Cost": 2160884.64,
                                    "Plan Rows": 430278,
                                    "Plan Width": 71,
                                    "Actual Startup Time": 32425.223,
                                    "Actual Total Time": 32472.329,
                                    "Actual Rows": 40,
                                    "Actual Loops": 1,
                                    "Workers Planned": 2,
                                    "Workers Launched": 2,
                                    "Plans": [
                                        {
                                            "Node Type": "Aggregate",
                                            "Strategy": "Sorted",
                                            "Partial Mode": "Partial",
                                            "Parent Relationship": "Outer",
                                            "Parallel Aware": false,
                                            "Async Capable": false,
                                            "Startup Cost": 2105379.23,
                                            "Total Cost": 2110219.86,
                                            "Plan Rows": 215139,
                                            "Plan Width": 71,
                                            "Actual Startup Time": 32271.591,
                                            "Actual Total Time": 32271.634,
                                            "Actual Rows": 13,
                                            "Actual Loops": 3,
                                            "Group Key": [
                                                "customer.c_custkey",
                                                "orders.o_orderkey"
                                            ],
                                            "Workers": [],
                                            "Plans": [
                                                {
                                                    "Node Type": "Sort",
                                                    "Parent Relationship": "Outer",
                                                    "Parallel Aware": false,
                                                    "Async Capable": false,
                                                    "Startup Cost": 2105379.23,
                                                    "Total Cost": 2105917.08,
                                                    "Plan Rows": 215139,
                                                    "Plan Width": 44,
                                                    "Actual Startup Time": 32271.529,
                                                    "Actual Total Time": 32271.543,
                                                    "Actual Rows": 93,
                                                    "Actual Loops": 3,
                                                    "Sort Key": [
                                                        "customer.c_custkey",
                                                        "orders.o_orderkey"
                                                    ],
                                                    "Sort Method": "quicksort",
                                                    "Sort Space Used": 32,
                                                    "Sort Space Type": "Memory",
                                                    "Workers": [
                                                        {
                                                            "Worker Number": 0,
                                                            "Sort Method": "quicksort",
                                                            "Sort Space Used": 31,
                                                            "Sort Space Type": "Memory"
                                                        },
                                                        {
                                                            "Worker Number": 1,
                                                            "Sort Method": "quicksort",
                                                            "Sort Space Used": 33,
                                                            "Sort Space Type": "Memory"
                                                        }
                                                    ],
                                                    "Plans": [
                                                        {
                                                            "Node Type": "Nested Loop",
                                                            "Parent Relationship": "Outer",
                                                            "Parallel Aware": false,
                                                            "Async Capable": false,
                                                            "Join Type": "Inner",
                                                            "Startup Cost": 1434344.35,
                                                            "Total Cost": 2079704.89,
                                                            "Plan Rows": 215139,
                                                            "Plan Width": 44,
                                                            "Actual Startup Time": 30372.667,
                                                            "Actual Total Time": 32270.587,
                                                            "Actual Rows": 93,
                                                            "Actual Loops": 3,
                                                            "Inner Unique": false,
                                                            "Workers": [],
                                                            "Plans": [
                                                                {
                                                                    "Node Type": "Hash Join",
                                                                    "Parent Relationship": "Outer",
                                                                    "Parallel Aware": false,
                                                                    "Async Capable": false,
                                                                    "Join Type": "Inner",
                                                                    "Startup Cost": 1434343.92,
                                                                    "Total Cost": 1707909.55,
                                                                    "Plan Rows": 53786,
                                                                    "Plan Width": 47,
                                                                    "Actual Startup Time": 30372.267,
                                                                    "Actual Total Time": 32253.019,
                                                                    "Actual Rows": 13,
                                                                    "Actual Loops": 3,
                                                                    "Inner Unique": true,
                                                                    "Hash Cond": "(orders.o_orderkey = lineitem_1.l_orderkey)",
                                                                    "Workers": [],
                                                                    "Plans": [
                                                                        {
                                                                            "Node Type": "Hash Join",
                                                                            "Parent Relationship": "Outer",
                                                                            "Parallel Aware": true,
                                                                            "Async Capable": false,
                                                                            "Join Type": "Inner",
                                                                            "Startup Cost": 27396.25,
                                                                            "Total Cost": 243421.19,
                                                                            "Plan Rows": 3125219,
                                                                            "Plan Width": 39,
                                                                            "Actual Startup Time": 7434.837,
                                                                            "Actual Total Time": 8784.125,
                                                                            "Actual Rows": 2500000,
                                                                            "Actual Loops": 3,
                                                                            "Inner Unique": true,
                                                                            "Hash Cond": "(orders.o_custkey = customer.c_custkey)",
                                                                            "Workers": [],
                                                                            "Plans": [
                                                                                {
                                                                                    "Node Type": "Seq Scan",
                                                                                    "Parent Relationship": "Outer",
                                                                                    "Parallel Aware": true,
                                                                                    "Async Capable": false,
                                                                                    "Relation Name": "orders",
                                                                                    "Alias": "orders",
                                                                                    "Startup Cost": 0.0,
                                                                                    "Total Cost": 169365.19,
                                                                                    "Plan Rows": 3125219,
                                                                                    "Plan Width": 24,
                                                                                    "Actual Startup Time": 0.453,
                                                                                    "Actual Total Time": 4734.547,
                                                                                    "Actual Rows": 2500000,
                                                                                    "Actual Loops": 3,
                                                                                    "Workers": []
                                                                                },
                                                                                {
                                                                                    "Node Type": "Hash",
                                                                                    "Parent Relationship": "Inner",
                                                                                    "Parallel Aware": true,
                                                                                    "Async Capable": false,
                                                                                    "Startup Cost": 21658.0,
                                                                                    "Total Cost": 21658.0,
                                                                                    "Plan Rows": 312500,
                                                                                    "Plan Width": 23,
                                                                                    "Actual Startup Time": 1823.428,
                                                                                    "Actual Total Time": 1823.429,
                                                                                    "Actual Rows": 250000,
                                                                                    "Actual Loops": 3,
                                                                                    "Hash Buckets": 65536,
                                                                                    "Original Hash Buckets": 65536,
                                                                                    "Hash Batches": 16,
                                                                                    "Original Hash Batches": 16,
                                                                                    "Peak Memory Usage": 3136,
                                                                                    "Workers": [],
                                                                                    "Plans": [
                                                                                        {
                                                                                            "Node Type": "Seq Scan",
                                                                                            "Parent Relationship": "Outer",
                                                                                            "Parallel Aware": true,
                                                                                            "Async Capable": false,
                                                                                            "Relation Name": "customer",
                                                                                            "Alias": "customer",
                                                                                            "Startup Cost": 0.0,
                                                                                            "Total Cost": 21658.0,
                                                                                            "Plan Rows": 312500,
                                                                                            "Plan Width": 23,
                                                                                            "Actual Startup Time": 782.638,
                                                                                            "Actual Total Time": 1715.642,
                                                                                            "Actual Rows": 250000,
                                                                                            "Actual Loops": 3,
                                                                                            "Workers": []
                                                                                        }
                                                                                    ]
                                                                                }
                                                                            ]
                                                                        },
                                                                        {
                                                                            "Node Type": "Hash",
                                                                            "Parent Relationship": "Inner",
                                                                            "Parallel Aware": false,
                                                                            "Async Capable": false,
                                                                            "Startup Cost": 1404829.08,
                                                                            "Total Cost": 1404829.08,
                                                                            "Plan Rows": 129087,
                                                                            "Plan Width": 8,
                                                                            "Actual Startup Time": 22516.389,
                                                                            "Actual Total Time": 22516.39,
                                                                            "Actual Rows": 40,
                                                                            "Actual Loops": 3,
                                                                            "Hash Buckets": 131072,
                                                                            "Original Hash Buckets": 131072,
                                                                            "Hash Batches": 2,
                                                                            "Original Hash Batches": 2,
                                                                            "Peak Memory Usage": 1025,
                                                                            "Workers": [],
                                                                            "Plans": [
                                                                                {
                                                                                    "Node Type": "Aggregate",
                                                                                    "Strategy": "Sorted",
                                                                                    "Partial Mode": "Simple",
                                                                                    "Parent Relationship": "Outer",
                                                                                    "Parallel Aware": false,
                                                                                    "Async Capable": false,
                                                                                    "Startup Cost": 0.44,
                                                                                    "Total Cost": 1403538.21,
                                                                                    "Plan Rows": 129087,
                                                                                    "Plan Width": 8,
                                                                                    "Actual Startup Time": 672.962,
                                                                                    "Actual Total Time": 22516.029,
                                                                                    "Actual Rows": 40,
                                                                                    "Actual Loops": 3,
                                                                                    "Group Key": [
                                                                                        "lineitem_1.l_orderkey"
                                                                                    ],
                                                                                    "Filter": "(sum(lineitem_1.l_quantity) > '314'::numeric)",
                                                                                    "Rows Removed by Filter": 7499960,
                                                                                    "Workers": [],
                                                                                    "Plans": [
                                                                                        {
                                                                                            "Node Type": "Index Scan",
                                                                                            "Parent Relationship": "Outer",
                                                                                            "Parallel Aware": false,
                                                                                            "Async Capable": false,
                                                                                            "Scan Direction": "Forward",
                                                                                            "Index Name": "idx_lineitem_orderkey",
                                                                                            "Relation Name": "lineitem",
                                                                                            "Alias": "lineitem_1",
                                                                                            "Startup Cost": 0.44,
                                                                                            "Total Cost": 1247723.07,
                                                                                            "Plan Rows": 30001242,
                                                                                            "Plan Width": 13,
                                                                                            "Actual Startup Time": 0.193,
                                                                                            "Actual Total Time": 12409.875,
                                                                                            "Actual Rows": 29999795,
                                                                                            "Actual Loops": 3,
                                                                                            "Workers": []
                                                                                        }
                                                                                    ]
                                                                                }
                                                                            ]
                                                                        }
                                                                    ]
                                                                },
                                                                {
                                                                    "Node Type": "Index Scan",
                                                                    "Parent Relationship": "Inner",
                                                                    "Parallel Aware": false,
                                                                    "Async Capable": false,
                                                                    "Scan Direction": "Forward",
                                                                    "Index Name": "idx_lineitem_orderkey",
                                                                    "Relation Name": "lineitem",
                                                                    "Alias": "lineitem",
                                                                    "Startup Cost": 0.44,
                                                                    "Total Cost": 6.14,
                                                                    "Plan Rows": 77,
                                                                    "Plan Width": 13,
                                                                    "Actual Startup Time": 1.295,
                                                                    "Actual Total Time": 1.308,
                                                                    "Actual Rows": 7,
                                                                    "Actual Loops": 40,
                                                                    "Index Cond": "(l_orderkey = orders.o_orderkey)",
                                                                    "Rows Removed by Index Recheck": 0,
                                                                    "Workers": []
                                                                }
                                                            ]
                                                        }
                                                    ]
                                                }
                                            ]
                                        }
                                    ]
                                }
                            ]
                        }
                    ]
                }
            ]
        },
        "Planning Time": 9.192,
        "Triggers": [],
        "JIT": {
            "Functions": 100,
            "Options": {
                "Inlining": true,
                "Optimization": true,
                "Expressions": true,
                "Deforming": true
            },
            "Timing": {
                "Generation": 119.971,
                "Inlining": 299.586,
                "Optimization": 1676.273,
                "Emission": 741.091,
                "Total": 2836.922
            }
        },
        "Execution Time": 32844.25,
        "no_of_partitions": [
            0,
            0,
            0
        ],
        "avg_row_length": [
            141.49479773333334,
            191.867068,
            156.32257463759336
        ],
        "query": "select\n\tc_name,\n\tc_custkey,\n\to_orderkey,\n\to_orderdate,\n\to_totalprice,\n\tsum(l_quantity)\nfrom\n\tcustomer,\n\torders,\n\tlineitem\nwhere\n\to_orderkey in (\n\t\tselect\n\t\t\tl_orderkey\n\t\tfrom\n\t\t\tlineitem\n\t\tgroup by\n\t\t\tl_orderkey having\n\t\t\t\tsum(l_quantity) > 314\n\t)\n\tand c_custkey = o_custkey\n\tand o_orderkey = l_orderkey\ngroup by\n\tc_name,\n\tc_custkey,\n\to_orderkey,\n\to_orderdate,\n\to_totalprice\norder by\n\to_totalprice desc,\n\to_orderdate\nLIMIT 100;"
    },
    {
        "Plan": {
            "Node Type": "Limit",
            "Parallel Aware": false,
            "Async Capable": false,
            "Startup Cost": 167175.4,
            "Total Cost": 167175.41,
            "Plan Rows": 1,
            "Plan Width": 32,
            "Actual Startup Time": 4382.675,
            "Actual Total Time": 4447.147,
            "Actual Rows": 1,
            "Actual Loops": 1,
            "Plans": [
                {
                    "Node Type": "Aggregate",
                    "Strategy": "Plain",
                    "Partial Mode": "Finalize",
                    "Parent Relationship": "Outer",
                    "Parallel Aware": false,
                    "Async Capable": false,
                    "Startup Cost": 167175.4,
                    "Total Cost": 167175.41,
                    "Plan Rows": 1,
                    "Plan Width": 32,
                    "Actual Startup Time": 4324.71,
                    "Actual Total Time": 4389.18,
                    "Actual Rows": 1,
                    "Actual Loops": 1,
                    "Plans": [
                        {
                            "Node Type": "Gather",
                            "Parent Relationship": "Outer",
                            "Parallel Aware": false,
                            "Async Capable": false,
                            "Startup Cost": 167175.17,
                            "Total Cost": 167175.38,
                            "Plan Rows": 2,
                            "Plan Width": 32,
                            "Actual Startup Time": 4324.686,
                            "Actual Total Time": 4389.163,
                            "Actual Rows": 3,
                            "Actual Loops": 1,
                            "Workers Planned": 2,
                            "Workers Launched": 2,
                            "Single Copy": false,
                            "Plans": [
                                {
                                    "Node Type": "Aggregate",
                                    "Strategy": "Plain",
                                    "Partial Mode": "Partial",
                                    "Parent Relationship": "Outer",
                                    "Parallel Aware": false,
                                    "Async Capable": false,
                                    "Startup Cost": 166175.17,
                                    "Total Cost": 166175.18,
                                    "Plan Rows": 1,
                                    "Plan Width": 32,
                                    "Actual Startup Time": 4264.776,
                                    "Actual Total Time": 4264.777,
                                    "Actual Rows": 1,
                                    "Actual Loops": 3,
                                    "Workers": [],
                                    "Plans": [
                                        {
                                            "Node Type": "Nested Loop",
                                            "Parent Relationship": "Outer",
                                            "Parallel Aware": false,
                                            "Async Capable": false,
                                            "Join Type": "Inner",
                                            "Startup Cost": 0.44,
                                            "Total Cost": 166173.37,
                                            "Plan Rows": 240,
                                            "Plan Width": 12,
                                            "Actual Startup Time": 40.289,
                                            "Actual Total Time": 4264.051,
                                            "Actual Rows": 173,
                                            "Actual Loops": 3,
                                            "Inner Unique": false,
                                            "Workers": [],
                                            "Plans": [
                                                {
                                                    "Node Type": "Seq Scan",
                                                    "Parent Relationship": "Outer",
                                                    "Parallel Aware": true,
                                                    "Async Capable": false,
                                                    "Relation Name": "part",
                                                    "Alias": "part",
                                                    "Startup Cost": 0.0,
                                                    "Total Cost": 38200.33,
                                                    "Plan Rows": 1005,
                                                    "Plan Width": 30,
                                                    "Actual Startup Time": 21.21,
                                                    "Actual Total Time": 334.954,
                                                    "Actual Rows": 789,
                                                    "Actual Loops": 3,
                                                    "Filter": "((p_size >= 1) AND (((p_brand = 'Brand#32'::bpchar) AND (p_container = ANY ('{\"SM CASE\",\"SM BOX\",\"SM PACK\",\"SM PKG\"}'::bpchar[])) AND (p_size <= 5)) OR ((p_brand = 'Brand#23'::bpchar) AND (p_container = ANY ('{\"MED BAG\",\"MED BOX\",\"MED PKG\",\"MED PACK\"}'::bpchar[])) AND (p_size <= 10)) OR ((p_brand = 'Brand#35'::bpchar) AND (p_container = ANY ('{\"LG CASE\",\"LG BOX\",\"LG PACK\",\"LG PKG\"}'::bpchar[])) AND (p_size <= 15))))",
                                                    "Rows Removed by Filter": 332544,
                                                    "Workers": []
                                                },
                                                {
                                                    "Node Type": "Index Scan",
                                                    "Parent Relationship": "Inner",
                                                    "Parallel Aware": false,
                                                    "Async Capable": false,
                                                    "Scan Direction": "Forward",
                                                    "Index Name": "idx_lineitem_part_supp",
                                                    "Relation Name": "lineitem",
                                                    "Alias": "lineitem",
                                                    "Startup Cost": 0.44,
                                                    "Total Cost": 127.33,
                                                    "Plan Rows": 1,
                                                    "Plan Width": 25,
                                                    "Actual Startup Time": 4.487,
                                                    "Actual Total Time": 4.976,
                                                    "Actual Rows": 0,
                                                    "Actual Loops": 2367,
                                                    "Index Cond": "(l_partkey = part.p_partkey)",
                                                    "Rows Removed by Index Recheck": 0,
                                                    "Filter": "((l_shipmode = ANY ('{AIR,\"AIR REG\"}'::bpchar[])) AND (l_shipinstruct = 'DELIVER IN PERSON'::bpchar) AND (((l_quantity >= '6'::numeric) AND (l_quantity <= '16'::numeric)) OR ((l_quantity >= '20'::numeric) AND (l_quantity <= '30'::numeric)) OR ((l_quantity >= '20'::numeric) AND (l_quantity <= '30'::numeric))) AND (((part.p_brand = 'Brand#32'::bpchar) AND (part.p_container = ANY ('{\"SM CASE\",\"SM BOX\",\"SM PACK\",\"SM PKG\"}'::bpchar[])) AND (l_quantity >= '6'::numeric) AND (l_quantity <= '16'::numeric) AND (part.p_size <= 5)) OR ((part.p_brand = 'Brand#23'::bpchar) AND (part.p_container = ANY ('{\"MED BAG\",\"MED BOX\",\"MED PKG\",\"MED PACK\"}'::bpchar[])) AND (l_quantity >= '20'::numeric) AND (l_quantity <= '30'::numeric) AND (part.p_size <= 10)) OR ((part.p_brand = 'Brand#35'::bpchar) AND (part.p_container = ANY ('{\"LG CASE\",\"LG BOX\",\"LG PACK\",\"LG PKG\"}'::bpchar[])) AND (l_quantity >= '20'::numeric) AND (l_quantity <= '30'::numeric) AND (part.p_size <= 15))))",
                                                    "Rows Removed by Filter": 30,
                                                    "Workers": []
                                                }
                                            ]
                                        }
                                    ]
                                }
                            ]
                        }
                    ]
                }
            ]
        },
        "Planning Time": 13.499,
        "Triggers": [],
        "JIT": {
            "Functions": 36,
            "Options": {
                "Inlining": false,
                "Optimization": false,
                "Expressions": true,
                "Deforming": true
            },
            "Timing": {
                "Generation": 13.592,
                "Inlining": 0.0,
                "Optimization": 2.69,
                "Emission": 99.38,
                "Total": 115.663
            }
        },
        "Execution Time": 4450.971,
        "no_of_partitions": [
            0,
            0
        ],
        "avg_row_length": [
            158.34346,
            156.32257463759336
        ],
        "query": "\nselect\n\tsum(l_extendedprice* (1 - l_discount)) as revenue\nfrom\n\tlineitem,\n\tpart\nwhere\n\t(\n\t\tp_partkey = l_partkey\n\t\tand p_brand = 'Brand#32'\n\t\tand p_container in ('SM CASE', 'SM BOX', 'SM PACK', 'SM PKG')\n\t\tand l_quantity >= 6 and l_quantity <= 6 + 10\n\t\tand p_size between 1 and 5\n\t\tand l_shipmode in ('AIR', 'AIR REG')\n\t\tand l_shipinstruct = 'DELIVER IN PERSON'\n\t)\n\tor\n\t(\n\t\tp_partkey = l_partkey\n\t\tand p_brand = 'Brand#23'\n\t\tand p_container in ('MED BAG', 'MED BOX', 'MED PKG', 'MED PACK')\n\t\tand l_quantity >= 20 and l_quantity <= 20 + 10\n\t\tand p_size between 1 and 10\n\t\tand l_shipmode in ('AIR', 'AIR REG')\n\t\tand l_shipinstruct = 'DELIVER IN PERSON'\n\t)\n\tor\n\t(\n\t\tp_partkey = l_partkey\n\t\tand p_brand = 'Brand#35'\n\t\tand p_container in ('LG CASE', 'LG BOX', 'LG PACK', 'LG PKG')\n\t\tand l_quantity >= 20 and l_quantity <= 20 + 10\n\t\tand p_size between 1 and 15\n\t\tand l_shipmode in ('AIR', 'AIR REG')\n\t\tand l_shipinstruct = 'DELIVER IN PERSON'\n\t)\nLIMIT 1;"
    },
    {
        "Plan": {
            "Node Type": "Limit",
            "Parallel Aware": false,
            "Async Capable": false,
            "Startup Cost": 991100.96,
            "Total Cost": 991100.96,
            "Plan Rows": 1,
            "Plan Width": 34,
            "Actual Startup Time": 18947.392,
            "Actual Total Time": 18947.593,
            "Actual Rows": 100,
            "Actual Loops": 1,
            "Plans": [
                {
                    "Node Type": "Sort",
                    "Parent Relationship": "Outer",
                    "Parallel Aware": false,
                    "Async Capable": false,
                    "Startup Cost": 991100.96,
                    "Total Cost": 991100.96,
                    "Plan Rows": 1,
                    "Plan Width": 34,
                    "Actual Startup Time": 18395.116,
                    "Actual Total Time": 18395.311,
                    "Actual Rows": 100,
                    "Actual Loops": 1,
                    "Sort Key": [
                        "(count(*)) DESC",
                        "supplier.s_name"
                    ],
                    "Sort Method": "top-N heapsort",
                    "Sort Space Used": 37,
                    "Sort Space Type": "Memory",
                    "Plans": [
                        {
                            "Node Type": "Aggregate",
                            "Strategy": "Sorted",
                            "Partial Mode": "Simple",
                            "Parent Relationship": "Outer",
                            "Parallel Aware": false,
                            "Async Capable": false,
                            "Startup Cost": 991100.93,
                            "Total Cost": 991100.95,
                            "Plan Rows": 1,
                            "Plan Width": 34,
                            "Actual Startup Time": 18392.143,
                            "Actual Total Time": 18394.956,
                            "Actual Rows": 2003,
                            "Actual Loops": 1,
                            "Group Key": [
                                "supplier.s_name"
                            ],
                            "Plans": [
                                {
                                    "Node Type": "Sort",
                                    "Parent Relationship": "Outer",
                                    "Parallel Aware": false,
                                    "Async Capable": false,
                                    "Startup Cost": 991100.93,
                                    "Total Cost": 991100.93,
                                    "Plan Rows": 1,
                                    "Plan Width": 26,
                                    "Actual Startup Time": 18392.075,
                                    "Actual Total Time": 18393.122,
                                    "Actual Rows": 20175,
                                    "Actual Loops": 1,
                                    "Sort Key": [
                                        "supplier.s_name"
                                    ],
                                    "Sort Method": "quicksort",
                                    "Sort Space Used": 2345,
                                    "Sort Space Type": "Memory",
                                    "Plans": [
                                        {
                                            "Node Type": "Nested Loop",
                                            "Parent Relationship": "Outer",
                                            "Parallel Aware": false,
                                            "Async Capable": false,
                                            "Join Type": "Inner",
                                            "Startup Cost": 2551.74,
                                            "Total Cost": 991100.92,
                                            "Plan Rows": 1,
                                            "Plan Width": 26,
                                            "Actual Startup Time": 77.924,
                                            "Actual Total Time": 18343.159,
                                            "Actual Rows": 20175,
                                            "Actual Loops": 1,
                                            "Inner Unique": true,
                                            "Plans": [
                                                {
                                                    "Node Type": "Nested Loop",
                                                    "Parent Relationship": "Outer",
                                                    "Parallel Aware": false,
                                                    "Async Capable": false,
                                                    "Join Type": "Semi",
                                                    "Startup Cost": 2551.31,
                                                    "Total Cost": 991094.58,
                                                    "Plan Rows": 1,
                                                    "Plan Width": 42,
                                                    "Actual Startup Time": 70.048,
                                                    "Actual Total Time": 1088.706,
                                                    "Actual Rows": 40869,
                                                    "Actual Loops": 1,
                                                    "Inner Unique": false,
                                                    "Plans": [
                                                        {
                                                            "Node Type": "Gather",
                                                            "Parent Relationship": "Outer",
                                                            "Parallel Aware": false,
                                                            "Async Capable": false,
                                                            "Startup Cost": 2550.87,
                                                            "Total Cost": 991083.7,
                                                            "Plan Rows": 1,
                                                            "Plan Width": 42,
                                                            "Actual Startup Time": 70.031,
                                                            "Actual Total Time": 400.368,
                                                            "Actual Rows": 67962,
                                                            "Actual Loops": 1,
                                                            "Workers Planned": 2,
                                                            "Workers Launched": 2,
                                                            "Single Copy": false,
                                                            "Plans": [
                                                                {
                                                                    "Node Type": "Nested Loop",
                                                                    "Parent Relationship": "Outer",
                                                                    "Parallel Aware": false,
                                                                    "Async Capable": false,
                                                                    "Join Type": "Anti",
                                                                    "Startup Cost": 1550.87,
                                                                    "Total Cost": 990083.6,
                                                                    "Plan Rows": 1,
                                                                    "Plan Width": 42,
                                                                    "Actual Startup Time": 355.215,
                                                                    "Actual Total Time": 8124.935,
                                                                    "Actual Rows": 22654,
                                                                    "Actual Loops": 3,
                                                                    "Inner Unique": false,
                                                                    "Workers": [],
                                                                    "Plans": [
                                                                        {
                                                                            "Node Type": "Hash Join",
                                                                            "Parent Relationship": "Outer",
                                                                            "Parallel Aware": true,
                                                                            "Async Capable": false,
                                                                            "Join Type": "Inner",
                                                                            "Startup Cost": 1550.43,
                                                                            "Total Cost": 782037.59,
                                                                            "Plan Rows": 166674,
                                                                            "Plan Width": 42,
                                                                            "Actual Startup Time": 342.975,
                                                                            "Actual Total Time": 7025.854,
                                                                            "Actual Rows": 253336,
                                                                            "Actual Loops": 3,
                                                                            "Inner Unique": false,
                                                                            "Hash Cond": "(l1.l_suppkey = supplier.s_suppkey)",
                                                                            "Workers": [],
                                                                            "Plans": [
                                                                                {
                                                                                    "Node Type": "Seq Scan",
                                                                                    "Parent Relationship": "Outer",
                                                                                    "Parallel Aware": true,
                                                                                    "Async Capable": false,
                                                                                    "Relation Name": "lineitem",
                                                                                    "Alias": "l1",
                                                                                    "Startup Cost": 0.0,
                                                                                    "Total Cost": 763881.47,
                                                                                    "Plan Rows": 4166839,
                                                                                    "Plan Width": 16,
                                                                                    "Actual Startup Time": 320.241,
                                                                                    "Actual Total Time": 6074.329,
                                                                                    "Actual Rows": 6322701,
                                                                                    "Actual Loops": 3,
                                                                                    "Filter": "(l_receiptdate > l_commitdate)",
                                                                                    "Rows Removed by Filter": 3677230,
                                                                                    "Workers": []
                                                                                },
                                                                                {
                                                                                    "Node Type": "Hash",
                                                                                    "Parent Relationship": "Inner",
                                                                                    "Parallel Aware": true,
                                                                                    "Async Capable": false,
                                                                                    "Startup Cost": 1535.73,
                                                                                    "Total Cost": 1535.73,
                                                                                    "Plan Rows": 1176,
                                                                                    "Plan Width": 30,
                                                                                    "Actual Startup Time": 21.608,
                                                                                    "Actual Total Time": 21.611,
                                                                                    "Actual Rows": 668,
                                                                                    "Actual Loops": 3,
                                                                                    "Hash Buckets": 2048,
                                                                                    "Original Hash Buckets": 2048,
                                                                                    "Hash Batches": 1,
                                                                                    "Original Hash Batches": 1,
                                                                                    "Peak Memory Usage": 144,
                                                                                    "Workers": [],
                                                                                    "Plans": [
                                                                                        {
                                                                                            "Node Type": "Hash Join",
                                                                                            "Parent Relationship": "Outer",
                                                                                            "Parallel Aware": false,
                                                                                            "Async Capable": false,
                                                                                            "Join Type": "Inner",
                                                                                            "Startup Cost": 1.32,
                                                                                            "Total Cost": 1535.73,
                                                                                            "Plan Rows": 1176,
                                                                                            "Plan Width": 30,
                                                                                            "Actual Startup Time": 8.281,
                                                                                            "Actual Total Time": 63.853,
                                                                                            "Actual Rows": 2003,
                                                                                            "Actual Loops": 1,
                                                                                            "Inner Unique": true,
                                                                                            "Hash Cond": "(supplier.s_nationkey = nation.n_nationkey)",
                                                                                            "Workers": [],
                                                                                            "Plans": [
                                                                                                {
                                                                                                    "Node Type": "Seq Scan",
                                                                                                    "Parent Relationship": "Outer",
                                                                                                    "Parallel Aware": true,
                                                                                                    "Async Capable": false,
                                                                                                    "Relation Name": "supplier",
                                                                                                    "Alias": "supplier",
                                                                                                    "Startup Cost": 0.0,
                                                                                                    "Total Cost": 1444.12,
                                                                                                    "Plan Rows": 29412,
                                                                                                    "Plan Width": 38,
                                                                                                    "Actual Startup Time": 5.693,
                                                                                                    "Actual Total Time": 55.606,
                                                                                                    "Actual Rows": 50000,
                                                                                                    "Actual Loops": 1,
                                                                                                    "Workers": []
                                                                                                },
                                                                                                {
                                                                                                    "Node Type": "Hash",
                                                                                                    "Parent Relationship": "Inner",
                                                                                                    "Parallel Aware": false,
                                                                                                    "Async Capable": false,
                                                                                                    "Startup Cost": 1.31,
                                                                                                    "Total Cost": 1.31,
                                                                                                    "Plan Rows": 1,
                                                                                                    "Plan Width": 4,
                                                                                                    "Actual Startup Time": 0.094,
                                                                                                    "Actual Total Time": 0.096,
                                                                                                    "Actual Rows": 1,
                                                                                                    "Actual Loops": 1,
                                                                                                    "Hash Buckets": 1024,
                                                                                                    "Original Hash Buckets": 1024,
                                                                                                    "Hash Batches": 1,
                                                                                                    "Original Hash Batches": 1,
                                                                                                    "Peak Memory Usage": 9,
                                                                                                    "Workers": [],
                                                                                                    "Plans": [
                                                                                                        {
                                                                                                            "Node Type": "Seq Scan",
                                                                                                            "Parent Relationship": "Outer",
                                                                                                            "Parallel Aware": false,
                                                                                                            "Async Capable": false,
                                                                                                            "Relation Name": "nation",
                                                                                                            "Alias": "nation",
                                                                                                            "Startup Cost": 0.0,
                                                                                                            "Total Cost": 1.31,
                                                                                                            "Plan Rows": 1,
                                                                                                            "Plan Width": 4,
                                                                                                            "Actual Startup Time": 0.081,
                                                                                                            "Actual Total Time": 0.084,
                                                                                                            "Actual Rows": 1,
                                                                                                            "Actual Loops": 1,
                                                                                                            "Filter": "(n_name = 'GERMANY'::bpchar)",
                                                                                                            "Rows Removed by Filter": 24,
                                                                                                            "Workers": []
                                                                                                        }
                                                                                                    ]
                                                                                                }
                                                                                            ]
                                                                                        }
                                                                                    ]
                                                                                }
                                                                            ]
                                                                        },
                                                                        {
                                                                            "Node Type": "Index Scan",
                                                                            "Parent Relationship": "Inner",
                                                                            "Parallel Aware": false,
                                                                            "Async Capable": false,
                                                                            "Scan Direction": "Forward",
                                                                            "Index Name": "idx_lineitem_orderkey",
                                                                            "Relation Name": "lineitem",
                                                                            "Alias": "l3",
                                                                            "Startup Cost": 0.44,
                                                                            "Total Cost": 11.05,
                                                                            "Plan Rows": 26,
                                                                            "Plan Width": 16,
                                                                            "Actual Startup Time": 0.004,
                                                                            "Actual Total Time": 0.004,
                                                                            "Actual Rows": 1,
                                                                            "Actual Loops": 760008,
                                                                            "Index Cond": "(l_orderkey = l1.l_orderkey)",
                                                                            "Rows Removed by Index Recheck": 0,
                                                                            "Filter": "((l_receiptdate > l_commitdate) AND (l_suppkey <> l1.l_suppkey))",
                                                                            "Rows Removed by Filter": 1,
                                                                            "Workers": []
                                                                        }
                                                                    ]
                                                                }
                                                            ]
                                                        },
                                                        {
                                                            "Node Type": "Index Scan",
                                                            "Parent Relationship": "Inner",
                                                            "Parallel Aware": false,
                                                            "Async Capable": false,
                                                            "Scan Direction": "Forward",
                                                            "Index Name": "idx_lineitem_orderkey",
                                                            "Relation Name": "lineitem",
                                                            "Alias": "l2",
                                                            "Startup Cost": 0.44,
                                                            "Total Cost": 10.86,
                                                            "Plan Rows": 77,
                                                            "Plan Width": 16,
                                                            "Actual Startup Time": 0.009,
                                                            "Actual Total Time": 0.009,
                                                            "Actual Rows": 1,
                                                            "Actual Loops": 67962,
                                                            "Index Cond": "(l_orderkey = l1.l_orderkey)",
                                                            "Rows Removed by Index Recheck": 0,
                                                            "Filter": "(l_suppkey <> l1.l_suppkey)",
                                                            "Rows Removed by Filter": 1
                                                        }
                                                    ]
                                                },
                                                {
                                                    "Node Type": "Index Scan",
                                                    "Parent Relationship": "Inner",
                                                    "Parallel Aware": false,
                                                    "Async Capable": false,
                                                    "Scan Direction": "Forward",
                                                    "Index Name": "orders_pkey",
                                                    "Relation Name": "orders",
                                                    "Alias": "orders",
                                                    "Startup Cost": 0.43,
                                                    "Total Cost": 6.34,
                                                    "Plan Rows": 1,
                                                    "Plan Width": 4,
                                                    "Actual Startup Time": 0.421,
                                                    "Actual Total Time": 0.421,
                                                    "Actual Rows": 0,
                                                    "Actual Loops": 40869,
                                                    "Index Cond": "(o_orderkey = l1.l_orderkey)",
                                                    "Rows Removed by Index Recheck": 0,
                                                    "Filter": "(o_orderstatus = 'F'::bpchar)",
                                                    "Rows Removed by Filter": 1
                                                }
                                            ]
                                        }
                                    ]
                                }
                            ]
                        }
                    ]
                }
            ]
        },
        "Planning Time": 36.205,
        "Triggers": [],
        "JIT": {
            "Functions": 105,
            "Options": {
                "Inlining": true,
                "Optimization": true,
                "Expressions": true,
                "Deforming": true
            },
            "Timing": {
                "Generation": 12.018,
                "Inlining": 234.586,
                "Optimization": 669.486,
                "Emission": 607.691,
                "Total": 1523.783
            }
        },
        "Execution Time": 18956.238,
        "no_of_partitions": [
            0,
            0,
            0,
            0
        ],
        "avg_row_length": [
            178.07392,
            141.49479733333334,
            139.16,
            156.32257463759336
        ],
        "query": "select\n\ts_name,\n\tcount(*) as numwait\nfrom\n\tsupplier,\n\tlineitem l1,\n\torders,\n\tnation\nwhere\n\ts_suppkey = l1.l_suppkey\n\tand o_orderkey = l1.l_orderkey\n\tand o_orderstatus = 'F'\n\tand l1.l_receiptdate > l1.l_commitdate\n\tand exists (\n\t\tselect\n\t\t\t*\n\t\tfrom\n\t\t\tlineitem l2\n\t\twhere\n\t\t\tl2.l_orderkey = l1.l_orderkey\n\t\t\tand l2.l_suppkey <> l1.l_suppkey\n\t)\n\tand not exists (\n\t\tselect\n\t\t\t*\n\t\tfrom\n\t\t\tlineitem l3\n\t\twhere\n\t\t\tl3.l_orderkey = l1.l_orderkey\n\t\t\tand l3.l_suppkey <> l1.l_suppkey\n\t\t\tand l3.l_receiptdate > l3.l_commitdate\n\t)\n\tand s_nationkey = n_nationkey\n\tand n_name = 'GERMANY'\ngroup by\n\ts_name\norder by\n\tnumwait desc,\n\ts_name\nLIMIT 100;"
    },
    {
        "Plan": {
            "Node Type": "Limit",
            "Parallel Aware": false,
            "Async Capable": false,
            "Startup Cost": 191813.31,
            "Total Cost": 243575.94,
            "Plan Rows": 1,
            "Plan Width": 24,
            "Actual Startup Time": 43934.377,
            "Actual Total Time": 43944.836,
            "Actual Rows": 1,
            "Actual Loops": 1,
            "Plans": [
                {
                    "Node Type": "Aggregate",
                    "Strategy": "Sorted",
                    "Partial Mode": "Simple",
                    "Parent Relationship": "Outer",
                    "Parallel Aware": false,
                    "Async Capable": false,
                    "Startup Cost": 191813.31,
                    "Total Cost": 450626.43,
                    "Plan Rows": 5,
                    "Plan Width": 24,
                    "Actual Startup Time": 43925.956,
                    "Actual Total Time": 43936.415,
                    "Actual Rows": 1,
                    "Actual Loops": 1,
                    "Group Key": [
                        "orders.o_orderpriority"
                    ],
                    "Plans": [
                        {
                            "Node Type": "Nested Loop",
                            "Parent Relationship": "Outer",
                            "Parallel Aware": false,
                            "Async Capable": false,
                            "Join Type": "Semi",
                            "Startup Cost": 191813.31,
                            "Total Cost": 450552.11,
                            "Plan Rows": 14853,
                            "Plan Width": 16,
                            "Actual Startup Time": 8251.956,
                            "Actual Total Time": 43830.719,
                            "Actual Rows": 51573,
                            "Actual Loops": 1,
                            "Inner Unique": false,
                            "Plans": [
                                {
                                    "Node Type": "Gather Merge",
                                    "Parent Relationship": "Outer",
                                    "Parallel Aware": false,
                                    "Async Capable": false,
                                    "Startup Cost": 191812.87,
                                    "Total Cost": 225318.07,
                                    "Plan Rows": 287681,
                                    "Plan Width": 20,
                                    "Actual Startup Time": 8250.893,
                                    "Actual Total Time": 8421.443,
                                    "Actual Rows": 56135,
                                    "Actual Loops": 1,
                                    "Workers Planned": 2,
                                    "Workers Launched": 2,
                                    "Plans": [
                                        {
                                            "Node Type": "Sort",
                                            "Parent Relationship": "Outer",
                                            "Parallel Aware": false,
                                            "Async Capable": false,
                                            "Startup Cost": 190812.85,
                                            "Total Cost": 191112.52,
                                            "Plan Rows": 119867,
                                            "Plan Width": 20,
                                            "Actual Startup Time": 8144.707,
                                            "Actual Total Time": 8161.188,
                                            "Actual Rows": 19572,
                                            "Actual Loops": 3,
                                            "Sort Key": [
                                                "orders.o_orderpriority"
                                            ],
                                            "Sort Method": "external merge",
                                            "Sort Space Used": 2776,
                                            "Sort Space Type": "Disk",
                                            "Workers": [
                                                {
                                                    "Worker Number": 0,
                                                    "Sort Method": "external merge",
                                                    "Sort Space Used": 2752,
                                                    "Sort Space Type": "Disk"
                                                },
                                                {
                                                    "Worker Number": 1,
                                                    "Sort Method": "external merge",
                                                    "Sort Space Used": 2728,
                                                    "Sort Space Type": "Disk"
                                                }
                                            ],
                                            "Plans": [
                                                {
                                                    "Node Type": "Bitmap Heap Scan",
                                                    "Parent Relationship": "Outer",
                                                    "Parallel Aware": true,
                                                    "Async Capable": false,
                                                    "Relation Name": "orders",
                                                    "Alias": "orders",
                                                    "Startup Cost": 3945.16,
                                                    "Total Cost": 178240.93,
                                                    "Plan Rows": 119867,
                                                    "Plan Width": 20,
                                                    "Actual Startup Time": 43.008,
                                                    "Actual Total Time": 8072.428,
                                                    "Actual Rows": 93535,
                                                    "Actual Loops": 3,
                                                    "Recheck Cond": "((o_orderdate >= '1994-01-01'::date) AND (o_orderdate < '1994-04-01 00:00:00'::timestamp without time zone))",
                                                    "Rows Removed by Index Recheck": 1142602,
                                                    "Exact Heap Blocks": 18313,
                                                    "Lossy Heap Blocks": 22343,
                                                    "Workers": [],
                                                    "Plans": [
                                                        {
                                                            "Node Type": "Bitmap Index Scan",
                                                            "Parent Relationship": "Outer",
                                                            "Parallel Aware": false,
                                                            "Async Capable": false,
                                                            "Index Name": "idx_orders_orderdate",
                                                            "Startup Cost": 0.0,
                                                            "Total Cost": 3873.24,
                                                            "Plan Rows": 287681,
                                                            "Plan Width": 0,
                                                            "Actual Startup Time": 97.686,
                                                            "Actual Total Time": 97.687,
                                                            "Actual Rows": 280605,
                                                            "Actual Loops": 1,
                                                            "Index Cond": "((o_orderdate >= '1994-01-01'::date) AND (o_orderdate < '1994-04-01 00:00:00'::timestamp without time zone))",
                                                            "Workers": []
                                                        }
                                                    ]
                                                }
                                            ]
                                        }
                                    ]
                                },
                                {
                                    "Node Type": "Index Scan",
                                    "Parent Relationship": "Inner",
                                    "Parallel Aware": false,
                                    "Async Capable": false,
                                    "Scan Direction": "Forward",
                                    "Index Name": "idx_lineitem_orderkey",
                                    "Relation Name": "lineitem",
                                    "Alias": "lineitem",
                                    "Startup Cost": 0.44,
                                    "Total Cost": 8.98,
                                    "Plan Rows": 26,
                                    "Plan Width": 8,
                                    "Actual Startup Time": 0.627,
                                    "Actual Total Time": 0.627,
                                    "Actual Rows": 1,
                                    "Actual Loops": 56135,
                                    "Index Cond": "(l_orderkey = orders.o_orderkey)",
                                    "Rows Removed by Index Recheck": 0,
                                    "Filter": "(l_commitdate < l_receiptdate)",
                                    "Rows Removed by Filter": 1
                                }
                            ]
                        }
                    ]
                }
            ]
        },
        "Planning Time": 3.975,
        "Triggers": [],
        "JIT": {
            "Functions": 22,
            "Options": {
                "Inlining": false,
                "Optimization": false,
                "Expressions": true,
                "Deforming": true
            },
            "Timing": {
                "Generation": 2.551,
                "Inlining": 0.0,
                "Optimization": 1.02,
                "Emission": 16.207,
                "Total": 19.778
            }
        },
        "Execution Time": 43946.666,
        "no_of_partitions": [
            0,
            0
        ],
        "avg_row_length": [
            141.49479813333335,
            156.32257463759336
        ],
        "query": "select\n\to_orderpriority,\n\tcount(*) as order_count\nfrom\n\torders\nwhere\n\to_orderdate >= date '1994-01-01'\n\tand o_orderdate < date '1994-01-01' + interval '3' month\n\tand exists (\n\t\tselect\n\t\t\t*\n\t\tfrom\n\t\t\tlineitem\n\t\twhere\n\t\t\tl_orderkey = o_orderkey\n\t\t\tand l_commitdate < l_receiptdate\n\t)\ngroup by\n\to_orderpriority\norder by\n\to_orderpriority\nLIMIT 1;\n\n\n"
    },
    {
        "Plan": {
            "Node Type": "Limit",
            "Parallel Aware": false,
            "Async Capable": false,
            "Startup Cost": 947706.05,
            "Total Cost": 947706.05,
            "Plan Rows": 1,
            "Plan Width": 58,
            "Actual Startup Time": 26955.627,
            "Actual Total Time": 26965.264,
            "Actual Rows": 1,
            "Actual Loops": 1,
            "Plans": [
                {
                    "Node Type": "Sort",
                    "Parent Relationship": "Outer",
                    "Parallel Aware": false,
                    "Async Capable": false,
                    "Startup Cost": 947706.05,
                    "Total Cost": 947706.11,
                    "Plan Rows": 25,
                    "Plan Width": 58,
                    "Actual Startup Time": 26192.597,
                    "Actual Total Time": 26202.233,
                    "Actual Rows": 1,
                    "Actual Loops": 1,
                    "Sort Key": [
                        "(sum((lineitem.l_extendedprice * ('1'::numeric - lineitem.l_discount)))) DESC"
                    ],
                    "Sort Method": "top-N heapsort",
                    "Sort Space Used": 25,
                    "Sort Space Type": "Memory",
                    "Plans": [
                        {
                            "Node Type": "Aggregate",
                            "Strategy": "Sorted",
                            "Partial Mode": "Finalize",
                            "Parent Relationship": "Outer",
                            "Parallel Aware": false,
                            "Async Capable": false,
                            "Startup Cost": 947506.34,
                            "Total Cost": 947705.92,
                            "Plan Rows": 25,
                            "Plan Width": 58,
                            "Actual Startup Time": 26188.994,
                            "Actual Total Time": 26202.206,
                            "Actual Rows": 5,
                            "Actual Loops": 1,
                            "Group Key": [
                                "nation.n_name"
                            ],
                            "Plans": [
                                {
                                    "Node Type": "Gather Merge",
                                    "Parent Relationship": "Outer",
                                    "Parallel Aware": false,
                                    "Async Capable": false,
                                    "Startup Cost": 947506.34,
                                    "Total Cost": 947705.24,
                                    "Plan Rows": 50,
                                    "Plan Width": 58,
                                    "Actual Startup Time": 26187.847,
                                    "Actual Total Time": 26202.158,
                                    "Actual Rows": 15,
                                    "Actual Loops": 1,
                                    "Workers Planned": 2,
                                    "Workers Launched": 2,
                                    "Plans": [
                                        {
                                            "Node Type": "Aggregate",
                                            "Strategy": "Sorted",
                                            "Partial Mode": "Partial",
                                            "Parent Relationship": "Outer",
                                            "Parallel Aware": false,
                                            "Async Capable": false,
                                            "Startup Cost": 946506.32,
                                            "Total Cost": 946699.44,
                                            "Plan Rows": 25,
                                            "Plan Width": 58,
                                            "Actual Startup Time": 26104.67,
                                            "Actual Total Time": 26108.994,
                                            "Actual Rows": 5,
                                            "Actual Loops": 3,
                                            "Group Key": [
                                                "nation.n_name"
                                            ],
                                            "Workers": [],
                                            "Plans": [
                                                {
                                                    "Node Type": "Sort",
                                                    "Parent Relationship": "Outer",
                                                    "Parallel Aware": false,
                                                    "Async Capable": false,
                                                    "Startup Cost": 946506.32,
                                                    "Total Cost": 946544.88,
                                                    "Plan Rows": 15425,
                                                    "Plan Width": 38,
                                                    "Actual Startup Time": 26103.454,
                                                    "Actual Total Time": 26104.344,
                                                    "Actual Rows": 12326,
                                                    "Actual Loops": 3,
                                                    "Sort Key": [
                                                        "nation.n_name"
                                                    ],
                                                    "Sort Method": "quicksort",
                                                    "Sort Space Used": 1357,
                                                    "Sort Space Type": "Memory",
                                                    "Workers": [
                                                        {
                                                            "Worker Number": 0,
                                                            "Sort Method": "quicksort",
                                                            "Sort Space Used": 1345,
                                                            "Sort Space Type": "Memory"
                                                        },
                                                        {
                                                            "Worker Number": 1,
                                                            "Sort Method": "quicksort",
                                                            "Sort Space Used": 1341,
                                                            "Sort Space Type": "Memory"
                                                        }
                                                    ],
                                                    "Plans": [
                                                        {
                                                            "Node Type": "Hash Join",
                                                            "Parent Relationship": "Outer",
                                                            "Parallel Aware": true,
                                                            "Async Capable": false,
                                                            "Join Type": "Inner",
                                                            "Startup Cost": 26674.37,
                                                            "Total Cost": 945433.28,
                                                            "Plan Rows": 15425,
                                                            "Plan Width": 38,
                                                            "Actual Startup Time": 5276.338,
                                                            "Actual Total Time": 26083.52,
                                                            "Actual Rows": 12326,
                                                            "Actual Loops": 3,
                                                            "Inner Unique": true,
                                                            "Hash Cond": "((lineitem.l_suppkey = supplier.s_suppkey) AND (customer.c_nationkey = supplier.s_nationkey))",
                                                            "Workers": [],
                                                            "Plans": [
                                                                {
                                                                    "Node Type": "Nested Loop",
                                                                    "Parent Relationship": "Outer",
                                                                    "Parallel Aware": false,
                                                                    "Async Capable": false,
                                                                    "Join Type": "Inner",
                                                                    "Startup Cost": 24789.07,
                                                                    "Total Cost": 941523.03,
                                                                    "Plan Rows": 385705,
                                                                    "Plan Width": 58,
                                                                    "Actual Startup Time": 5253.864,
                                                                    "Actual Total Time": 25893.242,
                                                                    "Actual Rows": 305785,
                                                                    "Actual Loops": 3,
                                                                    "Inner Unique": false,
                                                                    "Workers": [],
                                                                    "Plans": [
                                                                        {
                                                                            "Node Type": "Hash Join",
                                                                            "Parent Relationship": "Outer",
                                                                            "Parallel Aware": true,
                                                                            "Async Capable": false,
                                                                            "Join Type": "Inner",
                                                                            "Startup Cost": 24788.63,
                                                                            "Total Cost": 217249.76,
                                                                            "Plan Rows": 96429,
                                                                            "Plan Width": 42,
                                                                            "Actual Startup Time": 5243.672,
                                                                            "Actual Total Time": 5469.212,
                                                                            "Actual Rows": 76449,
                                                                            "Actual Loops": 3,
                                                                            "Inner Unique": false,
                                                                            "Hash Cond": "(orders.o_custkey = customer.c_custkey)",
                                                                            "Workers": [],
                                                                            "Plans": [
                                                                                {
                                                                                    "Node Type": "Seq Scan",
                                                                                    "Parent Relationship": "Outer",
                                                                                    "Parallel Aware": true,
                                                                                    "Async Capable": false,
                                                                                    "Relation Name": "orders",
                                                                                    "Alias": "orders",
                                                                                    "Startup Cost": 0.0,
                                                                                    "Total Cost": 184991.29,
                                                                                    "Plan Rows": 482146,
                                                                                    "Plan Width": 12,
                                                                                    "Actual Startup Time": 0.316,
                                                                                    "Actual Total Time": 3793.651,
                                                                                    "Actual Rows": 380519,
                                                                                    "Actual Loops": 3,
                                                                                    "Filter": "((o_orderdate >= '1996-01-01'::date) AND (o_orderdate < '1997-01-01 00:00:00'::timestamp without time zone))",
                                                                                    "Rows Removed by Filter": 2119481,
                                                                                    "Workers": []
                                                                                },
                                                                                {
                                                                                    "Node Type": "Hash",
                                                                                    "Parent Relationship": "Inner",
                                                                                    "Parallel Aware": true,
                                                                                    "Async Capable": false,
                                                                                    "Startup Cost": 23457.38,
                                                                                    "Total Cost": 23457.38,
                                                                                    "Plan Rows": 62500,
                                                                                    "Plan Width": 42,
                                                                                    "Actual Startup Time": 1316.784,
                                                                                    "Actual Total Time": 1316.79,
                                                                                    "Actual Rows": 50136,
                                                                                    "Actual Loops": 3,
                                                                                    "Hash Buckets": 65536,
                                                                                    "Original Hash Buckets": 65536,
                                                                                    "Hash Batches": 4,
                                                                                    "Original Hash Batches": 4,
                                                                                    "Peak Memory Usage": 3488,
                                                                                    "Workers": [],
                                                                                    "Plans": [
                                                                                        {
                                                                                            "Node Type": "Hash Join",
                                                                                            "Parent Relationship": "Outer",
                                                                                            "Parallel Aware": false,
                                                                                            "Async Capable": false,
                                                                                            "Join Type": "Inner",
                                                                                            "Startup Cost": 2.51,
                                                                                            "Total Cost": 23457.38,
                                                                                            "Plan Rows": 62500,
                                                                                            "Plan Width": 42,
                                                                                            "Actual Startup Time": 690.872,
                                                                                            "Actual Total Time": 1291.111,
                                                                                            "Actual Rows": 50136,
                                                                                            "Actual Loops": 3,
                                                                                            "Inner Unique": false,
                                                                                            "Hash Cond": "(customer.c_nationkey = nation.n_nationkey)",
                                                                                            "Workers": [],
                                                                                            "Plans": [
                                                                                                {
                                                                                                    "Node Type": "Seq Scan",
                                                                                                    "Parent Relationship": "Outer",
                                                                                                    "Parallel Aware": true,
                                                                                                    "Async Capable": false,
                                                                                                    "Relation Name": "customer",
                                                                                                    "Alias": "customer",
                                                                                                    "Startup Cost": 0.0,
                                                                                                    "Total Cost": 21658.0,
                                                                                                    "Plan Rows": 312500,
                                                                                                    "Plan Width": 12,
                                                                                                    "Actual Startup Time": 0.638,
                                                                                                    "Actual Total Time": 561.683,
                                                                                                    "Actual Rows": 250000,
                                                                                                    "Actual Loops": 3,
                                                                                                    "Workers": []
                                                                                                },
                                                                                                {
                                                                                                    "Node Type": "Hash",
                                                                                                    "Parent Relationship": "Inner",
                                                                                                    "Parallel Aware": false,
                                                                                                    "Async Capable": false,
                                                                                                    "Startup Cost": 2.45,
                                                                                                    "Total Cost": 2.45,
                                                                                                    "Plan Rows": 5,
                                                                                                    "Plan Width": 30,
                                                                                                    "Actual Startup Time": 690.181,
                                                                                                    "Actual Total Time": 690.184,
                                                                                                    "Actual Rows": 5,
                                                                                                    "Actual Loops": 3,
                                                                                                    "Hash Buckets": 1024,
                                                                                                    "Original Hash Buckets": 1024,
                                                                                                    "Hash Batches": 1,
                                                                                                    "Original Hash Batches": 1,
                                                                                                    "Peak Memory Usage": 9,
                                                                                                    "Workers": [],
                                                                                                    "Plans": [
                                                                                                        {
                                                                                                            "Node Type": "Hash Join",
                                                                                                            "Parent Relationship": "Outer",
                                                                                                            "Parallel Aware": false,
                                                                                                            "Async Capable": false,
                                                                                                            "Join Type": "Inner",
                                                                                                            "Startup Cost": 1.07,
                                                                                                            "Total Cost": 2.45,
                                                                                                            "Plan Rows": 5,
                                                                                                            "Plan Width": 30,
                                                                                                            "Actual Startup Time": 690.157,
                                                                                                            "Actual Total Time": 690.164,
                                                                                                            "Actual Rows": 5,
                                                                                                            "Actual Loops": 3,
                                                                                                            "Inner Unique": true,
                                                                                                            "Hash Cond": "(nation.n_regionkey = region.r_regionkey)",
                                                                                                            "Workers": [],
                                                                                                            "Plans": [
                                                                                                                {
                                                                                                                    "Node Type": "Seq Scan",
                                                                                                                    "Parent Relationship": "Outer",
                                                                                                                    "Parallel Aware": false,
                                                                                                                    "Async Capable": false,
                                                                                                                    "Relation Name": "nation",
                                                                                                                    "Alias": "nation",
                                                                                                                    "Startup Cost": 0.0,
                                                                                                                    "Total Cost": 1.25,
                                                                                                                    "Plan Rows": 25,
                                                                                                                    "Plan Width": 38,
                                                                                                                    "Actual Startup Time": 0.036,
                                                                                                                    "Actual Total Time": 0.038,
                                                                                                                    "Actual Rows": 25,
                                                                                                                    "Actual Loops": 3,
                                                                                                                    "Workers": []
                                                                                                                },
                                                                                                                {
                                                                                                                    "Node Type": "Hash",
                                                                                                                    "Parent Relationship": "Inner",
                                                                                                                    "Parallel Aware": false,
                                                                                                                    "Async Capable": false,
                                                                                                                    "Startup Cost": 1.06,
                                                                                                                    "Total Cost": 1.06,
                                                                                                                    "Plan Rows": 1,
                                                                                                                    "Plan Width": 4,
                                                                                                                    "Actual Startup Time": 688.977,
                                                                                                                    "Actual Total Time": 688.978,
                                                                                                                    "Actual Rows": 1,
                                                                                                                    "Actual Loops": 3,
                                                                                                                    "Hash Buckets": 1024,
                                                                                                                    "Original Hash Buckets": 1024,
                                                                                                                    "Hash Batches": 1,
                                                                                                                    "Original Hash Batches": 1,
                                                                                                                    "Peak Memory Usage": 9,
                                                                                                                    "Workers": [],
                                                                                                                    "Plans": [
                                                                                                                        {
                                                                                                                            "Node Type": "Seq Scan",
                                                                                                                            "Parent Relationship": "Outer",
                                                                                                                            "Parallel Aware": false,
                                                                                                                            "Async Capable": false,
                                                                                                                            "Relation Name": "region",
                                                                                                                            "Alias": "region",
                                                                                                                            "Startup Cost": 0.0,
                                                                                                                            "Total Cost": 1.06,
                                                                                                                            "Plan Rows": 1,
                                                                                                                            "Plan Width": 4,
                                                                                                                            "Actual Startup Time": 688.958,
                                                                                                                            "Actual Total Time": 688.96,
                                                                                                                            "Actual Rows": 1,
                                                                                                                            "Actual Loops": 3,
                                                                                                                            "Filter": "(r_name = 'ASIA'::bpchar)",
                                                                                                                            "Rows Removed by Filter": 4,
                                                                                                                            "Workers": []
                                                                                                                        }
                                                                                                                    ]
                                                                                                                }
                                                                                                            ]
                                                                                                        }
                                                                                                    ]
                                                                                                }
                                                                                            ]
                                                                                        }
                                                                                    ]
                                                                                }
                                                                            ]
                                                                        },
                                                                        {
                                                                            "Node Type": "Index Scan",
                                                                            "Parent Relationship": "Inner",
                                                                            "Parallel Aware": false,
                                                                            "Async Capable": false,
                                                                            "Scan Direction": "Forward",
                                                                            "Index Name": "idx_lineitem_orderkey",
                                                                            "Relation Name": "lineitem",
                                                                            "Alias": "lineitem",
                                                                            "Startup Cost": 0.44,
                                                                            "Total Cost": 6.74,
                                                                            "Plan Rows": 77,
                                                                            "Plan Width": 28,
                                                                            "Actual Startup Time": 0.251,
                                                                            "Actual Total Time": 0.265,
                                                                            "Actual Rows": 4,
                                                                            "Actual Loops": 229347,
                                                                            "Index Cond": "(l_orderkey = orders.o_orderkey)",
                                                                            "Rows Removed by Index Recheck": 0,
                                                                            "Workers": []
                                                                        }
                                                                    ]
                                                                },
                                                                {
                                                                    "Node Type": "Hash",
                                                                    "Parent Relationship": "Inner",
                                                                    "Parallel Aware": true,
                                                                    "Async Capable": false,
                                                                    "Startup Cost": 1444.12,
                                                                    "Total Cost": 1444.12,
                                                                    "Plan Rows": 29412,
                                                                    "Plan Width": 12,
                                                                    "Actual Startup Time": 14.534,
                                                                    "Actual Total Time": 14.535,
                                                                    "Actual Rows": 16667,
                                                                    "Actual Loops": 3,
                                                                    "Hash Buckets": 65536,
                                                                    "Original Hash Buckets": 65536,
                                                                    "Hash Batches": 1,
                                                                    "Original Hash Batches": 1,
                                                                    "Peak Memory Usage": 2880,
                                                                    "Workers": [],
                                                                    "Plans": [
                                                                        {
                                                                            "Node Type": "Seq Scan",
                                                                            "Parent Relationship": "Outer",
                                                                            "Parallel Aware": true,
                                                                            "Async Capable": false,
                                                                            "Relation Name": "supplier",
                                                                            "Alias": "supplier",
                                                                            "Startup Cost": 0.0,
                                                                            "Total Cost": 1444.12,
                                                                            "Plan Rows": 29412,
                                                                            "Plan Width": 12,
                                                                            "Actual Startup Time": 0.337,
                                                                            "Actual Total Time": 28.669,
                                                                            "Actual Rows": 50000,
                                                                            "Actual Loops": 1,
                                                                            "Workers": []
                                                                        }
                                                                    ]
                                                                }
                                                            ]
                                                        }
                                                    ]
                                                }
                                            ]
                                        }
                                    ]
                                }
                            ]
                        }
                    ]
                }
            ]
        },
        "Planning Time": 43.671,
        "Triggers": [],
        "JIT": {
            "Functions": 154,
            "Options": {
                "Inlining": true,
                "Optimization": true,
                "Expressions": true,
                "Deforming": true
            },
            "Timing": {
                "Generation": 29.925,
                "Inlining": 410.143,
                "Optimization": 1479.345,
                "Emission": 940.874,
                "Total": 2860.287
            }
        },
        "Execution Time": 26987.419,
        "no_of_partitions": [
            0,
            0,
            0,
            0,
            0,
            0
        ],
        "avg_row_length": [
            156.32257463759336,
            178.07392,
            141.49479773333334,
            121.0,
            139.16,
            191.867068
        ],
        "query": "select\n\tn_name,\n\tsum(l_extendedprice * (1 - l_discount)) as revenue\nfrom\n\tcustomer,\n\torders,\n\tlineitem,\n\tsupplier,\n\tnation,\n\tregion\nwhere\n\tc_custkey = o_custkey\n\tand l_orderkey = o_orderkey\n\tand l_suppkey = s_suppkey\n\tand c_nationkey = s_nationkey\n\tand s_nationkey = n_nationkey\n\tand n_regionkey = r_regionkey\n\tand r_name = 'ASIA'\n\tand o_orderdate >= date '1996-01-01'\n\tand o_orderdate < date '1996-01-01' + interval '1' year\ngroup by\n\tn_name\norder by\n\trevenue desc\nLIMIT 1;\n"
    },
    {
        "Plan": {
            "Node Type": "Limit",
            "Parallel Aware": false,
            "Async Capable": false,
            "Startup Cost": 891133.78,
            "Total Cost": 891133.79,
            "Plan Rows": 1,
            "Plan Width": 32,
            "Actual Startup Time": 11363.665,
            "Actual Total Time": 11410.417,
            "Actual Rows": 1,
            "Actual Loops": 1,
            "Plans": [
                {
                    "Node Type": "Aggregate",
                    "Strategy": "Plain",
                    "Partial Mode": "Finalize",
                    "Parent Relationship": "Outer",
                    "Parallel Aware": false,
                    "Async Capable": false,
                    "Startup Cost": 891133.78,
                    "Total Cost": 891133.79,
                    "Plan Rows": 1,
                    "Plan Width": 32,
                    "Actual Startup Time": 10813.609,
                    "Actual Total Time": 10860.36,
                    "Actual Rows": 1,
                    "Actual Loops": 1,
                    "Plans": [
                        {
                            "Node Type": "Gather",
                            "Parent Relationship": "Outer",
                            "Parallel Aware": false,
                            "Async Capable": false,
                            "Startup Cost": 891133.56,
                            "Total Cost": 891133.77,
                            "Plan Rows": 2,
                            "Plan Width": 32,
                            "Actual Startup Time": 10813.365,
                            "Actual Total Time": 10860.329,
                            "Actual Rows": 3,
                            "Actual Loops": 1,
                            "Workers Planned": 2,
                            "Workers Launched": 2,
                            "Single Copy": false,
                            "Plans": [
                                {
                                    "Node Type": "Aggregate",
                                    "Strategy": "Plain",
                                    "Partial Mode": "Partial",
                                    "Parent Relationship": "Outer",
                                    "Parallel Aware": false,
                                    "Async Capable": false,
                                    "Startup Cost": 890133.56,
                                    "Total Cost": 890133.57,
                                    "Plan Rows": 1,
                                    "Plan Width": 32,
                                    "Actual Startup Time": 10621.47,
                                    "Actual Total Time": 10621.471,
                                    "Actual Rows": 1,
                                    "Actual Loops": 3,
                                    "Workers": [],
                                    "Plans": [
                                        {
                                            "Node Type": "Seq Scan",
                                            "Parent Relationship": "Outer",
                                            "Parallel Aware": true,
                                            "Async Capable": false,
                                            "Relation Name": "lineitem",
                                            "Alias": "lineitem",
                                            "Startup Cost": 0.0,
                                            "Total Cost": 888886.64,
                                            "Plan Rows": 249383,
                                            "Plan Width": 12,
                                            "Actual Startup Time": 174.912,
                                            "Actual Total Time": 10515.112,
                                            "Actual Rows": 199432,
                                            "Actual Loops": 3,
                                            "Filter": "((l_shipdate >= '1996-01-01'::date) AND (l_shipdate < '1997-01-01 00:00:00'::timestamp without time zone) AND (l_discount >= 0.08) AND (l_discount <= 0.10) AND (l_quantity < '25'::numeric))",
                                            "Rows Removed by Filter": 9800500,
                                            "Workers": []
                                        }
                                    ]
                                }
                            ]
                        }
                    ]
                }
            ]
        },
        "Planning Time": 1.191,
        "Triggers": [],
        "JIT": {
            "Functions": 18,
            "Options": {
                "Inlining": true,
                "Optimization": true,
                "Expressions": true,
                "Deforming": true
            },
            "Timing": {
                "Generation": 52.756,
                "Inlining": 508.18,
                "Optimization": 299.676,
                "Emission": 257.974,
                "Total": 1118.586
            }
        },
        "Execution Time": 11412.485,
        "no_of_partitions": [
            0
        ],
        "avg_row_length": [
            156.32257463759336
        ],
        "query": "\nselect\n\tsum(l_extendedprice * l_discount) as revenue\nfrom\n\tlineitem\nwhere\n\tl_shipdate >= date '1996-01-01'\n\tand l_shipdate < date '1996-01-01' + interval '1' year\n\tand l_discount between 0.09 - 0.01 and 0.09 + 0.01\n\tand l_quantity < 25\nLIMIT 1;"
    },
    {
        "Plan": {
            "Node Type": "Limit",
            "Parallel Aware": false,
            "Async Capable": false,
            "Startup Cost": 856276.51,
            "Total Cost": 856744.35,
            "Plan Rows": 1,
            "Plan Width": 116,
            "Actual Startup Time": 65529.649,
            "Actual Total Time": 65539.189,
            "Actual Rows": 1,
            "Actual Loops": 1,
            "Plans": [
                {
                    "Node Type": "Aggregate",
                    "Strategy": "Sorted",
                    "Partial Mode": "Simple",
                    "Parent Relationship": "Outer",
                    "Parallel Aware": false,
                    "Async Capable": false,
                    "Startup Cost": 856276.51,
                    "Total Cost": 5557126.89,
                    "Plan Rows": 10048,
                    "Plan Width": 116,
                    "Actual Startup Time": 64799.026,
                    "Actual Total Time": 64808.566,
                    "Actual Rows": 1,
                    "Actual Loops": 1,
                    "Group Key": [
                        "n1.n_name",
                        "n2.n_name",
                        "EXTRACT(year FROM lineitem.l_shipdate)"
                    ],
                    "Plans": [
                        {
                            "Node Type": "Nested Loop",
                            "Parent Relationship": "Outer",
                            "Parallel Aware": false,
                            "Async Capable": false,
                            "Join Type": "Inner",
                            "Startup Cost": 856276.51,
                            "Total Cost": 5556524.64,
                            "Plan Rows": 30102,
                            "Plan Width": 96,
                            "Actual Startup Time": 12041.85,
                            "Actual Total Time": 64776.297,
                            "Actual Rows": 6685,
                            "Actual Loops": 1,
                            "Inner Unique": true,
                            "Join Filter": "(n2.n_nationkey = customer.c_nationkey)",
                            "Rows Removed by Join Filter": 167293,
                            "Plans": [
                                {
                                    "Node Type": "Nested Loop",
                                    "Parent Relationship": "Outer",
                                    "Parallel Aware": false,
                                    "Async Capable": false,
                                    "Join Type": "Inner",
                                    "Startup Cost": 856276.09,
                                    "Total Cost": 3304602.18,
                                    "Plan Rows": 752554,
                                    "Plan Width": 80,
                                    "Actual Startup Time": 12034.21,
                                    "Actual Total Time": 53581.327,
                                    "Actual Rows": 173978,
                                    "Actual Loops": 1,
                                    "Inner Unique": true,
                                    "Plans": [
                                        {
                                            "Node Type": "Gather Merge",
                                            "Parent Relationship": "Outer",
                                            "Parallel Aware": false,
                                            "Async Capable": false,
                                            "Startup Cost": 856275.65,
                                            "Total Cost": 943922.97,
                                            "Plan Rows": 752554,
                                            "Plan Width": 80,
                                            "Actual Startup Time": 12032.192,
                                            "Actual Total Time": 12581.747,
                                            "Actual Rows": 173978,
                                            "Actual Loops": 1,
                                            "Workers Planned": 2,
                                            "Workers Launched": 2,
                                            "Plans": [
                                                {
                                                    "Node Type": "Sort",
                                                    "Parent Relationship": "Outer",
                                                    "Parallel Aware": false,
                                                    "Async Capable": false,
                                                    "Startup Cost": 855275.63,
                                                    "Total Cost": 856059.54,
                                                    "Plan Rows": 313564,
                                                    "Plan Width": 80,
                                                    "Actual Startup Time": 11982.816,
                                                    "Actual Total Time": 12086.955,
                                                    "Actual Rows": 58290,
                                                    "Actual Loops": 3,
                                                    "Sort Key": [
                                                        "n1.n_name",
                                                        "n2.n_name",
                                                        "(EXTRACT(year FROM lineitem.l_shipdate))"
                                                    ],
                                                    "Sort Method": "external merge",
                                                    "Sort Space Used": 24936,
                                                    "Sort Space Type": "Disk",
                                                    "Workers": [
                                                        {
                                                            "Worker Number": 0,
                                                            "Sort Method": "external merge",
                                                            "Sort Space Used": 22736,
                                                            "Sort Space Type": "Disk"
                                                        },
                                                        {
                                                            "Worker Number": 1,
                                                            "Sort Method": "external merge",
                                                            "Sort Space Used": 22896,
                                                            "Sort Space Type": "Disk"
                                                        }
                                                    ],
                                                    "Plans": [
                                                        {
                                                            "Node Type": "Hash Join",
                                                            "Parent Relationship": "Outer",
                                                            "Parallel Aware": true,
                                                            "Async Capable": false,
                                                            "Join Type": "Inner",
                                                            "Startup Cost": 1611.41,
                                                            "Total Cost": 812716.25,
                                                            "Plan Rows": 313564,
                                                            "Plan Width": 80,
                                                            "Actual Startup Time": 489.086,
                                                            "Actual Total Time": 11666.396,
                                                            "Actual Rows": 237381,
                                                            "Actual Loops": 3,
                                                            "Inner Unique": false,
                                                            "Hash Cond": "(lineitem.l_suppkey = supplier.s_suppkey)",
                                                            "Workers": [],
                                                            "Plans": [
                                                                {
                                                                    "Node Type": "Seq Scan",
                                                                    "Parent Relationship": "Outer",
                                                                    "Parallel Aware": true,
                                                                    "Async Capable": false,
                                                                    "Relation Name": "lineitem",
                                                                    "Alias": "lineitem",
                                                                    "Startup Cost": 0.0,
                                                                    "Total Cost": 795132.76,
                                                                    "Plan Rows": 3767352,
                                                                    "Plan Width": 32,
                                                                    "Actual Startup Time": 480.074,
                                                                    "Actual Total Time": 10933.19,
                                                                    "Actual Rows": 3037740,
                                                                    "Actual Loops": 3,
                                                                    "Filter": "((l_shipdate >= '1995-01-01'::date) AND (l_shipdate <= '1996-12-31'::date))",
                                                                    "Rows Removed by Filter": 6962192,
                                                                    "Workers": []
                                                                },
                                                                {
                                                                    "Node Type": "Hash",
                                                                    "Parent Relationship": "Inner",
                                                                    "Parallel Aware": true,
                                                                    "Async Capable": false,
                                                                    "Startup Cost": 1580.81,
                                                                    "Total Cost": 1580.81,
                                                                    "Plan Rows": 2448,
                                                                    "Plan Width": 60,
                                                                    "Actual Startup Time": 7.273,
                                                                    "Actual Total Time": 7.282,
                                                                    "Actual Rows": 1303,
                                                                    "Actual Loops": 3,
                                                                    "Hash Buckets": 8192,
                                                                    "Original Hash Buckets": 8192,
                                                                    "Hash Batches": 1,
                                                                    "Original Hash Batches": 1,
                                                                    "Peak Memory Usage": 448,
                                                                    "Workers": [],
                                                                    "Plans": [
                                                                        {
                                                                            "Node Type": "Hash Join",
                                                                            "Parent Relationship": "Outer",
                                                                            "Parallel Aware": false,
                                                                            "Async Capable": false,
                                                                            "Join Type": "Inner",
                                                                            "Startup Cost": 2.87,
                                                                            "Total Cost": 1580.81,
                                                                            "Plan Rows": 2448,
                                                                            "Plan Width": 60,
                                                                            "Actual Startup Time": 2.575,
                                                                            "Actual Total Time": 20.204,
                                                                            "Actual Rows": 3909,
                                                                            "Actual Loops": 1,
                                                                            "Inner Unique": false,
                                                                            "Hash Cond": "(supplier.s_nationkey = n1.n_nationkey)",
                                                                            "Workers": [],
                                                                            "Plans": [
                                                                                {
                                                                                    "Node Type": "Seq Scan",
                                                                                    "Parent Relationship": "Outer",
                                                                                    "Parallel Aware": true,
                                                                                    "Async Capable": false,
                                                                                    "Relation Name": "supplier",
                                                                                    "Alias": "supplier",
                                                                                    "Startup Cost": 0.0,
                                                                                    "Total Cost": 1444.12,
                                                                                    "Plan Rows": 29412,
                                                                                    "Plan Width": 12,
                                                                                    "Actual Startup Time": 0.009,
                                                                                    "Actual Total Time": 9.787,
                                                                                    "Actual Rows": 50000,
                                                                                    "Actual Loops": 1,
                                                                                    "Workers": []
                                                                                },
                                                                                {
                                                                                    "Node Type": "Hash",
                                                                                    "Parent Relationship": "Inner",
                                                                                    "Parallel Aware": false,
                                                                                    "Async Capable": false,
                                                                                    "Startup Cost": 2.84,
                                                                                    "Total Cost": 2.84,
                                                                                    "Plan Rows": 2,
                                                                                    "Plan Width": 60,
                                                                                    "Actual Startup Time": 0.576,
                                                                                    "Actual Total Time": 0.578,
                                                                                    "Actual Rows": 2,
                                                                                    "Actual Loops": 1,
                                                                                    "Hash Buckets": 1024,
                                                                                    "Original Hash Buckets": 1024,
                                                                                    "Hash Batches": 1,
                                                                                    "Original Hash Batches": 1,
                                                                                    "Peak Memory Usage": 9,
                                                                                    "Workers": [],
                                                                                    "Plans": [
                                                                                        {
                                                                                            "Node Type": "Nested Loop",
                                                                                            "Parent Relationship": "Outer",
                                                                                            "Parallel Aware": false,
                                                                                            "Async Capable": false,
                                                                                            "Join Type": "Inner",
                                                                                            "Startup Cost": 0.0,
                                                                                            "Total Cost": 2.84,
                                                                                            "Plan Rows": 2,
                                                                                            "Plan Width": 60,
                                                                                            "Actual Startup Time": 0.073,
                                                                                            "Actual Total Time": 0.082,
                                                                                            "Actual Rows": 2,
                                                                                            "Actual Loops": 1,
                                                                                            "Inner Unique": false,
                                                                                            "Join Filter": "(((n1.n_name = 'UNITED STATES'::bpchar) AND (n2.n_name = 'JORDAN'::bpchar)) OR ((n1.n_name = 'JORDAN'::bpchar) AND (n2.n_name = 'UNITED STATES'::bpchar)))",
                                                                                            "Rows Removed by Join Filter": 2,
                                                                                            "Workers": [],
                                                                                            "Plans": [
                                                                                                {
                                                                                                    "Node Type": "Seq Scan",
                                                                                                    "Parent Relationship": "Outer",
                                                                                                    "Parallel Aware": false,
                                                                                                    "Async Capable": false,
                                                                                                    "Relation Name": "nation",
                                                                                                    "Alias": "n1",
                                                                                                    "Startup Cost": 0.0,
                                                                                                    "Total Cost": 1.38,
                                                                                                    "Plan Rows": 2,
                                                                                                    "Plan Width": 30,
                                                                                                    "Actual Startup Time": 0.042,
                                                                                                    "Actual Total Time": 0.045,
                                                                                                    "Actual Rows": 2,
                                                                                                    "Actual Loops": 1,
                                                                                                    "Filter": "((n_name = 'UNITED STATES'::bpchar) OR (n_name = 'JORDAN'::bpchar))",
                                                                                                    "Rows Removed by Filter": 23,
                                                                                                    "Workers": []
                                                                                                },
                                                                                                {
                                                                                                    "Node Type": "Materialize",
                                                                                                    "Parent Relationship": "Inner",
                                                                                                    "Parallel Aware": false,
                                                                                                    "Async Capable": false,
                                                                                                    "Startup Cost": 0.0,
                                                                                                    "Total Cost": 1.39,
                                                                                                    "Plan Rows": 2,
                                                                                                    "Plan Width": 30,
                                                                                                    "Actual Startup Time": 0.009,
                                                                                                    "Actual Total Time": 0.011,
                                                                                                    "Actual Rows": 2,
                                                                                                    "Actual Loops": 2,
                                                                                                    "Workers": [],
                                                                                                    "Plans": [
                                                                                                        {
                                                                                                            "Node Type": "Seq Scan",
                                                                                                            "Parent Relationship": "Outer",
                                                                                                            "Parallel Aware": false,
                                                                                                            "Async Capable": false,
                                                                                                            "Relation Name": "nation",
                                                                                                            "Alias": "n2",
                                                                                                            "Startup Cost": 0.0,
                                                                                                            "Total Cost": 1.38,
                                                                                                            "Plan Rows": 2,
                                                                                                            "Plan Width": 30,
                                                                                                            "Actual Startup Time": 0.013,
                                                                                                            "Actual Total Time": 0.017,
                                                                                                            "Actual Rows": 2,
                                                                                                            "Actual Loops": 1,
                                                                                                            "Filter": "((n_name = 'JORDAN'::bpchar) OR (n_name = 'UNITED STATES'::bpchar))",
                                                                                                            "Rows Removed by Filter": 23,
                                                                                                            "Workers": []
                                                                                                        }
                                                                                                    ]
                                                                                                }
                                                                                            ]
                                                                                        }
                                                                                    ]
                                                                                }
                                                                            ]
                                                                        }
                                                                    ]
                                                                }
                                                            ]
                                                        }
                                                    ]
                                                }
                                            ]
                                        },
                                        {
                                            "Node Type": "Index Scan",
                                            "Parent Relationship": "Inner",
                                            "Parallel Aware": false,
                                            "Async Capable": false,
                                            "Scan Direction": "Forward",
                                            "Index Name": "orders_pkey",
                                            "Relation Name": "orders",
                                            "Alias": "orders",
                                            "Startup Cost": 0.43,
                                            "Total Cost": 3.14,
                                            "Plan Rows": 1,
                                            "Plan Width": 12,
                                            "Actual Startup Time": 0.234,
                                            "Actual Total Time": 0.234,
                                            "Actual Rows": 1,
                                            "Actual Loops": 173978,
                                            "Index Cond": "(o_orderkey = lineitem.l_orderkey)",
                                            "Rows Removed by Index Recheck": 0
                                        }
                                    ]
                                },
                                {
                                    "Node Type": "Index Scan",
                                    "Parent Relationship": "Inner",
                                    "Parallel Aware": false,
                                    "Async Capable": false,
                                    "Scan Direction": "Forward",
                                    "Index Name": "customer_pkey",
                                    "Relation Name": "customer",
                                    "Alias": "customer",
                                    "Startup Cost": 0.42,
                                    "Total Cost": 2.98,
                                    "Plan Rows": 1,
                                    "Plan Width": 12,
                                    "Actual Startup Time": 0.061,
                                    "Actual Total Time": 0.062,
                                    "Actual Rows": 1,
                                    "Actual Loops": 173978,
                                    "Index Cond": "(c_custkey = orders.o_custkey)",
                                    "Rows Removed by Index Recheck": 0
                                }
                            ]
                        }
                    ]
                }
            ]
        },
        "Planning Time": 80.64,
        "Triggers": [],
        "JIT": {
            "Functions": 112,
            "Options": {
                "Inlining": true,
                "Optimization": true,
                "Expressions": true,
                "Deforming": true
            },
            "Timing": {
                "Generation": 14.023,
                "Inlining": 245.595,
                "Optimization": 1191.633,
                "Emission": 731.542,
                "Total": 2182.793
            }
        },
        "Execution Time": 65545.865,
        "no_of_partitions": [
            0,
            0,
            0,
            0,
            0
        ],
        "avg_row_length": [
            156.32257463759336,
            178.07392,
            141.49479773333334,
            139.16,
            191.867068
        ],
        "query": "select\n\tsupp_nation,\n\tcust_nation,\n\tl_year,\n\tsum(volume) as revenue\nfrom\n\t(\n\t\tselect\n\t\t\tn1.n_name as supp_nation,\n\t\t\tn2.n_name as cust_nation,\n\t\t\textract(year from l_shipdate) as l_year,\n\t\t\tl_extendedprice * (1 - l_discount) as volume\n\t\tfrom\n\t\t\tsupplier,\n\t\t\tlineitem,\n\t\t\torders,\n\t\t\tcustomer,\n\t\t\tnation n1,\n\t\t\tnation n2\n\t\twhere\n\t\t\ts_suppkey = l_suppkey\n\t\t\tand o_orderkey = l_orderkey\n\t\t\tand c_custkey = o_custkey\n\t\t\tand s_nationkey = n1.n_nationkey\n\t\t\tand c_nationkey = n2.n_nationkey\n\t\t\tand (\n\t\t\t\t(n1.n_name = 'UNITED STATES' and n2.n_name = 'JORDAN')\n\t\t\t\tor (n1.n_name = 'JORDAN' and n2.n_name = 'UNITED STATES')\n\t\t\t)\n\t\t\tand l_shipdate between date '1995-01-01' and date '1996-12-31'\n\t) as shipping\ngroup by\n\tsupp_nation,\n\tcust_nation,\n\tl_year\norder by\n\tsupp_nation,\n\tcust_nation,\n\tl_year\nLIMIT 1;\n\n"
    },
    {
        "Plan": {
            "Node Type": "Limit",
            "Parallel Aware": false,
            "Async Capable": false,
            "Startup Cost": 233842.16,
            "Total Cost": 237642.34,
            "Plan Rows": 1,
            "Plan Width": 64,
            "Actual Startup Time": 77234.909,
            "Actual Total Time": 77247.941,
            "Actual Rows": 1,
            "Actual Loops": 1,
            "Plans": [
                {
                    "Node Type": "Aggregate",
                    "Strategy": "Sorted",
                    "Partial Mode": "Simple",
                    "Parent Relationship": "Outer",
                    "Parallel Aware": false,
                    "Async Capable": false,
                    "Startup Cost": 233842.16,
                    "Total Cost": 9377090.93,
                    "Plan Rows": 2406,
                    "Plan Width": 64,
                    "Actual Startup Time": 77160.38,
                    "Actual Total Time": 77173.411,
                    "Actual Rows": 1,
                    "Actual Loops": 1,
                    "Group Key": [
                        "EXTRACT(year FROM orders.o_orderdate)"
                    ],
                    "Plans": [
                        {
                            "Node Type": "Nested Loop",
                            "Parent Relationship": "Outer",
                            "Parallel Aware": false,
                            "Async Capable": false,
                            "Join Type": "Inner",
                            "Startup Cost": 233842.16,
                            "Total Cost": 9376799.63,
                            "Plan Rows": 12159,
                            "Plan Width": 70,
                            "Actual Startup Time": 1239.598,
                            "Actual Total Time": 77146.258,
                            "Actual Rows": 6031,
                            "Actual Loops": 1,
                            "Inner Unique": true,
                            "Join Filter": "(supplier.s_nationkey = n2.n_nationkey)",
                            "Rows Removed by Join Filter": 72201,
                            "Plans": [
                                {
                                    "Node Type": "Nested Loop",
                                    "Parent Relationship": "Outer",
                                    "Parallel Aware": false,
                                    "Async Capable": false,
                                    "Join Type": "Inner",
                                    "Startup Cost": 233842.16,
                                    "Total Cost": 9372376.53,
                                    "Plan Rows": 12159,
                                    "Plan Width": 24,
                                    "Actual Startup Time": 1239.572,
                                    "Actual Total Time": 77102.064,
                                    "Actual Rows": 6031,
                                    "Actual Loops": 1,
                                    "Inner Unique": true,
                                    "Plans": [
                                        {
                                            "Node Type": "Nested Loop",
                                            "Parent Relationship": "Outer",
                                            "Parallel Aware": false,
                                            "Async Capable": false,
                                            "Join Type": "Inner",
                                            "Startup Cost": 233841.87,
                                            "Total Cost": 9336385.96,
                                            "Plan Rows": 12159,
                                            "Plan Width": 24,
                                            "Actual Startup Time": 1239.308,
                                            "Actual Total Time": 76832.609,
                                            "Actual Rows": 6031,
                                            "Actual Loops": 1,
                                            "Inner Unique": true,
                                            "Plans": [
                                                {
                                                    "Node Type": "Nested Loop",
                                                    "Parent Relationship": "Outer",
                                                    "Parallel Aware": false,
                                                    "Async Capable": false,
                                                    "Join Type": "Inner",
                                                    "Startup Cost": 233841.44,
                                                    "Total Cost": 3632687.83,
                                                    "Plan Rows": 1823749,
                                                    "Plan Width": 32,
                                                    "Actual Startup Time": 1139.138,
                                                    "Actual Total Time": 62365.258,
                                                    "Actual Rows": 911889,
                                                    "Actual Loops": 1,
                                                    "Inner Unique": false,
                                                    "Plans": [
                                                        {
                                                            "Node Type": "Gather Merge",
                                                            "Parent Relationship": "Outer",
                                                            "Parallel Aware": false,
                                                            "Async Capable": false,
                                                            "Startup Cost": 233841.0,
                                                            "Total Cost": 286943.89,
                                                            "Plan Rows": 455950,
                                                            "Plan Width": 8,
                                                            "Actual Startup Time": 1137.681,
                                                            "Actual Total Time": 1605.733,
                                                            "Actual Rows": 228090,
                                                            "Actual Loops": 1,
                                                            "Workers Planned": 2,
                                                            "Workers Launched": 2,
                                                            "Plans": [
                                                                {
                                                                    "Node Type": "Sort",
                                                                    "Parent Relationship": "Outer",
                                                                    "Parallel Aware": false,
                                                                    "Async Capable": false,
                                                                    "Startup Cost": 232840.98,
                                                                    "Total Cost": 233315.93,
                                                                    "Plan Rows": 189979,
                                                                    "Plan Width": 8,
                                                                    "Actual Startup Time": 1111.026,
                                                                    "Actual Total Time": 1154.939,
                                                                    "Actual Rows": 76955,
                                                                    "Actual Loops": 3,
                                                                    "Sort Key": [
                                                                        "(EXTRACT(year FROM orders.o_orderdate))"
                                                                    ],
                                                                    "Sort Method": "external merge",
                                                                    "Sort Space Used": 3160,
                                                                    "Sort Space Type": "Disk",
                                                                    "Workers": [
                                                                        {
                                                                            "Worker Number": 0,
                                                                            "Sort Method": "external merge",
                                                                            "Sort Space Used": 3576,
                                                                            "Sort Space Type": "Disk"
                                                                        },
                                                                        {
                                                                            "Worker Number": 1,
                                                                            "Sort Method": "external merge",
                                                                            "Sort Space Used": 3584,
                                                                            "Sort Space Type": "Disk"
                                                                        }
                                                                    ],
                                                                    "Plans": [
                                                                        {
                                                                            "Node Type": "Hash Join",
                                                                            "Parent Relationship": "Outer",
                                                                            "Parallel Aware": true,
                                                                            "Async Capable": false,
                                                                            "Join Type": "Inner",
                                                                            "Startup Cost": 24238.63,
                                                                            "Total Cost": 213583.61,
                                                                            "Plan Rows": 189979,
                                                                            "Plan Width": 8,
                                                                            "Actual Startup Time": 100.473,
                                                                            "Actual Total Time": 926.668,
                                                                            "Actual Rows": 152304,
                                                                            "Actual Loops": 3,
                                                                            "Inner Unique": false,
                                                                            "Hash Cond": "(orders.o_custkey = customer.c_custkey)",
                                                                            "Workers": [],
                                                                            "Plans": [
                                                                                {
                                                                                    "Node Type": "Seq Scan",
                                                                                    "Parent Relationship": "Outer",
                                                                                    "Parallel Aware": true,
                                                                                    "Async Capable": false,
                                                                                    "Relation Name": "orders",
                                                                                    "Alias": "orders",
                                                                                    "Startup Cost": 0.0,
                                                                                    "Total Cost": 184991.29,
                                                                                    "Plan Rows": 949897,
                                                                                    "Plan Width": 16,
                                                                                    "Actual Startup Time": 0.052,
                                                                                    "Actual Total Time": 512.578,
                                                                                    "Actual Rows": 759288,
                                                                                    "Actual Loops": 3,
                                                                                    "Filter": "((o_orderdate >= '1995-01-01'::date) AND (o_orderdate <= '1996-12-31'::date))",
                                                                                    "Rows Removed by Filter": 1740712,
                                                                                    "Workers": []
                                                                                },
                                                                                {
                                                                                    "Node Type": "Hash",
                                                                                    "Parent Relationship": "Inner",
                                                                                    "Parallel Aware": true,
                                                                                    "Async Capable": false,
                                                                                    "Startup Cost": 23457.38,
                                                                                    "Total Cost": 23457.38,
                                                                                    "Plan Rows": 62500,
                                                                                    "Plan Width": 4,
                                                                                    "Actual Startup Time": 98.226,
                                                                                    "Actual Total Time": 98.247,
                                                                                    "Actual Rows": 50078,
                                                                                    "Actual Loops": 3,
                                                                                    "Hash Buckets": 262144,
                                                                                    "Original Hash Buckets": 262144,
                                                                                    "Hash Batches": 1,
                                                                                    "Original Hash Batches": 1,
                                                                                    "Peak Memory Usage": 7968,
                                                                                    "Workers": [],
                                                                                    "Plans": [
                                                                                        {
                                                                                            "Node Type": "Hash Join",
                                                                                            "Parent Relationship": "Outer",
                                                                                            "Parallel Aware": false,
                                                                                            "Async Capable": false,
                                                                                            "Join Type": "Inner",
                                                                                            "Startup Cost": 2.51,
                                                                                            "Total Cost": 23457.38,
                                                                                            "Plan Rows": 62500,
                                                                                            "Plan Width": 4,
                                                                                            "Actual Startup Time": 15.372,
                                                                                            "Actual Total Time": 84.292,
                                                                                            "Actual Rows": 50078,
                                                                                            "Actual Loops": 3,
                                                                                            "Inner Unique": false,
                                                                                            "Hash Cond": "(customer.c_nationkey = n1.n_nationkey)",
                                                                                            "Workers": [],
                                                                                            "Plans": [
                                                                                                {
                                                                                                    "Node Type": "Seq Scan",
                                                                                                    "Parent Relationship": "Outer",
                                                                                                    "Parallel Aware": true,
                                                                                                    "Async Capable": false,
                                                                                                    "Relation Name": "customer",
                                                                                                    "Alias": "customer",
                                                                                                    "Startup Cost": 0.0,
                                                                                                    "Total Cost": 21658.0,
                                                                                                    "Plan Rows": 312500,
                                                                                                    "Plan Width": 12,
                                                                                                    "Actual Startup Time": 0.031,
                                                                                                    "Actual Total Time": 34.718,
                                                                                                    "Actual Rows": 250000,
                                                                                                    "Actual Loops": 3,
                                                                                                    "Workers": []
                                                                                                },
                                                                                                {
                                                                                                    "Node Type": "Hash",
                                                                                                    "Parent Relationship": "Inner",
                                                                                                    "Parallel Aware": false,
                                                                                                    "Async Capable": false,
                                                                                                    "Startup Cost": 2.45,
                                                                                                    "Total Cost": 2.45,
                                                                                                    "Plan Rows": 5,
                                                                                                    "Plan Width": 4,
                                                                                                    "Actual Startup Time": 15.253,
                                                                                                    "Actual Total Time": 15.265,
                                                                                                    "Actual Rows": 5,
                                                                                                    "Actual Loops": 3,
                                                                                                    "Hash Buckets": 1024,
                                                                                                    "Original Hash Buckets": 1024,
                                                                                                    "Hash Batches": 1,
                                                                                                    "Original Hash Batches": 1,
                                                                                                    "Peak Memory Usage": 9,
                                                                                                    "Workers": [],
                                                                                                    "Plans": [
                                                                                                        {
                                                                                                            "Node Type": "Hash Join",
                                                                                                            "Parent Relationship": "Outer",
                                                                                                            "Parallel Aware": false,
                                                                                                            "Async Capable": false,
                                                                                                            "Join Type": "Inner",
                                                                                                            "Startup Cost": 1.07,
                                                                                                            "Total Cost": 2.45,
                                                                                                            "Plan Rows": 5,
                                                                                                            "Plan Width": 4,
                                                                                                            "Actual Startup Time": 15.242,
                                                                                                            "Actual Total Time": 15.258,
                                                                                                            "Actual Rows": 5,
                                                                                                            "Actual Loops": 3,
                                                                                                            "Inner Unique": true,
                                                                                                            "Hash Cond": "(n1.n_regionkey = region.r_regionkey)",
                                                                                                            "Workers": [],
                                                                                                            "Plans": [
                                                                                                                {
                                                                                                                    "Node Type": "Seq Scan",
                                                                                                                    "Parent Relationship": "Outer",
                                                                                                                    "Parallel Aware": false,
                                                                                                                    "Async Capable": false,
                                                                                                                    "Relation Name": "nation",
                                                                                                                    "Alias": "n1",
                                                                                                                    "Startup Cost": 0.0,
                                                                                                                    "Total Cost": 1.25,
                                                                                                                    "Plan Rows": 25,
                                                                                                                    "Plan Width": 12,
                                                                                                                    "Actual Startup Time": 0.013,
                                                                                                                    "Actual Total Time": 0.016,
                                                                                                                    "Actual Rows": 25,
                                                                                                                    "Actual Loops": 3,
                                                                                                                    "Workers": []
                                                                                                                },
                                                                                                                {
                                                                                                                    "Node Type": "Hash",
                                                                                                                    "Parent Relationship": "Inner",
                                                                                                                    "Parallel Aware": false,
                                                                                                                    "Async Capable": false,
                                                                                                                    "Startup Cost": 1.06,
                                                                                                                    "Total Cost": 1.06,
                                                                                                                    "Plan Rows": 1,
                                                                                                                    "Plan Width": 4,
                                                                                                                    "Actual Startup Time": 13.637,
                                                                                                                    "Actual Total Time": 13.639,
                                                                                                                    "Actual Rows": 1,
                                                                                                                    "Actual Loops": 3,
                                                                                                                    "Hash Buckets": 1024,
                                                                                                                    "Original Hash Buckets": 1024,
                                                                                                                    "Hash Batches": 1,
                                                                                                                    "Original Hash Batches": 1,
                                                                                                                    "Peak Memory Usage": 9,
                                                                                                                    "Workers": [],
                                                                                                                    "Plans": [
                                                                                                                        {
                                                                                                                            "Node Type": "Seq Scan",
                                                                                                                            "Parent Relationship": "Outer",
                                                                                                                            "Parallel Aware": false,
                                                                                                                            "Async Capable": false,
                                                                                                                            "Relation Name": "region",
                                                                                                                            "Alias": "region",
                                                                                                                            "Startup Cost": 0.0,
                                                                                                                            "Total Cost": 1.06,
                                                                                                                            "Plan Rows": 1,
                                                                                                                            "Plan Width": 4,
                                                                                                                            "Actual Startup Time": 13.624,
                                                                                                                            "Actual Total Time": 13.625,
                                                                                                                            "Actual Rows": 1,
                                                                                                                            "Actual Loops": 3,
                                                                                                                            "Filter": "(r_name = 'MIDDLE EAST'::bpchar)",
                                                                                                                            "Rows Removed by Filter": 4,
                                                                                                                            "Workers": []
                                                                                                                        }
                                                                                                                    ]
                                                                                                                }
                                                                                                            ]
                                                                                                        }
                                                                                                    ]
                                                                                                }
                                                                                            ]
                                                                                        }
                                                                                    ]
                                                                                }
                                                                            ]
                                                                        }
                                                                    ]
                                                                }
                                                            ]
                                                        },
                                                        {
                                                            "Node Type": "Index Scan",
                                                            "Parent Relationship": "Inner",
                                                            "Parallel Aware": false,
                                                            "Async Capable": false,
                                                            "Scan Direction": "Forward",
                                                            "Index Name": "idx_lineitem_orderkey",
                                                            "Relation Name": "lineitem",
                                                            "Alias": "lineitem",
                                                            "Startup Cost": 0.44,
                                                            "Total Cost": 6.57,
                                                            "Plan Rows": 77,
                                                            "Plan Width": 36,
                                                            "Actual Startup Time": 0.249,
                                                            "Actual Total Time": 0.264,
                                                            "Actual Rows": 4,
                                                            "Actual Loops": 228090,
                                                            "Index Cond": "(l_orderkey = orders.o_orderkey)",
                                                            "Rows Removed by Index Recheck": 0
                                                        }
                                                    ]
                                                },
                                                {
                                                    "Node Type": "Index Scan",
                                                    "Parent Relationship": "Inner",
                                                    "Parallel Aware": false,
                                                    "Async Capable": false,
                                                    "Scan Direction": "Forward",
                                                    "Index Name": "part_pkey",
                                                    "Relation Name": "part",
                                                    "Alias": "part",
                                                    "Startup Cost": 0.42,
                                                    "Total Cost": 3.13,
                                                    "Plan Rows": 1,
                                                    "Plan Width": 4,
                                                    "Actual Startup Time": 0.015,
                                                    "Actual Total Time": 0.015,
                                                    "Actual Rows": 0,
                                                    "Actual Loops": 911889,
                                                    "Index Cond": "(p_partkey = lineitem.l_partkey)",
                                                    "Rows Removed by Index Recheck": 0,
                                                    "Filter": "((p_type)::text = 'LARGE BURNISHED NICKEL'::text)",
                                                    "Rows Removed by Filter": 1
                                                }
                                            ]
                                        },
                                        {
                                            "Node Type": "Index Scan",
                                            "Parent Relationship": "Inner",
                                            "Parallel Aware": false,
                                            "Async Capable": false,
                                            "Scan Direction": "Forward",
                                            "Index Name": "supplier_pkey",
                                            "Relation Name": "supplier",
                                            "Alias": "supplier",
                                            "Startup Cost": 0.29,
                                            "Total Cost": 2.96,
                                            "Plan Rows": 1,
                                            "Plan Width": 12,
                                            "Actual Startup Time": 0.042,
                                            "Actual Total Time": 0.042,
                                            "Actual Rows": 1,
                                            "Actual Loops": 6031,
                                            "Index Cond": "(s_suppkey = lineitem.l_suppkey)",
                                            "Rows Removed by Index Recheck": 0
                                        }
                                    ]
                                },
                                {
                                    "Node Type": "Materialize",
                                    "Parent Relationship": "Inner",
                                    "Parallel Aware": false,
                                    "Async Capable": false,
                                    "Startup Cost": 0.0,
                                    "Total Cost": 1.38,
                                    "Plan Rows": 25,
                                    "Plan Width": 30,
                                    "Actual Startup Time": 0.001,
                                    "Actual Total Time": 0.001,
                                    "Actual Rows": 13,
                                    "Actual Loops": 6031,
                                    "Plans": [
                                        {
                                            "Node Type": "Seq Scan",
                                            "Parent Relationship": "Outer",
                                            "Parallel Aware": false,
                                            "Async Capable": false,
                                            "Relation Name": "nation",
                                            "Alias": "n2",
                                            "Startup Cost": 0.0,
                                            "Total Cost": 1.25,
                                            "Plan Rows": 25,
                                            "Plan Width": 30,
                                            "Actual Startup Time": 0.008,
                                            "Actual Total Time": 0.012,
                                            "Actual Rows": 25,
                                            "Actual Loops": 1
                                        }
                                    ]
                                }
                            ]
                        }
                    ]
                }
            ]
        },
        "Planning Time": 23.673,
        "Triggers": [],
        "JIT": {
            "Functions": 117,
            "Options": {
                "Inlining": false,
                "Optimization": false,
                "Expressions": true,
                "Deforming": true
            },
            "Timing": {
                "Generation": 12.979,
                "Inlining": 0.0,
                "Optimization": 3.826,
                "Emission": 111.816,
                "Total": 128.622
            }
        },
        "Execution Time": 77257.335,
        "no_of_partitions": [
            0,
            0,
            0,
            0,
            0,
            0,
            0
        ],
        "avg_row_length": [
            156.32257463759336,
            178.07392,
            158.34346,
            141.49479773333334,
            121.0,
            139.16,
            191.867068
        ],
        "query": "select\n\to_year,\n\tsum(case\n\t\twhen nation = 'JORDAN' then volume\n\t\telse 0\n\tend) / sum(volume) as mkt_share\nfrom\n\t(\n\t\tselect\n\t\t\textract(year from o_orderdate) as o_year,\n\t\t\tl_extendedprice * (1 - l_discount) as volume,\n\t\t\tn2.n_name as nation\n\t\tfrom\n\t\t\tpart,\n\t\t\tsupplier,\n\t\t\tlineitem,\n\t\t\torders,\n\t\t\tcustomer,\n\t\t\tnation n1,\n\t\t\tnation n2,\n\t\t\tregion\n\t\twhere\n\t\t\tp_partkey = l_partkey\n\t\t\tand s_suppkey = l_suppkey\n\t\t\tand l_orderkey = o_orderkey\n\t\t\tand o_custkey = c_custkey\n\t\t\tand c_nationkey = n1.n_nationkey\n\t\t\tand n1.n_regionkey = r_regionkey\n\t\t\tand r_name = 'MIDDLE EAST'\n\t\t\tand s_nationkey = n2.n_nationkey\n\t\t\tand o_orderdate between date '1995-01-01' and date '1996-12-31'\n\t\t\tand p_type = 'LARGE BURNISHED NICKEL'\n\t) as all_nations\ngroup by\n\to_year\norder by\n\to_year\nLIMIT 1;\n\n"
    },
    {
        "Plan": {
            "Node Type": "Limit",
            "Parallel Aware": false,
            "Async Capable": false,
            "Startup Cost": 476197.05,
            "Total Cost": 476326.59,
            "Plan Rows": 1,
            "Plan Width": 90,
            "Actual Startup Time": 48790.272,
            "Actual Total Time": 48799.766,
            "Actual Rows": 1,
            "Actual Loops": 1,
            "Plans": [
                {
                    "Node Type": "Aggregate",
                    "Strategy": "Sorted",
                    "Partial Mode": "Simple",
                    "Parent Relationship": "Outer",
                    "Parallel Aware": false,
                    "Async Capable": false,
                    "Startup Cost": 476197.05,
                    "Total Cost": 8268410.43,
                    "Plan Rows": 60150,
                    "Plan Width": 90,
                    "Actual Startup Time": 48765.718,
                    "Actual Total Time": 48775.211,
                    "Actual Rows": 1,
                    "Actual Loops": 1,
                    "Group Key": [
                        "nation.n_name",
                        "(EXTRACT(year FROM orders.o_orderdate))"
                    ],
                    "Plans": [
                        {
                            "Node Type": "Incremental Sort",
                            "Parent Relationship": "Outer",
                            "Parallel Aware": false,
                            "Async Capable": false,
                            "Startup Cost": 476197.05,
                            "Total Cost": 8235688.72,
                            "Plan Rows": 1818255,
                            "Plan Width": 81,
                            "Actual Startup Time": 48760.933,
                            "Actual Total Time": 48771.494,
                            "Actual Rows": 5686,
                            "Actual Loops": 1,
                            "Sort Key": [
                                "nation.n_name",
                                "(EXTRACT(year FROM orders.o_orderdate)) DESC"
                            ],
                            "Presorted Key": [
                                "nation.n_name"
                            ],
                            "Full-sort Groups": {
                                "Group Count": 1,
                                "Sort Methods Used": [
                                    "quicksort"
                                ],
                                "Sort Space Memory": {
                                    "Average Sort Space Used": 34,
                                    "Peak Sort Space Used": 34
                                }
                            },
                            "Pre-sorted Groups": {
                                "Group Count": 1,
                                "Sort Methods Used": [
                                    "external merge"
                                ],
                                "Sort Space Disk": {
                                    "Average Sort Space Used": 4160,
                                    "Peak Sort Space Used": 4160
                                }
                            },
                            "Plans": [
                                {
                                    "Node Type": "Nested Loop",
                                    "Parent Relationship": "Outer",
                                    "Parallel Aware": false,
                                    "Async Capable": false,
                                    "Join Type": "Inner",
                                    "Startup Cost": 153926.62,
                                    "Total Cost": 7851920.36,
                                    "Plan Rows": 1818255,
                                    "Plan Width": 81,
                                    "Actual Startup Time": 2646.918,
                                    "Actual Total Time": 48512.272,
                                    "Actual Rows": 63879,
                                    "Actual Loops": 1,
                                    "Inner Unique": true,
                                    "Plans": [
                                        {
                                            "Node Type": "Nested Loop",
                                            "Parent Relationship": "Outer",
                                            "Parallel Aware": false,
                                            "Async Capable": false,
                                            "Join Type": "Inner",
                                            "Startup Cost": 153926.19,
                                            "Total Cost": 1144063.71,
                                            "Plan Rows": 1818255,
                                            "Plan Width": 57,
                                            "Actual Startup Time": 2646.464,
                                            "Actual Total Time": 37791.495,
                                            "Actual Rows": 63879,
                                            "Actual Loops": 1,
                                            "Inner Unique": false,
                                            "Join Filter": "(supplier.s_suppkey = lineitem.l_suppkey)",
                                            "Rows Removed by Join Filter": 0,
                                            "Plans": [
                                                {
                                                    "Node Type": "Gather Merge",
                                                    "Parent Relationship": "Outer",
                                                    "Parallel Aware": false,
                                                    "Async Capable": false,
                                                    "Startup Cost": 153925.75,
                                                    "Total Cost": 182159.91,
                                                    "Plan Rows": 242423,
                                                    "Plan Width": 56,
                                                    "Actual Startup Time": 2645.692,
                                                    "Actual Total Time": 2684.128,
                                                    "Actual Rows": 8499,
                                                    "Actual Loops": 1,
                                                    "Workers Planned": 2,
                                                    "Workers Launched": 2,
                                                    "Plans": [
                                                        {
                                                            "Node Type": "Sort",
                                                            "Parent Relationship": "Outer",
                                                            "Parallel Aware": false,
                                                            "Async Capable": false,
                                                            "Startup Cost": 152925.73,
                                                            "Total Cost": 153178.26,
                                                            "Plan Rows": 101010,
                                                            "Plan Width": 56,
                                                            "Actual Startup Time": 2628.869,
                                                            "Actual Total Time": 2631.807,
                                                            "Actual Rows": 3299,
                                                            "Actual Loops": 3,
                                                            "Sort Key": [
                                                                "nation.n_name"
                                                            ],
                                                            "Sort Method": "external merge",
                                                            "Sort Space Used": 5136,
                                                            "Sort Space Type": "Disk",
                                                            "Workers": [
                                                                {
                                                                    "Worker Number": 0,
                                                                    "Sort Method": "external merge",
                                                                    "Sort Space Used": 5048,
                                                                    "Sort Space Type": "Disk"
                                                                },
                                                                {
                                                                    "Worker Number": 1,
                                                                    "Sort Method": "external merge",
                                                                    "Sort Space Used": 5088,
                                                                    "Sort Space Type": "Disk"
                                                                }
                                                            ],
                                                            "Plans": [
                                                                {
                                                                    "Node Type": "Hash Join",
                                                                    "Parent Relationship": "Outer",
                                                                    "Parallel Aware": false,
                                                                    "Async Capable": false,
                                                                    "Join Type": "Inner",
                                                                    "Startup Cost": 27829.31,
                                                                    "Total Cost": 141075.21,
                                                                    "Plan Rows": 101010,
                                                                    "Plan Width": 56,
                                                                    "Actual Startup Time": 263.423,
                                                                    "Actual Total Time": 2552.156,
                                                                    "Actual Rows": 72168,
                                                                    "Actual Loops": 3,
                                                                    "Inner Unique": true,
                                                                    "Hash Cond": "(supplier.s_nationkey = nation.n_nationkey)",
                                                                    "Workers": [],
                                                                    "Plans": [
                                                                        {
                                                                            "Node Type": "Hash Join",
                                                                            "Parent Relationship": "Outer",
                                                                            "Parallel Aware": true,
                                                                            "Async Capable": false,
                                                                            "Join Type": "Inner",
                                                                            "Startup Cost": 27827.75,
                                                                            "Total Cost": 140763.55,
                                                                            "Plan Rows": 101010,
                                                                            "Plan Width": 38,
                                                                            "Actual Startup Time": 253.758,
                                                                            "Actual Total Time": 2522.882,
                                                                            "Actual Rows": 72168,
                                                                            "Actual Loops": 3,
                                                                            "Inner Unique": true,
                                                                            "Hash Cond": "(partsupp.ps_suppkey = supplier.s_suppkey)",
                                                                            "Workers": [],
                                                                            "Plans": [
                                                                                {
                                                                                    "Node Type": "Hash Join",
                                                                                    "Parent Relationship": "Outer",
                                                                                    "Parallel Aware": true,
                                                                                    "Async Capable": false,
                                                                                    "Join Type": "Inner",
                                                                                    "Startup Cost": 26015.98,
                                                                                    "Total Cost": 138686.61,
                                                                                    "Plan Rows": 101010,
                                                                                    "Plan Width": 26,
                                                                                    "Actual Startup Time": 246.196,
                                                                                    "Actual Total Time": 2473.322,
                                                                                    "Actual Rows": 72168,
                                                                                    "Actual Loops": 3,
                                                                                    "Inner Unique": true,
                                                                                    "Hash Cond": "(partsupp.ps_partkey = part.p_partkey)",
                                                                                    "Workers": [],
                                                                                    "Plans": [
                                                                                        {
                                                                                            "Node Type": "Seq Scan",
                                                                                            "Parent Relationship": "Outer",
                                                                                            "Parallel Aware": true,
                                                                                            "Async Capable": false,
                                                                                            "Relation Name": "partsupp",
                                                                                            "Alias": "partsupp",
                                                                                            "Startup Cost": 0.0,
                                                                                            "Total Cost": 108295.62,
                                                                                            "Plan Rows": 1666662,
                                                                                            "Plan Width": 22,
                                                                                            "Actual Startup Time": 0.628,
                                                                                            "Actual Total Time": 2000.033,
                                                                                            "Actual Rows": 1333333,
                                                                                            "Actual Loops": 3,
                                                                                            "Workers": []
                                                                                        },
                                                                                        {
                                                                                            "Node Type": "Hash",
                                                                                            "Parent Relationship": "Inner",
                                                                                            "Parallel Aware": true,
                                                                                            "Async Capable": false,
                                                                                            "Startup Cost": 25700.33,
                                                                                            "Total Cost": 25700.33,
                                                                                            "Plan Rows": 25252,
                                                                                            "Plan Width": 4,
                                                                                            "Actual Startup Time": 244.633,
                                                                                            "Actual Total Time": 244.634,
                                                                                            "Actual Rows": 18042,
                                                                                            "Actual Loops": 3,
                                                                                            "Hash Buckets": 65536,
                                                                                            "Original Hash Buckets": 65536,
                                                                                            "Hash Batches": 1,
                                                                                            "Original Hash Batches": 1,
                                                                                            "Peak Memory Usage": 2656,
                                                                                            "Workers": [],
                                                                                            "Plans": [
                                                                                                {
                                                                                                    "Node Type": "Seq Scan",
                                                                                                    "Parent Relationship": "Outer",
                                                                                                    "Parallel Aware": true,
                                                                                                    "Async Capable": false,
                                                                                                    "Relation Name": "part",
                                                                                                    "Alias": "part",
                                                                                                    "Startup Cost": 0.0,
                                                                                                    "Total Cost": 25700.33,
                                                                                                    "Plan Rows": 25252,
                                                                                                    "Plan Width": 4,
                                                                                                    "Actual Startup Time": 0.034,
                                                                                                    "Actual Total Time": 237.891,
                                                                                                    "Actual Rows": 18042,
                                                                                                    "Actual Loops": 3,
                                                                                                    "Filter": "((p_name)::text ~~ '%metallic%'::text)",
                                                                                                    "Rows Removed by Filter": 315291,
                                                                                                    "Workers": []
                                                                                                }
                                                                                            ]
                                                                                        }
                                                                                    ]
                                                                                },
                                                                                {
                                                                                    "Node Type": "Hash",
                                                                                    "Parent Relationship": "Inner",
                                                                                    "Parallel Aware": true,
                                                                                    "Async Capable": false,
                                                                                    "Startup Cost": 1444.12,
                                                                                    "Total Cost": 1444.12,
                                                                                    "Plan Rows": 29412,
                                                                                    "Plan Width": 12,
                                                                                    "Actual Startup Time": 7.387,
                                                                                    "Actual Total Time": 7.389,
                                                                                    "Actual Rows": 16667,
                                                                                    "Actual Loops": 3,
                                                                                    "Hash Buckets": 65536,
                                                                                    "Original Hash Buckets": 65536,
                                                                                    "Hash Batches": 1,
                                                                                    "Original Hash Batches": 1,
                                                                                    "Peak Memory Usage": 2880,
                                                                                    "Workers": [],
                                                                                    "Plans": [
                                                                                        {
                                                                                            "Node Type": "Seq Scan",
                                                                                            "Parent Relationship": "Outer",
                                                                                            "Parallel Aware": true,
                                                                                            "Async Capable": false,
                                                                                            "Relation Name": "supplier",
                                                                                            "Alias": "supplier",
                                                                                            "Startup Cost": 0.0,
                                                                                            "Total Cost": 1444.12,
                                                                                            "Plan Rows": 29412,
                                                                                            "Plan Width": 12,
                                                                                            "Actual Startup Time": 0.033,
                                                                                            "Actual Total Time": 9.161,
                                                                                            "Actual Rows": 50000,
                                                                                            "Actual Loops": 1,
                                                                                            "Workers": []
                                                                                        }
                                                                                    ]
                                                                                }
                                                                            ]
                                                                        },
                                                                        {
                                                                            "Node Type": "Hash",
                                                                            "Parent Relationship": "Inner",
                                                                            "Parallel Aware": false,
                                                                            "Async Capable": false,
                                                                            "Startup Cost": 1.25,
                                                                            "Total Cost": 1.25,
                                                                            "Plan Rows": 25,
                                                                            "Plan Width": 30,
                                                                            "Actual Startup Time": 9.091,
                                                                            "Actual Total Time": 9.091,
                                                                            "Actual Rows": 25,
                                                                            "Actual Loops": 3,
                                                                            "Hash Buckets": 1024,
                                                                            "Original Hash Buckets": 1024,
                                                                            "Hash Batches": 1,
                                                                            "Original Hash Batches": 1,
                                                                            "Peak Memory Usage": 10,
                                                                            "Workers": [],
                                                                            "Plans": [
                                                                                {
                                                                                    "Node Type": "Seq Scan",
                                                                                    "Parent Relationship": "Outer",
                                                                                    "Parallel Aware": false,
                                                                                    "Async Capable": false,
                                                                                    "Relation Name": "nation",
                                                                                    "Alias": "nation",
                                                                                    "Startup Cost": 0.0,
                                                                                    "Total Cost": 1.25,
                                                                                    "Plan Rows": 25,
                                                                                    "Plan Width": 30,
                                                                                    "Actual Startup Time": 8.949,
                                                                                    "Actual Total Time": 8.955,
                                                                                    "Actual Rows": 25,
                                                                                    "Actual Loops": 3,
                                                                                    "Workers": []
                                                                                }
                                                                            ]
                                                                        }
                                                                    ]
                                                                }
                                                            ]
                                                        }
                                                    ]
                                                },
                                                {
                                                    "Node Type": "Index Scan",
                                                    "Parent Relationship": "Inner",
                                                    "Parallel Aware": false,
                                                    "Async Capable": false,
                                                    "Scan Direction": "Forward",
                                                    "Index Name": "idx_lineitem_part_supp",
                                                    "Relation Name": "lineitem",
                                                    "Alias": "lineitem",
                                                    "Startup Cost": 0.44,
                                                    "Total Cost": 3.96,
                                                    "Plan Rows": 1,
                                                    "Plan Width": 41,
                                                    "Actual Startup Time": 0.981,
                                                    "Actual Total Time": 4.112,
                                                    "Actual Rows": 8,
                                                    "Actual Loops": 8499,
                                                    "Index Cond": "((l_partkey = partsupp.ps_partkey) AND (l_suppkey = partsupp.ps_suppkey))",
                                                    "Rows Removed by Index Recheck": 0
                                                }
                                            ]
                                        },
                                        {
                                            "Node Type": "Index Scan",
                                            "Parent Relationship": "Inner",
                                            "Parallel Aware": false,
                                            "Async Capable": false,
                                            "Scan Direction": "Forward",
                                            "Index Name": "orders_pkey",
                                            "Relation Name": "orders",
                                            "Alias": "orders",
                                            "Startup Cost": 0.43,
                                            "Total Cost": 3.69,
                                            "Plan Rows": 1,
                                            "Plan Width": 8,
                                            "Actual Startup Time": 0.16,
                                            "Actual Total Time": 0.16,
                                            "Actual Rows": 1,
                                            "Actual Loops": 63879,
                                            "Index Cond": "(o_orderkey = lineitem.l_orderkey)",
                                            "Rows Removed by Index Recheck": 0
                                        }
                                    ]
                                }
                            ]
                        }
                    ]
                }
            ]
        },
        "Planning Time": 106.635,
        "Triggers": [],
        "JIT": {
            "Functions": 106,
            "Options": {
                "Inlining": false,
                "Optimization": false,
                "Expressions": true,
                "Deforming": true
            },
            "Timing": {
                "Generation": 10.4,
                "Inlining": 0.0,
                "Optimization": 2.383,
                "Emission": 49.299,
                "Total": 62.082
            }
        },
        "Execution Time": 48808.537,
        "no_of_partitions": [
            0,
            0,
            0,
            0,
            0,
            0
        ],
        "avg_row_length": [
            156.32257463759336,
            178.07392,
            158.34346,
            141.49479773333334,
            177.4182455,
            139.16
        ],
        "query": "\nselect\n\tnation,\n\to_year,\n\tsum(amount) as sum_profit\nfrom\n\t(\n\t\tselect\n\t\t\tn_name as nation,\n\t\t\textract(year from o_orderdate) as o_year,\n\t\t\tl_extendedprice * (1 - l_discount) - ps_supplycost * l_quantity as amount\n\t\tfrom\n\t\t\tpart,\n\t\t\tsupplier,\n\t\t\tlineitem,\n\t\t\tpartsupp,\n\t\t\torders,\n\t\t\tnation\n\t\twhere\n\t\t\ts_suppkey = l_suppkey\n\t\t\tand ps_suppkey = l_suppkey\n\t\t\tand ps_partkey = l_partkey\n\t\t\tand p_partkey = l_partkey\n\t\t\tand o_orderkey = l_orderkey\n\t\t\tand s_nationkey = n_nationkey\n\t\t\tand p_name like '%metallic%'\n\t) as profit\ngroup by\n\tnation,\n\to_year\norder by\n\tnation,\n\to_year desc\nLIMIT 1;-- using 1712139563 as a seed to the RNG\n"
    }
]